#
# There is insufficient memory for the Java Runtime Environment to continue.
# Native memory allocation (malloc) failed to allocate 2066576 bytes for Chunk::new
# Possible reasons:
#   The system is out of physical RAM or swap space
#   The process is running with CompressedOops enabled, and the Java Heap may be blocking the growth of the native heap
# Possible solutions:
#   Reduce memory load on the system
#   Increase physical memory or swap space
#   Check if swap backing store is full
#   Decrease Java heap size (-Xmx/-Xms)
#   Decrease number of Java threads
#   Decrease Java thread stack sizes (-Xss)
#   Set larger code cache with -XX:ReservedCodeCacheSize=
#   JVM is running with Unscaled Compressed Oops mode in which the Java heap is
#     placed in the first 4GB address space. The Java Heap base address is the
#     maximum limit for the native heap growth. Please use -XX:HeapBaseMinAddress
#     to set the Java Heap base and to place the Java Heap above 4GB virtual address.
# This output file may be truncated or incomplete.
#
#  Out of Memory Error (./src/hotspot/share/memory/arena.cpp:197), pid=12236, tid=11348
#
# JRE version: OpenJDK Runtime Environment (11.0.8+10) (build 11.0.8+10-b944.6842174)
# Java VM: OpenJDK 64-Bit Server VM (11.0.8+10-b944.6842174, mixed mode, tiered, compressed oops, g1 gc, windows-amd64)
# No core dump will be written. Minidumps are not enabled by default on client versions of Windows
#

---------------  S U M M A R Y ------------

Command Line: --add-opens=java.base/java.util=ALL-UNNAMED --add-opens=java.base/java.lang=ALL-UNNAMED --add-opens=java.base/java.lang.invoke=ALL-UNNAMED --add-opens=java.prefs/java.util.prefs=ALL-UNNAMED -Xmx2048m -Dfile.encoding=UTF-8 -Duser.country=US -Duser.language=en -Duser.variant org.gradle.launcher.daemon.bootstrap.GradleDaemon 6.7.1

Host: Intel(R) Core(TM) i7-9750H CPU @ 2.60GHz, 12 cores, 15G,  Windows 10 , 64 bit Build 21390 (10.0.21390.1)
Time: Sun Jun 27 20:15:40 2021 Nepal Standard Time elapsed time: 13 seconds (0d 0h 0m 13s)

---------------  T H R E A D  ---------------

Current thread (0x00000292ff82b800):  JavaThread "C2 CompilerThread0" daemon [_thread_in_native, id=11348, stack(0x000000dd86500000,0x000000dd86600000)]


Current CompileTask:
C2:  13250 5630       4       java.beans.MethodRef::set (58 bytes)

Stack: [0x000000dd86500000,0x000000dd86600000]
Native frames: (J=compiled Java code, j=interpreted, Vv=VM code, C=native code)
V  [jvm.dll+0x5de50a]
V  [jvm.dll+0x7122f5]
V  [jvm.dll+0x71384d]
V  [jvm.dll+0x713f03]
V  [jvm.dll+0x23e728]
V  [jvm.dll+0xb899c]
V  [jvm.dll+0xb8e9c]
V  [jvm.dll+0x35024d]
V  [jvm.dll+0x31dea3]
V  [jvm.dll+0x31d39a]
V  [jvm.dll+0x1f7702]
V  [jvm.dll+0x1f68d4]
V  [jvm.dll+0x17f32c]
V  [jvm.dll+0x205047]
V  [jvm.dll+0x203891]
V  [jvm.dll+0x6dad3f]
V  [jvm.dll+0x6d3895]
V  [jvm.dll+0x5dd4a6]
C  [ucrtbase.dll+0x26c0c]
C  [KERNEL32.DLL+0x154e0]
C  [ntdll.dll+0x485b]


---------------  P R O C E S S  ---------------

Threads class SMR info:
_java_thread_list=0x00000292947b76d0, length=144, elements={
0x00000292f781f000, 0x00000292ff7ca800, 0x00000292ff7ce000, 0x00000292ff829800,
0x00000292ff82a800, 0x00000292ff82b800, 0x00000292ff834800, 0x00000292ff83b800,
0x00000292ff9b4800, 0x00000292ff9d1000, 0x00000292949eb000, 0x0000029293064800,
0x0000029294a08000, 0x00000292938f9000, 0x0000029294592000, 0x000002929508a000,
0x0000029294ef6800, 0x00000292939e5800, 0x0000029294812800, 0x0000029295482000,
0x000002929524e800, 0x000002929524f800, 0x000002929524c000, 0x0000029295250800,
0x0000029295251000, 0x000002929524d000, 0x0000029295252000, 0x0000029295252800,
0x000002929524e000, 0x0000029296611800, 0x0000029296610800, 0x0000029296619000,
0x0000029296618000, 0x0000029296613000, 0x0000029296617000, 0x0000029296614800,
0x0000029296616800, 0x0000029296615800, 0x0000029296619800, 0x0000029296614000,
0x000002929661a800, 0x000002929661b800, 0x000002929661d800, 0x000002929661c000,
0x000002929661d000, 0x000002929661e800, 0x000002929661f800, 0x00000292963e0800,
0x00000292963e2000, 0x00000292963e3000, 0x00000292963e3800, 0x00000292963de000,
0x00000292963e1800, 0x00000292963df000, 0x00000292963df800, 0x00000292963e4800,
0x0000029296879000, 0x0000029296878000, 0x000002929687b800, 0x000002929687c000,
0x0000029296879800, 0x0000029296877000, 0x0000029296880000, 0x000002929687d000,
0x000002929687d800, 0x000002929687e800, 0x000002929687f800, 0x000002929687a800,
0x0000029296884000, 0x0000029296882000, 0x0000029296885000, 0x0000029296883800,
0x0000029296886000, 0x0000029296882800, 0x0000029296881000, 0x00000292961a3800,
0x00000292961a6800, 0x00000292961a2000, 0x00000292961a7800, 0x00000292961a8800,
0x00000292961a4800, 0x00000292961a2800, 0x00000292961a9000, 0x00000292961aa000,
0x00000292961ab000, 0x00000292961a5000, 0x00000292961a6000, 0x00000292961af800,
0x00000292961b0800, 0x00000292961af000, 0x00000292961ab800, 0x00000292961ac800,
0x00000292961ad000, 0x00000292961ae000, 0x0000029296795800, 0x0000029296796800,
0x0000029296794800, 0x0000029296790800, 0x0000029296793000, 0x0000029296797000,
0x0000029296794000, 0x0000029296791800, 0x0000029296798000, 0x0000029296792000,
0x0000029296798800, 0x000002929679c000, 0x000002929679e800, 0x0000029296799800,
0x000002929679d800, 0x000002929679a800, 0x000002929679b000, 0x000002929679d000,
0x000002929679f000, 0x0000029296270000, 0x0000029296271000, 0x000002929626f000,
0x0000029296276000, 0x0000029296271800, 0x0000029296274000, 0x0000029296275000,
0x0000029296273800, 0x0000029296276800, 0x0000029296277800, 0x0000029296272800,
0x0000029296279000, 0x000002929627e000, 0x0000029296278000, 0x000002929627a800,
0x000002929627b800, 0x000002929627d000, 0x000002929627a000, 0x000002929627c800,
0x0000029295590000, 0x0000029295592800, 0x0000029295591800, 0x0000029295593800,
0x0000029295591000, 0x000002929558d800, 0x0000029295594000, 0x000002929558e800,
0x0000029295595000, 0x0000029294361000, 0x00000292951eb800, 0x000002929558f000
}

Java Threads: ( => current thread )
  0x00000292f781f000 JavaThread "main" [_thread_blocked, id=18596, stack(0x000000dd85a00000,0x000000dd85b00000)]
  0x00000292ff7ca800 JavaThread "Reference Handler" daemon [_thread_blocked, id=11960, stack(0x000000dd86100000,0x000000dd86200000)]
  0x00000292ff7ce000 JavaThread "Finalizer" daemon [_thread_blocked, id=19344, stack(0x000000dd86200000,0x000000dd86300000)]
  0x00000292ff829800 JavaThread "Signal Dispatcher" daemon [_thread_blocked, id=13208, stack(0x000000dd86300000,0x000000dd86400000)]
  0x00000292ff82a800 JavaThread "Attach Listener" daemon [_thread_blocked, id=13792, stack(0x000000dd86400000,0x000000dd86500000)]
=>0x00000292ff82b800 JavaThread "C2 CompilerThread0" daemon [_thread_in_native, id=11348, stack(0x000000dd86500000,0x000000dd86600000)]
  0x00000292ff834800 JavaThread "C1 CompilerThread0" daemon [_thread_blocked, id=2096, stack(0x000000dd86600000,0x000000dd86700000)]
  0x00000292ff83b800 JavaThread "Sweeper thread" daemon [_thread_blocked, id=14020, stack(0x000000dd86700000,0x000000dd86800000)]
  0x00000292ff9b4800 JavaThread "Common-Cleaner" daemon [_thread_blocked, id=7008, stack(0x000000dd86800000,0x000000dd86900000)]
  0x00000292ff9d1000 JavaThread "Service Thread" daemon [_thread_blocked, id=10400, stack(0x000000dd86900000,0x000000dd86a00000)]
  0x00000292949eb000 JavaThread "Daemon health stats" [_thread_blocked, id=13376, stack(0x000000dd87200000,0x000000dd87300000)]
  0x0000029293064800 JavaThread "Incoming local TCP Connector on port 58253" [_thread_in_native, id=18372, stack(0x000000dd87300000,0x000000dd87400000)]
  0x0000029294a08000 JavaThread "Daemon periodic checks" [_thread_blocked, id=13688, stack(0x000000dd87400000,0x000000dd87500000)]
  0x00000292938f9000 JavaThread "Daemon" [_thread_blocked, id=12780, stack(0x000000dd87500000,0x000000dd87600000)]
  0x0000029294592000 JavaThread "Handler for socket connection from /127.0.0.1:58253 to /127.0.0.1:58254" [_thread_in_native, id=9856, stack(0x000000dd87600000,0x000000dd87700000)]
  0x000002929508a000 JavaThread "Cancel handler" [_thread_blocked, id=20468, stack(0x000000dd87700000,0x000000dd87800000)]
  0x0000029294ef6800 JavaThread "Daemon worker" [_thread_in_vm, id=8472, stack(0x000000dd87800000,0x000000dd87900000)]
  0x00000292939e5800 JavaThread "Asynchronous log dispatcher for DefaultDaemonConnection: socket connection from /127.0.0.1:58253 to /127.0.0.1:58254" [_thread_blocked, id=2928, stack(0x000000dd87a00000,0x000000dd87b00000)]
  0x0000029294812800 JavaThread "Stdin handler" [_thread_blocked, id=16060, stack(0x000000dd87b00000,0x000000dd87c00000)]
  0x0000029295482000 JavaThread "Thread-8" [_thread_blocked, id=13264, stack(0x000000dd87c00000,0x000000dd87d00000)]
  0x000002929524e800 JavaThread "Cache worker for file hash cache (C:\Users\sakri\.gradle\caches\6.7.1\fileHashes)" [_thread_blocked, id=15352, stack(0x000000dd87d00000,0x000000dd87e00000)]
  0x000002929524f800 JavaThread "File lock request listener" [_thread_in_native, id=2088, stack(0x000000dd87e00000,0x000000dd87f00000)]
  0x000002929524c000 JavaThread "Cache worker for journal cache (C:\Users\sakri\.gradle\caches\journal-1)" [_thread_blocked, id=20376, stack(0x000000dd88500000,0x000000dd88600000)]
  0x0000029295250800 JavaThread "Cache worker for file hash cache (C:\AndroidStudio\ProductionProject\.gradle\6.7.1\fileHashes)" [_thread_blocked, id=18888, stack(0x000000dd88600000,0x000000dd88700000)]
  0x0000029295251000 JavaThread "Cache worker for checksums cache (C:\AndroidStudio\ProductionProject\.gradle\checksums)" [_thread_blocked, id=20248, stack(0x000000dd88700000,0x000000dd88800000)]
  0x000002929524d000 JavaThread "Cache worker for cache directory md-supplier (C:\Users\sakri\.gradle\caches\6.7.1\md-supplier)" [_thread_blocked, id=140, stack(0x000000dd88800000,0x000000dd88900000)]
  0x0000029295252000 JavaThread "Cache worker for cache directory md-rule (C:\Users\sakri\.gradle\caches\6.7.1\md-rule)" [_thread_blocked, id=10500, stack(0x000000dd88a00000,0x000000dd88b00000)]
  0x0000029295252800 JavaThread "Cache worker for execution history cache (C:\Users\sakri\.gradle\caches\6.7.1\executionHistory)" [_thread_blocked, id=16088, stack(0x000000dd88b00000,0x000000dd88c00000)]
  0x000002929524e000 JavaThread "jar transforms" [_thread_blocked, id=12284, stack(0x000000dd88900000,0x000000dd88a00000)]
  0x0000029296611800 JavaThread "Cache worker for file content cache (C:\Users\sakri\.gradle\caches\6.7.1\fileContent)" [_thread_blocked, id=15916, stack(0x000000dd88d00000,0x000000dd88e00000)]
  0x0000029296610800 JavaThread "Cache worker for Build Output Cleanup Cache (C:\AndroidStudio\ProductionProject\.gradle\buildOutputCleanup)" [_thread_blocked, id=6984, stack(0x000000dd88e00000,0x000000dd88f00000)]
  0x0000029296619000 JavaThread "Build operations" [_thread_blocked, id=18628, stack(0x000000dd88f00000,0x000000dd89000000)]
  0x0000029296618000 JavaThread "Build operations Thread 2" [_thread_blocked, id=8196, stack(0x000000dd89000000,0x000000dd89100000)]
  0x0000029296613000 JavaThread "Build operations Thread 3" [_thread_blocked, id=15476, stack(0x000000dd89100000,0x000000dd89200000)]
  0x0000029296617000 JavaThread "Build operations Thread 4" [_thread_blocked, id=11120, stack(0x000000dd89200000,0x000000dd89300000)]
  0x0000029296614800 JavaThread "Build operations Thread 5" [_thread_blocked, id=7644, stack(0x000000dd89300000,0x000000dd89400000)]
  0x0000029296616800 JavaThread "Build operations Thread 6" [_thread_blocked, id=13480, stack(0x000000dd89400000,0x000000dd89500000)]
  0x0000029296615800 JavaThread "Build operations Thread 7" [_thread_blocked, id=6204, stack(0x000000dd89500000,0x000000dd89600000)]
  0x0000029296619800 JavaThread "Build operations Thread 8" [_thread_blocked, id=13576, stack(0x000000dd89600000,0x000000dd89700000)]
  0x0000029296614000 JavaThread "Build operations Thread 9" [_thread_blocked, id=11352, stack(0x000000dd89700000,0x000000dd89800000)]
  0x000002929661a800 JavaThread "Build operations Thread 10" [_thread_blocked, id=8716, stack(0x000000dd89800000,0x000000dd89900000)]
  0x000002929661b800 JavaThread "Build operations Thread 11" [_thread_blocked, id=8276, stack(0x000000dd89900000,0x000000dd89a00000)]
  0x000002929661d800 JavaThread "Build operations Thread 12" [_thread_blocked, id=12408, stack(0x000000dd89a00000,0x000000dd89b00000)]
  0x000002929661c000 JavaThread "jar transforms Thread 2" [_thread_blocked, id=1772, stack(0x000000dd89b00000,0x000000dd89c00000)]
  0x000002929661d000 JavaThread "jar transforms Thread 3" [_thread_blocked, id=780, stack(0x000000dd89c00000,0x000000dd89d00000)]
  0x000002929661e800 JavaThread "jar transforms Thread 4" [_thread_blocked, id=11284, stack(0x000000dd89d00000,0x000000dd89e00000)]
  0x000002929661f800 JavaThread "jar transforms Thread 5" [_thread_blocked, id=6948, stack(0x000000dd89e00000,0x000000dd89f00000)]
  0x00000292963e0800 JavaThread "jar transforms Thread 6" [_thread_blocked, id=8124, stack(0x000000dd89f00000,0x000000dd8a000000)]
  0x00000292963e2000 JavaThread "jar transforms Thread 7" [_thread_blocked, id=6012, stack(0x000000dd8a000000,0x000000dd8a100000)]
  0x00000292963e3000 JavaThread "jar transforms Thread 8" [_thread_blocked, id=1668, stack(0x000000dd8a100000,0x000000dd8a200000)]
  0x00000292963e3800 JavaThread "jar transforms Thread 9" [_thread_blocked, id=19632, stack(0x000000dd8a200000,0x000000dd8a300000)]
  0x00000292963de000 JavaThread "jar transforms Thread 10" [_thread_blocked, id=14204, stack(0x000000dd8a300000,0x000000dd8a400000)]
  0x00000292963e1800 JavaThread "jar transforms Thread 11" [_thread_blocked, id=19264, stack(0x000000dd8a400000,0x000000dd8a500000)]
  0x00000292963df000 JavaThread "jar transforms Thread 12" [_thread_blocked, id=19408, stack(0x000000dd8a500000,0x000000dd8a600000)]
  0x00000292963df800 JavaThread "jar transforms Thread 13" [_thread_blocked, id=13056, stack(0x000000dd8a600000,0x000000dd8a700000)]
  0x00000292963e4800 JavaThread "jar transforms Thread 14" [_thread_blocked, id=11808, stack(0x000000dd8a700000,0x000000dd8a800000)]
  0x0000029296879000 JavaThread "jar transforms Thread 15" [_thread_blocked, id=1568, stack(0x000000dd8a800000,0x000000dd8a900000)]
  0x0000029296878000 JavaThread "jar transforms Thread 16" [_thread_blocked, id=3616, stack(0x000000dd8a900000,0x000000dd8aa00000)]
  0x000002929687b800 JavaThread "jar transforms Thread 17" [_thread_blocked, id=2276, stack(0x000000dd8aa00000,0x000000dd8ab00000)]
  0x000002929687c000 JavaThread "jar transforms Thread 18" [_thread_blocked, id=12892, stack(0x000000dd8ab00000,0x000000dd8ac00000)]
  0x0000029296879800 JavaThread "jar transforms Thread 19" [_thread_blocked, id=16464, stack(0x000000dd8ac00000,0x000000dd8ad00000)]
  0x0000029296877000 JavaThread "jar transforms Thread 20" [_thread_blocked, id=2872, stack(0x000000dd8ad00000,0x000000dd8ae00000)]
  0x0000029296880000 JavaThread "jar transforms Thread 21" [_thread_blocked, id=8004, stack(0x000000dd8ae00000,0x000000dd8af00000)]
  0x000002929687d000 JavaThread "jar transforms Thread 22" [_thread_blocked, id=18556, stack(0x000000dd8af00000,0x000000dd8b000000)]
  0x000002929687d800 JavaThread "jar transforms Thread 23" [_thread_blocked, id=18836, stack(0x000000dd8b000000,0x000000dd8b100000)]
  0x000002929687e800 JavaThread "jar transforms Thread 24" [_thread_blocked, id=8268, stack(0x000000dd8b100000,0x000000dd8b200000)]
  0x000002929687f800 JavaThread "jar transforms Thread 25" [_thread_blocked, id=7320, stack(0x000000dd8b200000,0x000000dd8b300000)]
  0x000002929687a800 JavaThread "jar transforms Thread 26" [_thread_blocked, id=7224, stack(0x000000dd8b300000,0x000000dd8b400000)]
  0x0000029296884000 JavaThread "jar transforms Thread 27" [_thread_blocked, id=17876, stack(0x000000dd8b400000,0x000000dd8b500000)]
  0x0000029296882000 JavaThread "jar transforms Thread 28" [_thread_blocked, id=10888, stack(0x000000dd8b500000,0x000000dd8b600000)]
  0x0000029296885000 JavaThread "jar transforms Thread 29" [_thread_blocked, id=16416, stack(0x000000dd8b600000,0x000000dd8b700000)]
  0x0000029296883800 JavaThread "jar transforms Thread 30" [_thread_blocked, id=2772, stack(0x000000dd8b700000,0x000000dd8b800000)]
  0x0000029296886000 JavaThread "jar transforms Thread 31" [_thread_blocked, id=20236, stack(0x000000dd8b800000,0x000000dd8b900000)]
  0x0000029296882800 JavaThread "jar transforms Thread 32" [_thread_blocked, id=13596, stack(0x000000dd8b900000,0x000000dd8ba00000)]
  0x0000029296881000 JavaThread "jar transforms Thread 33" [_thread_blocked, id=19468, stack(0x000000dd8ba00000,0x000000dd8bb00000)]
  0x00000292961a3800 JavaThread "jar transforms Thread 34" [_thread_blocked, id=3464, stack(0x000000dd8bb00000,0x000000dd8bc00000)]
  0x00000292961a6800 JavaThread "jar transforms Thread 35" [_thread_blocked, id=19208, stack(0x000000dd8bc00000,0x000000dd8bd00000)]
  0x00000292961a2000 JavaThread "jar transforms Thread 36" [_thread_blocked, id=4884, stack(0x000000dd8bd00000,0x000000dd8be00000)]
  0x00000292961a7800 JavaThread "jar transforms Thread 37" [_thread_blocked, id=20228, stack(0x000000dd8be00000,0x000000dd8bf00000)]
  0x00000292961a8800 JavaThread "jar transforms Thread 38" [_thread_blocked, id=16936, stack(0x000000dd8bf00000,0x000000dd8c000000)]
  0x00000292961a4800 JavaThread "jar transforms Thread 39" [_thread_blocked, id=12752, stack(0x000000dd8c000000,0x000000dd8c100000)]
  0x00000292961a2800 JavaThread "jar transforms Thread 40" [_thread_blocked, id=17980, stack(0x000000dd8c100000,0x000000dd8c200000)]
  0x00000292961a9000 JavaThread "jar transforms Thread 41" [_thread_blocked, id=17208, stack(0x000000dd8c200000,0x000000dd8c300000)]
  0x00000292961aa000 JavaThread "jar transforms Thread 42" [_thread_blocked, id=10532, stack(0x000000dd8c300000,0x000000dd8c400000)]
  0x00000292961ab000 JavaThread "jar transforms Thread 43" [_thread_blocked, id=8712, stack(0x000000dd8c400000,0x000000dd8c500000)]
  0x00000292961a5000 JavaThread "jar transforms Thread 44" [_thread_blocked, id=6836, stack(0x000000dd8c500000,0x000000dd8c600000)]
  0x00000292961a6000 JavaThread "jar transforms Thread 45" [_thread_blocked, id=16396, stack(0x000000dd8c600000,0x000000dd8c700000)]
  0x00000292961af800 JavaThread "jar transforms Thread 46" [_thread_blocked, id=18912, stack(0x000000dd8c700000,0x000000dd8c800000)]
  0x00000292961b0800 JavaThread "jar transforms Thread 47" [_thread_blocked, id=19496, stack(0x000000dd8c800000,0x000000dd8c900000)]
  0x00000292961af000 JavaThread "jar transforms Thread 48" [_thread_blocked, id=7640, stack(0x000000dd8c900000,0x000000dd8ca00000)]
  0x00000292961ab800 JavaThread "jar transforms Thread 49" [_thread_blocked, id=8464, stack(0x000000dd8ca00000,0x000000dd8cb00000)]
  0x00000292961ac800 JavaThread "jar transforms Thread 50" [_thread_blocked, id=19688, stack(0x000000dd8cb00000,0x000000dd8cc00000)]
  0x00000292961ad000 JavaThread "jar transforms Thread 51" [_thread_blocked, id=11476, stack(0x000000dd8cc00000,0x000000dd8cd00000)]
  0x00000292961ae000 JavaThread "jar transforms Thread 52" [_thread_blocked, id=8208, stack(0x000000dd8cd00000,0x000000dd8ce00000)]
  0x0000029296795800 JavaThread "jar transforms Thread 53" [_thread_blocked, id=2212, stack(0x000000dd8ce00000,0x000000dd8cf00000)]
  0x0000029296796800 JavaThread "jar transforms Thread 54" [_thread_blocked, id=12972, stack(0x000000dd8cf00000,0x000000dd8d000000)]
  0x0000029296794800 JavaThread "jar transforms Thread 55" [_thread_blocked, id=5984, stack(0x000000dd8d000000,0x000000dd8d100000)]
  0x0000029296790800 JavaThread "jar transforms Thread 56" [_thread_blocked, id=5888, stack(0x000000dd8d100000,0x000000dd8d200000)]
  0x0000029296793000 JavaThread "jar transforms Thread 57" [_thread_blocked, id=2616, stack(0x000000dd8d200000,0x000000dd8d300000)]
  0x0000029296797000 JavaThread "jar transforms Thread 58" [_thread_blocked, id=6168, stack(0x000000dd8d300000,0x000000dd8d400000)]
  0x0000029296794000 JavaThread "jar transforms Thread 59" [_thread_blocked, id=10516, stack(0x000000dd8d400000,0x000000dd8d500000)]
  0x0000029296791800 JavaThread "jar transforms Thread 60" [_thread_blocked, id=17280, stack(0x000000dd8d500000,0x000000dd8d600000)]
  0x0000029296798000 JavaThread "jar transforms Thread 61" [_thread_blocked, id=10328, stack(0x000000dd8d600000,0x000000dd8d700000)]
  0x0000029296792000 JavaThread "jar transforms Thread 62" [_thread_blocked, id=17944, stack(0x000000dd8d700000,0x000000dd8d800000)]
  0x0000029296798800 JavaThread "jar transforms Thread 63" [_thread_blocked, id=7356, stack(0x000000dd8d800000,0x000000dd8d900000)]
  0x000002929679c000 JavaThread "jar transforms Thread 64" [_thread_blocked, id=10788, stack(0x000000dd8d900000,0x000000dd8da00000)]
  0x000002929679e800 JavaThread "jar transforms Thread 65" [_thread_blocked, id=20108, stack(0x000000dd8da00000,0x000000dd8db00000)]
  0x0000029296799800 JavaThread "jar transforms Thread 66" [_thread_blocked, id=18592, stack(0x000000dd8db00000,0x000000dd8dc00000)]
  0x000002929679d800 JavaThread "jar transforms Thread 67" [_thread_blocked, id=20240, stack(0x000000dd8dc00000,0x000000dd8dd00000)]
  0x000002929679a800 JavaThread "jar transforms Thread 68" [_thread_blocked, id=19112, stack(0x000000dd8dd00000,0x000000dd8de00000)]
  0x000002929679b000 JavaThread "jar transforms Thread 69" [_thread_blocked, id=10136, stack(0x000000dd8de00000,0x000000dd8df00000)]
  0x000002929679d000 JavaThread "jar transforms Thread 70" [_thread_blocked, id=10696, stack(0x000000dd8df00000,0x000000dd8e000000)]
  0x000002929679f000 JavaThread "jar transforms Thread 71" [_thread_blocked, id=7104, stack(0x000000dd8e000000,0x000000dd8e100000)]
  0x0000029296270000 JavaThread "jar transforms Thread 72" [_thread_blocked, id=18796, stack(0x000000dd8e100000,0x000000dd8e200000)]
  0x0000029296271000 JavaThread "jar transforms Thread 73" [_thread_blocked, id=8864, stack(0x000000dd8e200000,0x000000dd8e300000)]
  0x000002929626f000 JavaThread "jar transforms Thread 74" [_thread_blocked, id=3224, stack(0x000000dd8e300000,0x000000dd8e400000)]
  0x0000029296276000 JavaThread "jar transforms Thread 75" [_thread_blocked, id=15104, stack(0x000000dd8e400000,0x000000dd8e500000)]
  0x0000029296271800 JavaThread "jar transforms Thread 76" [_thread_blocked, id=10244, stack(0x000000dd8e500000,0x000000dd8e600000)]
  0x0000029296274000 JavaThread "jar transforms Thread 77" [_thread_blocked, id=18988, stack(0x000000dd8e600000,0x000000dd8e700000)]
  0x0000029296275000 JavaThread "jar transforms Thread 78" [_thread_blocked, id=2716, stack(0x000000dd8e700000,0x000000dd8e800000)]
  0x0000029296273800 JavaThread "jar transforms Thread 79" [_thread_blocked, id=19708, stack(0x000000dd8e800000,0x000000dd8e900000)]
  0x0000029296276800 JavaThread "jar transforms Thread 80" [_thread_blocked, id=12320, stack(0x000000dd8e900000,0x000000dd8ea00000)]
  0x0000029296277800 JavaThread "jar transforms Thread 81" [_thread_blocked, id=9564, stack(0x000000dd8ea00000,0x000000dd8eb00000)]
  0x0000029296272800 JavaThread "jar transforms Thread 82" [_thread_blocked, id=18908, stack(0x000000dd8eb00000,0x000000dd8ec00000)]
  0x0000029296279000 JavaThread "jar transforms Thread 83" [_thread_blocked, id=19980, stack(0x000000dd8ec00000,0x000000dd8ed00000)]
  0x000002929627e000 JavaThread "jar transforms Thread 84" [_thread_blocked, id=7720, stack(0x000000dd8ed00000,0x000000dd8ee00000)]
  0x0000029296278000 JavaThread "jar transforms Thread 85" [_thread_blocked, id=5696, stack(0x000000dd8ee00000,0x000000dd8ef00000)]
  0x000002929627a800 JavaThread "jar transforms Thread 86" [_thread_blocked, id=13032, stack(0x000000dd8ef00000,0x000000dd8f000000)]
  0x000002929627b800 JavaThread "jar transforms Thread 87" [_thread_blocked, id=6196, stack(0x000000dd8f000000,0x000000dd8f100000)]
  0x000002929627d000 JavaThread "jar transforms Thread 88" [_thread_blocked, id=15656, stack(0x000000dd8f100000,0x000000dd8f200000)]
  0x000002929627a000 JavaThread "jar transforms Thread 89" [_thread_blocked, id=16548, stack(0x000000dd8f200000,0x000000dd8f300000)]
  0x000002929627c800 JavaThread "jar transforms Thread 90" [_thread_blocked, id=16696, stack(0x000000dd8f300000,0x000000dd8f400000)]
  0x0000029295590000 JavaThread "jar transforms Thread 91" [_thread_blocked, id=3208, stack(0x000000dd8f400000,0x000000dd8f500000)]
  0x0000029295592800 JavaThread "jar transforms Thread 92" [_thread_blocked, id=14244, stack(0x000000dd8f500000,0x000000dd8f600000)]
  0x0000029295591800 JavaThread "jar transforms Thread 93" [_thread_blocked, id=7400, stack(0x000000dd8f600000,0x000000dd8f700000)]
  0x0000029295593800 JavaThread "jar transforms Thread 94" [_thread_blocked, id=6996, stack(0x000000dd8f700000,0x000000dd8f800000)]
  0x0000029295591000 JavaThread "jar transforms Thread 95" [_thread_blocked, id=12464, stack(0x000000dd8f800000,0x000000dd8f900000)]
  0x000002929558d800 JavaThread "jar transforms Thread 96" [_thread_blocked, id=13920, stack(0x000000dd8f900000,0x000000dd8fa00000)]
  0x0000029295594000 JavaThread "jar transforms Thread 97" [_thread_blocked, id=14952, stack(0x000000dd8fa00000,0x000000dd8fb00000)]
  0x000002929558e800 JavaThread "jar transforms Thread 98" [_thread_blocked, id=4512, stack(0x000000dd8fb00000,0x000000dd8fc00000)]
  0x0000029295595000 JavaThread "jar transforms Thread 99" [_thread_blocked, id=12500, stack(0x000000dd8fc00000,0x000000dd8fd00000)]
  0x0000029294361000 JavaThread "C2 CompilerThread1" daemon [_thread_in_native, id=16320, stack(0x000000dd87900000,0x000000dd87a00000)]
  0x00000292951eb800 JavaThread "C2 CompilerThread2" daemon [_thread_in_native, id=16480, stack(0x000000dd88c00000,0x000000dd88d00000)]
  0x000002929558f000 JavaThread "Memory manager" [_thread_blocked, id=17684, stack(0x000000dd8fd00000,0x000000dd8fe00000)]

Other Threads:
  0x00000292ff7c6000 VMThread "VM Thread" [stack: 0x000000dd86000000,0x000000dd86100000] [id=15580]
  0x00000292ff9d2000 WatcherThread [stack: 0x000000dd86a00000,0x000000dd86b00000] [id=15536]
  0x00000292f7836000 GCTaskThread "GC Thread#0" [stack: 0x000000dd85b00000,0x000000dd85c00000] [id=19284]
  0x0000029293a5e000 GCTaskThread "GC Thread#1" [stack: 0x000000dd86d00000,0x000000dd86e00000] [id=4896]
  0x0000029293a8c000 GCTaskThread "GC Thread#2" [stack: 0x000000dd86e00000,0x000000dd86f00000] [id=15872]
  0x0000029293952800 GCTaskThread "GC Thread#3" [stack: 0x000000dd86f00000,0x000000dd87000000] [id=8068]
  0x0000029293953000 GCTaskThread "GC Thread#4" [stack: 0x000000dd87000000,0x000000dd87100000] [id=16972]
  0x0000029293e25000 GCTaskThread "GC Thread#5" [stack: 0x000000dd87100000,0x000000dd87200000] [id=17252]
  0x0000029294252000 GCTaskThread "GC Thread#6" [stack: 0x000000dd87f00000,0x000000dd88000000] [id=9532]
  0x000002929444d800 GCTaskThread "GC Thread#7" [stack: 0x000000dd88000000,0x000000dd88100000] [id=10496]
  0x0000029294b0f000 GCTaskThread "GC Thread#8" [stack: 0x000000dd88100000,0x000000dd88200000] [id=11328]
  0x0000029294bef800 GCTaskThread "GC Thread#9" [stack: 0x000000dd88200000,0x000000dd88300000] [id=18080]
  0x00000292f7865800 ConcurrentGCThread "G1 Main Marker" [stack: 0x000000dd85c00000,0x000000dd85d00000] [id=11820]
  0x00000292f7869000 ConcurrentGCThread "G1 Conc#0" [stack: 0x000000dd85d00000,0x000000dd85e00000] [id=3864]
  0x00000292938ee800 ConcurrentGCThread "G1 Conc#1" [stack: 0x000000dd88300000,0x000000dd88400000] [id=19752]
  0x0000029294238800 ConcurrentGCThread "G1 Conc#2" [stack: 0x000000dd88400000,0x000000dd88500000] [id=3024]
  0x00000292fee16000 ConcurrentGCThread "G1 Refine#0" [stack: 0x000000dd85e00000,0x000000dd85f00000] [id=15112]
  0x000002929817b000 ConcurrentGCThread "G1 Refine#1" [stack: 0x000000dd8fe00000,0x000000dd8ff00000] [id=17516]
  0x000002929a00f800 ConcurrentGCThread "G1 Refine#2" [stack: 0x000000dd8ff00000,0x000000dd90000000] [id=4888]
  0x0000029299618800 ConcurrentGCThread "G1 Refine#3" [stack: 0x000000dd90000000,0x000000dd90100000] [id=19396]
  0x00000292959d8800 ConcurrentGCThread "G1 Refine#4" [stack: 0x000000dd90100000,0x000000dd90200000] [id=11244]
  0x00000292fee17000 ConcurrentGCThread "G1 Young RemSet Sampling" [stack: 0x000000dd85f00000,0x000000dd86000000] [id=9256]

Threads with active compile tasks:
C2 CompilerThread0  13320 5630       4       java.beans.MethodRef::set (58 bytes)
C2 CompilerThread1  13320 5665  s!   4       java.util.jar.JarFile::ensureInitialization (74 bytes)
C2 CompilerThread2  13320 5664       4       jdk.internal.loader.URLClassPath$JarLoader$2::getManifest (26 bytes)

VM state:not at safepoint (normal execution)

VM Mutex/Monitor currently owned by a thread: None

Heap address: 0x0000000080000000, size: 2048 MB, Compressed Oops mode: 32-bit
Narrow klass base: 0x0000000000000000, Narrow klass shift: 3
Compressed class space size: 1073741824 Address: 0x0000000100000000

Heap:
 garbage-first heap   total 260096K, used 95188K [0x0000000080000000, 0x0000000100000000)
  region size 1024K, 71 young (72704K), 19 survivors (19456K)
 Metaspace       used 60782K, capacity 62283K, committed 62336K, reserved 1103872K
  class space    used 7746K, capacity 8303K, committed 8320K, reserved 1048576K
Heap Regions: E=young(eden), S=young(survivor), O=old, HS=humongous(starts), HC=humongous(continues), CS=collection set, F=free, A=archive, TAMS=top-at-mark-start (previous, next)
|   0|0x0000000080000000, 0x0000000080100000, 0x0000000080100000|100%| O|  |TAMS 0x0000000080100000, 0x0000000080000000| Untracked 
|   1|0x0000000080100000, 0x0000000080200000, 0x0000000080200000|100%| O|  |TAMS 0x0000000080200000, 0x0000000080100000| Untracked 
|   2|0x0000000080200000, 0x0000000080300000, 0x0000000080300000|100%| O|  |TAMS 0x0000000080300000, 0x0000000080200000| Untracked 
|   3|0x0000000080300000, 0x0000000080400000, 0x0000000080400000|100%|HS|  |TAMS 0x0000000080400000, 0x0000000080300000| Complete 
|   4|0x0000000080400000, 0x0000000080500000, 0x0000000080500000|100%|HC|  |TAMS 0x0000000080500000, 0x0000000080400000| Complete 
|   5|0x0000000080500000, 0x0000000080600000, 0x0000000080600000|100%|HC|  |TAMS 0x0000000080600000, 0x0000000080500000| Complete 
|   6|0x0000000080600000, 0x0000000080700000, 0x0000000080700000|100%| O|  |TAMS 0x0000000080700000, 0x0000000080600000| Untracked 
|   7|0x0000000080700000, 0x0000000080800000, 0x0000000080800000|100%| O|  |TAMS 0x0000000080800000, 0x0000000080700000| Untracked 
|   8|0x0000000080800000, 0x0000000080900000, 0x0000000080900000|100%| O|  |TAMS 0x0000000080900000, 0x0000000080800000| Untracked 
|   9|0x0000000080900000, 0x0000000080a00000, 0x0000000080a00000|100%| O|  |TAMS 0x0000000080a00000, 0x0000000080900000| Untracked 
|  10|0x0000000080a00000, 0x0000000080b00000, 0x0000000080b00000|100%| O|  |TAMS 0x0000000080b00000, 0x0000000080a00000| Untracked 
|  11|0x0000000080b00000, 0x0000000080c00000, 0x0000000080c00000|100%| O|  |TAMS 0x0000000080c00000, 0x0000000080b00000| Untracked 
|  12|0x0000000080c00000, 0x0000000080d00000, 0x0000000080d00000|100%| O|  |TAMS 0x0000000080d00000, 0x0000000080c00000| Untracked 
|  13|0x0000000080d00000, 0x0000000080e00000, 0x0000000080e00000|100%| O|  |TAMS 0x0000000080e00000, 0x0000000080d00000| Untracked 
|  14|0x0000000080e00000, 0x0000000080f00000, 0x0000000080f00000|100%| O|  |TAMS 0x0000000080f00000, 0x0000000080e00000| Untracked 
|  15|0x0000000080f00000, 0x0000000081000000, 0x0000000081000000|100%| O|  |TAMS 0x0000000081000000, 0x0000000080f00000| Untracked 
|  16|0x0000000081000000, 0x0000000081100000, 0x0000000081100000|100%|HS|  |TAMS 0x0000000081100000, 0x0000000081000000| Complete 
|  17|0x0000000081100000, 0x0000000081200000, 0x0000000081200000|100%|HS|  |TAMS 0x0000000081200000, 0x0000000081100000| Complete 
|  18|0x0000000081200000, 0x0000000081300000, 0x0000000081300000|100%|HC|  |TAMS 0x0000000081300000, 0x0000000081200000| Complete 
|  19|0x0000000081300000, 0x0000000081300000, 0x0000000081400000|  0%| F|  |TAMS 0x0000000081300000, 0x0000000081300000| Untracked 
|  20|0x0000000081400000, 0x0000000081500000, 0x0000000081500000|100%| O|  |TAMS 0x0000000081500000, 0x0000000081400000| Untracked 
|  21|0x0000000081500000, 0x0000000081600000, 0x0000000081600000|100%| O|  |TAMS 0x0000000081600000, 0x0000000081500000| Untracked 
|  22|0x0000000081600000, 0x0000000081700000, 0x0000000081700000|100%| O|  |TAMS 0x0000000081700000, 0x0000000081600000| Untracked 
|  23|0x0000000081700000, 0x00000000817f5000, 0x0000000081800000| 95%| O|  |TAMS 0x00000000817f5000, 0x0000000081700000| Untracked 
|  24|0x0000000081800000, 0x0000000081800000, 0x0000000081900000|  0%| F|  |TAMS 0x0000000081800000, 0x0000000081800000| Untracked 
|  25|0x0000000081900000, 0x0000000081900000, 0x0000000081a00000|  0%| F|  |TAMS 0x0000000081900000, 0x0000000081900000| Untracked 
|  26|0x0000000081a00000, 0x0000000081a00000, 0x0000000081b00000|  0%| F|  |TAMS 0x0000000081a00000, 0x0000000081a00000| Untracked 
|  27|0x0000000081b00000, 0x0000000081b00000, 0x0000000081c00000|  0%| F|  |TAMS 0x0000000081b00000, 0x0000000081b00000| Untracked 
|  28|0x0000000081c00000, 0x0000000081c00000, 0x0000000081d00000|  0%| F|  |TAMS 0x0000000081c00000, 0x0000000081c00000| Untracked 
|  29|0x0000000081d00000, 0x0000000081d00000, 0x0000000081e00000|  0%| F|  |TAMS 0x0000000081d00000, 0x0000000081d00000| Untracked 
|  30|0x0000000081e00000, 0x0000000081e00000, 0x0000000081f00000|  0%| F|  |TAMS 0x0000000081e00000, 0x0000000081e00000| Untracked 
|  31|0x0000000081f00000, 0x0000000081f00000, 0x0000000082000000|  0%| F|  |TAMS 0x0000000081f00000, 0x0000000081f00000| Untracked 
|  32|0x0000000082000000, 0x0000000082000000, 0x0000000082100000|  0%| F|  |TAMS 0x0000000082000000, 0x0000000082000000| Untracked 
|  33|0x0000000082100000, 0x0000000082100000, 0x0000000082200000|  0%| F|  |TAMS 0x0000000082100000, 0x0000000082100000| Untracked 
|  34|0x0000000082200000, 0x0000000082200000, 0x0000000082300000|  0%| F|  |TAMS 0x0000000082200000, 0x0000000082200000| Untracked 
|  35|0x0000000082300000, 0x0000000082300000, 0x0000000082400000|  0%| F|  |TAMS 0x0000000082300000, 0x0000000082300000| Untracked 
|  36|0x0000000082400000, 0x0000000082400000, 0x0000000082500000|  0%| F|  |TAMS 0x0000000082400000, 0x0000000082400000| Untracked 
|  37|0x0000000082500000, 0x0000000082500000, 0x0000000082600000|  0%| F|  |TAMS 0x0000000082500000, 0x0000000082500000| Untracked 
|  38|0x0000000082600000, 0x0000000082600000, 0x0000000082700000|  0%| F|  |TAMS 0x0000000082600000, 0x0000000082600000| Untracked 
|  39|0x0000000082700000, 0x0000000082700000, 0x0000000082800000|  0%| F|  |TAMS 0x0000000082700000, 0x0000000082700000| Untracked 
|  40|0x0000000082800000, 0x0000000082800000, 0x0000000082900000|  0%| F|  |TAMS 0x0000000082800000, 0x0000000082800000| Untracked 
|  41|0x0000000082900000, 0x0000000082900000, 0x0000000082a00000|  0%| F|  |TAMS 0x0000000082900000, 0x0000000082900000| Untracked 
|  42|0x0000000082a00000, 0x0000000082a00000, 0x0000000082b00000|  0%| F|  |TAMS 0x0000000082a00000, 0x0000000082a00000| Untracked 
|  43|0x0000000082b00000, 0x0000000082b00000, 0x0000000082c00000|  0%| F|  |TAMS 0x0000000082b00000, 0x0000000082b00000| Untracked 
|  44|0x0000000082c00000, 0x0000000082c00000, 0x0000000082d00000|  0%| F|  |TAMS 0x0000000082c00000, 0x0000000082c00000| Untracked 
|  45|0x0000000082d00000, 0x0000000082d00000, 0x0000000082e00000|  0%| F|  |TAMS 0x0000000082d00000, 0x0000000082d00000| Untracked 
|  46|0x0000000082e00000, 0x0000000082e00000, 0x0000000082f00000|  0%| F|  |TAMS 0x0000000082e00000, 0x0000000082e00000| Untracked 
|  47|0x0000000082f00000, 0x0000000082f00000, 0x0000000083000000|  0%| F|  |TAMS 0x0000000082f00000, 0x0000000082f00000| Untracked 
|  48|0x0000000083000000, 0x0000000083000000, 0x0000000083100000|  0%| F|  |TAMS 0x0000000083000000, 0x0000000083000000| Untracked 
|  49|0x0000000083100000, 0x0000000083100000, 0x0000000083200000|  0%| F|  |TAMS 0x0000000083100000, 0x0000000083100000| Untracked 
|  50|0x0000000083200000, 0x0000000083200000, 0x0000000083300000|  0%| F|  |TAMS 0x0000000083200000, 0x0000000083200000| Untracked 
|  51|0x0000000083300000, 0x0000000083300000, 0x0000000083400000|  0%| F|  |TAMS 0x0000000083300000, 0x0000000083300000| Untracked 
|  52|0x0000000083400000, 0x0000000083400000, 0x0000000083500000|  0%| F|  |TAMS 0x0000000083400000, 0x0000000083400000| Untracked 
|  53|0x0000000083500000, 0x0000000083500000, 0x0000000083600000|  0%| F|  |TAMS 0x0000000083500000, 0x0000000083500000| Untracked 
|  54|0x0000000083600000, 0x0000000083600000, 0x0000000083700000|  0%| F|  |TAMS 0x0000000083600000, 0x0000000083600000| Untracked 
|  55|0x0000000083700000, 0x0000000083700000, 0x0000000083800000|  0%| F|  |TAMS 0x0000000083700000, 0x0000000083700000| Untracked 
|  56|0x0000000083800000, 0x0000000083800000, 0x0000000083900000|  0%| F|  |TAMS 0x0000000083800000, 0x0000000083800000| Untracked 
|  57|0x0000000083900000, 0x0000000083900000, 0x0000000083a00000|  0%| F|  |TAMS 0x0000000083900000, 0x0000000083900000| Untracked 
|  58|0x0000000083a00000, 0x0000000083a00000, 0x0000000083b00000|  0%| F|  |TAMS 0x0000000083a00000, 0x0000000083a00000| Untracked 
|  59|0x0000000083b00000, 0x0000000083b00000, 0x0000000083c00000|  0%| F|  |TAMS 0x0000000083b00000, 0x0000000083b00000| Untracked 
|  60|0x0000000083c00000, 0x0000000083c00000, 0x0000000083d00000|  0%| F|  |TAMS 0x0000000083c00000, 0x0000000083c00000| Untracked 
|  61|0x0000000083d00000, 0x0000000083d00000, 0x0000000083e00000|  0%| F|  |TAMS 0x0000000083d00000, 0x0000000083d00000| Untracked 
|  62|0x0000000083e00000, 0x0000000083e00000, 0x0000000083f00000|  0%| F|  |TAMS 0x0000000083e00000, 0x0000000083e00000| Untracked 
|  63|0x0000000083f00000, 0x0000000083f00000, 0x0000000084000000|  0%| F|  |TAMS 0x0000000083f00000, 0x0000000083f00000| Untracked 
|  64|0x0000000084000000, 0x0000000084000000, 0x0000000084100000|  0%| F|  |TAMS 0x0000000084000000, 0x0000000084000000| Untracked 
|  65|0x0000000084100000, 0x0000000084100000, 0x0000000084200000|  0%| F|  |TAMS 0x0000000084100000, 0x0000000084100000| Untracked 
|  66|0x0000000084200000, 0x0000000084200000, 0x0000000084300000|  0%| F|  |TAMS 0x0000000084200000, 0x0000000084200000| Untracked 
|  67|0x0000000084300000, 0x0000000084300000, 0x0000000084400000|  0%| F|  |TAMS 0x0000000084300000, 0x0000000084300000| Untracked 
|  68|0x0000000084400000, 0x0000000084400000, 0x0000000084500000|  0%| F|  |TAMS 0x0000000084400000, 0x0000000084400000| Untracked 
|  69|0x0000000084500000, 0x0000000084500000, 0x0000000084600000|  0%| F|  |TAMS 0x0000000084500000, 0x0000000084500000| Untracked 
|  70|0x0000000084600000, 0x0000000084600000, 0x0000000084700000|  0%| F|  |TAMS 0x0000000084600000, 0x0000000084600000| Untracked 
|  71|0x0000000084700000, 0x0000000084700000, 0x0000000084800000|  0%| F|  |TAMS 0x0000000084700000, 0x0000000084700000| Untracked 
|  72|0x0000000084800000, 0x0000000084800000, 0x0000000084900000|  0%| F|  |TAMS 0x0000000084800000, 0x0000000084800000| Untracked 
|  73|0x0000000084900000, 0x0000000084900000, 0x0000000084a00000|  0%| F|  |TAMS 0x0000000084900000, 0x0000000084900000| Untracked 
|  74|0x0000000084a00000, 0x0000000084a00000, 0x0000000084b00000|  0%| F|  |TAMS 0x0000000084a00000, 0x0000000084a00000| Untracked 
|  75|0x0000000084b00000, 0x0000000084b00000, 0x0000000084c00000|  0%| F|  |TAMS 0x0000000084b00000, 0x0000000084b00000| Untracked 
|  76|0x0000000084c00000, 0x0000000084c00000, 0x0000000084d00000|  0%| F|  |TAMS 0x0000000084c00000, 0x0000000084c00000| Untracked 
|  77|0x0000000084d00000, 0x0000000084d00000, 0x0000000084e00000|  0%| F|  |TAMS 0x0000000084d00000, 0x0000000084d00000| Untracked 
|  78|0x0000000084e00000, 0x0000000084e00000, 0x0000000084f00000|  0%| F|  |TAMS 0x0000000084e00000, 0x0000000084e00000| Untracked 
|  79|0x0000000084f00000, 0x0000000084f00000, 0x0000000085000000|  0%| F|  |TAMS 0x0000000084f00000, 0x0000000084f00000| Untracked 
|  80|0x0000000085000000, 0x0000000085000000, 0x0000000085100000|  0%| F|  |TAMS 0x0000000085000000, 0x0000000085000000| Untracked 
|  81|0x0000000085100000, 0x0000000085100000, 0x0000000085200000|  0%| F|  |TAMS 0x0000000085100000, 0x0000000085100000| Untracked 
|  82|0x0000000085200000, 0x0000000085200000, 0x0000000085300000|  0%| F|  |TAMS 0x0000000085200000, 0x0000000085200000| Untracked 
|  83|0x0000000085300000, 0x0000000085300000, 0x0000000085400000|  0%| F|  |TAMS 0x0000000085300000, 0x0000000085300000| Untracked 
|  84|0x0000000085400000, 0x0000000085400000, 0x0000000085500000|  0%| F|  |TAMS 0x0000000085400000, 0x0000000085400000| Untracked 
|  85|0x0000000085500000, 0x0000000085600000, 0x0000000085600000|100%| S|CS|TAMS 0x0000000085500000, 0x0000000085500000| Complete 
|  86|0x0000000085600000, 0x0000000085700000, 0x0000000085700000|100%| S|CS|TAMS 0x0000000085600000, 0x0000000085600000| Complete 
|  87|0x0000000085700000, 0x0000000085800000, 0x0000000085800000|100%| S|CS|TAMS 0x0000000085700000, 0x0000000085700000| Complete 
|  88|0x0000000085800000, 0x0000000085900000, 0x0000000085900000|100%| S|CS|TAMS 0x0000000085800000, 0x0000000085800000| Complete 
|  89|0x0000000085900000, 0x0000000085a00000, 0x0000000085a00000|100%| S|CS|TAMS 0x0000000085900000, 0x0000000085900000| Complete 
|  90|0x0000000085a00000, 0x0000000085b00000, 0x0000000085b00000|100%| S|CS|TAMS 0x0000000085a00000, 0x0000000085a00000| Complete 
|  91|0x0000000085b00000, 0x0000000085c00000, 0x0000000085c00000|100%| S|CS|TAMS 0x0000000085b00000, 0x0000000085b00000| Complete 
|  92|0x0000000085c00000, 0x0000000085d00000, 0x0000000085d00000|100%| S|CS|TAMS 0x0000000085c00000, 0x0000000085c00000| Complete 
|  93|0x0000000085d00000, 0x0000000085e00000, 0x0000000085e00000|100%| S|CS|TAMS 0x0000000085d00000, 0x0000000085d00000| Complete 
|  94|0x0000000085e00000, 0x0000000085f00000, 0x0000000085f00000|100%| S|CS|TAMS 0x0000000085e00000, 0x0000000085e00000| Complete 
|  95|0x0000000085f00000, 0x0000000086000000, 0x0000000086000000|100%| S|CS|TAMS 0x0000000085f00000, 0x0000000085f00000| Complete 
|  96|0x0000000086000000, 0x0000000086100000, 0x0000000086100000|100%| S|CS|TAMS 0x0000000086000000, 0x0000000086000000| Complete 
|  97|0x0000000086100000, 0x0000000086200000, 0x0000000086200000|100%| S|CS|TAMS 0x0000000086100000, 0x0000000086100000| Complete 
|  98|0x0000000086200000, 0x0000000086300000, 0x0000000086300000|100%| S|CS|TAMS 0x0000000086200000, 0x0000000086200000| Complete 
|  99|0x0000000086300000, 0x0000000086400000, 0x0000000086400000|100%| S|CS|TAMS 0x0000000086300000, 0x0000000086300000| Complete 
| 100|0x0000000086400000, 0x0000000086500000, 0x0000000086500000|100%| S|CS|TAMS 0x0000000086400000, 0x0000000086400000| Complete 
| 101|0x0000000086500000, 0x0000000086600000, 0x0000000086600000|100%| S|CS|TAMS 0x0000000086500000, 0x0000000086500000| Complete 
| 102|0x0000000086600000, 0x0000000086700000, 0x0000000086700000|100%| S|CS|TAMS 0x0000000086600000, 0x0000000086600000| Complete 
| 103|0x0000000086700000, 0x0000000086800000, 0x0000000086800000|100%| S|CS|TAMS 0x0000000086700000, 0x0000000086700000| Complete 
| 104|0x0000000086800000, 0x0000000086800000, 0x0000000086900000|  0%| F|  |TAMS 0x0000000086800000, 0x0000000086800000| Untracked 
| 105|0x0000000086900000, 0x0000000086900000, 0x0000000086a00000|  0%| F|  |TAMS 0x0000000086900000, 0x0000000086900000| Untracked 
| 106|0x0000000086a00000, 0x0000000086a00000, 0x0000000086b00000|  0%| F|  |TAMS 0x0000000086a00000, 0x0000000086a00000| Untracked 
| 107|0x0000000086b00000, 0x0000000086b00000, 0x0000000086c00000|  0%| F|  |TAMS 0x0000000086b00000, 0x0000000086b00000| Untracked 
| 108|0x0000000086c00000, 0x0000000086c00000, 0x0000000086d00000|  0%| F|  |TAMS 0x0000000086c00000, 0x0000000086c00000| Untracked 
| 109|0x0000000086d00000, 0x0000000086d00000, 0x0000000086e00000|  0%| F|  |TAMS 0x0000000086d00000, 0x0000000086d00000| Untracked 
| 110|0x0000000086e00000, 0x0000000086e00000, 0x0000000086f00000|  0%| F|  |TAMS 0x0000000086e00000, 0x0000000086e00000| Untracked 
| 111|0x0000000086f00000, 0x0000000086f00000, 0x0000000087000000|  0%| F|  |TAMS 0x0000000086f00000, 0x0000000086f00000| Untracked 
| 112|0x0000000087000000, 0x0000000087000000, 0x0000000087100000|  0%| F|  |TAMS 0x0000000087000000, 0x0000000087000000| Untracked 
| 113|0x0000000087100000, 0x0000000087100000, 0x0000000087200000|  0%| F|  |TAMS 0x0000000087100000, 0x0000000087100000| Untracked 
| 114|0x0000000087200000, 0x0000000087200000, 0x0000000087300000|  0%| F|  |TAMS 0x0000000087200000, 0x0000000087200000| Untracked 
| 115|0x0000000087300000, 0x0000000087300000, 0x0000000087400000|  0%| F|  |TAMS 0x0000000087300000, 0x0000000087300000| Untracked 
| 116|0x0000000087400000, 0x0000000087400000, 0x0000000087500000|  0%| F|  |TAMS 0x0000000087400000, 0x0000000087400000| Untracked 
| 117|0x0000000087500000, 0x0000000087500000, 0x0000000087600000|  0%| F|  |TAMS 0x0000000087500000, 0x0000000087500000| Untracked 
| 118|0x0000000087600000, 0x0000000087600000, 0x0000000087700000|  0%| F|  |TAMS 0x0000000087600000, 0x0000000087600000| Untracked 
| 119|0x0000000087700000, 0x0000000087700000, 0x0000000087800000|  0%| F|  |TAMS 0x0000000087700000, 0x0000000087700000| Untracked 
| 120|0x0000000087800000, 0x0000000087800000, 0x0000000087900000|  0%| F|  |TAMS 0x0000000087800000, 0x0000000087800000| Untracked 
| 121|0x0000000087900000, 0x0000000087900000, 0x0000000087a00000|  0%| F|  |TAMS 0x0000000087900000, 0x0000000087900000| Untracked 
| 122|0x0000000087a00000, 0x0000000087a00000, 0x0000000087b00000|  0%| F|  |TAMS 0x0000000087a00000, 0x0000000087a00000| Untracked 
| 123|0x0000000087b00000, 0x0000000087b00000, 0x0000000087c00000|  0%| F|  |TAMS 0x0000000087b00000, 0x0000000087b00000| Untracked 
| 124|0x0000000087c00000, 0x0000000087c00000, 0x0000000087d00000|  0%| F|  |TAMS 0x0000000087c00000, 0x0000000087c00000| Untracked 
| 125|0x0000000087d00000, 0x0000000087d00000, 0x0000000087e00000|  0%| F|  |TAMS 0x0000000087d00000, 0x0000000087d00000| Untracked 
| 126|0x0000000087e00000, 0x0000000087e00000, 0x0000000087f00000|  0%| F|  |TAMS 0x0000000087e00000, 0x0000000087e00000| Untracked 
| 127|0x0000000087f00000, 0x0000000087f00000, 0x0000000088000000|  0%| F|  |TAMS 0x0000000087f00000, 0x0000000087f00000| Untracked 
| 128|0x0000000088000000, 0x0000000088000000, 0x0000000088100000|  0%| F|  |TAMS 0x0000000088000000, 0x0000000088000000| Untracked 
| 129|0x0000000088100000, 0x0000000088100000, 0x0000000088200000|  0%| F|  |TAMS 0x0000000088100000, 0x0000000088100000| Untracked 
| 130|0x0000000088200000, 0x0000000088200000, 0x0000000088300000|  0%| F|  |TAMS 0x0000000088200000, 0x0000000088200000| Untracked 
| 131|0x0000000088300000, 0x0000000088300000, 0x0000000088400000|  0%| F|  |TAMS 0x0000000088300000, 0x0000000088300000| Untracked 
| 132|0x0000000088400000, 0x0000000088400000, 0x0000000088500000|  0%| F|  |TAMS 0x0000000088400000, 0x0000000088400000| Untracked 
| 133|0x0000000088500000, 0x0000000088500000, 0x0000000088600000|  0%| F|  |TAMS 0x0000000088500000, 0x0000000088500000| Untracked 
| 134|0x0000000088600000, 0x0000000088600000, 0x0000000088700000|  0%| F|  |TAMS 0x0000000088600000, 0x0000000088600000| Untracked 
| 135|0x0000000088700000, 0x0000000088700000, 0x0000000088800000|  0%| F|  |TAMS 0x0000000088700000, 0x0000000088700000| Untracked 
| 136|0x0000000088800000, 0x0000000088800000, 0x0000000088900000|  0%| F|  |TAMS 0x0000000088800000, 0x0000000088800000| Untracked 
| 137|0x0000000088900000, 0x0000000088900000, 0x0000000088a00000|  0%| F|  |TAMS 0x0000000088900000, 0x0000000088900000| Untracked 
| 138|0x0000000088a00000, 0x0000000088a00000, 0x0000000088b00000|  0%| F|  |TAMS 0x0000000088a00000, 0x0000000088a00000| Untracked 
| 139|0x0000000088b00000, 0x0000000088b00000, 0x0000000088c00000|  0%| F|  |TAMS 0x0000000088b00000, 0x0000000088b00000| Untracked 
| 140|0x0000000088c00000, 0x0000000088c00000, 0x0000000088d00000|  0%| F|  |TAMS 0x0000000088c00000, 0x0000000088c00000| Untracked 
| 141|0x0000000088d00000, 0x0000000088d00000, 0x0000000088e00000|  0%| F|  |TAMS 0x0000000088d00000, 0x0000000088d00000| Untracked 
| 142|0x0000000088e00000, 0x0000000088e00000, 0x0000000088f00000|  0%| F|  |TAMS 0x0000000088e00000, 0x0000000088e00000| Untracked 
| 143|0x0000000088f00000, 0x0000000088f00000, 0x0000000089000000|  0%| F|  |TAMS 0x0000000088f00000, 0x0000000088f00000| Untracked 
| 144|0x0000000089000000, 0x0000000089000000, 0x0000000089100000|  0%| F|  |TAMS 0x0000000089000000, 0x0000000089000000| Untracked 
| 145|0x0000000089100000, 0x0000000089100000, 0x0000000089200000|  0%| F|  |TAMS 0x0000000089100000, 0x0000000089100000| Untracked 
| 146|0x0000000089200000, 0x0000000089200000, 0x0000000089300000|  0%| F|  |TAMS 0x0000000089200000, 0x0000000089200000| Untracked 
| 147|0x0000000089300000, 0x0000000089300000, 0x0000000089400000|  0%| F|  |TAMS 0x0000000089300000, 0x0000000089300000| Untracked 
| 148|0x0000000089400000, 0x0000000089400000, 0x0000000089500000|  0%| F|  |TAMS 0x0000000089400000, 0x0000000089400000| Untracked 
| 149|0x0000000089500000, 0x0000000089500000, 0x0000000089600000|  0%| F|  |TAMS 0x0000000089500000, 0x0000000089500000| Untracked 
| 150|0x0000000089600000, 0x0000000089600000, 0x0000000089700000|  0%| F|  |TAMS 0x0000000089600000, 0x0000000089600000| Untracked 
| 151|0x0000000089700000, 0x0000000089700000, 0x0000000089800000|  0%| F|  |TAMS 0x0000000089700000, 0x0000000089700000| Untracked 
| 152|0x0000000089800000, 0x0000000089800000, 0x0000000089900000|  0%| F|  |TAMS 0x0000000089800000, 0x0000000089800000| Untracked 
| 153|0x0000000089900000, 0x0000000089900000, 0x0000000089a00000|  0%| F|  |TAMS 0x0000000089900000, 0x0000000089900000| Untracked 
| 154|0x0000000089a00000, 0x0000000089a00000, 0x0000000089b00000|  0%| F|  |TAMS 0x0000000089a00000, 0x0000000089a00000| Untracked 
| 155|0x0000000089b00000, 0x0000000089b00000, 0x0000000089c00000|  0%| F|  |TAMS 0x0000000089b00000, 0x0000000089b00000| Untracked 
| 156|0x0000000089c00000, 0x0000000089c00000, 0x0000000089d00000|  0%| F|  |TAMS 0x0000000089c00000, 0x0000000089c00000| Untracked 
| 157|0x0000000089d00000, 0x0000000089d00000, 0x0000000089e00000|  0%| F|  |TAMS 0x0000000089d00000, 0x0000000089d00000| Untracked 
| 158|0x0000000089e00000, 0x0000000089e00000, 0x0000000089f00000|  0%| F|  |TAMS 0x0000000089e00000, 0x0000000089e00000| Untracked 
| 159|0x0000000089f00000, 0x0000000089f00000, 0x000000008a000000|  0%| F|  |TAMS 0x0000000089f00000, 0x0000000089f00000| Untracked 
| 160|0x000000008a000000, 0x000000008a000000, 0x000000008a100000|  0%| F|  |TAMS 0x000000008a000000, 0x000000008a000000| Untracked 
| 161|0x000000008a100000, 0x000000008a100000, 0x000000008a200000|  0%| F|  |TAMS 0x000000008a100000, 0x000000008a100000| Untracked 
| 162|0x000000008a200000, 0x000000008a200000, 0x000000008a300000|  0%| F|  |TAMS 0x000000008a200000, 0x000000008a200000| Untracked 
| 163|0x000000008a300000, 0x000000008a300000, 0x000000008a400000|  0%| F|  |TAMS 0x000000008a300000, 0x000000008a300000| Untracked 
| 164|0x000000008a400000, 0x000000008a400000, 0x000000008a500000|  0%| F|  |TAMS 0x000000008a400000, 0x000000008a400000| Untracked 
| 165|0x000000008a500000, 0x000000008a500000, 0x000000008a600000|  0%| F|  |TAMS 0x000000008a500000, 0x000000008a500000| Untracked 
| 166|0x000000008a600000, 0x000000008a600000, 0x000000008a700000|  0%| F|  |TAMS 0x000000008a600000, 0x000000008a600000| Untracked 
| 167|0x000000008a700000, 0x000000008a700000, 0x000000008a800000|  0%| F|  |TAMS 0x000000008a700000, 0x000000008a700000| Untracked 
| 168|0x000000008a800000, 0x000000008a800000, 0x000000008a900000|  0%| F|  |TAMS 0x000000008a800000, 0x000000008a800000| Untracked 
| 169|0x000000008a900000, 0x000000008a900000, 0x000000008aa00000|  0%| F|  |TAMS 0x000000008a900000, 0x000000008a900000| Untracked 
| 170|0x000000008aa00000, 0x000000008aa00000, 0x000000008ab00000|  0%| F|  |TAMS 0x000000008aa00000, 0x000000008aa00000| Untracked 
| 171|0x000000008ab00000, 0x000000008ab00000, 0x000000008ac00000|  0%| F|  |TAMS 0x000000008ab00000, 0x000000008ab00000| Untracked 
| 172|0x000000008ac00000, 0x000000008ac00000, 0x000000008ad00000|  0%| F|  |TAMS 0x000000008ac00000, 0x000000008ac00000| Untracked 
| 173|0x000000008ad00000, 0x000000008ad00000, 0x000000008ae00000|  0%| F|  |TAMS 0x000000008ad00000, 0x000000008ad00000| Untracked 
| 174|0x000000008ae00000, 0x000000008ae00000, 0x000000008af00000|  0%| F|  |TAMS 0x000000008ae00000, 0x000000008ae00000| Untracked 
| 175|0x000000008af00000, 0x000000008af00000, 0x000000008b000000|  0%| F|  |TAMS 0x000000008af00000, 0x000000008af00000| Untracked 
| 176|0x000000008b000000, 0x000000008b000000, 0x000000008b100000|  0%| F|  |TAMS 0x000000008b000000, 0x000000008b000000| Untracked 
| 177|0x000000008b100000, 0x000000008b100000, 0x000000008b200000|  0%| F|  |TAMS 0x000000008b100000, 0x000000008b100000| Untracked 
| 178|0x000000008b200000, 0x000000008b200000, 0x000000008b300000|  0%| F|  |TAMS 0x000000008b200000, 0x000000008b200000| Untracked 
| 179|0x000000008b300000, 0x000000008b300000, 0x000000008b400000|  0%| F|  |TAMS 0x000000008b300000, 0x000000008b300000| Untracked 
| 180|0x000000008b400000, 0x000000008b400000, 0x000000008b500000|  0%| F|  |TAMS 0x000000008b400000, 0x000000008b400000| Untracked 
| 181|0x000000008b500000, 0x000000008b500000, 0x000000008b600000|  0%| F|  |TAMS 0x000000008b500000, 0x000000008b500000| Untracked 
| 182|0x000000008b600000, 0x000000008b600000, 0x000000008b700000|  0%| F|  |TAMS 0x000000008b600000, 0x000000008b600000| Untracked 
| 183|0x000000008b700000, 0x000000008b700000, 0x000000008b800000|  0%| F|  |TAMS 0x000000008b700000, 0x000000008b700000| Untracked 
| 184|0x000000008b800000, 0x000000008b800000, 0x000000008b900000|  0%| F|  |TAMS 0x000000008b800000, 0x000000008b800000| Untracked 
| 185|0x000000008b900000, 0x000000008b900000, 0x000000008ba00000|  0%| F|  |TAMS 0x000000008b900000, 0x000000008b900000| Untracked 
| 186|0x000000008ba00000, 0x000000008ba00000, 0x000000008bb00000|  0%| F|  |TAMS 0x000000008ba00000, 0x000000008ba00000| Untracked 
| 187|0x000000008bb00000, 0x000000008bb00000, 0x000000008bc00000|  0%| F|  |TAMS 0x000000008bb00000, 0x000000008bb00000| Untracked 
| 188|0x000000008bc00000, 0x000000008bc00000, 0x000000008bd00000|  0%| F|  |TAMS 0x000000008bc00000, 0x000000008bc00000| Untracked 
| 189|0x000000008bd00000, 0x000000008bd00000, 0x000000008be00000|  0%| F|  |TAMS 0x000000008bd00000, 0x000000008bd00000| Untracked 
| 190|0x000000008be00000, 0x000000008be00000, 0x000000008bf00000|  0%| F|  |TAMS 0x000000008be00000, 0x000000008be00000| Untracked 
| 191|0x000000008bf00000, 0x000000008bf00000, 0x000000008c000000|  0%| F|  |TAMS 0x000000008bf00000, 0x000000008bf00000| Untracked 
| 192|0x000000008c000000, 0x000000008c000000, 0x000000008c100000|  0%| F|  |TAMS 0x000000008c000000, 0x000000008c000000| Untracked 
| 193|0x000000008c100000, 0x000000008c100000, 0x000000008c200000|  0%| F|  |TAMS 0x000000008c100000, 0x000000008c100000| Untracked 
| 194|0x000000008c200000, 0x000000008c200000, 0x000000008c300000|  0%| F|  |TAMS 0x000000008c200000, 0x000000008c200000| Untracked 
| 195|0x000000008c300000, 0x000000008c300000, 0x000000008c400000|  0%| F|  |TAMS 0x000000008c300000, 0x000000008c300000| Untracked 
| 196|0x000000008c400000, 0x000000008c400000, 0x000000008c500000|  0%| F|  |TAMS 0x000000008c400000, 0x000000008c400000| Untracked 
| 197|0x000000008c500000, 0x000000008c500000, 0x000000008c600000|  0%| F|  |TAMS 0x000000008c500000, 0x000000008c500000| Untracked 
| 198|0x000000008c600000, 0x000000008c600000, 0x000000008c700000|  0%| F|  |TAMS 0x000000008c600000, 0x000000008c600000| Untracked 
| 199|0x000000008c700000, 0x000000008c700000, 0x000000008c800000|  0%| F|  |TAMS 0x000000008c700000, 0x000000008c700000| Untracked 
| 200|0x000000008c800000, 0x000000008c800000, 0x000000008c900000|  0%| F|  |TAMS 0x000000008c800000, 0x000000008c800000| Untracked 
| 201|0x000000008c900000, 0x000000008c900000, 0x000000008ca00000|  0%| F|  |TAMS 0x000000008c900000, 0x000000008c900000| Untracked 
| 202|0x000000008ca00000, 0x000000008cb00000, 0x000000008cb00000|100%| E|  |TAMS 0x000000008ca00000, 0x000000008ca00000| Complete 
| 203|0x000000008cb00000, 0x000000008cc00000, 0x000000008cc00000|100%| E|CS|TAMS 0x000000008cb00000, 0x000000008cb00000| Complete 
| 204|0x000000008cc00000, 0x000000008cd00000, 0x000000008cd00000|100%| E|CS|TAMS 0x000000008cc00000, 0x000000008cc00000| Complete 
| 205|0x000000008cd00000, 0x000000008ce00000, 0x000000008ce00000|100%| E|CS|TAMS 0x000000008cd00000, 0x000000008cd00000| Complete 
| 206|0x000000008ce00000, 0x000000008cf00000, 0x000000008cf00000|100%| E|CS|TAMS 0x000000008ce00000, 0x000000008ce00000| Complete 
| 207|0x000000008cf00000, 0x000000008d000000, 0x000000008d000000|100%| E|CS|TAMS 0x000000008cf00000, 0x000000008cf00000| Complete 
| 208|0x000000008d000000, 0x000000008d100000, 0x000000008d100000|100%| E|CS|TAMS 0x000000008d000000, 0x000000008d000000| Complete 
| 209|0x000000008d100000, 0x000000008d200000, 0x000000008d200000|100%| E|CS|TAMS 0x000000008d100000, 0x000000008d100000| Complete 
| 210|0x000000008d200000, 0x000000008d300000, 0x000000008d300000|100%| E|CS|TAMS 0x000000008d200000, 0x000000008d200000| Complete 
| 211|0x000000008d300000, 0x000000008d400000, 0x000000008d400000|100%| E|CS|TAMS 0x000000008d300000, 0x000000008d300000| Complete 
| 212|0x000000008d400000, 0x000000008d500000, 0x000000008d500000|100%| E|CS|TAMS 0x000000008d400000, 0x000000008d400000| Complete 
| 213|0x000000008d500000, 0x000000008d600000, 0x000000008d600000|100%| E|CS|TAMS 0x000000008d500000, 0x000000008d500000| Complete 
| 214|0x000000008d600000, 0x000000008d700000, 0x000000008d700000|100%| E|CS|TAMS 0x000000008d600000, 0x000000008d600000| Complete 
| 215|0x000000008d700000, 0x000000008d800000, 0x000000008d800000|100%| E|CS|TAMS 0x000000008d700000, 0x000000008d700000| Complete 
| 216|0x000000008d800000, 0x000000008d900000, 0x000000008d900000|100%| E|CS|TAMS 0x000000008d800000, 0x000000008d800000| Complete 
| 217|0x000000008d900000, 0x000000008da00000, 0x000000008da00000|100%| E|CS|TAMS 0x000000008d900000, 0x000000008d900000| Complete 
| 218|0x000000008da00000, 0x000000008db00000, 0x000000008db00000|100%| E|CS|TAMS 0x000000008da00000, 0x000000008da00000| Complete 
| 219|0x000000008db00000, 0x000000008dc00000, 0x000000008dc00000|100%| E|CS|TAMS 0x000000008db00000, 0x000000008db00000| Complete 
| 220|0x000000008dc00000, 0x000000008dd00000, 0x000000008dd00000|100%| E|CS|TAMS 0x000000008dc00000, 0x000000008dc00000| Complete 
| 221|0x000000008dd00000, 0x000000008de00000, 0x000000008de00000|100%| E|CS|TAMS 0x000000008dd00000, 0x000000008dd00000| Complete 
| 222|0x000000008de00000, 0x000000008df00000, 0x000000008df00000|100%| E|CS|TAMS 0x000000008de00000, 0x000000008de00000| Complete 
| 223|0x000000008df00000, 0x000000008e000000, 0x000000008e000000|100%| E|CS|TAMS 0x000000008df00000, 0x000000008df00000| Complete 
| 224|0x000000008e000000, 0x000000008e100000, 0x000000008e100000|100%| E|CS|TAMS 0x000000008e000000, 0x000000008e000000| Complete 
| 225|0x000000008e100000, 0x000000008e200000, 0x000000008e200000|100%| E|CS|TAMS 0x000000008e100000, 0x000000008e100000| Complete 
| 226|0x000000008e200000, 0x000000008e300000, 0x000000008e300000|100%| E|CS|TAMS 0x000000008e200000, 0x000000008e200000| Complete 
| 227|0x000000008e300000, 0x000000008e400000, 0x000000008e400000|100%| E|CS|TAMS 0x000000008e300000, 0x000000008e300000| Complete 
| 228|0x000000008e400000, 0x000000008e500000, 0x000000008e500000|100%| E|CS|TAMS 0x000000008e400000, 0x000000008e400000| Complete 
| 229|0x000000008e500000, 0x000000008e600000, 0x000000008e600000|100%| E|CS|TAMS 0x000000008e500000, 0x000000008e500000| Complete 
| 230|0x000000008e600000, 0x000000008e700000, 0x000000008e700000|100%| E|CS|TAMS 0x000000008e600000, 0x000000008e600000| Complete 
| 231|0x000000008e700000, 0x000000008e800000, 0x000000008e800000|100%| E|CS|TAMS 0x000000008e700000, 0x000000008e700000| Complete 
| 232|0x000000008e800000, 0x000000008e900000, 0x000000008e900000|100%| E|CS|TAMS 0x000000008e800000, 0x000000008e800000| Complete 
| 233|0x000000008e900000, 0x000000008ea00000, 0x000000008ea00000|100%| E|CS|TAMS 0x000000008e900000, 0x000000008e900000| Complete 
| 234|0x000000008ea00000, 0x000000008eb00000, 0x000000008eb00000|100%| E|CS|TAMS 0x000000008ea00000, 0x000000008ea00000| Complete 
| 235|0x000000008eb00000, 0x000000008ec00000, 0x000000008ec00000|100%| E|CS|TAMS 0x000000008eb00000, 0x000000008eb00000| Complete 
| 236|0x000000008ec00000, 0x000000008ed00000, 0x000000008ed00000|100%| E|CS|TAMS 0x000000008ec00000, 0x000000008ec00000| Complete 
| 237|0x000000008ed00000, 0x000000008ee00000, 0x000000008ee00000|100%| E|CS|TAMS 0x000000008ed00000, 0x000000008ed00000| Complete 
| 238|0x000000008ee00000, 0x000000008ef00000, 0x000000008ef00000|100%| E|CS|TAMS 0x000000008ee00000, 0x000000008ee00000| Complete 
| 239|0x000000008ef00000, 0x000000008f000000, 0x000000008f000000|100%| E|CS|TAMS 0x000000008ef00000, 0x000000008ef00000| Complete 
| 240|0x000000008f000000, 0x000000008f100000, 0x000000008f100000|100%| E|CS|TAMS 0x000000008f000000, 0x000000008f000000| Complete 
| 241|0x000000008f100000, 0x000000008f200000, 0x000000008f200000|100%| E|CS|TAMS 0x000000008f100000, 0x000000008f100000| Complete 
| 242|0x000000008f200000, 0x000000008f300000, 0x000000008f300000|100%| E|CS|TAMS 0x000000008f200000, 0x000000008f200000| Complete 
| 243|0x000000008f300000, 0x000000008f400000, 0x000000008f400000|100%| E|CS|TAMS 0x000000008f300000, 0x000000008f300000| Complete 
| 244|0x000000008f400000, 0x000000008f500000, 0x000000008f500000|100%| E|CS|TAMS 0x000000008f400000, 0x000000008f400000| Complete 
| 245|0x000000008f500000, 0x000000008f600000, 0x000000008f600000|100%| E|CS|TAMS 0x000000008f500000, 0x000000008f500000| Complete 
| 246|0x000000008f600000, 0x000000008f700000, 0x000000008f700000|100%| E|CS|TAMS 0x000000008f600000, 0x000000008f600000| Complete 
| 247|0x000000008f700000, 0x000000008f800000, 0x000000008f800000|100%| E|CS|TAMS 0x000000008f700000, 0x000000008f700000| Complete 
| 248|0x000000008f800000, 0x000000008f900000, 0x000000008f900000|100%| E|CS|TAMS 0x000000008f800000, 0x000000008f800000| Complete 
| 249|0x000000008f900000, 0x000000008fa00000, 0x000000008fa00000|100%| E|CS|TAMS 0x000000008f900000, 0x000000008f900000| Complete 
| 250|0x000000008fa00000, 0x000000008fb00000, 0x000000008fb00000|100%| E|CS|TAMS 0x000000008fa00000, 0x000000008fa00000| Complete 
| 251|0x000000008fb00000, 0x000000008fc00000, 0x000000008fc00000|100%| E|CS|TAMS 0x000000008fb00000, 0x000000008fb00000| Complete 
| 252|0x000000008fc00000, 0x000000008fd00000, 0x000000008fd00000|100%| E|CS|TAMS 0x000000008fc00000, 0x000000008fc00000| Complete 
| 253|0x000000008fd00000, 0x000000008fe00000, 0x000000008fe00000|100%| E|CS|TAMS 0x000000008fd00000, 0x000000008fd00000| Complete 

Card table byte_map: [0x00000292fbae0000,0x00000292fbee0000] _byte_map_base: 0x00000292fb6e0000

Marking Bits (Prev, Next): (CMBitMap*) 0x00000292f785c980, (CMBitMap*) 0x00000292f785c948
 Prev Bits: [0x000002928f000000, 0x0000029291000000)
 Next Bits: [0x00000292fc2e0000, 0x00000292fe2e0000)

Polling page: 0x00000292f5820000

Metaspace:

Usage:
  Non-class:     52.78 MB capacity,    51.84 MB ( 98%) used,   823.13 KB (  2%) free+waste,   139.06 KB ( <1%) overhead. 
      Class:      8.11 MB capacity,     7.57 MB ( 93%) used,   483.56 KB (  6%) free+waste,    65.63 KB ( <1%) overhead. 
       Both:     60.89 MB capacity,    59.41 MB ( 98%) used,     1.28 MB (  2%) free+waste,   204.69 KB ( <1%) overhead. 

Virtual space:
  Non-class space:       54.00 MB reserved,      53.00 MB ( 98%) committed 
      Class space:        1.00 GB reserved,       8.13 MB ( <1%) committed 
             Both:        1.05 GB reserved,      61.13 MB (  6%) committed 

Chunk freelists:
   Non-Class:  36.00 KB
       Class:  17.00 KB
        Both:  53.00 KB

MaxMetaspaceSize: 17179869184.00 GB
CompressedClassSpaceSize: 1.00 GB

CodeHeap 'non-profiled nmethods': size=120000Kb used=3472Kb max_used=3472Kb free=116527Kb
 bounds [0x0000029287ad0000, 0x0000029287e40000, 0x000002928f000000]
CodeHeap 'profiled nmethods': size=120000Kb used=11566Kb max_used=11566Kb free=108433Kb
 bounds [0x00000292805a0000, 0x00000292810f0000, 0x0000029287ad0000]
CodeHeap 'non-nmethods': size=5760Kb used=2231Kb max_used=2273Kb free=3528Kb
 bounds [0x0000029280000000, 0x0000029280270000, 0x00000292805a0000]
 total_blobs=6247 nmethods=5435 adapters=723
 compilation: enabled
              stopped_count=0, restarted_count=0
 full_count=0

Compilation events (20 events):
Event: 13.208 Thread 0x0000029294361000 5650       4       org.objectweb.asm.AnnotationWriter::putAnnotations (67 bytes)
Event: 13.208 Thread 0x00000292951eb800 nmethod 5645 0x0000029287e30410 code [0x0000029287e30600, 0x0000029287e30e58]
Event: 13.208 Thread 0x00000292ff834800 nmethod 5649 0x00000292810e9510 code [0x00000292810e9700, 0x00000292810e9988]
Event: 13.209 Thread 0x00000292ff834800 5651       3       org.apache.commons.lang.StringUtils::containsAny (128 bytes)
Event: 13.211 Thread 0x00000292951eb800 5657       4       java.util.concurrent.ConcurrentHashMap::remove (8 bytes)
Event: 13.211 Thread 0x0000029294361000 nmethod 5650 0x0000029287e31390 code [0x0000029287e31540, 0x0000029287e31678]
Event: 13.211 Thread 0x00000292ff834800 nmethod 5651 0x00000292810e9b10 code [0x00000292810e9e20, 0x00000292810eb168]
Event: 13.212 Thread 0x00000292ff834800 5653       3       org.gradle.internal.operations.BuildOperationDescriptor::displayName (10 bytes)
Event: 13.212 Thread 0x00000292951eb800 nmethod 5657 0x0000029287e31810 code [0x0000029287e319a0, 0x0000029287e31a28]
Event: 13.212 Thread 0x00000292ff834800 nmethod 5653 0x00000292810eb990 code [0x00000292810ebb60, 0x00000292810ebed8]
Event: 13.212 Thread 0x00000292ff834800 5654       3       org.gradle.internal.operations.BuildOperationDescriptor$Builder::<init> (6 bytes)
Event: 13.212 Thread 0x00000292ff834800 nmethod 5654 0x00000292810ec010 code [0x00000292810ec1e0, 0x00000292810ec4b8]
Event: 13.212 Thread 0x00000292ff834800 5655       3       org.gradle.internal.operations.BuildOperationDescriptor$Builder::<init> (22 bytes)
Event: 13.213 Thread 0x00000292ff834800 nmethod 5655 0x00000292810ec590 code [0x00000292810ec760, 0x00000292810ec9d8]
Event: 13.213 Thread 0x00000292ff834800 5656       3       org.gradle.internal.operations.DefaultBuildOperationIdFactory::nextId (8 bytes)
Event: 13.213 Thread 0x00000292ff834800 nmethod 5656 0x00000292810eca90 code [0x00000292810ecc40, 0x00000292810ecdb8]
Event: 13.213 Thread 0x00000292ff834800 5652       3       org.gradle.api.internal.DefaultDomainObjectSet_Decorated::getMutationGuard (39 bytes)
Event: 13.214 Thread 0x00000292ff834800 nmethod 5652 0x00000292810ece90 code [0x00000292810ed0e0, 0x00000292810eda88]
Event: 13.241 Thread 0x00000292ff834800 5658       3       com.google.common.base.Preconditions::checkNotNull (14 bytes)
Event: 13.242 Thread 0x00000292ff834800 nmethod 5658 0x00000292810edd90 code [0x00000292810edf60, 0x00000292810ee128]

GC Heap History (12 events):
Event: 1.178 GC heap before
{Heap before GC invocations=0 (full 0):
 garbage-first heap   total 260096K, used 29696K [0x0000000080000000, 0x0000000100000000)
  region size 1024K, 24 young (24576K), 0 survivors (0K)
 Metaspace       used 10389K, capacity 10644K, committed 11008K, reserved 1058816K
  class space    used 1098K, capacity 1164K, committed 1280K, reserved 1048576K
}
Event: 1.185 GC heap after
{Heap after GC invocations=1 (full 0):
 garbage-first heap   total 260096K, used 8458K [0x0000000080000000, 0x0000000100000000)
  region size 1024K, 3 young (3072K), 3 survivors (3072K)
 Metaspace       used 10389K, capacity 10644K, committed 11008K, reserved 1058816K
  class space    used 1098K, capacity 1164K, committed 1280K, reserved 1048576K
}
Event: 4.832 GC heap before
{Heap before GC invocations=1 (full 0):
 garbage-first heap   total 260096K, used 92426K [0x0000000080000000, 0x0000000100000000)
  region size 1024K, 87 young (89088K), 3 survivors (3072K)
 Metaspace       used 20679K, capacity 21109K, committed 21248K, reserved 1067008K
  class space    used 2544K, capacity 2710K, committed 2816K, reserved 1048576K
}
Event: 4.844 GC heap after
{Heap after GC invocations=2 (full 0):
 garbage-first heap   total 260096K, used 15832K [0x0000000080000000, 0x0000000100000000)
  region size 1024K, 11 young (11264K), 11 survivors (11264K)
 Metaspace       used 20679K, capacity 21109K, committed 21248K, reserved 1067008K
  class space    used 2544K, capacity 2710K, committed 2816K, reserved 1048576K
}
Event: 5.820 GC heap before
{Heap before GC invocations=3 (full 0):
 garbage-first heap   total 260096K, used 60888K [0x0000000080000000, 0x0000000100000000)
  region size 1024K, 56 young (57344K), 11 survivors (11264K)
 Metaspace       used 25865K, capacity 26451K, committed 26752K, reserved 1073152K
  class space    used 3380K, capacity 3600K, committed 3712K, reserved 1048576K
}
Event: 5.829 GC heap after
{Heap after GC invocations=4 (full 0):
 garbage-first heap   total 260096K, used 17718K [0x0000000080000000, 0x0000000100000000)
  region size 1024K, 3 young (3072K), 3 survivors (3072K)
 Metaspace       used 25865K, capacity 26451K, committed 26752K, reserved 1073152K
  class space    used 3380K, capacity 3600K, committed 3712K, reserved 1048576K
}
Event: 7.066 GC heap before
{Heap before GC invocations=4 (full 0):
 garbage-first heap   total 260096K, used 69942K [0x0000000080000000, 0x0000000100000000)
  region size 1024K, 55 young (56320K), 3 survivors (3072K)
 Metaspace       used 35085K, capacity 35773K, committed 35840K, reserved 1081344K
  class space    used 4571K, capacity 4856K, committed 4864K, reserved 1048576K
}
Event: 7.077 GC heap after
{Heap after GC invocations=5 (full 0):
 garbage-first heap   total 260096K, used 21003K [0x0000000080000000, 0x0000000100000000)
  region size 1024K, 6 young (6144K), 6 survivors (6144K)
 Metaspace       used 35085K, capacity 35773K, committed 35840K, reserved 1081344K
  class space    used 4571K, capacity 4856K, committed 4864K, reserved 1048576K
}
Event: 9.384 GC heap before
{Heap before GC invocations=6 (full 0):
 garbage-first heap   total 260096K, used 139787K [0x0000000080000000, 0x0000000100000000)
  region size 1024K, 119 young (121856K), 6 survivors (6144K)
 Metaspace       used 44133K, capacity 45224K, committed 45312K, reserved 1089536K
  class space    used 5673K, capacity 6064K, committed 6144K, reserved 1048576K
}
Event: 9.396 GC heap after
{Heap after GC invocations=7 (full 0):
 garbage-first heap   total 260096K, used 26788K [0x0000000080000000, 0x0000000100000000)
  region size 1024K, 11 young (11264K), 11 survivors (11264K)
 Metaspace       used 44133K, capacity 45224K, committed 45312K, reserved 1089536K
  class space    used 5673K, capacity 6064K, committed 6144K, reserved 1048576K
}
Event: 12.480 GC heap before
{Heap before GC invocations=7 (full 0):
 garbage-first heap   total 260096K, used 171172K [0x0000000080000000, 0x0000000100000000)
  region size 1024K, 150 young (153600K), 11 survivors (11264K)
 Metaspace       used 58658K, capacity 60062K, committed 60160K, reserved 1101824K
  class space    used 7441K, capacity 7993K, committed 8064K, reserved 1048576K
}
Event: 12.528 GC heap after
{Heap after GC invocations=8 (full 0):
 garbage-first heap   total 260096K, used 42964K [0x0000000080000000, 0x0000000100000000)
  region size 1024K, 19 young (19456K), 19 survivors (19456K)
 Metaspace       used 58658K, capacity 60062K, committed 60160K, reserved 1101824K
  class space    used 7441K, capacity 7993K, committed 8064K, reserved 1048576K
}

Deoptimization events (20 events):
Event: 12.951 Thread 0x0000029294ef6800 Uncommon trap: trap_request=0xffffffc6 fr.pc=0x0000029287c54658 relative=0x00000000000009d8
Event: 12.951 Thread 0x0000029294ef6800 Uncommon trap: reason=bimorphic_or_optimized_type_check action=maybe_recompile pc=0x0000029287c54658 method=java.util.WeakHashMap.eq(Ljava/lang/Object;Ljava/lang/Object;)Z @ 7 c2
Event: 12.951 Thread 0x0000029294ef6800 DEOPT PACKING pc=0x0000029287c54658 sp=0x000000dd878f3ff0
Event: 12.951 Thread 0x0000029294ef6800 DEOPT UNPACKING pc=0x00000292800274af sp=0x000000dd878f3f60 mode 2
Event: 13.026 Thread 0x0000029294ef6800 Uncommon trap: trap_request=0xfffffff4 fr.pc=0x0000029287ce4f64 relative=0x00000000000007e4
Event: 13.026 Thread 0x0000029294ef6800 Uncommon trap: reason=null_check action=make_not_entrant pc=0x0000029287ce4f64 method=org.gradle.util.internal.SimpleMapInterner.intern(Ljava/lang/Object;)Ljava/lang/Object; @ 2 c2
Event: 13.026 Thread 0x0000029294ef6800 DEOPT PACKING pc=0x0000029287ce4f64 sp=0x000000dd878f7ad0
Event: 13.026 Thread 0x0000029294ef6800 DEOPT UNPACKING pc=0x00000292800274af sp=0x000000dd878f7a98 mode 2
Event: 13.026 Thread 0x0000029294ef6800 Uncommon trap: trap_request=0xffffff4d fr.pc=0x0000029287ce3c2c relative=0x00000000000007cc
Event: 13.026 Thread 0x0000029294ef6800 Uncommon trap: reason=unstable_if action=reinterpret pc=0x0000029287ce3c2c method=org.gradle.util.internal.SimpleMapInterner.intern(Ljava/lang/String;)Ljava/lang/String; @ 1 c2
Event: 13.026 Thread 0x0000029294ef6800 DEOPT PACKING pc=0x0000029287ce3c2c sp=0x000000dd878f7a60
Event: 13.026 Thread 0x0000029294ef6800 DEOPT UNPACKING pc=0x00000292800274af sp=0x000000dd878f7a28 mode 2
Event: 13.036 Thread 0x0000029294ef6800 Uncommon trap: trap_request=0xffffff4d fr.pc=0x0000029287e15f64 relative=0x0000000000003d64
Event: 13.036 Thread 0x0000029294ef6800 Uncommon trap: reason=unstable_if action=reinterpret pc=0x0000029287e15f64 method=org.codehaus.groovy.runtime.metaclass.MetaMethodIndex.addMethodToList(Ljava/lang/Object;Lgroovy/lang/MetaMethod;)Ljava/lang/Object; @ 256 c2
Event: 13.036 Thread 0x0000029294ef6800 DEOPT PACKING pc=0x0000029287e15f64 sp=0x000000dd878f68d0
Event: 13.036 Thread 0x0000029294ef6800 DEOPT UNPACKING pc=0x00000292800274af sp=0x000000dd878f6848 mode 2
Event: 13.036 Thread 0x0000029294ef6800 Uncommon trap: trap_request=0xffffff4d fr.pc=0x0000029287e0a62c relative=0x000000000000166c
Event: 13.036 Thread 0x0000029294ef6800 Uncommon trap: reason=unstable_if action=reinterpret pc=0x0000029287e0a62c method=org.codehaus.groovy.runtime.metaclass.MetaMethodIndex.addMethodToList(Ljava/lang/Object;Lgroovy/lang/MetaMethod;)Ljava/lang/Object; @ 256 c2
Event: 13.036 Thread 0x0000029294ef6800 DEOPT PACKING pc=0x0000029287e0a62c sp=0x000000dd878f6880
Event: 13.036 Thread 0x0000029294ef6800 DEOPT UNPACKING pc=0x00000292800274af sp=0x000000dd878f6840 mode 2

Classes redefined (0 events):
No events

Internal exceptions (20 events):
Event: 13.008 Thread 0x0000029294ef6800 Exception <a 'java/lang/ClassNotFoundException'{0x000000008d9eaf08}: com/android/build/gradle/internal/api/DefaultAndroidSourceDirectorySetBeanInfo> (0x000000008d9eaf08) thrown at [./src/hotspot/share/classfile/systemDictionary.cpp, line 231]
Event: 13.008 Thread 0x0000029294ef6800 Exception <a 'java/lang/ClassNotFoundException'{0x000000008d807420}: com/android/build/gradle/internal/api/DefaultAndroidSourceDirectorySetCustomizer> (0x000000008d807420) thrown at [./src/hotspot/share/classfile/systemDictionary.cpp, line 231]
Event: 13.014 Thread 0x0000029294ef6800 Exception <a 'java/lang/ClassNotFoundException'{0x000000008d89d9d0}: com/android/build/gradle/internal/dsl/ApplicationBuildFeaturesImpl_DecoratedBeanInfo> (0x000000008d89d9d0) thrown at [./src/hotspot/share/classfile/systemDictionary.cpp, line 231]
Event: 13.015 Thread 0x0000029294ef6800 Exception <a 'java/lang/ClassNotFoundException'{0x000000008d8b6b40}: com/android/build/gradle/internal/dsl/ApplicationBuildFeaturesImplBeanInfo> (0x000000008d8b6b40) thrown at [./src/hotspot/share/classfile/systemDictionary.cpp, line 231]
Event: 13.016 Thread 0x0000029294ef6800 Exception <a 'java/lang/ClassNotFoundException'{0x000000008d8ce558}: com/android/build/gradle/internal/dsl/BuildFeaturesImplBeanInfo> (0x000000008d8ce558) thrown at [./src/hotspot/share/classfile/systemDictionary.cpp, line 231]
Event: 13.016 Thread 0x0000029294ef6800 Exception <a 'java/lang/ClassNotFoundException'{0x000000008d8e5fa8}: com/android/build/gradle/internal/dsl/BuildFeaturesImplCustomizer> (0x000000008d8e5fa8) thrown at [./src/hotspot/share/classfile/systemDictionary.cpp, line 231]
Event: 13.017 Thread 0x0000029294ef6800 Exception <a 'java/lang/ClassNotFoundException'{0x000000008d70ad08}: com/android/build/gradle/internal/dsl/ApplicationBuildFeaturesImplCustomizer> (0x000000008d70ad08) thrown at [./src/hotspot/share/classfile/systemDictionary.cpp, line 231]
Event: 13.018 Thread 0x0000029294ef6800 Exception <a 'java/lang/ClassNotFoundException'{0x000000008d72b460}: com/android/build/gradle/internal/dsl/ApplicationBuildFeaturesImpl_DecoratedCustomizer> (0x000000008d72b460) thrown at [./src/hotspot/share/classfile/systemDictionary.cpp, line 231]
Event: 13.026 Thread 0x0000029294ef6800 Implicit null exception at 0x0000029287ce47b1 to 0x0000029287ce4f50
Event: 13.026 Thread 0x0000029294ef6800 Implicit null exception at 0x0000029287ce3496 to 0x0000029287ce3c14
Event: 13.040 Thread 0x0000029294ef6800 Exception <a 'java/lang/ClassNotFoundException'{0x000000008d68a488}: org/gradle/api/internal/artifacts/dependencies/DefaultExternalModuleDependency_DecoratedBeanInfo> (0x000000008d68a488) thrown at [./src/hotspot/share/classfile/systemDictionary.cpp, line 231]
Event: 13.041 Thread 0x0000029294ef6800 Exception <a 'java/lang/ClassNotFoundException'{0x000000008d6c9328}: org/gradle/api/internal/artifacts/dependencies/DefaultExternalModuleDependencyBeanInfo> (0x000000008d6c9328) thrown at [./src/hotspot/share/classfile/systemDictionary.cpp, line 231]
Event: 13.043 Thread 0x0000029294ef6800 Exception <a 'java/lang/ClassNotFoundException'{0x000000008d508800}: org/gradle/api/internal/artifacts/dependencies/AbstractExternalModuleDependencyBeanInfo> (0x000000008d508800) thrown at [./src/hotspot/share/classfile/systemDictionary.cpp, line 231]
Event: 13.045 Thread 0x0000029294ef6800 Exception <a 'java/lang/ClassNotFoundException'{0x000000008d538050}: org/gradle/api/internal/artifacts/dependencies/AbstractModuleDependencyBeanInfo> (0x000000008d538050) thrown at [./src/hotspot/share/classfile/systemDictionary.cpp, line 231]
Event: 13.046 Thread 0x0000029294ef6800 Exception <a 'java/lang/ClassNotFoundException'{0x000000008d566288}: org/gradle/api/internal/artifacts/dependencies/AbstractDependencyBeanInfo> (0x000000008d566288) thrown at [./src/hotspot/share/classfile/systemDictionary.cpp, line 231]
Event: 13.048 Thread 0x0000029294ef6800 Exception <a 'java/lang/ClassNotFoundException'{0x000000008d5959e0}: org/gradle/api/internal/artifacts/dependencies/AbstractDependencyCustomizer> (0x000000008d5959e0) thrown at [./src/hotspot/share/classfile/systemDictionary.cpp, line 231]
Event: 13.050 Thread 0x0000029294ef6800 Exception <a 'java/lang/ClassNotFoundException'{0x000000008d5c8818}: org/gradle/api/internal/artifacts/dependencies/AbstractModuleDependencyCustomizer> (0x000000008d5c8818) thrown at [./src/hotspot/share/classfile/systemDictionary.cpp, line 231]
Event: 13.053 Thread 0x0000029294ef6800 Exception <a 'java/lang/ClassNotFoundException'{0x000000008d421848}: org/gradle/api/internal/artifacts/dependencies/AbstractExternalModuleDependencyCustomizer> (0x000000008d421848) thrown at [./src/hotspot/share/classfile/systemDictionary.cpp, line 231]
Event: 13.057 Thread 0x0000029294ef6800 Exception <a 'java/lang/ClassNotFoundException'{0x000000008d470710}: org/gradle/api/internal/artifacts/dependencies/DefaultExternalModuleDependencyCustomizer> (0x000000008d470710) thrown at [./src/hotspot/share/classfile/systemDictionary.cpp, line 231]
Event: 13.059 Thread 0x0000029294ef6800 Exception <a 'java/lang/ClassNotFoundException'{0x000000008d4bea78}: org/gradle/api/internal/artifacts/dependencies/DefaultExternalModuleDependency_DecoratedCustomizer> (0x000000008d4bea78) thrown at [./src/hotspot/share/classfile/systemDictionary.cpp, line 231]

Events (20 events):
Event: 13.244 loading class com/android/build/gradle/internal/scope/InternalArtifactType$MERGED_JAVA_RES
Event: 13.244 loading class com/android/build/gradle/internal/scope/InternalArtifactType$MERGED_JAVA_RES done
Event: 13.244 loading class com/android/build/gradle/internal/scope/InternalArtifactType$CONSUMER_PROGUARD_DIR
Event: 13.244 loading class com/android/build/gradle/internal/scope/InternalArtifactType$CONSUMER_PROGUARD_DIR done
Event: 13.244 loading class com/android/build/gradle/internal/scope/InternalArtifactType$AAPT_PROGUARD_FILE
Event: 13.244 loading class com/android/build/gradle/internal/scope/InternalArtifactType$AAPT_PROGUARD_FILE done
Event: 13.245 loading class com/android/build/gradle/internal/scope/InternalArtifactType$NATIVE_DEBUG_METADATA
Event: 13.245 loading class com/android/build/gradle/internal/scope/InternalArtifactType$NATIVE_DEBUG_METADATA done
Event: 13.245 loading class com/android/build/gradle/internal/scope/InternalArtifactType$NATIVE_SYMBOL_TABLES
Event: 13.245 loading class com/android/build/gradle/internal/scope/InternalArtifactType$NATIVE_SYMBOL_TABLES done
Event: 13.245 loading class com/android/build/gradle/internal/scope/InternalArtifactType$DESUGAR_LIB_MERGED_KEEP_RULES
Event: 13.245 loading class com/android/build/gradle/internal/scope/InternalArtifactType$DESUGAR_LIB_MERGED_KEEP_RULES done
Event: 13.246 loading class com/android/build/gradle/internal/scope/InternalArtifactType$FEATURE_NAME
Event: 13.246 loading class com/android/build/gradle/internal/scope/InternalArtifactType$FEATURE_NAME done
Event: 13.246 loading class com/android/build/gradle/internal/publishing/PublishingSpecs$Companion$3
Event: 13.246 loading class com/android/build/gradle/internal/publishing/PublishingSpecs$Companion$3 done
Event: 13.247 loading class com/android/build/gradle/internal/publishing/LibraryVariantSpecBuilder
Event: 13.247 loading class com/android/build/gradle/internal/publishing/LibraryVariantSpecBuilder done
Event: 13.247 loading class com/android/build/api/artifact/ArtifactType$AAR
Event: 13.247 loading class com/android/build/api/artifact/ArtifactType$AAR done


Dynamic libraries:
0x00007ff649930000 - 0x00007ff64993a000 	C:\Program Files\Android\Android Studio\jre\bin\java.exe
0x00007ffb7e020000 - 0x00007ffb7e227000 	C:\WINDOWS\SYSTEM32\ntdll.dll
0x00007ffb7cb90000 - 0x00007ffb7cc4d000 	C:\WINDOWS\System32\KERNEL32.DLL
0x00007ffb7b9d0000 - 0x00007ffb7bd42000 	C:\WINDOWS\System32\KERNELBASE.dll
0x00007ffb787b0000 - 0x00007ffb78842000 	C:\WINDOWS\SYSTEM32\apphelp.dll
0x00007ffb7b8b0000 - 0x00007ffb7b9c1000 	C:\WINDOWS\System32\ucrtbase.dll
0x00007ffb5a6e0000 - 0x00007ffb5a6f9000 	C:\Program Files\Android\Android Studio\jre\bin\jli.dll
0x00007ffb5a6c0000 - 0x00007ffb5a6d7000 	C:\Program Files\Android\Android Studio\jre\bin\VCRUNTIME140.dll
0x00007ffb7c3a0000 - 0x00007ffb7c54c000 	C:\WINDOWS\System32\USER32.dll
0x00007ffb5cdd0000 - 0x00007ffb5d075000 	C:\WINDOWS\WinSxS\amd64_microsoft.windows.common-controls_6595b64144ccf1df_6.0.21390.1_none_71fe35e189dc7366\COMCTL32.dll
0x00007ffb7b880000 - 0x00007ffb7b8a6000 	C:\WINDOWS\System32\win32u.dll
0x00007ffb7def0000 - 0x00007ffb7df93000 	C:\WINDOWS\System32\msvcrt.dll
0x00007ffb7c730000 - 0x00007ffb7c759000 	C:\WINDOWS\System32\GDI32.dll
0x00007ffb7b760000 - 0x00007ffb7b872000 	C:\WINDOWS\System32\gdi32full.dll
0x00007ffb7b550000 - 0x00007ffb7b5ed000 	C:\WINDOWS\System32\msvcp_win.dll
0x00007ffb7dd30000 - 0x00007ffb7dd61000 	C:\WINDOWS\System32\IMM32.DLL
0x00007ffb308c0000 - 0x00007ffb3095d000 	C:\Program Files\Android\Android Studio\jre\bin\msvcp140.dll
0x00007ffb07e30000 - 0x00007ffb088ec000 	C:\Program Files\Android\Android Studio\jre\bin\server\jvm.dll
0x00007ffb7ddd0000 - 0x00007ffb7de7c000 	C:\WINDOWS\System32\ADVAPI32.dll
0x00007ffb7c760000 - 0x00007ffb7c7fd000 	C:\WINDOWS\System32\sechost.dll
0x00007ffb7c270000 - 0x00007ffb7c391000 	C:\WINDOWS\System32\RPCRT4.dll
0x00007ffb7c1e0000 - 0x00007ffb7c1e8000 	C:\WINDOWS\System32\PSAPI.DLL
0x00007ffb71170000 - 0x00007ffb71179000 	C:\WINDOWS\SYSTEM32\WSOCK32.dll
0x00007ffb733c0000 - 0x00007ffb733f1000 	C:\WINDOWS\SYSTEM32\WINMM.dll
0x00007ffb744c0000 - 0x00007ffb744ca000 	C:\WINDOWS\SYSTEM32\VERSION.dll
0x00007ffb7c170000 - 0x00007ffb7c1df000 	C:\WINDOWS\System32\WS2_32.dll
0x00007ffb7a730000 - 0x00007ffb7a747000 	C:\WINDOWS\SYSTEM32\kernel.appcore.dll
0x00007ffb5ef00000 - 0x00007ffb5ef11000 	C:\Program Files\Android\Android Studio\jre\bin\verify.dll
0x00007ffb79080000 - 0x00007ffb792a1000 	C:\WINDOWS\SYSTEM32\DBGHELP.DLL
0x00007ffb6a410000 - 0x00007ffb6a441000 	C:\WINDOWS\SYSTEM32\dbgcore.DLL
0x00007ffb7bdc0000 - 0x00007ffb7be40000 	C:\WINDOWS\System32\bcryptPrimitives.dll
0x00007ffb58800000 - 0x00007ffb58829000 	C:\Program Files\Android\Android Studio\jre\bin\java.dll
0x00007ffb69f70000 - 0x00007ffb69f7b000 	C:\Program Files\Android\Android Studio\jre\bin\jimage.dll
0x00007ffb587e0000 - 0x00007ffb587f8000 	C:\Program Files\Android\Android Studio\jre\bin\zip.dll
0x00007ffb7cdc0000 - 0x00007ffb7d512000 	C:\WINDOWS\System32\SHELL32.dll
0x00007ffb796e0000 - 0x00007ffb79f38000 	C:\WINDOWS\SYSTEM32\windows.storage.dll
0x00007ffb7c810000 - 0x00007ffb7cb85000 	C:\WINDOWS\System32\combase.dll
0x00007ffb79570000 - 0x00007ffb796d6000 	C:\WINDOWS\SYSTEM32\wintypes.dll
0x00007ffb7d720000 - 0x00007ffb7d80a000 	C:\WINDOWS\System32\SHCORE.dll
0x00007ffb7d520000 - 0x00007ffb7d57d000 	C:\WINDOWS\System32\shlwapi.dll
0x00007ffb7b480000 - 0x00007ffb7b4a1000 	C:\WINDOWS\SYSTEM32\profapi.dll
0x00007ffb572c0000 - 0x00007ffb572da000 	C:\Program Files\Android\Android Studio\jre\bin\net.dll
0x00007ffb73cf0000 - 0x00007ffb73dfc000 	C:\WINDOWS\SYSTEM32\WINHTTP.dll
0x00007ffb7ab30000 - 0x00007ffb7ab97000 	C:\WINDOWS\system32\mswsock.dll
0x00007ffb52680000 - 0x00007ffb52694000 	C:\Program Files\Android\Android Studio\jre\bin\nio.dll
0x00007ffb332b0000 - 0x00007ffb332d7000 	C:\Users\sakri\.gradle\native\fdc75f09e3144964f2cf3f50f0aa648679c211496f362492102eb8c894070792\windows-amd64\native-platform.dll
0x00007ffb2eac0000 - 0x00007ffb2ec56000 	C:\Users\sakri\.gradle\native\12488b8bf47d2d4c9fbf2f6322a914ad602e24e48041cd04a747c6da556b65c4\windows-amd64\native-platform-file-events.dll
0x00007ffb62dc0000 - 0x00007ffb62dca000 	C:\Program Files\Android\Android Studio\jre\bin\management.dll
0x00007ffb62ce0000 - 0x00007ffb62cec000 	C:\Program Files\Android\Android Studio\jre\bin\management_ext.dll
0x00007ffb7ae00000 - 0x00007ffb7ae18000 	C:\WINDOWS\SYSTEM32\CRYPTSP.dll
0x00007ffb7a690000 - 0x00007ffb7a6c5000 	C:\WINDOWS\system32\rsaenh.dll
0x00007ffb7abd0000 - 0x00007ffb7abf9000 	C:\WINDOWS\SYSTEM32\USERENV.dll
0x00007ffb7af40000 - 0x00007ffb7af67000 	C:\WINDOWS\SYSTEM32\bcrypt.dll
0x00007ffb7ad20000 - 0x00007ffb7ad2c000 	C:\WINDOWS\SYSTEM32\CRYPTBASE.dll
0x00007ffb7a1f0000 - 0x00007ffb7a21d000 	C:\WINDOWS\SYSTEM32\IPHLPAPI.DLL
0x00007ffb7c800000 - 0x00007ffb7c809000 	C:\WINDOWS\System32\NSI.dll
0x00007ffb73870000 - 0x00007ffb73889000 	C:\WINDOWS\SYSTEM32\dhcpcsvc6.DLL
0x00007ffb73990000 - 0x00007ffb739ae000 	C:\WINDOWS\SYSTEM32\dhcpcsvc.DLL
0x00007ffb7a220000 - 0x00007ffb7a305000 	C:\WINDOWS\SYSTEM32\DNSAPI.dll
0x00007ffb75570000 - 0x00007ffb7557c000 	C:\WINDOWS\SYSTEM32\WINNSI.DLL

dbghelp: loaded successfully - version: 4.0.5 - missing functions: none
symbol engine: initialized successfully - sym options: 0x614 - pdb path: .;C:\Program Files\Android\Android Studio\jre\bin;C:\WINDOWS\SYSTEM32;C:\WINDOWS\WinSxS\amd64_microsoft.windows.common-controls_6595b64144ccf1df_6.0.21390.1_none_71fe35e189dc7366;C:\Program Files\Android\Android Studio\jre\bin\server;C:\Users\sakri\.gradle\native\fdc75f09e3144964f2cf3f50f0aa648679c211496f362492102eb8c894070792\windows-amd64;C:\Users\sakri\.gradle\native\12488b8bf47d2d4c9fbf2f6322a914ad602e24e48041cd04a747c6da556b65c4\windows-amd64

VM Arguments:
jvm_args: --add-opens=java.base/java.util=ALL-UNNAMED --add-opens=java.base/java.lang=ALL-UNNAMED --add-opens=java.base/java.lang.invoke=ALL-UNNAMED --add-opens=java.prefs/java.util.prefs=ALL-UNNAMED -Xmx2048m -Dfile.encoding=UTF-8 -Duser.country=US -Duser.language=en -Duser.variant 
java_command: org.gradle.launcher.daemon.bootstrap.GradleDaemon 6.7.1
java_class_path (initial): C:\Users\sakri\.gradle\wrapper\dists\gradle-6.7.1-all\2moa8rlfac5eqlcfgk98k0deb\gradle-6.7.1\lib\gradle-launcher-6.7.1.jar
Launcher Type: SUN_STANDARD

[Global flags]
     intx CICompilerCount                          = 4                                         {product} {ergonomic}
     uint ConcGCThreads                            = 3                                         {product} {ergonomic}
     uint G1ConcRefinementThreads                  = 10                                        {product} {ergonomic}
   size_t G1HeapRegionSize                         = 1048576                                   {product} {ergonomic}
    uintx GCDrainStackTargetSize                   = 64                                        {product} {ergonomic}
   size_t InitialHeapSize                          = 266338304                                 {product} {ergonomic}
   size_t MarkStackSize                            = 4194304                                   {product} {ergonomic}
   size_t MaxHeapSize                              = 2147483648                                {product} {command line}
   size_t MaxNewSize                               = 1287651328                                {product} {ergonomic}
   size_t MinHeapDeltaBytes                        = 1048576                                   {product} {ergonomic}
    uintx NonNMethodCodeHeapSize                   = 5836300                                {pd product} {ergonomic}
    uintx NonProfiledCodeHeapSize                  = 122910970                              {pd product} {ergonomic}
    uintx ProfiledCodeHeapSize                     = 122910970                              {pd product} {ergonomic}
    uintx ReservedCodeCacheSize                    = 251658240                              {pd product} {ergonomic}
     bool SegmentedCodeCache                       = true                                      {product} {ergonomic}
     bool UseCompressedClassPointers               = true                                 {lp64_product} {ergonomic}
     bool UseCompressedOops                        = true                                 {lp64_product} {ergonomic}
     bool UseG1GC                                  = true                                      {product} {ergonomic}
     bool UseLargePagesIndividualAllocation        = false                                  {pd product} {ergonomic}

Logging:
Log output configuration:
 #0: stdout all=warning uptime,level,tags
 #1: stderr all=off uptime,level,tags

Environment Variables:
PATH=C:\Program Files\AdoptOpenJDK\jdk-11.0.10.9-hotspot\bin;C:\Python39\Scripts\;C:\Python39\;C:\Users\sakri\Downloads\WINDOWS.X64_193000_db_home\bin;C:\Program Files (x86)\Common Files\Intel\Shared Libraries\redist\intel64\compiler;C:\Windows\system32;C:\Windows;C:\Windows\System32\Wbem;C:\Windows\System32\WindowsPowerShell\v1.0\;C:\Windows\System32\OpenSSH\;C:\Program Files\NVIDIA Corporation\NVIDIA NvDLISR;C:\Program Files (x86)\NVIDIA Corporation\PhysX\Common;C:\Program Files\dotnet\;C:\WINDOWS\system32;C:\WINDOWS;C:\WINDOWS\System32\Wbem;C:\WINDOWS\System32\WindowsPowerShell\v1.0\;C:\WINDOWS\System32\OpenSSH\;C:\xampp\php;C:\ProgramData\ComposerSetup\bin;C:\ProgramData\chocolatey\bin;C:\Program Files\nodejs\;C:\Program Files\Git\cmd;C:\Users\sakri\AppData\Local\Microsoft\WindowsApps;C:\Users\sakri\AppData\Local\Programs\Microsoft VS Code\bin;C:\Users\sakri\AppData\Local\GitHubDesktop\bin;C:\Users\sakri\.dotnet\tools;C:\Users\sakri\AppData\Local\Microsoft\WindowsApps;C:\Users\sakri\AppData\Roaming\Composer\vendor\bin;C:\Users\sakri\AppData\Roaming\npm;
USERNAME=sakri
OS=Windows_NT
PROCESSOR_IDENTIFIER=Intel64 Family 6 Model 158 Stepping 10, GenuineIntel



---------------  S Y S T E M  ---------------

OS: Windows 10 , 64 bit Build 21390 (10.0.21390.1)
OS uptime: 0 days 23:29 hours
HyperV virtualization detected

CPU:total 12 (initial active 12) (6 cores per cpu, 2 threads per core) family 6 model 158 stepping 10, cmov, cx8, fxsr, mmx, sse, sse2, sse3, ssse3, sse4.1, sse4.2, popcnt, avx, avx2, aes, clmul, erms, 3dnowpref, lzcnt, ht, tsc, tscinvbit, bmi1, bmi2, adx, fma

Memory: 4k page, system-wide physical 16196M (3440M free)
TotalPageFile size 65348M (AvailPageFile size 82M)
current process WorkingSet (physical memory assigned to process): 408M, peak: 411M
current process commit charge ("private bytes"): 512M, peak: 513M

vm_info: OpenJDK 64-Bit Server VM (11.0.8+10-b944.6842174) for windows-amd64 JRE (11.0.8+10-b944.6842174), built on Sep 19 2020 01:11:42 by "builder" with MS VC++ 14.0 (VS2015)

END.
