#
# There is insufficient memory for the Java Runtime Environment to continue.
# Native memory allocation (malloc) failed to allocate 959456 bytes for Chunk::new
# Possible reasons:
#   The system is out of physical RAM or swap space
#   The process is running with CompressedOops enabled, and the Java Heap may be blocking the growth of the native heap
# Possible solutions:
#   Reduce memory load on the system
#   Increase physical memory or swap space
#   Check if swap backing store is full
#   Decrease Java heap size (-Xmx/-Xms)
#   Decrease number of Java threads
#   Decrease Java thread stack sizes (-Xss)
#   Set larger code cache with -XX:ReservedCodeCacheSize=
#   JVM is running with Unscaled Compressed Oops mode in which the Java heap is
#     placed in the first 4GB address space. The Java Heap base address is the
#     maximum limit for the native heap growth. Please use -XX:HeapBaseMinAddress
#     to set the Java Heap base and to place the Java Heap above 4GB virtual address.
# This output file may be truncated or incomplete.
#
#  Out of Memory Error (./src/hotspot/share/memory/arena.cpp:197), pid=19512, tid=10308
#
# JRE version: OpenJDK Runtime Environment (11.0.8+10) (build 11.0.8+10-b944.6842174)
# Java VM: OpenJDK 64-Bit Server VM (11.0.8+10-b944.6842174, mixed mode, tiered, compressed oops, g1 gc, windows-amd64)
# No core dump will be written. Minidumps are not enabled by default on client versions of Windows
#

---------------  S U M M A R Y ------------

Command Line: --add-opens=java.base/java.util=ALL-UNNAMED --add-opens=java.base/java.lang=ALL-UNNAMED --add-opens=java.base/java.lang.invoke=ALL-UNNAMED --add-opens=java.prefs/java.util.prefs=ALL-UNNAMED -Xmx2048m -Dfile.encoding=UTF-8 -Duser.country=US -Duser.language=en -Duser.variant org.gradle.launcher.daemon.bootstrap.GradleDaemon 6.7.1

Host: Intel(R) Core(TM) i7-9750H CPU @ 2.60GHz, 12 cores, 15G,  Windows 10 , 64 bit Build 21390 (10.0.21390.1)
Time: Sun Jun 27 20:18:20 2021 Nepal Standard Time elapsed time: 11 seconds (0d 0h 0m 11s)

---------------  T H R E A D  ---------------

Current thread (0x00000147d2f8b800):  JavaThread "C2 CompilerThread1" daemon [_thread_in_native, id=10308, stack(0x000000251a700000,0x000000251a800000)]


Current CompileTask:
C2:  11635 4699       4       java.net.URLClassLoader$1::run (5 bytes)

Stack: [0x000000251a700000,0x000000251a800000]
Native frames: (J=compiled Java code, j=interpreted, Vv=VM code, C=native code)
V  [jvm.dll+0x5de50a]
V  [jvm.dll+0x7122f5]
V  [jvm.dll+0x71384d]
V  [jvm.dll+0x713f03]
V  [jvm.dll+0x23e728]
V  [jvm.dll+0xb899c]
V  [jvm.dll+0xb8e9c]
V  [jvm.dll+0x2b20e4]
V  [jvm.dll+0x502098]
V  [jvm.dll+0x1ff393]
V  [jvm.dll+0x1f917c]
V  [jvm.dll+0x1f685f]
V  [jvm.dll+0x17f32c]
V  [jvm.dll+0x205047]
V  [jvm.dll+0x203891]
V  [jvm.dll+0x6dad3f]
V  [jvm.dll+0x6d3895]
V  [jvm.dll+0x5dd4a6]
C  [ucrtbase.dll+0x26c0c]
C  [KERNEL32.DLL+0x154e0]
C  [ntdll.dll+0x485b]


---------------  P R O C E S S  ---------------

Threads class SMR info:
_java_thread_list=0x00000147d3a5e210, length=143, elements={
0x00000147b463e800, 0x00000147d159c800, 0x00000147d159d800, 0x00000147d15f8800,
0x00000147d15f9800, 0x00000147d15fb000, 0x00000147d1604800, 0x00000147d160b800,
0x00000147d176d000, 0x00000147d1780800, 0x00000147d442e000, 0x00000147d1868800,
0x00000147d240d000, 0x00000147d2603000, 0x00000147d313a800, 0x00000147d2f8b800,
0x00000147d3085800, 0x00000147d325d800, 0x00000147d372f800, 0x00000147d358b000,
0x00000147d4de4800, 0x00000147d3c1f000, 0x00000147d3c20000, 0x00000147d3c1d800,
0x00000147d3c1e800, 0x00000147d3c21000, 0x00000147d3c21800, 0x00000147d3c22800,
0x00000147d3c1c800, 0x00000147d3c23000, 0x00000147d18a7800, 0x00000147d18a4800,
0x00000147d18a3000, 0x00000147d18a6000, 0x00000147d18a9800, 0x00000147d498e000,
0x00000147d4991800, 0x00000147d498f800, 0x00000147d4992000, 0x00000147d498f000,
0x00000147d4996000, 0x00000147d4993000, 0x00000147d4994800, 0x00000147d4994000,
0x00000147d4995800, 0x00000147d4990800, 0x00000147d4999800, 0x00000147d499c000,
0x00000147d4998000, 0x00000147d499a800, 0x00000147d499c800, 0x00000147d4997000,
0x00000147d4998800, 0x00000147d499b000, 0x00000147d69aa000, 0x00000147d69ac800,
0x00000147d69ad000, 0x00000147d69a8800, 0x00000147d69aa800, 0x00000147d69a9000,
0x00000147d69b1000, 0x00000147d69ab800, 0x00000147d69ae000, 0x00000147d69b2000,
0x00000147d69af000, 0x00000147d69b3000, 0x00000147d69af800, 0x00000147d69b6000,
0x00000147d69b0800, 0x00000147d69b3800, 0x00000147d69b4800, 0x00000147d69b5800,
0x00000147d69b7000, 0x00000147d3ecd800, 0x00000147d3ece000, 0x00000147d3ecc800,
0x00000147d3ec9800, 0x00000147d3ecc000, 0x00000147d3ec8800, 0x00000147d3ecf000,
0x00000147d3ed0000, 0x00000147d3eca000, 0x00000147d3ed0800, 0x00000147d3ecb000,
0x00000147d3ed2800, 0x00000147d3ed6800, 0x00000147d3ed1800, 0x00000147d3ed7000,
0x00000147d3ed4000, 0x00000147d3ed5800, 0x00000147d3ed3000, 0x00000147d3ed4800,
0x00000147d84fd800, 0x00000147d84fb800, 0x00000147d84fb000, 0x00000147d84ff000,
0x00000147d84fa000, 0x00000147d84f9800, 0x00000147d8502000, 0x00000147d8500000,
0x00000147d8501800, 0x00000147d8500800, 0x00000147d84fc800, 0x00000147d8503000,
0x00000147d8504000, 0x00000147d84fe000, 0x00000147d8506800, 0x00000147d8504800,
0x00000147d8505800, 0x00000147d8507000, 0x00000147d8508000, 0x00000147d8d93800,
0x00000147d8d94800, 0x00000147d8d8f800, 0x00000147d8d95800, 0x00000147d8d91000,
0x00000147d8d96000, 0x00000147d8d90800, 0x00000147d8d97000, 0x00000147d8d97800,
0x00000147d8d92000, 0x00000147d8d98800, 0x00000147d8d93000, 0x00000147d8d9c000,
0x00000147d8d9d800, 0x00000147d8d9b000, 0x00000147d8d99800, 0x00000147d8d9e000,
0x00000147d8d9a000, 0x00000147d8d9c800, 0x00000147d7379000, 0x00000147d737d000,
0x00000147d737f000, 0x00000147d737c800, 0x00000147d737a000, 0x00000147d737f800,
0x00000147d7380800, 0x00000147d737a800, 0x00000147d7381800, 0x00000147d737b800,
0x00000147d7382000, 0x00000147d7383000, 0x00000147d38e5000
}

Java Threads: ( => current thread )
  0x00000147b463e800 JavaThread "main" [_thread_blocked, id=20412, stack(0x0000002518a00000,0x0000002518b00000)]
  0x00000147d159c800 JavaThread "Reference Handler" daemon [_thread_blocked, id=3340, stack(0x0000002519100000,0x0000002519200000)]
  0x00000147d159d800 JavaThread "Finalizer" daemon [_thread_blocked, id=18692, stack(0x0000002519200000,0x0000002519300000)]
  0x00000147d15f8800 JavaThread "Signal Dispatcher" daemon [_thread_blocked, id=5936, stack(0x0000002519300000,0x0000002519400000)]
  0x00000147d15f9800 JavaThread "Attach Listener" daemon [_thread_blocked, id=16536, stack(0x0000002519400000,0x0000002519500000)]
  0x00000147d15fb000 JavaThread "C2 CompilerThread0" daemon [_thread_in_native, id=2208, stack(0x0000002519500000,0x0000002519600000)]
  0x00000147d1604800 JavaThread "C1 CompilerThread0" daemon [_thread_in_native, id=19884, stack(0x0000002519600000,0x0000002519700000)]
  0x00000147d160b800 JavaThread "Sweeper thread" daemon [_thread_blocked, id=8520, stack(0x0000002519700000,0x0000002519800000)]
  0x00000147d176d000 JavaThread "Common-Cleaner" daemon [_thread_blocked, id=8076, stack(0x0000002519800000,0x0000002519900000)]
  0x00000147d1780800 JavaThread "Service Thread" daemon [_thread_blocked, id=9544, stack(0x0000002519900000,0x0000002519a00000)]
  0x00000147d442e000 JavaThread "Daemon health stats" [_thread_blocked, id=12556, stack(0x000000251a200000,0x000000251a300000)]
  0x00000147d1868800 JavaThread "Incoming local TCP Connector on port 58315" [_thread_in_native, id=14424, stack(0x000000251a300000,0x000000251a400000)]
  0x00000147d240d000 JavaThread "Daemon periodic checks" [_thread_blocked, id=19392, stack(0x000000251a400000,0x000000251a500000)]
  0x00000147d2603000 JavaThread "Daemon" [_thread_blocked, id=9968, stack(0x000000251a500000,0x000000251a600000)]
  0x00000147d313a800 JavaThread "Handler for socket connection from /127.0.0.1:58315 to /127.0.0.1:58316" [_thread_in_native, id=8708, stack(0x000000251a600000,0x000000251a700000)]
=>0x00000147d2f8b800 JavaThread "C2 CompilerThread1" daemon [_thread_in_native, id=10308, stack(0x000000251a700000,0x000000251a800000)]
  0x00000147d3085800 JavaThread "Cancel handler" [_thread_blocked, id=15876, stack(0x000000251a800000,0x000000251a900000)]
  0x00000147d325d800 JavaThread "Daemon worker" [_thread_in_vm, id=7212, stack(0x000000251a900000,0x000000251aa00000)]
  0x00000147d372f800 JavaThread "Asynchronous log dispatcher for DefaultDaemonConnection: socket connection from /127.0.0.1:58315 to /127.0.0.1:58316" [_thread_blocked, id=16276, stack(0x000000251aa00000,0x000000251ab00000)]
  0x00000147d358b000 JavaThread "Stdin handler" [_thread_blocked, id=12072, stack(0x000000251ab00000,0x000000251ac00000)]
  0x00000147d4de4800 JavaThread "Thread-8" [_thread_blocked, id=17204, stack(0x000000251ac00000,0x000000251ad00000)]
  0x00000147d3c1f000 JavaThread "Cache worker for file hash cache (C:\Users\sakri\.gradle\caches\6.7.1\fileHashes)" [_thread_blocked, id=10108, stack(0x000000251ad00000,0x000000251ae00000)]
  0x00000147d3c20000 JavaThread "File lock request listener" [_thread_in_native, id=2592, stack(0x000000251ae00000,0x000000251af00000)]
  0x00000147d3c1d800 JavaThread "Cache worker for journal cache (C:\Users\sakri\.gradle\caches\journal-1)" [_thread_blocked, id=12764, stack(0x000000251b500000,0x000000251b600000)]
  0x00000147d3c1e800 JavaThread "Cache worker for file hash cache (C:\AndroidStudio\ProductionProject\.gradle\6.7.1\fileHashes)" [_thread_blocked, id=5596, stack(0x000000251b700000,0x000000251b800000)]
  0x00000147d3c21000 JavaThread "Cache worker for checksums cache (C:\AndroidStudio\ProductionProject\.gradle\checksums)" [_thread_blocked, id=4920, stack(0x000000251b600000,0x000000251b700000)]
  0x00000147d3c21800 JavaThread "Cache worker for cache directory md-supplier (C:\Users\sakri\.gradle\caches\6.7.1\md-supplier)" [_thread_blocked, id=18772, stack(0x000000251b800000,0x000000251b900000)]
  0x00000147d3c22800 JavaThread "Cache worker for cache directory md-rule (C:\Users\sakri\.gradle\caches\6.7.1\md-rule)" [_thread_blocked, id=10572, stack(0x000000251b900000,0x000000251ba00000)]
  0x00000147d3c1c800 JavaThread "Cache worker for execution history cache (C:\Users\sakri\.gradle\caches\6.7.1\executionHistory)" [_thread_blocked, id=17632, stack(0x000000251ba00000,0x000000251bb00000)]
  0x00000147d3c23000 JavaThread "jar transforms" [_thread_blocked, id=13692, stack(0x000000251bb00000,0x000000251bc00000)]
  0x00000147d18a7800 JavaThread "Cache worker for file content cache (C:\Users\sakri\.gradle\caches\6.7.1\fileContent)" [_thread_blocked, id=14088, stack(0x000000251bd00000,0x000000251be00000)]
  0x00000147d18a4800 JavaThread "Cache worker for Build Output Cleanup Cache (C:\AndroidStudio\ProductionProject\.gradle\buildOutputCleanup)" [_thread_blocked, id=19276, stack(0x000000251be00000,0x000000251bf00000)]
  0x00000147d18a3000 JavaThread "Build operations" [_thread_blocked, id=11260, stack(0x000000251bf00000,0x000000251c000000)]
  0x00000147d18a6000 JavaThread "Build operations Thread 2" [_thread_blocked, id=12028, stack(0x000000251c000000,0x000000251c100000)]
  0x00000147d18a9800 JavaThread "Build operations Thread 3" [_thread_blocked, id=6392, stack(0x000000251c100000,0x000000251c200000)]
  0x00000147d498e000 JavaThread "Build operations Thread 4" [_thread_blocked, id=10256, stack(0x000000251c200000,0x000000251c300000)]
  0x00000147d4991800 JavaThread "Build operations Thread 5" [_thread_blocked, id=6644, stack(0x000000251c300000,0x000000251c400000)]
  0x00000147d498f800 JavaThread "Build operations Thread 6" [_thread_blocked, id=11756, stack(0x000000251c400000,0x000000251c500000)]
  0x00000147d4992000 JavaThread "Build operations Thread 7" [_thread_blocked, id=12640, stack(0x000000251c500000,0x000000251c600000)]
  0x00000147d498f000 JavaThread "Build operations Thread 8" [_thread_blocked, id=15652, stack(0x000000251c600000,0x000000251c700000)]
  0x00000147d4996000 JavaThread "Build operations Thread 9" [_thread_blocked, id=15444, stack(0x000000251c700000,0x000000251c800000)]
  0x00000147d4993000 JavaThread "Build operations Thread 10" [_thread_blocked, id=2780, stack(0x000000251c800000,0x000000251c900000)]
  0x00000147d4994800 JavaThread "Build operations Thread 11" [_thread_blocked, id=6896, stack(0x000000251c900000,0x000000251ca00000)]
  0x00000147d4994000 JavaThread "Build operations Thread 12" [_thread_blocked, id=19628, stack(0x000000251ca00000,0x000000251cb00000)]
  0x00000147d4995800 JavaThread "jar transforms Thread 2" [_thread_blocked, id=20192, stack(0x000000251cb00000,0x000000251cc00000)]
  0x00000147d4990800 JavaThread "jar transforms Thread 3" [_thread_blocked, id=13360, stack(0x000000251cc00000,0x000000251cd00000)]
  0x00000147d4999800 JavaThread "jar transforms Thread 4" [_thread_blocked, id=4320, stack(0x000000251cd00000,0x000000251ce00000)]
  0x00000147d499c000 JavaThread "jar transforms Thread 5" [_thread_blocked, id=6756, stack(0x000000251ce00000,0x000000251cf00000)]
  0x00000147d4998000 JavaThread "jar transforms Thread 6" [_thread_blocked, id=7500, stack(0x000000251cf00000,0x000000251d000000)]
  0x00000147d499a800 JavaThread "jar transforms Thread 7" [_thread_blocked, id=14292, stack(0x000000251d000000,0x000000251d100000)]
  0x00000147d499c800 JavaThread "jar transforms Thread 8" [_thread_blocked, id=4504, stack(0x000000251d100000,0x000000251d200000)]
  0x00000147d4997000 JavaThread "jar transforms Thread 9" [_thread_blocked, id=3552, stack(0x000000251d200000,0x000000251d300000)]
  0x00000147d4998800 JavaThread "jar transforms Thread 10" [_thread_blocked, id=17044, stack(0x000000251d300000,0x000000251d400000)]
  0x00000147d499b000 JavaThread "jar transforms Thread 11" [_thread_blocked, id=17144, stack(0x000000251d400000,0x000000251d500000)]
  0x00000147d69aa000 JavaThread "jar transforms Thread 12" [_thread_blocked, id=8040, stack(0x000000251d500000,0x000000251d600000)]
  0x00000147d69ac800 JavaThread "jar transforms Thread 13" [_thread_blocked, id=3644, stack(0x000000251d600000,0x000000251d700000)]
  0x00000147d69ad000 JavaThread "jar transforms Thread 14" [_thread_blocked, id=3652, stack(0x000000251d700000,0x000000251d800000)]
  0x00000147d69a8800 JavaThread "jar transforms Thread 15" [_thread_blocked, id=17180, stack(0x000000251d800000,0x000000251d900000)]
  0x00000147d69aa800 JavaThread "jar transforms Thread 16" [_thread_blocked, id=12644, stack(0x000000251d900000,0x000000251da00000)]
  0x00000147d69a9000 JavaThread "jar transforms Thread 17" [_thread_blocked, id=8580, stack(0x000000251da00000,0x000000251db00000)]
  0x00000147d69b1000 JavaThread "jar transforms Thread 18" [_thread_blocked, id=14472, stack(0x000000251db00000,0x000000251dc00000)]
  0x00000147d69ab800 JavaThread "jar transforms Thread 19" [_thread_blocked, id=9368, stack(0x000000251dc00000,0x000000251dd00000)]
  0x00000147d69ae000 JavaThread "jar transforms Thread 20" [_thread_blocked, id=4268, stack(0x000000251dd00000,0x000000251de00000)]
  0x00000147d69b2000 JavaThread "jar transforms Thread 21" [_thread_blocked, id=10824, stack(0x000000251de00000,0x000000251df00000)]
  0x00000147d69af000 JavaThread "jar transforms Thread 22" [_thread_blocked, id=14584, stack(0x000000251df00000,0x000000251e000000)]
  0x00000147d69b3000 JavaThread "jar transforms Thread 23" [_thread_blocked, id=15040, stack(0x000000251e000000,0x000000251e100000)]
  0x00000147d69af800 JavaThread "jar transforms Thread 24" [_thread_blocked, id=14048, stack(0x000000251e100000,0x000000251e200000)]
  0x00000147d69b6000 JavaThread "jar transforms Thread 25" [_thread_blocked, id=8056, stack(0x000000251e200000,0x000000251e300000)]
  0x00000147d69b0800 JavaThread "jar transforms Thread 26" [_thread_blocked, id=19620, stack(0x000000251e300000,0x000000251e400000)]
  0x00000147d69b3800 JavaThread "jar transforms Thread 27" [_thread_blocked, id=17364, stack(0x000000251e400000,0x000000251e500000)]
  0x00000147d69b4800 JavaThread "jar transforms Thread 28" [_thread_blocked, id=8696, stack(0x000000251e500000,0x000000251e600000)]
  0x00000147d69b5800 JavaThread "jar transforms Thread 29" [_thread_blocked, id=20056, stack(0x000000251e600000,0x000000251e700000)]
  0x00000147d69b7000 JavaThread "jar transforms Thread 30" [_thread_blocked, id=11536, stack(0x000000251e700000,0x000000251e800000)]
  0x00000147d3ecd800 JavaThread "jar transforms Thread 31" [_thread_blocked, id=18472, stack(0x000000251e800000,0x000000251e900000)]
  0x00000147d3ece000 JavaThread "jar transforms Thread 32" [_thread_blocked, id=12548, stack(0x000000251e900000,0x000000251ea00000)]
  0x00000147d3ecc800 JavaThread "jar transforms Thread 33" [_thread_blocked, id=6204, stack(0x000000251ea00000,0x000000251eb00000)]
  0x00000147d3ec9800 JavaThread "jar transforms Thread 34" [_thread_blocked, id=17708, stack(0x000000251eb00000,0x000000251ec00000)]
  0x00000147d3ecc000 JavaThread "jar transforms Thread 35" [_thread_blocked, id=12356, stack(0x000000251ec00000,0x000000251ed00000)]
  0x00000147d3ec8800 JavaThread "jar transforms Thread 36" [_thread_blocked, id=9248, stack(0x000000251ed00000,0x000000251ee00000)]
  0x00000147d3ecf000 JavaThread "jar transforms Thread 37" [_thread_blocked, id=19748, stack(0x000000251ee00000,0x000000251ef00000)]
  0x00000147d3ed0000 JavaThread "jar transforms Thread 38" [_thread_blocked, id=7036, stack(0x000000251ef00000,0x000000251f000000)]
  0x00000147d3eca000 JavaThread "jar transforms Thread 39" [_thread_blocked, id=19600, stack(0x000000251f000000,0x000000251f100000)]
  0x00000147d3ed0800 JavaThread "jar transforms Thread 40" [_thread_blocked, id=17004, stack(0x000000251f100000,0x000000251f200000)]
  0x00000147d3ecb000 JavaThread "jar transforms Thread 41" [_thread_blocked, id=13024, stack(0x000000251f200000,0x000000251f300000)]
  0x00000147d3ed2800 JavaThread "jar transforms Thread 42" [_thread_blocked, id=12808, stack(0x000000251f300000,0x000000251f400000)]
  0x00000147d3ed6800 JavaThread "jar transforms Thread 43" [_thread_blocked, id=9904, stack(0x000000251f400000,0x000000251f500000)]
  0x00000147d3ed1800 JavaThread "jar transforms Thread 44" [_thread_blocked, id=7336, stack(0x000000251f500000,0x000000251f600000)]
  0x00000147d3ed7000 JavaThread "jar transforms Thread 45" [_thread_blocked, id=15016, stack(0x000000251f600000,0x000000251f700000)]
  0x00000147d3ed4000 JavaThread "jar transforms Thread 46" [_thread_blocked, id=13340, stack(0x000000251f700000,0x000000251f800000)]
  0x00000147d3ed5800 JavaThread "jar transforms Thread 47" [_thread_blocked, id=7220, stack(0x000000251f800000,0x000000251f900000)]
  0x00000147d3ed3000 JavaThread "jar transforms Thread 48" [_thread_blocked, id=1820, stack(0x000000251f900000,0x000000251fa00000)]
  0x00000147d3ed4800 JavaThread "jar transforms Thread 49" [_thread_blocked, id=11852, stack(0x000000251fa00000,0x000000251fb00000)]
  0x00000147d84fd800 JavaThread "jar transforms Thread 50" [_thread_blocked, id=5292, stack(0x000000251fb00000,0x000000251fc00000)]
  0x00000147d84fb800 JavaThread "jar transforms Thread 51" [_thread_blocked, id=12316, stack(0x000000251fc00000,0x000000251fd00000)]
  0x00000147d84fb000 JavaThread "jar transforms Thread 52" [_thread_blocked, id=8800, stack(0x000000251fd00000,0x000000251fe00000)]
  0x00000147d84ff000 JavaThread "jar transforms Thread 53" [_thread_blocked, id=380, stack(0x000000251fe00000,0x000000251ff00000)]
  0x00000147d84fa000 JavaThread "jar transforms Thread 54" [_thread_blocked, id=16464, stack(0x000000251ff00000,0x0000002520000000)]
  0x00000147d84f9800 JavaThread "jar transforms Thread 55" [_thread_blocked, id=19020, stack(0x0000002520000000,0x0000002520100000)]
  0x00000147d8502000 JavaThread "jar transforms Thread 56" [_thread_blocked, id=7008, stack(0x0000002520100000,0x0000002520200000)]
  0x00000147d8500000 JavaThread "jar transforms Thread 57" [_thread_blocked, id=5996, stack(0x0000002520200000,0x0000002520300000)]
  0x00000147d8501800 JavaThread "jar transforms Thread 58" [_thread_blocked, id=3804, stack(0x0000002520300000,0x0000002520400000)]
  0x00000147d8500800 JavaThread "jar transforms Thread 59" [_thread_blocked, id=8876, stack(0x0000002520400000,0x0000002520500000)]
  0x00000147d84fc800 JavaThread "jar transforms Thread 60" [_thread_blocked, id=1568, stack(0x0000002520500000,0x0000002520600000)]
  0x00000147d8503000 JavaThread "jar transforms Thread 61" [_thread_blocked, id=19636, stack(0x0000002520600000,0x0000002520700000)]
  0x00000147d8504000 JavaThread "jar transforms Thread 62" [_thread_blocked, id=10816, stack(0x0000002520700000,0x0000002520800000)]
  0x00000147d84fe000 JavaThread "jar transforms Thread 63" [_thread_blocked, id=808, stack(0x0000002520800000,0x0000002520900000)]
  0x00000147d8506800 JavaThread "jar transforms Thread 64" [_thread_blocked, id=13076, stack(0x0000002520900000,0x0000002520a00000)]
  0x00000147d8504800 JavaThread "jar transforms Thread 65" [_thread_blocked, id=18680, stack(0x0000002520a00000,0x0000002520b00000)]
  0x00000147d8505800 JavaThread "jar transforms Thread 66" [_thread_blocked, id=10728, stack(0x0000002520b00000,0x0000002520c00000)]
  0x00000147d8507000 JavaThread "jar transforms Thread 67" [_thread_blocked, id=16728, stack(0x0000002520c00000,0x0000002520d00000)]
  0x00000147d8508000 JavaThread "jar transforms Thread 68" [_thread_blocked, id=2904, stack(0x0000002520d00000,0x0000002520e00000)]
  0x00000147d8d93800 JavaThread "jar transforms Thread 69" [_thread_blocked, id=16624, stack(0x0000002520e00000,0x0000002520f00000)]
  0x00000147d8d94800 JavaThread "jar transforms Thread 70" [_thread_blocked, id=13684, stack(0x0000002520f00000,0x0000002521000000)]
  0x00000147d8d8f800 JavaThread "jar transforms Thread 71" [_thread_blocked, id=16008, stack(0x0000002521000000,0x0000002521100000)]
  0x00000147d8d95800 JavaThread "jar transforms Thread 72" [_thread_blocked, id=15960, stack(0x0000002521100000,0x0000002521200000)]
  0x00000147d8d91000 JavaThread "jar transforms Thread 73" [_thread_blocked, id=3664, stack(0x0000002521200000,0x0000002521300000)]
  0x00000147d8d96000 JavaThread "jar transforms Thread 74" [_thread_blocked, id=16600, stack(0x0000002521300000,0x0000002521400000)]
  0x00000147d8d90800 JavaThread "jar transforms Thread 75" [_thread_blocked, id=18664, stack(0x0000002521400000,0x0000002521500000)]
  0x00000147d8d97000 JavaThread "jar transforms Thread 76" [_thread_blocked, id=15832, stack(0x0000002521500000,0x0000002521600000)]
  0x00000147d8d97800 JavaThread "jar transforms Thread 77" [_thread_blocked, id=5888, stack(0x0000002521600000,0x0000002521700000)]
  0x00000147d8d92000 JavaThread "jar transforms Thread 78" [_thread_blocked, id=19696, stack(0x0000002521700000,0x0000002521800000)]
  0x00000147d8d98800 JavaThread "jar transforms Thread 79" [_thread_blocked, id=15816, stack(0x0000002521800000,0x0000002521900000)]
  0x00000147d8d93000 JavaThread "jar transforms Thread 80" [_thread_blocked, id=13772, stack(0x0000002521900000,0x0000002521a00000)]
  0x00000147d8d9c000 JavaThread "jar transforms Thread 81" [_thread_blocked, id=6904, stack(0x0000002521a00000,0x0000002521b00000)]
  0x00000147d8d9d800 JavaThread "jar transforms Thread 82" [_thread_blocked, id=3300, stack(0x0000002521b00000,0x0000002521c00000)]
  0x00000147d8d9b000 JavaThread "jar transforms Thread 83" [_thread_blocked, id=18444, stack(0x0000002521c00000,0x0000002521d00000)]
  0x00000147d8d99800 JavaThread "jar transforms Thread 84" [_thread_blocked, id=3844, stack(0x0000002521d00000,0x0000002521e00000)]
  0x00000147d8d9e000 JavaThread "jar transforms Thread 85" [_thread_blocked, id=1344, stack(0x0000002521e00000,0x0000002521f00000)]
  0x00000147d8d9a000 JavaThread "jar transforms Thread 86" [_thread_blocked, id=14860, stack(0x0000002521f00000,0x0000002522000000)]
  0x00000147d8d9c800 JavaThread "jar transforms Thread 87" [_thread_blocked, id=15340, stack(0x0000002522000000,0x0000002522100000)]
  0x00000147d7379000 JavaThread "jar transforms Thread 88" [_thread_blocked, id=10112, stack(0x0000002522100000,0x0000002522200000)]
  0x00000147d737d000 JavaThread "jar transforms Thread 89" [_thread_blocked, id=19472, stack(0x0000002522200000,0x0000002522300000)]
  0x00000147d737f000 JavaThread "jar transforms Thread 90" [_thread_blocked, id=5064, stack(0x0000002522300000,0x0000002522400000)]
  0x00000147d737c800 JavaThread "jar transforms Thread 91" [_thread_blocked, id=2956, stack(0x0000002522400000,0x0000002522500000)]
  0x00000147d737a000 JavaThread "jar transforms Thread 92" [_thread_blocked, id=17808, stack(0x0000002522500000,0x0000002522600000)]
  0x00000147d737f800 JavaThread "jar transforms Thread 93" [_thread_blocked, id=9408, stack(0x0000002522600000,0x0000002522700000)]
  0x00000147d7380800 JavaThread "jar transforms Thread 94" [_thread_blocked, id=19304, stack(0x0000002522700000,0x0000002522800000)]
  0x00000147d737a800 JavaThread "jar transforms Thread 95" [_thread_blocked, id=1796, stack(0x0000002522800000,0x0000002522900000)]
  0x00000147d7381800 JavaThread "jar transforms Thread 96" [_thread_blocked, id=14500, stack(0x0000002522900000,0x0000002522a00000)]
  0x00000147d737b800 JavaThread "jar transforms Thread 97" [_thread_blocked, id=11504, stack(0x0000002522a00000,0x0000002522b00000)]
  0x00000147d7382000 JavaThread "jar transforms Thread 98" [_thread_blocked, id=5912, stack(0x0000002522b00000,0x0000002522c00000)]
  0x00000147d7383000 JavaThread "jar transforms Thread 99" [_thread_blocked, id=11316, stack(0x0000002522c00000,0x0000002522d00000)]
  0x00000147d38e5000 JavaThread "C2 CompilerThread2" daemon [_thread_in_native, id=1588, stack(0x000000251bc00000,0x000000251bd00000)]

Other Threads:
  0x00000147d1597800 VMThread "VM Thread" [stack: 0x0000002519000000,0x0000002519100000] [id=15740]
  0x00000147d178d800 WatcherThread [stack: 0x0000002519a00000,0x0000002519b00000] [id=2164]
  0x00000147b4656000 GCTaskThread "GC Thread#0" [stack: 0x0000002518b00000,0x0000002518c00000] [id=1388]
  0x00000147d2489800 GCTaskThread "GC Thread#1" [stack: 0x0000002519c00000,0x0000002519d00000] [id=19592]
  0x00000147d2454000 GCTaskThread "GC Thread#2" [stack: 0x0000002519d00000,0x0000002519e00000] [id=12444]
  0x00000147d23e2000 GCTaskThread "GC Thread#3" [stack: 0x0000002519e00000,0x0000002519f00000] [id=10640]
  0x00000147d229e000 GCTaskThread "GC Thread#4" [stack: 0x0000002519f00000,0x000000251a000000] [id=7200]
  0x00000147d2181000 GCTaskThread "GC Thread#5" [stack: 0x000000251a000000,0x000000251a100000] [id=12948]
  0x00000147d4286000 GCTaskThread "GC Thread#6" [stack: 0x000000251af00000,0x000000251b000000] [id=13852]
  0x00000147d2e85800 GCTaskThread "GC Thread#7" [stack: 0x000000251b000000,0x000000251b100000] [id=2960]
  0x00000147d3588000 GCTaskThread "GC Thread#8" [stack: 0x000000251b100000,0x000000251b200000] [id=10928]
  0x00000147d2c58800 GCTaskThread "GC Thread#9" [stack: 0x000000251b200000,0x000000251b300000] [id=4824]
  0x00000147b4685800 ConcurrentGCThread "G1 Main Marker" [stack: 0x0000002518c00000,0x0000002518d00000] [id=18388]
  0x00000147b4688800 ConcurrentGCThread "G1 Conc#0" [stack: 0x0000002518d00000,0x0000002518e00000] [id=20360]
  0x00000147d238b000 ConcurrentGCThread "G1 Conc#1" [stack: 0x000000251b300000,0x000000251b400000] [id=4392]
  0x00000147d2c91800 ConcurrentGCThread "G1 Conc#2" [stack: 0x000000251b400000,0x000000251b500000] [id=13216]
  0x00000147d0be5800 ConcurrentGCThread "G1 Refine#0" [stack: 0x0000002518e00000,0x0000002518f00000] [id=18100]
  0x00000147d0be6800 ConcurrentGCThread "G1 Young RemSet Sampling" [stack: 0x0000002518f00000,0x0000002519000000] [id=1544]

Threads with active compile tasks:
C2 CompilerThread0  11701 4814   !   4       com.google.common.reflect.TypeVisitor::visit (225 bytes)
C2 CompilerThread1  11701 4699       4       java.net.URLClassLoader$1::run (5 bytes)
C2 CompilerThread2  11701 4785       4       java.net.URLClassLoader::getAndVerifyPackage (109 bytes)

VM state:not at safepoint (normal execution)

VM Mutex/Monitor currently owned by a thread: None

Heap address: 0x0000000080000000, size: 2048 MB, Compressed Oops mode: 32-bit
Narrow klass base: 0x0000000000000000, Narrow klass shift: 3
Compressed class space size: 1073741824 Address: 0x0000000100000000

Heap:
 garbage-first heap   total 260096K, used 125217K [0x0000000080000000, 0x0000000100000000)
  region size 1024K, 106 young (108544K), 11 survivors (11264K)
 Metaspace       used 52854K, capacity 54105K, committed 54400K, reserved 1095680K
  class space    used 6721K, capacity 7193K, committed 7296K, reserved 1048576K
Heap Regions: E=young(eden), S=young(survivor), O=old, HS=humongous(starts), HC=humongous(continues), CS=collection set, F=free, A=archive, TAMS=top-at-mark-start (previous, next)
|   0|0x0000000080000000, 0x0000000080100000, 0x0000000080100000|100%| O|  |TAMS 0x0000000080100000, 0x0000000080000000| Untracked 
|   1|0x0000000080100000, 0x0000000080200000, 0x0000000080200000|100%| O|  |TAMS 0x0000000080200000, 0x0000000080100000| Untracked 
|   2|0x0000000080200000, 0x0000000080300000, 0x0000000080300000|100%| O|  |TAMS 0x0000000080300000, 0x0000000080200000| Untracked 
|   3|0x0000000080300000, 0x0000000080400000, 0x0000000080400000|100%|HS|  |TAMS 0x0000000080400000, 0x0000000080300000| Complete 
|   4|0x0000000080400000, 0x0000000080500000, 0x0000000080500000|100%|HC|  |TAMS 0x0000000080500000, 0x0000000080400000| Complete 
|   5|0x0000000080500000, 0x0000000080600000, 0x0000000080600000|100%|HC|  |TAMS 0x0000000080600000, 0x0000000080500000| Complete 
|   6|0x0000000080600000, 0x0000000080700000, 0x0000000080700000|100%| O|  |TAMS 0x0000000080700000, 0x0000000080600000| Untracked 
|   7|0x0000000080700000, 0x0000000080800000, 0x0000000080800000|100%| O|  |TAMS 0x0000000080800000, 0x0000000080700000| Untracked 
|   8|0x0000000080800000, 0x0000000080900000, 0x0000000080900000|100%| O|  |TAMS 0x0000000080900000, 0x0000000080800000| Untracked 
|   9|0x0000000080900000, 0x0000000080a00000, 0x0000000080a00000|100%| O|  |TAMS 0x0000000080a00000, 0x0000000080900000| Untracked 
|  10|0x0000000080a00000, 0x0000000080b00000, 0x0000000080b00000|100%| O|  |TAMS 0x0000000080b00000, 0x0000000080a00000| Untracked 
|  11|0x0000000080b00000, 0x0000000080c00000, 0x0000000080c00000|100%| O|  |TAMS 0x0000000080c00000, 0x0000000080b00000| Untracked 
|  12|0x0000000080c00000, 0x0000000080d00000, 0x0000000080d00000|100%| O|  |TAMS 0x0000000080d00000, 0x0000000080c00000| Untracked 
|  13|0x0000000080d00000, 0x0000000080e00000, 0x0000000080e00000|100%| O|  |TAMS 0x0000000080e00000, 0x0000000080d00000| Untracked 
|  14|0x0000000080e00000, 0x0000000080f00000, 0x0000000080f00000|100%| O|  |TAMS 0x0000000080f00000, 0x0000000080e00000| Untracked 
|  15|0x0000000080f00000, 0x0000000080fb6600, 0x0000000081000000| 71%| O|  |TAMS 0x0000000080fb6600, 0x0000000080f00000| Untracked 
|  16|0x0000000081000000, 0x0000000081100000, 0x0000000081100000|100%|HS|  |TAMS 0x0000000081000000, 0x0000000081000000| Complete 
|  17|0x0000000081100000, 0x0000000081200000, 0x0000000081200000|100%|HS|  |TAMS 0x0000000081100000, 0x0000000081100000| Complete 
|  18|0x0000000081200000, 0x0000000081300000, 0x0000000081300000|100%|HC|  |TAMS 0x0000000081200000, 0x0000000081200000| Complete 
|  19|0x0000000081300000, 0x0000000081300000, 0x0000000081400000|  0%| F|  |TAMS 0x0000000081300000, 0x0000000081300000| Untracked 
|  20|0x0000000081400000, 0x0000000081400000, 0x0000000081500000|  0%| F|  |TAMS 0x0000000081400000, 0x0000000081400000| Untracked 
|  21|0x0000000081500000, 0x0000000081500000, 0x0000000081600000|  0%| F|  |TAMS 0x0000000081500000, 0x0000000081500000| Untracked 
|  22|0x0000000081600000, 0x0000000081600000, 0x0000000081700000|  0%| F|  |TAMS 0x0000000081600000, 0x0000000081600000| Untracked 
|  23|0x0000000081700000, 0x0000000081700000, 0x0000000081800000|  0%| F|  |TAMS 0x0000000081700000, 0x0000000081700000| Untracked 
|  24|0x0000000081800000, 0x0000000081800000, 0x0000000081900000|  0%| F|  |TAMS 0x0000000081800000, 0x0000000081800000| Untracked 
|  25|0x0000000081900000, 0x0000000081900000, 0x0000000081a00000|  0%| F|  |TAMS 0x0000000081900000, 0x0000000081900000| Untracked 
|  26|0x0000000081a00000, 0x0000000081a00000, 0x0000000081b00000|  0%| F|  |TAMS 0x0000000081a00000, 0x0000000081a00000| Untracked 
|  27|0x0000000081b00000, 0x0000000081b00000, 0x0000000081c00000|  0%| F|  |TAMS 0x0000000081b00000, 0x0000000081b00000| Untracked 
|  28|0x0000000081c00000, 0x0000000081c00000, 0x0000000081d00000|  0%| F|  |TAMS 0x0000000081c00000, 0x0000000081c00000| Untracked 
|  29|0x0000000081d00000, 0x0000000081d00000, 0x0000000081e00000|  0%| F|  |TAMS 0x0000000081d00000, 0x0000000081d00000| Untracked 
|  30|0x0000000081e00000, 0x0000000081e00000, 0x0000000081f00000|  0%| F|  |TAMS 0x0000000081e00000, 0x0000000081e00000| Untracked 
|  31|0x0000000081f00000, 0x0000000081f00000, 0x0000000082000000|  0%| F|  |TAMS 0x0000000081f00000, 0x0000000081f00000| Untracked 
|  32|0x0000000082000000, 0x0000000082000000, 0x0000000082100000|  0%| F|  |TAMS 0x0000000082000000, 0x0000000082000000| Untracked 
|  33|0x0000000082100000, 0x0000000082100000, 0x0000000082200000|  0%| F|  |TAMS 0x0000000082100000, 0x0000000082100000| Untracked 
|  34|0x0000000082200000, 0x0000000082200000, 0x0000000082300000|  0%| F|  |TAMS 0x0000000082200000, 0x0000000082200000| Untracked 
|  35|0x0000000082300000, 0x0000000082300000, 0x0000000082400000|  0%| F|  |TAMS 0x0000000082300000, 0x0000000082300000| Untracked 
|  36|0x0000000082400000, 0x0000000082400000, 0x0000000082500000|  0%| F|  |TAMS 0x0000000082400000, 0x0000000082400000| Untracked 
|  37|0x0000000082500000, 0x0000000082500000, 0x0000000082600000|  0%| F|  |TAMS 0x0000000082500000, 0x0000000082500000| Untracked 
|  38|0x0000000082600000, 0x0000000082600000, 0x0000000082700000|  0%| F|  |TAMS 0x0000000082600000, 0x0000000082600000| Untracked 
|  39|0x0000000082700000, 0x0000000082700000, 0x0000000082800000|  0%| F|  |TAMS 0x0000000082700000, 0x0000000082700000| Untracked 
|  40|0x0000000082800000, 0x0000000082800000, 0x0000000082900000|  0%| F|  |TAMS 0x0000000082800000, 0x0000000082800000| Untracked 
|  41|0x0000000082900000, 0x0000000082900000, 0x0000000082a00000|  0%| F|  |TAMS 0x0000000082900000, 0x0000000082900000| Untracked 
|  42|0x0000000082a00000, 0x0000000082a00000, 0x0000000082b00000|  0%| F|  |TAMS 0x0000000082a00000, 0x0000000082a00000| Untracked 
|  43|0x0000000082b00000, 0x0000000082b00000, 0x0000000082c00000|  0%| F|  |TAMS 0x0000000082b00000, 0x0000000082b00000| Untracked 
|  44|0x0000000082c00000, 0x0000000082c00000, 0x0000000082d00000|  0%| F|  |TAMS 0x0000000082c00000, 0x0000000082c00000| Untracked 
|  45|0x0000000082d00000, 0x0000000082d00000, 0x0000000082e00000|  0%| F|  |TAMS 0x0000000082d00000, 0x0000000082d00000| Untracked 
|  46|0x0000000082e00000, 0x0000000082e00000, 0x0000000082f00000|  0%| F|  |TAMS 0x0000000082e00000, 0x0000000082e00000| Untracked 
|  47|0x0000000082f00000, 0x0000000082f00000, 0x0000000083000000|  0%| F|  |TAMS 0x0000000082f00000, 0x0000000082f00000| Untracked 
|  48|0x0000000083000000, 0x0000000083000000, 0x0000000083100000|  0%| F|  |TAMS 0x0000000083000000, 0x0000000083000000| Untracked 
|  49|0x0000000083100000, 0x0000000083100000, 0x0000000083200000|  0%| F|  |TAMS 0x0000000083100000, 0x0000000083100000| Untracked 
|  50|0x0000000083200000, 0x0000000083200000, 0x0000000083300000|  0%| F|  |TAMS 0x0000000083200000, 0x0000000083200000| Untracked 
|  51|0x0000000083300000, 0x0000000083300000, 0x0000000083400000|  0%| F|  |TAMS 0x0000000083300000, 0x0000000083300000| Untracked 
|  52|0x0000000083400000, 0x0000000083400000, 0x0000000083500000|  0%| F|  |TAMS 0x0000000083400000, 0x0000000083400000| Untracked 
|  53|0x0000000083500000, 0x0000000083500000, 0x0000000083600000|  0%| F|  |TAMS 0x0000000083500000, 0x0000000083500000| Untracked 
|  54|0x0000000083600000, 0x0000000083600000, 0x0000000083700000|  0%| F|  |TAMS 0x0000000083600000, 0x0000000083600000| Untracked 
|  55|0x0000000083700000, 0x0000000083700000, 0x0000000083800000|  0%| F|  |TAMS 0x0000000083700000, 0x0000000083700000| Untracked 
|  56|0x0000000083800000, 0x0000000083800000, 0x0000000083900000|  0%| F|  |TAMS 0x0000000083800000, 0x0000000083800000| Untracked 
|  57|0x0000000083900000, 0x0000000083900000, 0x0000000083a00000|  0%| F|  |TAMS 0x0000000083900000, 0x0000000083900000| Untracked 
|  58|0x0000000083a00000, 0x0000000083a00000, 0x0000000083b00000|  0%| F|  |TAMS 0x0000000083a00000, 0x0000000083a00000| Untracked 
|  59|0x0000000083b00000, 0x0000000083b00000, 0x0000000083c00000|  0%| F|  |TAMS 0x0000000083b00000, 0x0000000083b00000| Untracked 
|  60|0x0000000083c00000, 0x0000000083c00000, 0x0000000083d00000|  0%| F|  |TAMS 0x0000000083c00000, 0x0000000083c00000| Untracked 
|  61|0x0000000083d00000, 0x0000000083d00000, 0x0000000083e00000|  0%| F|  |TAMS 0x0000000083d00000, 0x0000000083d00000| Untracked 
|  62|0x0000000083e00000, 0x0000000083e00000, 0x0000000083f00000|  0%| F|  |TAMS 0x0000000083e00000, 0x0000000083e00000| Untracked 
|  63|0x0000000083f00000, 0x0000000083f00000, 0x0000000084000000|  0%| F|  |TAMS 0x0000000083f00000, 0x0000000083f00000| Untracked 
|  64|0x0000000084000000, 0x0000000084000000, 0x0000000084100000|  0%| F|  |TAMS 0x0000000084000000, 0x0000000084000000| Untracked 
|  65|0x0000000084100000, 0x0000000084100000, 0x0000000084200000|  0%| F|  |TAMS 0x0000000084100000, 0x0000000084100000| Untracked 
|  66|0x0000000084200000, 0x0000000084200000, 0x0000000084300000|  0%| F|  |TAMS 0x0000000084200000, 0x0000000084200000| Untracked 
|  67|0x0000000084300000, 0x0000000084300000, 0x0000000084400000|  0%| F|  |TAMS 0x0000000084300000, 0x0000000084300000| Untracked 
|  68|0x0000000084400000, 0x0000000084400000, 0x0000000084500000|  0%| F|  |TAMS 0x0000000084400000, 0x0000000084400000| Untracked 
|  69|0x0000000084500000, 0x0000000084500000, 0x0000000084600000|  0%| F|  |TAMS 0x0000000084500000, 0x0000000084500000| Untracked 
|  70|0x0000000084600000, 0x0000000084600000, 0x0000000084700000|  0%| F|  |TAMS 0x0000000084600000, 0x0000000084600000| Untracked 
|  71|0x0000000084700000, 0x0000000084700000, 0x0000000084800000|  0%| F|  |TAMS 0x0000000084700000, 0x0000000084700000| Untracked 
|  72|0x0000000084800000, 0x0000000084800000, 0x0000000084900000|  0%| F|  |TAMS 0x0000000084800000, 0x0000000084800000| Untracked 
|  73|0x0000000084900000, 0x0000000084900000, 0x0000000084a00000|  0%| F|  |TAMS 0x0000000084900000, 0x0000000084900000| Untracked 
|  74|0x0000000084a00000, 0x0000000084a00000, 0x0000000084b00000|  0%| F|  |TAMS 0x0000000084a00000, 0x0000000084a00000| Untracked 
|  75|0x0000000084b00000, 0x0000000084b00000, 0x0000000084c00000|  0%| F|  |TAMS 0x0000000084b00000, 0x0000000084b00000| Untracked 
|  76|0x0000000084c00000, 0x0000000084c00000, 0x0000000084d00000|  0%| F|  |TAMS 0x0000000084c00000, 0x0000000084c00000| Untracked 
|  77|0x0000000084d00000, 0x0000000084d00000, 0x0000000084e00000|  0%| F|  |TAMS 0x0000000084d00000, 0x0000000084d00000| Untracked 
|  78|0x0000000084e00000, 0x0000000084e00000, 0x0000000084f00000|  0%| F|  |TAMS 0x0000000084e00000, 0x0000000084e00000| Untracked 
|  79|0x0000000084f00000, 0x0000000084f00000, 0x0000000085000000|  0%| F|  |TAMS 0x0000000084f00000, 0x0000000084f00000| Untracked 
|  80|0x0000000085000000, 0x0000000085000000, 0x0000000085100000|  0%| F|  |TAMS 0x0000000085000000, 0x0000000085000000| Untracked 
|  81|0x0000000085100000, 0x0000000085100000, 0x0000000085200000|  0%| F|  |TAMS 0x0000000085100000, 0x0000000085100000| Untracked 
|  82|0x0000000085200000, 0x0000000085200000, 0x0000000085300000|  0%| F|  |TAMS 0x0000000085200000, 0x0000000085200000| Untracked 
|  83|0x0000000085300000, 0x0000000085300000, 0x0000000085400000|  0%| F|  |TAMS 0x0000000085300000, 0x0000000085300000| Untracked 
|  84|0x0000000085400000, 0x0000000085400000, 0x0000000085500000|  0%| F|  |TAMS 0x0000000085400000, 0x0000000085400000| Untracked 
|  85|0x0000000085500000, 0x0000000085500000, 0x0000000085600000|  0%| F|  |TAMS 0x0000000085500000, 0x0000000085500000| Untracked 
|  86|0x0000000085600000, 0x0000000085600000, 0x0000000085700000|  0%| F|  |TAMS 0x0000000085600000, 0x0000000085600000| Untracked 
|  87|0x0000000085700000, 0x0000000085700000, 0x0000000085800000|  0%| F|  |TAMS 0x0000000085700000, 0x0000000085700000| Untracked 
|  88|0x0000000085800000, 0x0000000085800000, 0x0000000085900000|  0%| F|  |TAMS 0x0000000085800000, 0x0000000085800000| Untracked 
|  89|0x0000000085900000, 0x0000000085900000, 0x0000000085a00000|  0%| F|  |TAMS 0x0000000085900000, 0x0000000085900000| Untracked 
|  90|0x0000000085a00000, 0x0000000085a00000, 0x0000000085b00000|  0%| F|  |TAMS 0x0000000085a00000, 0x0000000085a00000| Untracked 
|  91|0x0000000085b00000, 0x0000000085b00000, 0x0000000085c00000|  0%| F|  |TAMS 0x0000000085b00000, 0x0000000085b00000| Untracked 
|  92|0x0000000085c00000, 0x0000000085c00000, 0x0000000085d00000|  0%| F|  |TAMS 0x0000000085c00000, 0x0000000085c00000| Untracked 
|  93|0x0000000085d00000, 0x0000000085d00000, 0x0000000085e00000|  0%| F|  |TAMS 0x0000000085d00000, 0x0000000085d00000| Untracked 
|  94|0x0000000085e00000, 0x0000000085e00000, 0x0000000085f00000|  0%| F|  |TAMS 0x0000000085e00000, 0x0000000085e00000| Untracked 
|  95|0x0000000085f00000, 0x0000000085f00000, 0x0000000086000000|  0%| F|  |TAMS 0x0000000085f00000, 0x0000000085f00000| Untracked 
|  96|0x0000000086000000, 0x0000000086000000, 0x0000000086100000|  0%| F|  |TAMS 0x0000000086000000, 0x0000000086000000| Untracked 
|  97|0x0000000086100000, 0x0000000086100000, 0x0000000086200000|  0%| F|  |TAMS 0x0000000086100000, 0x0000000086100000| Untracked 
|  98|0x0000000086200000, 0x0000000086200000, 0x0000000086300000|  0%| F|  |TAMS 0x0000000086200000, 0x0000000086200000| Untracked 
|  99|0x0000000086300000, 0x0000000086300000, 0x0000000086400000|  0%| F|  |TAMS 0x0000000086300000, 0x0000000086300000| Untracked 
| 100|0x0000000086400000, 0x0000000086400000, 0x0000000086500000|  0%| F|  |TAMS 0x0000000086400000, 0x0000000086400000| Untracked 
| 101|0x0000000086500000, 0x0000000086500000, 0x0000000086600000|  0%| F|  |TAMS 0x0000000086500000, 0x0000000086500000| Untracked 
| 102|0x0000000086600000, 0x0000000086600000, 0x0000000086700000|  0%| F|  |TAMS 0x0000000086600000, 0x0000000086600000| Untracked 
| 103|0x0000000086700000, 0x0000000086700000, 0x0000000086800000|  0%| F|  |TAMS 0x0000000086700000, 0x0000000086700000| Untracked 
| 104|0x0000000086800000, 0x0000000086800000, 0x0000000086900000|  0%| F|  |TAMS 0x0000000086800000, 0x0000000086800000| Untracked 
| 105|0x0000000086900000, 0x0000000086900000, 0x0000000086a00000|  0%| F|  |TAMS 0x0000000086900000, 0x0000000086900000| Untracked 
| 106|0x0000000086a00000, 0x0000000086a00000, 0x0000000086b00000|  0%| F|  |TAMS 0x0000000086a00000, 0x0000000086a00000| Untracked 
| 107|0x0000000086b00000, 0x0000000086b00000, 0x0000000086c00000|  0%| F|  |TAMS 0x0000000086b00000, 0x0000000086b00000| Untracked 
| 108|0x0000000086c00000, 0x0000000086c00000, 0x0000000086d00000|  0%| F|  |TAMS 0x0000000086c00000, 0x0000000086c00000| Untracked 
| 109|0x0000000086d00000, 0x0000000086d00000, 0x0000000086e00000|  0%| F|  |TAMS 0x0000000086d00000, 0x0000000086d00000| Untracked 
| 110|0x0000000086e00000, 0x0000000086e00000, 0x0000000086f00000|  0%| F|  |TAMS 0x0000000086e00000, 0x0000000086e00000| Untracked 
| 111|0x0000000086f00000, 0x0000000086f00000, 0x0000000087000000|  0%| F|  |TAMS 0x0000000086f00000, 0x0000000086f00000| Untracked 
| 112|0x0000000087000000, 0x0000000087000000, 0x0000000087100000|  0%| F|  |TAMS 0x0000000087000000, 0x0000000087000000| Untracked 
| 113|0x0000000087100000, 0x0000000087100000, 0x0000000087200000|  0%| F|  |TAMS 0x0000000087100000, 0x0000000087100000| Untracked 
| 114|0x0000000087200000, 0x0000000087200000, 0x0000000087300000|  0%| F|  |TAMS 0x0000000087200000, 0x0000000087200000| Untracked 
| 115|0x0000000087300000, 0x0000000087300000, 0x0000000087400000|  0%| F|  |TAMS 0x0000000087300000, 0x0000000087300000| Untracked 
| 116|0x0000000087400000, 0x0000000087400000, 0x0000000087500000|  0%| F|  |TAMS 0x0000000087400000, 0x0000000087400000| Untracked 
| 117|0x0000000087500000, 0x0000000087500000, 0x0000000087600000|  0%| F|  |TAMS 0x0000000087500000, 0x0000000087500000| Untracked 
| 118|0x0000000087600000, 0x0000000087600000, 0x0000000087700000|  0%| F|  |TAMS 0x0000000087600000, 0x0000000087600000| Untracked 
| 119|0x0000000087700000, 0x0000000087700000, 0x0000000087800000|  0%| F|  |TAMS 0x0000000087700000, 0x0000000087700000| Untracked 
| 120|0x0000000087800000, 0x0000000087800000, 0x0000000087900000|  0%| F|  |TAMS 0x0000000087800000, 0x0000000087800000| Untracked 
| 121|0x0000000087900000, 0x0000000087900000, 0x0000000087a00000|  0%| F|  |TAMS 0x0000000087900000, 0x0000000087900000| Untracked 
| 122|0x0000000087a00000, 0x0000000087a00000, 0x0000000087b00000|  0%| F|  |TAMS 0x0000000087a00000, 0x0000000087a00000| Untracked 
| 123|0x0000000087b00000, 0x0000000087b00000, 0x0000000087c00000|  0%| F|  |TAMS 0x0000000087b00000, 0x0000000087b00000| Untracked 
| 124|0x0000000087c00000, 0x0000000087c00000, 0x0000000087d00000|  0%| F|  |TAMS 0x0000000087c00000, 0x0000000087c00000| Untracked 
| 125|0x0000000087d00000, 0x0000000087d00000, 0x0000000087e00000|  0%| F|  |TAMS 0x0000000087d00000, 0x0000000087d00000| Untracked 
| 126|0x0000000087e00000, 0x0000000087e00000, 0x0000000087f00000|  0%| F|  |TAMS 0x0000000087e00000, 0x0000000087e00000| Untracked 
| 127|0x0000000087f00000, 0x0000000087f00000, 0x0000000088000000|  0%| F|  |TAMS 0x0000000087f00000, 0x0000000087f00000| Untracked 
| 128|0x0000000088000000, 0x0000000088000000, 0x0000000088100000|  0%| F|  |TAMS 0x0000000088000000, 0x0000000088000000| Untracked 
| 129|0x0000000088100000, 0x0000000088100000, 0x0000000088200000|  0%| F|  |TAMS 0x0000000088100000, 0x0000000088100000| Untracked 
| 130|0x0000000088200000, 0x0000000088200000, 0x0000000088300000|  0%| F|  |TAMS 0x0000000088200000, 0x0000000088200000| Untracked 
| 131|0x0000000088300000, 0x0000000088300000, 0x0000000088400000|  0%| F|  |TAMS 0x0000000088300000, 0x0000000088300000| Untracked 
| 132|0x0000000088400000, 0x0000000088400000, 0x0000000088500000|  0%| F|  |TAMS 0x0000000088400000, 0x0000000088400000| Untracked 
| 133|0x0000000088500000, 0x0000000088500000, 0x0000000088600000|  0%| F|  |TAMS 0x0000000088500000, 0x0000000088500000| Untracked 
| 134|0x0000000088600000, 0x0000000088600000, 0x0000000088700000|  0%| F|  |TAMS 0x0000000088600000, 0x0000000088600000| Untracked 
| 135|0x0000000088700000, 0x0000000088791fd0, 0x0000000088800000| 57%| S|CS|TAMS 0x0000000088700000, 0x0000000088700000| Complete 
| 136|0x0000000088800000, 0x0000000088900000, 0x0000000088900000|100%| S|CS|TAMS 0x0000000088800000, 0x0000000088800000| Complete 
| 137|0x0000000088900000, 0x0000000088a00000, 0x0000000088a00000|100%| S|CS|TAMS 0x0000000088900000, 0x0000000088900000| Complete 
| 138|0x0000000088a00000, 0x0000000088b00000, 0x0000000088b00000|100%| S|CS|TAMS 0x0000000088a00000, 0x0000000088a00000| Complete 
| 139|0x0000000088b00000, 0x0000000088c00000, 0x0000000088c00000|100%| S|CS|TAMS 0x0000000088b00000, 0x0000000088b00000| Complete 
| 140|0x0000000088c00000, 0x0000000088d00000, 0x0000000088d00000|100%| S|CS|TAMS 0x0000000088c00000, 0x0000000088c00000| Complete 
| 141|0x0000000088d00000, 0x0000000088e00000, 0x0000000088e00000|100%| S|CS|TAMS 0x0000000088d00000, 0x0000000088d00000| Complete 
| 142|0x0000000088e00000, 0x0000000088f00000, 0x0000000088f00000|100%| S|CS|TAMS 0x0000000088e00000, 0x0000000088e00000| Complete 
| 143|0x0000000088f00000, 0x0000000089000000, 0x0000000089000000|100%| S|CS|TAMS 0x0000000088f00000, 0x0000000088f00000| Complete 
| 144|0x0000000089000000, 0x0000000089100000, 0x0000000089100000|100%| S|CS|TAMS 0x0000000089000000, 0x0000000089000000| Complete 
| 145|0x0000000089100000, 0x0000000089200000, 0x0000000089200000|100%| S|CS|TAMS 0x0000000089100000, 0x0000000089100000| Complete 
| 146|0x0000000089200000, 0x0000000089200000, 0x0000000089300000|  0%| F|  |TAMS 0x0000000089200000, 0x0000000089200000| Untracked 
| 147|0x0000000089300000, 0x0000000089300000, 0x0000000089400000|  0%| F|  |TAMS 0x0000000089300000, 0x0000000089300000| Untracked 
| 148|0x0000000089400000, 0x0000000089400000, 0x0000000089500000|  0%| F|  |TAMS 0x0000000089400000, 0x0000000089400000| Untracked 
| 149|0x0000000089500000, 0x0000000089500000, 0x0000000089600000|  0%| F|  |TAMS 0x0000000089500000, 0x0000000089500000| Untracked 
| 150|0x0000000089600000, 0x0000000089600000, 0x0000000089700000|  0%| F|  |TAMS 0x0000000089600000, 0x0000000089600000| Untracked 
| 151|0x0000000089700000, 0x0000000089700000, 0x0000000089800000|  0%| F|  |TAMS 0x0000000089700000, 0x0000000089700000| Untracked 
| 152|0x0000000089800000, 0x0000000089800000, 0x0000000089900000|  0%| F|  |TAMS 0x0000000089800000, 0x0000000089800000| Untracked 
| 153|0x0000000089900000, 0x0000000089900000, 0x0000000089a00000|  0%| F|  |TAMS 0x0000000089900000, 0x0000000089900000| Untracked 
| 154|0x0000000089a00000, 0x0000000089a00000, 0x0000000089b00000|  0%| F|  |TAMS 0x0000000089a00000, 0x0000000089a00000| Untracked 
| 155|0x0000000089b00000, 0x0000000089b00000, 0x0000000089c00000|  0%| F|  |TAMS 0x0000000089b00000, 0x0000000089b00000| Untracked 
| 156|0x0000000089c00000, 0x0000000089c00000, 0x0000000089d00000|  0%| F|  |TAMS 0x0000000089c00000, 0x0000000089c00000| Untracked 
| 157|0x0000000089d00000, 0x0000000089d00000, 0x0000000089e00000|  0%| F|  |TAMS 0x0000000089d00000, 0x0000000089d00000| Untracked 
| 158|0x0000000089e00000, 0x0000000089e00000, 0x0000000089f00000|  0%| F|  |TAMS 0x0000000089e00000, 0x0000000089e00000| Untracked 
| 159|0x0000000089f00000, 0x0000000089f84440, 0x000000008a000000| 51%| E|  |TAMS 0x0000000089f00000, 0x0000000089f00000| Complete 
| 160|0x000000008a000000, 0x000000008a100000, 0x000000008a100000|100%| E|CS|TAMS 0x000000008a000000, 0x000000008a000000| Complete 
| 161|0x000000008a100000, 0x000000008a200000, 0x000000008a200000|100%| E|CS|TAMS 0x000000008a100000, 0x000000008a100000| Complete 
| 162|0x000000008a200000, 0x000000008a300000, 0x000000008a300000|100%| E|CS|TAMS 0x000000008a200000, 0x000000008a200000| Complete 
| 163|0x000000008a300000, 0x000000008a400000, 0x000000008a400000|100%| E|CS|TAMS 0x000000008a300000, 0x000000008a300000| Complete 
| 164|0x000000008a400000, 0x000000008a500000, 0x000000008a500000|100%| E|CS|TAMS 0x000000008a400000, 0x000000008a400000| Complete 
| 165|0x000000008a500000, 0x000000008a600000, 0x000000008a600000|100%| E|CS|TAMS 0x000000008a500000, 0x000000008a500000| Complete 
| 166|0x000000008a600000, 0x000000008a700000, 0x000000008a700000|100%| E|CS|TAMS 0x000000008a600000, 0x000000008a600000| Complete 
| 167|0x000000008a700000, 0x000000008a800000, 0x000000008a800000|100%| E|CS|TAMS 0x000000008a700000, 0x000000008a700000| Complete 
| 168|0x000000008a800000, 0x000000008a900000, 0x000000008a900000|100%| E|CS|TAMS 0x000000008a800000, 0x000000008a800000| Complete 
| 169|0x000000008a900000, 0x000000008aa00000, 0x000000008aa00000|100%| E|CS|TAMS 0x000000008a900000, 0x000000008a900000| Complete 
| 170|0x000000008aa00000, 0x000000008ab00000, 0x000000008ab00000|100%| E|CS|TAMS 0x000000008aa00000, 0x000000008aa00000| Complete 
| 171|0x000000008ab00000, 0x000000008ac00000, 0x000000008ac00000|100%| E|CS|TAMS 0x000000008ab00000, 0x000000008ab00000| Complete 
| 172|0x000000008ac00000, 0x000000008ad00000, 0x000000008ad00000|100%| E|CS|TAMS 0x000000008ac00000, 0x000000008ac00000| Complete 
| 173|0x000000008ad00000, 0x000000008ae00000, 0x000000008ae00000|100%| E|CS|TAMS 0x000000008ad00000, 0x000000008ad00000| Complete 
| 174|0x000000008ae00000, 0x000000008af00000, 0x000000008af00000|100%| E|CS|TAMS 0x000000008ae00000, 0x000000008ae00000| Complete 
| 175|0x000000008af00000, 0x000000008b000000, 0x000000008b000000|100%| E|CS|TAMS 0x000000008af00000, 0x000000008af00000| Complete 
| 176|0x000000008b000000, 0x000000008b100000, 0x000000008b100000|100%| E|CS|TAMS 0x000000008b000000, 0x000000008b000000| Complete 
| 177|0x000000008b100000, 0x000000008b200000, 0x000000008b200000|100%| E|CS|TAMS 0x000000008b100000, 0x000000008b100000| Complete 
| 178|0x000000008b200000, 0x000000008b300000, 0x000000008b300000|100%| E|CS|TAMS 0x000000008b200000, 0x000000008b200000| Complete 
| 179|0x000000008b300000, 0x000000008b400000, 0x000000008b400000|100%| E|CS|TAMS 0x000000008b300000, 0x000000008b300000| Complete 
| 180|0x000000008b400000, 0x000000008b500000, 0x000000008b500000|100%| E|CS|TAMS 0x000000008b400000, 0x000000008b400000| Complete 
| 181|0x000000008b500000, 0x000000008b600000, 0x000000008b600000|100%| E|CS|TAMS 0x000000008b500000, 0x000000008b500000| Complete 
| 182|0x000000008b600000, 0x000000008b700000, 0x000000008b700000|100%| E|CS|TAMS 0x000000008b600000, 0x000000008b600000| Complete 
| 183|0x000000008b700000, 0x000000008b800000, 0x000000008b800000|100%| E|CS|TAMS 0x000000008b700000, 0x000000008b700000| Complete 
| 184|0x000000008b800000, 0x000000008b900000, 0x000000008b900000|100%| E|CS|TAMS 0x000000008b800000, 0x000000008b800000| Complete 
| 185|0x000000008b900000, 0x000000008ba00000, 0x000000008ba00000|100%| E|CS|TAMS 0x000000008b900000, 0x000000008b900000| Complete 
| 186|0x000000008ba00000, 0x000000008bb00000, 0x000000008bb00000|100%| E|CS|TAMS 0x000000008ba00000, 0x000000008ba00000| Complete 
| 187|0x000000008bb00000, 0x000000008bc00000, 0x000000008bc00000|100%| E|CS|TAMS 0x000000008bb00000, 0x000000008bb00000| Complete 
| 188|0x000000008bc00000, 0x000000008bd00000, 0x000000008bd00000|100%| E|CS|TAMS 0x000000008bc00000, 0x000000008bc00000| Complete 
| 189|0x000000008bd00000, 0x000000008be00000, 0x000000008be00000|100%| E|CS|TAMS 0x000000008bd00000, 0x000000008bd00000| Complete 
| 190|0x000000008be00000, 0x000000008bf00000, 0x000000008bf00000|100%| E|CS|TAMS 0x000000008be00000, 0x000000008be00000| Complete 
| 191|0x000000008bf00000, 0x000000008c000000, 0x000000008c000000|100%| E|CS|TAMS 0x000000008bf00000, 0x000000008bf00000| Complete 
| 192|0x000000008c000000, 0x000000008c100000, 0x000000008c100000|100%| E|CS|TAMS 0x000000008c000000, 0x000000008c000000| Complete 
| 193|0x000000008c100000, 0x000000008c200000, 0x000000008c200000|100%| E|CS|TAMS 0x000000008c100000, 0x000000008c100000| Complete 
| 194|0x000000008c200000, 0x000000008c300000, 0x000000008c300000|100%| E|CS|TAMS 0x000000008c200000, 0x000000008c200000| Complete 
| 195|0x000000008c300000, 0x000000008c400000, 0x000000008c400000|100%| E|CS|TAMS 0x000000008c300000, 0x000000008c300000| Complete 
| 196|0x000000008c400000, 0x000000008c500000, 0x000000008c500000|100%| E|CS|TAMS 0x000000008c400000, 0x000000008c400000| Complete 
| 197|0x000000008c500000, 0x000000008c600000, 0x000000008c600000|100%| E|CS|TAMS 0x000000008c500000, 0x000000008c500000| Complete 
| 198|0x000000008c600000, 0x000000008c700000, 0x000000008c700000|100%| E|CS|TAMS 0x000000008c600000, 0x000000008c600000| Complete 
| 199|0x000000008c700000, 0x000000008c800000, 0x000000008c800000|100%| E|CS|TAMS 0x000000008c700000, 0x000000008c700000| Complete 
| 200|0x000000008c800000, 0x000000008c900000, 0x000000008c900000|100%| E|CS|TAMS 0x000000008c800000, 0x000000008c800000| Complete 
| 201|0x000000008c900000, 0x000000008ca00000, 0x000000008ca00000|100%| E|CS|TAMS 0x000000008c900000, 0x000000008c900000| Complete 
| 202|0x000000008ca00000, 0x000000008cb00000, 0x000000008cb00000|100%| E|CS|TAMS 0x000000008ca00000, 0x000000008ca00000| Complete 
| 203|0x000000008cb00000, 0x000000008cc00000, 0x000000008cc00000|100%| E|CS|TAMS 0x000000008cb00000, 0x000000008cb00000| Complete 
| 204|0x000000008cc00000, 0x000000008cd00000, 0x000000008cd00000|100%| E|CS|TAMS 0x000000008cc00000, 0x000000008cc00000| Complete 
| 205|0x000000008cd00000, 0x000000008ce00000, 0x000000008ce00000|100%| E|CS|TAMS 0x000000008cd00000, 0x000000008cd00000| Complete 
| 206|0x000000008ce00000, 0x000000008cf00000, 0x000000008cf00000|100%| E|CS|TAMS 0x000000008ce00000, 0x000000008ce00000| Complete 
| 207|0x000000008cf00000, 0x000000008d000000, 0x000000008d000000|100%| E|CS|TAMS 0x000000008cf00000, 0x000000008cf00000| Complete 
| 208|0x000000008d000000, 0x000000008d100000, 0x000000008d100000|100%| E|CS|TAMS 0x000000008d000000, 0x000000008d000000| Complete 
| 209|0x000000008d100000, 0x000000008d200000, 0x000000008d200000|100%| E|CS|TAMS 0x000000008d100000, 0x000000008d100000| Complete 
| 210|0x000000008d200000, 0x000000008d300000, 0x000000008d300000|100%| E|CS|TAMS 0x000000008d200000, 0x000000008d200000| Complete 
| 211|0x000000008d300000, 0x000000008d400000, 0x000000008d400000|100%| E|CS|TAMS 0x000000008d300000, 0x000000008d300000| Complete 
| 212|0x000000008d400000, 0x000000008d500000, 0x000000008d500000|100%| E|CS|TAMS 0x000000008d400000, 0x000000008d400000| Complete 
| 213|0x000000008d500000, 0x000000008d600000, 0x000000008d600000|100%| E|CS|TAMS 0x000000008d500000, 0x000000008d500000| Complete 
| 214|0x000000008d600000, 0x000000008d700000, 0x000000008d700000|100%| E|CS|TAMS 0x000000008d600000, 0x000000008d600000| Complete 
| 215|0x000000008d700000, 0x000000008d800000, 0x000000008d800000|100%| E|CS|TAMS 0x000000008d700000, 0x000000008d700000| Complete 
| 216|0x000000008d800000, 0x000000008d900000, 0x000000008d900000|100%| E|CS|TAMS 0x000000008d800000, 0x000000008d800000| Complete 
| 217|0x000000008d900000, 0x000000008da00000, 0x000000008da00000|100%| E|CS|TAMS 0x000000008d900000, 0x000000008d900000| Complete 
| 218|0x000000008da00000, 0x000000008db00000, 0x000000008db00000|100%| E|CS|TAMS 0x000000008da00000, 0x000000008da00000| Complete 
| 219|0x000000008db00000, 0x000000008dc00000, 0x000000008dc00000|100%| E|CS|TAMS 0x000000008db00000, 0x000000008db00000| Complete 
| 220|0x000000008dc00000, 0x000000008dd00000, 0x000000008dd00000|100%| E|CS|TAMS 0x000000008dc00000, 0x000000008dc00000| Complete 
| 221|0x000000008dd00000, 0x000000008de00000, 0x000000008de00000|100%| E|CS|TAMS 0x000000008dd00000, 0x000000008dd00000| Complete 
| 222|0x000000008de00000, 0x000000008df00000, 0x000000008df00000|100%| E|CS|TAMS 0x000000008de00000, 0x000000008de00000| Complete 
| 223|0x000000008df00000, 0x000000008e000000, 0x000000008e000000|100%| E|CS|TAMS 0x000000008df00000, 0x000000008df00000| Complete 
| 224|0x000000008e000000, 0x000000008e100000, 0x000000008e100000|100%| E|CS|TAMS 0x000000008e000000, 0x000000008e000000| Complete 
| 225|0x000000008e100000, 0x000000008e200000, 0x000000008e200000|100%| E|CS|TAMS 0x000000008e100000, 0x000000008e100000| Complete 
| 226|0x000000008e200000, 0x000000008e300000, 0x000000008e300000|100%| E|  |TAMS 0x000000008e200000, 0x000000008e200000| Complete 
| 227|0x000000008e300000, 0x000000008e400000, 0x000000008e400000|100%| E|CS|TAMS 0x000000008e300000, 0x000000008e300000| Complete 
| 228|0x000000008e400000, 0x000000008e500000, 0x000000008e500000|100%| E|CS|TAMS 0x000000008e400000, 0x000000008e400000| Complete 
| 229|0x000000008e500000, 0x000000008e600000, 0x000000008e600000|100%| E|CS|TAMS 0x000000008e500000, 0x000000008e500000| Complete 
| 230|0x000000008e600000, 0x000000008e700000, 0x000000008e700000|100%| E|CS|TAMS 0x000000008e600000, 0x000000008e600000| Complete 
| 231|0x000000008e700000, 0x000000008e800000, 0x000000008e800000|100%| E|CS|TAMS 0x000000008e700000, 0x000000008e700000| Complete 
| 232|0x000000008e800000, 0x000000008e900000, 0x000000008e900000|100%| E|CS|TAMS 0x000000008e800000, 0x000000008e800000| Complete 
| 233|0x000000008e900000, 0x000000008ea00000, 0x000000008ea00000|100%| E|CS|TAMS 0x000000008e900000, 0x000000008e900000| Complete 
| 234|0x000000008ea00000, 0x000000008eb00000, 0x000000008eb00000|100%| E|CS|TAMS 0x000000008ea00000, 0x000000008ea00000| Complete 
| 235|0x000000008eb00000, 0x000000008ec00000, 0x000000008ec00000|100%| E|CS|TAMS 0x000000008eb00000, 0x000000008eb00000| Complete 
| 236|0x000000008ec00000, 0x000000008ed00000, 0x000000008ed00000|100%| E|CS|TAMS 0x000000008ec00000, 0x000000008ec00000| Complete 
| 237|0x000000008ed00000, 0x000000008ee00000, 0x000000008ee00000|100%| E|CS|TAMS 0x000000008ed00000, 0x000000008ed00000| Complete 
| 238|0x000000008ee00000, 0x000000008ef00000, 0x000000008ef00000|100%| E|CS|TAMS 0x000000008ee00000, 0x000000008ee00000| Complete 
| 239|0x000000008ef00000, 0x000000008f000000, 0x000000008f000000|100%| E|CS|TAMS 0x000000008ef00000, 0x000000008ef00000| Complete 
| 240|0x000000008f000000, 0x000000008f100000, 0x000000008f100000|100%| E|CS|TAMS 0x000000008f000000, 0x000000008f000000| Complete 
| 241|0x000000008f100000, 0x000000008f200000, 0x000000008f200000|100%| E|CS|TAMS 0x000000008f100000, 0x000000008f100000| Complete 
| 242|0x000000008f200000, 0x000000008f300000, 0x000000008f300000|100%| E|CS|TAMS 0x000000008f200000, 0x000000008f200000| Complete 
| 243|0x000000008f300000, 0x000000008f400000, 0x000000008f400000|100%| E|CS|TAMS 0x000000008f300000, 0x000000008f300000| Complete 
| 244|0x000000008f400000, 0x000000008f500000, 0x000000008f500000|100%| E|CS|TAMS 0x000000008f400000, 0x000000008f400000| Complete 
| 245|0x000000008f500000, 0x000000008f600000, 0x000000008f600000|100%| E|CS|TAMS 0x000000008f500000, 0x000000008f500000| Complete 
| 246|0x000000008f600000, 0x000000008f700000, 0x000000008f700000|100%| E|CS|TAMS 0x000000008f600000, 0x000000008f600000| Complete 
| 247|0x000000008f700000, 0x000000008f800000, 0x000000008f800000|100%| E|CS|TAMS 0x000000008f700000, 0x000000008f700000| Complete 
| 248|0x000000008f800000, 0x000000008f900000, 0x000000008f900000|100%| E|CS|TAMS 0x000000008f800000, 0x000000008f800000| Complete 
| 249|0x000000008f900000, 0x000000008fa00000, 0x000000008fa00000|100%| E|CS|TAMS 0x000000008f900000, 0x000000008f900000| Complete 
| 250|0x000000008fa00000, 0x000000008fb00000, 0x000000008fb00000|100%| E|CS|TAMS 0x000000008fa00000, 0x000000008fa00000| Complete 
| 251|0x000000008fb00000, 0x000000008fc00000, 0x000000008fc00000|100%| E|CS|TAMS 0x000000008fb00000, 0x000000008fb00000| Complete 
| 252|0x000000008fc00000, 0x000000008fd00000, 0x000000008fd00000|100%| E|CS|TAMS 0x000000008fc00000, 0x000000008fc00000| Complete 
| 253|0x000000008fd00000, 0x000000008fe00000, 0x000000008fe00000|100%| E|CS|TAMS 0x000000008fd00000, 0x000000008fd00000| Complete 

Card table byte_map: [0x00000147c9810000,0x00000147c9c10000] _byte_map_base: 0x00000147c9410000

Marking Bits (Prev, Next): (CMBitMap*) 0x00000147b467c7d8, (CMBitMap*) 0x00000147b467c810
 Prev Bits: [0x00000147ca010000, 0x00000147cc010000)
 Next Bits: [0x00000147cc010000, 0x00000147ce010000)

Polling page: 0x00000147b5ec0000

Metaspace:

Usage:
  Non-class:     45.90 MB capacity,    45.11 MB ( 98%) used,   690.46 KB (  1%) free+waste,   120.50 KB ( <1%) overhead. 
      Class:      7.03 MB capacity,     6.57 MB ( 93%) used,   413.99 KB (  6%) free+waste,    57.44 KB ( <1%) overhead. 
       Both:     52.93 MB capacity,    51.68 MB ( 98%) used,     1.08 MB (  2%) free+waste,   177.94 KB ( <1%) overhead. 

Virtual space:
  Non-class space:       46.00 MB reserved,      46.00 MB (100%) committed 
      Class space:        1.00 GB reserved,       7.13 MB ( <1%) committed 
             Both:        1.04 GB reserved,      53.13 MB (  5%) committed 

Chunk freelists:
   Non-Class:  35.00 KB
       Class:  0 bytes
        Both:  35.00 KB

MaxMetaspaceSize: 17179869184.00 GB
CompressedClassSpaceSize: 1.00 GB

CodeHeap 'non-profiled nmethods': size=120000Kb used=2592Kb max_used=2592Kb free=117407Kb
 bounds [0x00000147c1250000, 0x00000147c14e0000, 0x00000147c8780000]
CodeHeap 'profiled nmethods': size=120000Kb used=9688Kb max_used=9688Kb free=110311Kb
 bounds [0x00000147b9d20000, 0x00000147ba6a0000, 0x00000147c1250000]
CodeHeap 'non-nmethods': size=5760Kb used=2212Kb max_used=2252Kb free=3548Kb
 bounds [0x00000147b9780000, 0x00000147b99f0000, 0x00000147b9d20000]
 total_blobs=5384 nmethods=4603 adapters=691
 compilation: enabled
              stopped_count=0, restarted_count=0
 full_count=0

Compilation events (20 events):
Event: 11.620 Thread 0x00000147d1604800 4796   !   3       org.gradle.cache.internal.DefaultCrossBuildInMemoryCacheFactory$AbstractCrossBuildInMemoryCache::get (65 bytes)
Event: 11.620 Thread 0x00000147d1604800 nmethod 4796 0x00000147ba672090 code [0x00000147ba672280, 0x00000147ba672858]
Event: 11.620 Thread 0x00000147d1604800 4803       3       com.google.common.base.Equivalence$Equals::doEquivalent (6 bytes)
Event: 11.620 Thread 0x00000147d1604800 nmethod 4803 0x00000147ba672b10 code [0x00000147ba672cc0, 0x00000147ba672e88]
Event: 11.622 Thread 0x00000147d1604800 4804       3       com.google.common.collect.ImmutableMap::copyOf (38 bytes)
Event: 11.623 Thread 0x00000147d1604800 nmethod 4804 0x00000147ba672f90 code [0x00000147ba673180, 0x00000147ba6737a8]
Event: 11.623 Thread 0x00000147d1604800 4805       3       org.gradle.internal.dispatch.ProxyDispatchAdapter$DispatchingInvocationHandler::invoke (184 bytes)
Event: 11.628 Thread 0x00000147d15fb000 4814   !   4       com.google.common.reflect.TypeVisitor::visit (225 bytes)
Event: 11.629 Thread 0x00000147d1604800 nmethod 4805 0x00000147ba673910 code [0x00000147ba673e00, 0x00000147ba6764f8]
Event: 11.629 Thread 0x00000147d1604800 4810       3       org.gradle.api.internal.provider.AbstractMinimalProvider::getOrNull (13 bytes)
Event: 11.629 Thread 0x00000147d1604800 nmethod 4810 0x00000147ba677190 code [0x00000147ba677360, 0x00000147ba6775d8]
Event: 11.629 Thread 0x00000147d1604800 4811       3       com.google.common.reflect.TypeToken::of (9 bytes)
Event: 11.630 Thread 0x00000147d1604800 nmethod 4811 0x00000147ba677690 code [0x00000147ba6778a0, 0x00000147ba677e68]
Event: 11.630 Thread 0x00000147d1604800 4812       3       org.gradle.api.internal.provider.AbstractProperty::getDisplayName (16 bytes)
Event: 11.630 Thread 0x00000147d1604800 nmethod 4812 0x00000147ba678090 code [0x00000147ba678240, 0x00000147ba678398]
Event: 11.630 Thread 0x00000147d1604800 4813       3       org.gradle.internal.snapshot.impl.DefaultValueSnapshotter$IsolatableVisitor::managedValue (10 bytes)
Event: 11.630 Thread 0x00000147d1604800 nmethod 4813 0x00000147ba678410 code [0x00000147ba678620, 0x00000147ba678d68]
Event: 11.630 Thread 0x00000147d1604800 4809       3       org.gradle.api.internal.provider.Providers::internal (8 bytes)
Event: 11.631 Thread 0x00000147d1604800 nmethod 4809 0x00000147ba679010 code [0x00000147ba6791c0, 0x00000147ba6793f8]
Event: 11.631 Thread 0x00000147d1604800 4807       3       com.google.common.collect.ImmutableCollection::toArray (67 bytes)

GC Heap History (10 events):
Event: 1.416 GC heap before
{Heap before GC invocations=0 (full 0):
 garbage-first heap   total 260096K, used 29696K [0x0000000080000000, 0x0000000100000000)
  region size 1024K, 24 young (24576K), 0 survivors (0K)
 Metaspace       used 10388K, capacity 10580K, committed 10752K, reserved 1058816K
  class space    used 1098K, capacity 1164K, committed 1280K, reserved 1048576K
}
Event: 1.422 GC heap after
{Heap after GC invocations=1 (full 0):
 garbage-first heap   total 260096K, used 8569K [0x0000000080000000, 0x0000000100000000)
  region size 1024K, 3 young (3072K), 3 survivors (3072K)
 Metaspace       used 10388K, capacity 10580K, committed 10752K, reserved 1058816K
  class space    used 1098K, capacity 1164K, committed 1280K, reserved 1048576K
}
Event: 5.220 GC heap before
{Heap before GC invocations=1 (full 0):
 garbage-first heap   total 260096K, used 92537K [0x0000000080000000, 0x0000000100000000)
  region size 1024K, 87 young (89088K), 3 survivors (3072K)
 Metaspace       used 20623K, capacity 21109K, committed 21248K, reserved 1067008K
  class space    used 2532K, capacity 2710K, committed 2816K, reserved 1048576K
}
Event: 5.234 GC heap after
{Heap after GC invocations=2 (full 0):
 garbage-first heap   total 260096K, used 16149K [0x0000000080000000, 0x0000000100000000)
  region size 1024K, 11 young (11264K), 11 survivors (11264K)
 Metaspace       used 20623K, capacity 21109K, committed 21248K, reserved 1067008K
  class space    used 2532K, capacity 2710K, committed 2816K, reserved 1048576K
}
Event: 5.623 GC heap before
{Heap before GC invocations=3 (full 0):
 garbage-first heap   total 260096K, used 36629K [0x0000000080000000, 0x0000000100000000)
  region size 1024K, 31 young (31744K), 11 survivors (11264K)
 Metaspace       used 22488K, capacity 23032K, committed 23168K, reserved 1069056K
  class space    used 2884K, capacity 3076K, committed 3200K, reserved 1048576K
}
Event: 5.631 GC heap after
{Heap after GC invocations=4 (full 0):
 garbage-first heap   total 260096K, used 17433K [0x0000000080000000, 0x0000000100000000)
  region size 1024K, 2 young (2048K), 2 survivors (2048K)
 Metaspace       used 22488K, capacity 23032K, committed 23168K, reserved 1069056K
  class space    used 2884K, capacity 3076K, committed 3200K, reserved 1048576K
}
Event: 7.506 GC heap before
{Heap before GC invocations=4 (full 0):
 garbage-first heap   total 260096K, used 94233K [0x0000000080000000, 0x0000000100000000)
  region size 1024K, 79 young (80896K), 2 survivors (2048K)
 Metaspace       used 35082K, capacity 35741K, committed 35840K, reserved 1081344K
  class space    used 4563K, capacity 4824K, committed 4864K, reserved 1048576K
}
Event: 7.521 GC heap after
{Heap after GC invocations=5 (full 0):
 garbage-first heap   total 260096K, used 21459K [0x0000000080000000, 0x0000000100000000)
  region size 1024K, 6 young (6144K), 6 survivors (6144K)
 Metaspace       used 35082K, capacity 35741K, committed 35840K, reserved 1081344K
  class space    used 4563K, capacity 4824K, committed 4864K, reserved 1048576K
}
Event: 9.773 GC heap before
{Heap before GC invocations=6 (full 0):
 garbage-first heap   total 260096K, used 128979K [0x0000000080000000, 0x0000000100000000)
  region size 1024K, 108 young (110592K), 6 survivors (6144K)
 Metaspace       used 44093K, capacity 45132K, committed 45312K, reserved 1089536K
  class space    used 5669K, capacity 6034K, committed 6144K, reserved 1048576K
}
Event: 9.784 GC heap after
{Heap after GC invocations=7 (full 0):
 garbage-first heap   total 260096K, used 26913K [0x0000000080000000, 0x0000000100000000)
  region size 1024K, 11 young (11264K), 11 survivors (11264K)
 Metaspace       used 44093K, capacity 45132K, committed 45312K, reserved 1089536K
  class space    used 5669K, capacity 6034K, committed 6144K, reserved 1048576K
}

Deoptimization events (20 events):
Event: 11.014 Thread 0x00000147d325d800 DEOPT PACKING pc=0x00000147c144203c sp=0x000000251a9f5270
Event: 11.014 Thread 0x00000147d325d800 DEOPT UNPACKING pc=0x00000147b97a74af sp=0x000000251a9f5270 mode 2
Event: 11.015 Thread 0x00000147d325d800 DEOPT PACKING pc=0x00000147ba576562 sp=0x000000251a9f2920
Event: 11.015 Thread 0x00000147d325d800 DEOPT UNPACKING pc=0x00000147b97a72ce sp=0x000000251a9f1db0 mode 0
Event: 11.308 Thread 0x00000147d325d800 DEOPT PACKING pc=0x00000147b9f99317 sp=0x000000251a9f66a0
Event: 11.308 Thread 0x00000147d325d800 DEOPT UNPACKING pc=0x00000147b97a72ce sp=0x000000251a9f5c28 mode 0
Event: 11.313 Thread 0x00000147d325d800 DEOPT PACKING pc=0x00000147b9f99317 sp=0x000000251a9f6880
Event: 11.313 Thread 0x00000147d325d800 DEOPT UNPACKING pc=0x00000147b97a72ce sp=0x000000251a9f5e08 mode 0
Event: 11.318 Thread 0x00000147d325d800 DEOPT PACKING pc=0x00000147b9f99317 sp=0x000000251a9f6680
Event: 11.318 Thread 0x00000147d325d800 DEOPT UNPACKING pc=0x00000147b97a72ce sp=0x000000251a9f5c08 mode 0
Event: 11.323 Thread 0x00000147d325d800 DEOPT PACKING pc=0x00000147b9f99317 sp=0x000000251a9f6680
Event: 11.323 Thread 0x00000147d325d800 DEOPT UNPACKING pc=0x00000147b97a72ce sp=0x000000251a9f5c08 mode 0
Event: 11.327 Thread 0x00000147d325d800 DEOPT PACKING pc=0x00000147b9f99317 sp=0x000000251a9f6870
Event: 11.327 Thread 0x00000147d325d800 DEOPT UNPACKING pc=0x00000147b97a72ce sp=0x000000251a9f5df8 mode 0
Event: 11.331 Thread 0x00000147d325d800 DEOPT PACKING pc=0x00000147b9f99317 sp=0x000000251a9f6760
Event: 11.331 Thread 0x00000147d325d800 DEOPT UNPACKING pc=0x00000147b97a72ce sp=0x000000251a9f5ce8 mode 0
Event: 11.487 Thread 0x00000147d325d800 Uncommon trap: trap_request=0xffffffc6 fr.pc=0x00000147c13a9644 relative=0x0000000000003a04
Event: 11.487 Thread 0x00000147d325d800 Uncommon trap: reason=bimorphic_or_optimized_type_check action=maybe_recompile pc=0x00000147c13a9644 method=java.util.AbstractCollection.addAll(Ljava/util/Collection;)Z @ 29 c2
Event: 11.487 Thread 0x00000147d325d800 DEOPT PACKING pc=0x00000147c13a9644 sp=0x000000251a9f8580
Event: 11.487 Thread 0x00000147d325d800 DEOPT UNPACKING pc=0x00000147b97a74af sp=0x000000251a9f8580 mode 2

Classes redefined (0 events):
No events

Internal exceptions (20 events):
Event: 10.281 Thread 0x00000147d4de4800 Exception <a 'java/lang/NoSuchMethodError'{0x000000008d516f48}: <clinit>> (0x000000008d516f48) thrown at [./src/hotspot/share/prims/jni.cpp, line 1362]
Event: 10.281 Thread 0x00000147d4de4800 Exception <a 'java/lang/NoSuchMethodError'{0x000000008d518058}: <clinit>> (0x000000008d518058) thrown at [./src/hotspot/share/prims/jni.cpp, line 1362]
Event: 10.281 Thread 0x00000147d4de4800 Exception <a 'java/lang/NoSuchMethodError'{0x000000008d519360}: <clinit>> (0x000000008d519360) thrown at [./src/hotspot/share/prims/jni.cpp, line 1362]
Event: 10.281 Thread 0x00000147d4de4800 Exception <a 'java/lang/NoSuchMethodError'{0x000000008d51a380}: <clinit>> (0x000000008d51a380) thrown at [./src/hotspot/share/prims/jni.cpp, line 1362]
Event: 10.282 Thread 0x00000147d4de4800 Exception <a 'java/lang/NoSuchMethodError'{0x000000008d524168}: <clinit>> (0x000000008d524168) thrown at [./src/hotspot/share/prims/jni.cpp, line 1362]
Event: 10.284 Thread 0x00000147d4de4800 Exception <a 'java/lang/NoSuchMethodError'{0x000000008d52e380}: <clinit>> (0x000000008d52e380) thrown at [./src/hotspot/share/prims/jni.cpp, line 1362]
Event: 10.287 Thread 0x00000147d4de4800 Exception <a 'java/lang/NoSuchMethodError'{0x000000008d541eb8}: <clinit>> (0x000000008d541eb8) thrown at [./src/hotspot/share/prims/jni.cpp, line 1362]
Event: 10.296 Thread 0x00000147d325d800 Exception <a 'java/lang/ClassNotFoundException'{0x000000008d59e728}: build_1yj3lagx6ofrdymdpi85aanv1BeanInfo> (0x000000008d59e728) thrown at [./src/hotspot/share/classfile/systemDictionary.cpp, line 231]
Event: 10.296 Thread 0x00000147d325d800 Exception <a 'java/lang/ClassNotFoundException'{0x000000008d5a7530}: build_1yj3lagx6ofrdymdpi85aanv1Customizer> (0x000000008d5a7530) thrown at [./src/hotspot/share/classfile/systemDictionary.cpp, line 231]
Event: 10.304 Thread 0x00000147d325d800 Exception <a 'java/lang/ClassNotFoundException'{0x000000008d416b70}: org/gradle/plugin/use/internal/PluginRequestCollector$PluginDependenciesSpecImplBeanInfo> (0x000000008d416b70) thrown at [./src/hotspot/share/classfile/systemDictionary.cpp, line 231]
Event: 10.305 Thread 0x00000147d325d800 Exception <a 'java/lang/ClassNotFoundException'{0x000000008d43c8e0}: org/gradle/plugin/use/internal/PluginRequestCollector$PluginDependenciesSpecImplCustomizer> (0x000000008d43c8e0) thrown at [./src/hotspot/share/classfile/systemDictionary.cpp, line 231]
Event: 10.313 Thread 0x00000147d325d800 Exception <a 'java/lang/NoSuchMethodError'{0x000000008d4b29f8}: 'void java.lang.invoke.DirectMethodHandle$Holder.invokeInterface(java.lang.Object, java.lang.Object)'> (0x000000008d4b29f8) thrown at [./src/hotspot/share/interpreter/linkResolver.cpp, line 773]
Event: 10.355 Thread 0x00000147d325d800 Exception <a 'java/lang/ClassNotFoundException'{0x000000008d2f5d38}: org/gradle/api/internal/plugins/DefaultObjectConfigurationActionBeanInfo> (0x000000008d2f5d38) thrown at [./src/hotspot/share/classfile/systemDictionary.cpp, line 231]
Event: 10.357 Thread 0x00000147d325d800 Exception <a 'java/lang/ClassNotFoundException'{0x000000008d122198}: org/gradle/api/internal/plugins/DefaultObjectConfigurationActionCustomizer> (0x000000008d122198) thrown at [./src/hotspot/share/classfile/systemDictionary.cpp, line 231]
Event: 10.533 Thread 0x00000147d325d800 Exception <a 'java/lang/NoSuchMethodError'{0x000000008c9f2568}: 'java.lang.Object java.lang.invoke.DirectMethodHandle$Holder.invokeStatic(java.lang.Object, java.lang.Object, java.lang.Object, java.lang.Object, int)'> (0x000000008c9f2568) thrown at [./src/hotspot/share/interpreter/linkResolver.cpp, line 773]
Event: 10.533 Thread 0x00000147d325d800 Exception <a 'java/lang/NoSuchMethodError'{0x000000008c9f6f60}: 'java.lang.Object java.lang.invoke.DirectMethodHandle$Holder.invokeSpecial(java.lang.Object, java.lang.Object, java.lang.Object, java.lang.Object, java.lang.Object, int)'> (0x000000008c9f6f60) thrown at [./src/hotspot/share/interpreter/linkResolver.cpp, line 773]
Event: 10.534 Thread 0x00000147d325d800 Exception <a 'java/lang/NoSuchMethodError'{0x000000008c9fb5a0}: 'java.lang.Object java.lang.invoke.Invokers$Holder.linkToTargetMethod(java.lang.Object, java.lang.Object, java.lang.Object, int, java.lang.Object)'> (0x000000008c9fb5a0) thrown at [./src/hotspot/share/interpreter/linkResolver.cpp, line 773]
Event: 10.996 Thread 0x00000147d325d800 Exception <a 'java/lang/NoSuchMethodError'{0x000000008b516850}: 'java.lang.Object java.lang.invoke.DirectMethodHandle$Holder.invokeSpecial(java.lang.Object, java.lang.Object, int, int, java.lang.Object, java.lang.Object, java.lang.Object)'> (0x000000008b516850) thrown at [./src/hotspot/share/interpreter/linkResolver.cpp, line 773]
Event: 10.997 Thread 0x00000147d325d800 Exception <a 'java/lang/NoSuchMethodError'{0x000000008b51add0}: 'java.lang.Object java.lang.invoke.DelegatingMethodHandle$Holder.reinvoke_L(java.lang.Object, int, int, java.lang.Object, java.lang.Object, java.lang.Object)'> (0x000000008b51add0) thrown at [./src/hotspot/share/interpreter/linkResolver.cpp, line 773]
Event: 11.441 Thread 0x00000147d325d800 Exception <a 'java/lang/NoSuchMethodError'{0x000000008a99d2a8}: 'int java.lang.invoke.DirectMethodHandle$Holder.invokeInterface(java.lang.Object, java.lang.Object, java.lang.Object, java.lang.Object)'> (0x000000008a99d2a8) thrown at [./src/hotspot/share/interpreter/linkResolver.cpp, line 773]

Events (20 events):
Event: 11.611 loading class com/android/tools/build/gradle/internal/profile/OptionalBooleanOption$1
Event: 11.611 loading class com/android/tools/build/gradle/internal/profile/OptionalBooleanOption$1 done
Event: 11.616 loading class com/google/wireless/android/sdk/stats/GradleProjectOptionsSettings$Builder
Event: 11.616 loading class com/google/wireless/android/sdk/stats/GradleProjectOptionsSettings$Builder done
Event: 11.616 loading class com/android/build/gradle/options/IntegerOption
Event: 11.616 loading class com/android/build/gradle/options/IntegerOption done
Event: 11.616 loading class com/google/wireless/android/sdk/stats/GradleProjectOptionsSettings$Builder
Event: 11.616 loading class com/google/wireless/android/sdk/stats/GradleProjectOptionsSettings$Builder done
Event: 11.617 loading class com/google/wireless/android/sdk/stats/GradleIntegerOptionEntry$1
Event: 11.617 loading class com/google/wireless/android/sdk/stats/GradleIntegerOptionEntry$1 done
Event: 11.618 loading class com/google/wireless/android/sdk/stats/GradleIntegerOptionEntry$Builder
Event: 11.618 loading class com/google/wireless/android/sdk/stats/GradleIntegerOptionEntry$Builder done
Event: 11.620 loading class com/android/tools/build/gradle/internal/profile/IntegerOption
Event: 11.620 loading class com/android/tools/build/gradle/internal/profile/IntegerOption done
Event: 11.621 loading class com/android/tools/build/gradle/internal/profile/IntegerOption$1
Event: 11.621 loading class com/android/tools/build/gradle/internal/profile/IntegerOption$1 done
Event: 11.628 loading class com/android/tools/build/gradle/internal/profile/StringOption
Event: 11.628 loading class com/android/tools/build/gradle/internal/profile/StringOption done
Event: 11.630 loading class com/android/tools/build/gradle/internal/profile/StringOption$1
Event: 11.630 loading class com/android/tools/build/gradle/internal/profile/StringOption$1 done


Dynamic libraries:
0x00007ff649930000 - 0x00007ff64993a000 	C:\Program Files\Android\Android Studio\jre\bin\java.exe
0x00007ffb7e020000 - 0x00007ffb7e227000 	C:\WINDOWS\SYSTEM32\ntdll.dll
0x00007ffb7cb90000 - 0x00007ffb7cc4d000 	C:\WINDOWS\System32\KERNEL32.DLL
0x00007ffb7b9d0000 - 0x00007ffb7bd42000 	C:\WINDOWS\System32\KERNELBASE.dll
0x00007ffb787b0000 - 0x00007ffb78842000 	C:\WINDOWS\SYSTEM32\apphelp.dll
0x00007ffb7b8b0000 - 0x00007ffb7b9c1000 	C:\WINDOWS\System32\ucrtbase.dll
0x00007ffb73470000 - 0x00007ffb73487000 	C:\Program Files\Android\Android Studio\jre\bin\VCRUNTIME140.dll
0x00007ffb72930000 - 0x00007ffb72949000 	C:\Program Files\Android\Android Studio\jre\bin\jli.dll
0x00007ffb7c3a0000 - 0x00007ffb7c54c000 	C:\WINDOWS\System32\USER32.dll
0x00007ffb5cdd0000 - 0x00007ffb5d075000 	C:\WINDOWS\WinSxS\amd64_microsoft.windows.common-controls_6595b64144ccf1df_6.0.21390.1_none_71fe35e189dc7366\COMCTL32.dll
0x00007ffb7b880000 - 0x00007ffb7b8a6000 	C:\WINDOWS\System32\win32u.dll
0x00007ffb7def0000 - 0x00007ffb7df93000 	C:\WINDOWS\System32\msvcrt.dll
0x00007ffb7c730000 - 0x00007ffb7c759000 	C:\WINDOWS\System32\GDI32.dll
0x00007ffb7b760000 - 0x00007ffb7b872000 	C:\WINDOWS\System32\gdi32full.dll
0x00007ffb7b550000 - 0x00007ffb7b5ed000 	C:\WINDOWS\System32\msvcp_win.dll
0x00007ffb7dd30000 - 0x00007ffb7dd61000 	C:\WINDOWS\System32\IMM32.DLL
0x00007ffb343d0000 - 0x00007ffb3446d000 	C:\Program Files\Android\Android Studio\jre\bin\msvcp140.dll
0x00007ffb07e30000 - 0x00007ffb088ec000 	C:\Program Files\Android\Android Studio\jre\bin\server\jvm.dll
0x00007ffb7ddd0000 - 0x00007ffb7de7c000 	C:\WINDOWS\System32\ADVAPI32.dll
0x00007ffb7c760000 - 0x00007ffb7c7fd000 	C:\WINDOWS\System32\sechost.dll
0x00007ffb7c270000 - 0x00007ffb7c391000 	C:\WINDOWS\System32\RPCRT4.dll
0x00007ffb7c1e0000 - 0x00007ffb7c1e8000 	C:\WINDOWS\System32\PSAPI.DLL
0x00007ffb733c0000 - 0x00007ffb733f1000 	C:\WINDOWS\SYSTEM32\WINMM.dll
0x00007ffb744c0000 - 0x00007ffb744ca000 	C:\WINDOWS\SYSTEM32\VERSION.dll
0x00007ffb71170000 - 0x00007ffb71179000 	C:\WINDOWS\SYSTEM32\WSOCK32.dll
0x00007ffb7c170000 - 0x00007ffb7c1df000 	C:\WINDOWS\System32\WS2_32.dll
0x00007ffb7a730000 - 0x00007ffb7a747000 	C:\WINDOWS\SYSTEM32\kernel.appcore.dll
0x00007ffb5ef00000 - 0x00007ffb5ef11000 	C:\Program Files\Android\Android Studio\jre\bin\verify.dll
0x00007ffb79080000 - 0x00007ffb792a1000 	C:\WINDOWS\SYSTEM32\DBGHELP.DLL
0x00007ffb6a410000 - 0x00007ffb6a441000 	C:\WINDOWS\SYSTEM32\dbgcore.DLL
0x00007ffb7bdc0000 - 0x00007ffb7be40000 	C:\WINDOWS\System32\bcryptPrimitives.dll
0x00007ffb58800000 - 0x00007ffb58829000 	C:\Program Files\Android\Android Studio\jre\bin\java.dll
0x00007ffb69f70000 - 0x00007ffb69f7b000 	C:\Program Files\Android\Android Studio\jre\bin\jimage.dll
0x00007ffb587e0000 - 0x00007ffb587f8000 	C:\Program Files\Android\Android Studio\jre\bin\zip.dll
0x00007ffb7cdc0000 - 0x00007ffb7d512000 	C:\WINDOWS\System32\SHELL32.dll
0x00007ffb796e0000 - 0x00007ffb79f38000 	C:\WINDOWS\SYSTEM32\windows.storage.dll
0x00007ffb7c810000 - 0x00007ffb7cb85000 	C:\WINDOWS\System32\combase.dll
0x00007ffb79570000 - 0x00007ffb796d6000 	C:\WINDOWS\SYSTEM32\wintypes.dll
0x00007ffb7d720000 - 0x00007ffb7d80a000 	C:\WINDOWS\System32\SHCORE.dll
0x00007ffb7d520000 - 0x00007ffb7d57d000 	C:\WINDOWS\System32\shlwapi.dll
0x00007ffb7b480000 - 0x00007ffb7b4a1000 	C:\WINDOWS\SYSTEM32\profapi.dll
0x00007ffb572c0000 - 0x00007ffb572da000 	C:\Program Files\Android\Android Studio\jre\bin\net.dll
0x00007ffb73cf0000 - 0x00007ffb73dfc000 	C:\WINDOWS\SYSTEM32\WINHTTP.dll
0x00007ffb7ab30000 - 0x00007ffb7ab97000 	C:\WINDOWS\system32\mswsock.dll
0x00007ffb52680000 - 0x00007ffb52694000 	C:\Program Files\Android\Android Studio\jre\bin\nio.dll
0x00007ffb332b0000 - 0x00007ffb332d7000 	C:\Users\sakri\.gradle\native\fdc75f09e3144964f2cf3f50f0aa648679c211496f362492102eb8c894070792\windows-amd64\native-platform.dll
0x00007ffb2eac0000 - 0x00007ffb2ec56000 	C:\Users\sakri\.gradle\native\12488b8bf47d2d4c9fbf2f6322a914ad602e24e48041cd04a747c6da556b65c4\windows-amd64\native-platform-file-events.dll
0x00007ffb62dc0000 - 0x00007ffb62dca000 	C:\Program Files\Android\Android Studio\jre\bin\management.dll
0x00007ffb62ce0000 - 0x00007ffb62cec000 	C:\Program Files\Android\Android Studio\jre\bin\management_ext.dll
0x00007ffb7ae00000 - 0x00007ffb7ae18000 	C:\WINDOWS\SYSTEM32\CRYPTSP.dll
0x00007ffb7a690000 - 0x00007ffb7a6c5000 	C:\WINDOWS\system32\rsaenh.dll
0x00007ffb7abd0000 - 0x00007ffb7abf9000 	C:\WINDOWS\SYSTEM32\USERENV.dll
0x00007ffb7af40000 - 0x00007ffb7af67000 	C:\WINDOWS\SYSTEM32\bcrypt.dll
0x00007ffb7ad20000 - 0x00007ffb7ad2c000 	C:\WINDOWS\SYSTEM32\CRYPTBASE.dll
0x00007ffb7a1f0000 - 0x00007ffb7a21d000 	C:\WINDOWS\SYSTEM32\IPHLPAPI.DLL
0x00007ffb7c800000 - 0x00007ffb7c809000 	C:\WINDOWS\System32\NSI.dll
0x00007ffb73870000 - 0x00007ffb73889000 	C:\WINDOWS\SYSTEM32\dhcpcsvc6.DLL
0x00007ffb73990000 - 0x00007ffb739ae000 	C:\WINDOWS\SYSTEM32\dhcpcsvc.DLL
0x00007ffb7a220000 - 0x00007ffb7a305000 	C:\WINDOWS\SYSTEM32\DNSAPI.dll
0x00007ffb75570000 - 0x00007ffb7557c000 	C:\WINDOWS\SYSTEM32\WINNSI.DLL

dbghelp: loaded successfully - version: 4.0.5 - missing functions: none
symbol engine: initialized successfully - sym options: 0x614 - pdb path: .;C:\Program Files\Android\Android Studio\jre\bin;C:\WINDOWS\SYSTEM32;C:\WINDOWS\WinSxS\amd64_microsoft.windows.common-controls_6595b64144ccf1df_6.0.21390.1_none_71fe35e189dc7366;C:\Program Files\Android\Android Studio\jre\bin\server;C:\Users\sakri\.gradle\native\fdc75f09e3144964f2cf3f50f0aa648679c211496f362492102eb8c894070792\windows-amd64;C:\Users\sakri\.gradle\native\12488b8bf47d2d4c9fbf2f6322a914ad602e24e48041cd04a747c6da556b65c4\windows-amd64

VM Arguments:
jvm_args: --add-opens=java.base/java.util=ALL-UNNAMED --add-opens=java.base/java.lang=ALL-UNNAMED --add-opens=java.base/java.lang.invoke=ALL-UNNAMED --add-opens=java.prefs/java.util.prefs=ALL-UNNAMED -Xmx2048m -Dfile.encoding=UTF-8 -Duser.country=US -Duser.language=en -Duser.variant 
java_command: org.gradle.launcher.daemon.bootstrap.GradleDaemon 6.7.1
java_class_path (initial): C:\Users\sakri\.gradle\wrapper\dists\gradle-6.7.1-all\2moa8rlfac5eqlcfgk98k0deb\gradle-6.7.1\lib\gradle-launcher-6.7.1.jar
Launcher Type: SUN_STANDARD

[Global flags]
     intx CICompilerCount                          = 4                                         {product} {ergonomic}
     uint ConcGCThreads                            = 3                                         {product} {ergonomic}
     uint G1ConcRefinementThreads                  = 10                                        {product} {ergonomic}
   size_t G1HeapRegionSize                         = 1048576                                   {product} {ergonomic}
    uintx GCDrainStackTargetSize                   = 64                                        {product} {ergonomic}
   size_t InitialHeapSize                          = 266338304                                 {product} {ergonomic}
   size_t MarkStackSize                            = 4194304                                   {product} {ergonomic}
   size_t MaxHeapSize                              = 2147483648                                {product} {command line}
   size_t MaxNewSize                               = 1287651328                                {product} {ergonomic}
   size_t MinHeapDeltaBytes                        = 1048576                                   {product} {ergonomic}
    uintx NonNMethodCodeHeapSize                   = 5836300                                {pd product} {ergonomic}
    uintx NonProfiledCodeHeapSize                  = 122910970                              {pd product} {ergonomic}
    uintx ProfiledCodeHeapSize                     = 122910970                              {pd product} {ergonomic}
    uintx ReservedCodeCacheSize                    = 251658240                              {pd product} {ergonomic}
     bool SegmentedCodeCache                       = true                                      {product} {ergonomic}
     bool UseCompressedClassPointers               = true                                 {lp64_product} {ergonomic}
     bool UseCompressedOops                        = true                                 {lp64_product} {ergonomic}
     bool UseG1GC                                  = true                                      {product} {ergonomic}
     bool UseLargePagesIndividualAllocation        = false                                  {pd product} {ergonomic}

Logging:
Log output configuration:
 #0: stdout all=warning uptime,level,tags
 #1: stderr all=off uptime,level,tags

Environment Variables:
PATH=C:\Program Files\AdoptOpenJDK\jdk-11.0.10.9-hotspot\bin;C:\Python39\Scripts\;C:\Python39\;C:\Users\sakri\Downloads\WINDOWS.X64_193000_db_home\bin;C:\Program Files (x86)\Common Files\Intel\Shared Libraries\redist\intel64\compiler;C:\Windows\system32;C:\Windows;C:\Windows\System32\Wbem;C:\Windows\System32\WindowsPowerShell\v1.0\;C:\Windows\System32\OpenSSH\;C:\Program Files\NVIDIA Corporation\NVIDIA NvDLISR;C:\Program Files (x86)\NVIDIA Corporation\PhysX\Common;C:\Program Files\dotnet\;C:\WINDOWS\system32;C:\WINDOWS;C:\WINDOWS\System32\Wbem;C:\WINDOWS\System32\WindowsPowerShell\v1.0\;C:\WINDOWS\System32\OpenSSH\;C:\xampp\php;C:\ProgramData\ComposerSetup\bin;C:\ProgramData\chocolatey\bin;C:\Program Files\nodejs\;C:\Program Files\Git\cmd;C:\Users\sakri\AppData\Local\Microsoft\WindowsApps;C:\Users\sakri\AppData\Local\Programs\Microsoft VS Code\bin;C:\Users\sakri\AppData\Local\GitHubDesktop\bin;C:\Users\sakri\.dotnet\tools;C:\Users\sakri\AppData\Local\Microsoft\WindowsApps;C:\Users\sakri\AppData\Roaming\Composer\vendor\bin;C:\Users\sakri\AppData\Roaming\npm;
USERNAME=sakri
OS=Windows_NT
PROCESSOR_IDENTIFIER=Intel64 Family 6 Model 158 Stepping 10, GenuineIntel



---------------  S Y S T E M  ---------------

OS: Windows 10 , 64 bit Build 21390 (10.0.21390.1)
OS uptime: 0 days 23:32 hours
HyperV virtualization detected

CPU:total 12 (initial active 12) (6 cores per cpu, 2 threads per core) family 6 model 158 stepping 10, cmov, cx8, fxsr, mmx, sse, sse2, sse3, ssse3, sse4.1, sse4.2, popcnt, avx, avx2, aes, clmul, erms, 3dnowpref, lzcnt, ht, tsc, tscinvbit, bmi1, bmi2, adx, fma

Memory: 4k page, system-wide physical 16196M (3585M free)
TotalPageFile size 65348M (AvailPageFile size 5M)
current process WorkingSet (physical memory assigned to process): 320M, peak: 324M
current process commit charge ("private bytes"): 481M, peak: 486M

vm_info: OpenJDK 64-Bit Server VM (11.0.8+10-b944.6842174) for windows-amd64 JRE (11.0.8+10-b944.6842174), built on Sep 19 2020 01:11:42 by "builder" with MS VC++ 14.0 (VS2015)

END.
