#
# There is insufficient memory for the Java Runtime Environment to continue.
# Native memory allocation (malloc) failed to allocate 1308656 bytes for Chunk::new
# Possible reasons:
#   The system is out of physical RAM or swap space
#   The process is running with CompressedOops enabled, and the Java Heap may be blocking the growth of the native heap
# Possible solutions:
#   Reduce memory load on the system
#   Increase physical memory or swap space
#   Check if swap backing store is full
#   Decrease Java heap size (-Xmx/-Xms)
#   Decrease number of Java threads
#   Decrease Java thread stack sizes (-Xss)
#   Set larger code cache with -XX:ReservedCodeCacheSize=
#   JVM is running with Unscaled Compressed Oops mode in which the Java heap is
#     placed in the first 4GB address space. The Java Heap base address is the
#     maximum limit for the native heap growth. Please use -XX:HeapBaseMinAddress
#     to set the Java Heap base and to place the Java Heap above 4GB virtual address.
# This output file may be truncated or incomplete.
#
#  Out of Memory Error (./src/hotspot/share/memory/arena.cpp:197), pid=16972, tid=18912
#
# JRE version: OpenJDK Runtime Environment (11.0.8+10) (build 11.0.8+10-b944.6842174)
# Java VM: OpenJDK 64-Bit Server VM (11.0.8+10-b944.6842174, mixed mode, tiered, compressed oops, g1 gc, windows-amd64)
# No core dump will be written. Minidumps are not enabled by default on client versions of Windows
#

---------------  S U M M A R Y ------------

Command Line: --add-opens=java.base/java.util=ALL-UNNAMED --add-opens=java.base/java.lang=ALL-UNNAMED --add-opens=java.base/java.lang.invoke=ALL-UNNAMED --add-opens=java.prefs/java.util.prefs=ALL-UNNAMED -Xmx2048m -Dfile.encoding=UTF-8 -Duser.country=US -Duser.language=en -Duser.variant org.gradle.launcher.daemon.bootstrap.GradleDaemon 6.7.1

Host: Intel(R) Core(TM) i7-9750H CPU @ 2.60GHz, 12 cores, 15G,  Windows 10 , 64 bit Build 21390 (10.0.21390.1)
Time: Sun Jun 27 20:16:43 2021 Nepal Standard Time elapsed time: 10 seconds (0d 0h 0m 10s)

---------------  T H R E A D  ---------------

Current thread (0x0000023b080a0800):  JavaThread "C2 CompilerThread1" daemon [_thread_in_native, id=18912, stack(0x000000c2ae300000,0x000000c2ae400000)]


Current CompileTask:
C2:  10892 4850       4       org.objectweb.asm.SymbolTable::addConstantMemberReference (147 bytes)

Stack: [0x000000c2ae300000,0x000000c2ae400000]
Native frames: (J=compiled Java code, j=interpreted, Vv=VM code, C=native code)
V  [jvm.dll+0x5de50a]
V  [jvm.dll+0x7122f5]
V  [jvm.dll+0x71384d]
V  [jvm.dll+0x713f03]
V  [jvm.dll+0x23e728]
V  [jvm.dll+0xb899c]
V  [jvm.dll+0xb8e9c]
V  [jvm.dll+0x35024d]
V  [jvm.dll+0x31dea3]
V  [jvm.dll+0x31d39a]
V  [jvm.dll+0x1f7702]
V  [jvm.dll+0x1f68d4]
V  [jvm.dll+0x17f32c]
V  [jvm.dll+0x205047]
V  [jvm.dll+0x203891]
V  [jvm.dll+0x6dad3f]
V  [jvm.dll+0x6d3895]
V  [jvm.dll+0x5dd4a6]
C  [ucrtbase.dll+0x26c0c]
C  [KERNEL32.DLL+0x154e0]
C  [ntdll.dll+0x485b]


---------------  P R O C E S S  ---------------

Threads class SMR info:
_java_thread_list=0x0000023b057f8030, length=143, elements={
0x0000023b69fde800, 0x0000023b04f9a000, 0x0000023b04f9b000, 0x0000023b04ff8800,
0x0000023b04ff9800, 0x0000023b04ffa800, 0x0000023b05008000, 0x0000023b0500b800,
0x0000023b05161000, 0x0000023b05164000, 0x0000023b07c1b000, 0x0000023b05167000,
0x0000023b07bab000, 0x0000023b07379000, 0x0000023b06e2a800, 0x0000023b066e3000,
0x0000023b0719b800, 0x0000023b07142000, 0x0000023b0719e000, 0x0000023b080c8000,
0x0000023b07118000, 0x0000023b07113000, 0x0000023b07119000, 0x0000023b080a0800,
0x0000023b07114800, 0x0000023b07115800, 0x0000023b07116800, 0x0000023b07117000,
0x0000023b07119800, 0x0000023b07114000, 0x0000023b07632000, 0x0000023b0762f000,
0x0000023b0762d000, 0x0000023b07634000, 0x0000023b0762e000, 0x0000023b07639800,
0x0000023b07637000, 0x0000023b0763a800, 0x0000023b07638000, 0x0000023b07634800,
0x0000023b0763b000, 0x0000023b07635800, 0x0000023b07636000, 0x0000023b07638800,
0x0000023b079df000, 0x0000023b079dc800, 0x0000023b079dd800, 0x0000023b079e0000,
0x0000023b079da000, 0x0000023b079de800, 0x0000023b079e0800, 0x0000023b079db000,
0x0000023b079e1800, 0x0000023b079dc000, 0x0000023b079e5000, 0x0000023b079e2800,
0x0000023b079e9000, 0x0000023b079e5800, 0x0000023b079e7000, 0x0000023b079e8000,
0x0000023b079e6800, 0x0000023b079e3000, 0x0000023b079e4000, 0x0000023b08762000,
0x0000023b08763000, 0x0000023b08765800, 0x0000023b08763800, 0x0000023b08766000,
0x0000023b08764800, 0x0000023b08767000, 0x0000023b08761000, 0x0000023b0876c800,
0x0000023b08768800, 0x0000023b0876a000, 0x0000023b08767800, 0x0000023b0876d800,
0x0000023b0876b000, 0x0000023b0876c000, 0x0000023b08769800, 0x0000023b0876e800,
0x0000023b0876f000, 0x0000023b08770000, 0x0000023b08d98000, 0x0000023b08d99800,
0x0000023b08d9a800, 0x0000023b08d9b000, 0x0000023b08d9e800, 0x0000023b08d9c000,
0x0000023b08d9d000, 0x0000023b08d9d800, 0x0000023b08d98800, 0x0000023b08da3800,
0x0000023b08da1000, 0x0000023b08da0000, 0x0000023b08da2800, 0x0000023b08da1800,
0x0000023b08da4000, 0x0000023b08d9f800, 0x0000023b08da5000, 0x0000023b08da6000,
0x0000023b08da6800, 0x0000023b085cd800, 0x0000023b085cb000, 0x0000023b085cd000,
0x0000023b085ce800, 0x0000023b085cf800, 0x0000023b085ca800, 0x0000023b085c9800,
0x0000023b085d0000, 0x0000023b085d1000, 0x0000023b085d2000, 0x0000023b085cc000,
0x0000023b085d6000, 0x0000023b085d4000, 0x0000023b085d3800, 0x0000023b085d5000,
0x0000023b085d6800, 0x0000023b085d7800, 0x0000023b085d8800, 0x0000023b085d2800,
0x0000023b079f0000, 0x0000023b079ea000, 0x0000023b079ee800, 0x0000023b079f0800,
0x0000023b079ed800, 0x0000023b079ec000, 0x0000023b079eb000, 0x0000023b079f1800,
0x0000023b079f2800, 0x0000023b079ef000, 0x0000023b079ec800, 0x0000023b079f4000,
0x0000023b079f8000, 0x0000023b079f9000, 0x0000023b079f3000, 0x0000023b079f5000,
0x0000023b079f5800, 0x0000023b079f6800, 0x0000023b079f7000, 0x0000023b0b9c0000,
0x0000023b0b9c1800, 0x0000023b0b9c2800, 0x0000023b0c0d7800
}

Java Threads: ( => current thread )
  0x0000023b69fde800 JavaThread "main" [_thread_blocked, id=11328, stack(0x000000c2ab800000,0x000000c2ab900000)]
  0x0000023b04f9a000 JavaThread "Reference Handler" daemon [_thread_blocked, id=12284, stack(0x000000c2abf00000,0x000000c2ac000000)]
  0x0000023b04f9b000 JavaThread "Finalizer" daemon [_thread_blocked, id=10500, stack(0x000000c2ac000000,0x000000c2ac100000)]
  0x0000023b04ff8800 JavaThread "Signal Dispatcher" daemon [_thread_blocked, id=16088, stack(0x000000c2ac100000,0x000000c2ac200000)]
  0x0000023b04ff9800 JavaThread "Attach Listener" daemon [_thread_blocked, id=16320, stack(0x000000c2ac200000,0x000000c2ac300000)]
  0x0000023b04ffa800 JavaThread "C2 CompilerThread0" daemon [_thread_in_native, id=15916, stack(0x000000c2ac300000,0x000000c2ac400000)]
  0x0000023b05008000 JavaThread "C1 CompilerThread0" daemon [_thread_blocked, id=13264, stack(0x000000c2ac400000,0x000000c2ac500000)]
  0x0000023b0500b800 JavaThread "Sweeper thread" daemon [_thread_blocked, id=6984, stack(0x000000c2ac500000,0x000000c2ac600000)]
  0x0000023b05161000 JavaThread "Common-Cleaner" daemon [_thread_blocked, id=8196, stack(0x000000c2ac600000,0x000000c2ac700000)]
  0x0000023b05164000 JavaThread "Service Thread" daemon [_thread_blocked, id=15476, stack(0x000000c2ac700000,0x000000c2ac800000)]
  0x0000023b07c1b000 JavaThread "Daemon health stats" [_thread_blocked, id=12892, stack(0x000000c2ad000000,0x000000c2ad100000)]
  0x0000023b05167000 JavaThread "Incoming local TCP Connector on port 58288" [_thread_in_native, id=7224, stack(0x000000c2ad100000,0x000000c2ad200000)]
  0x0000023b07bab000 JavaThread "Daemon periodic checks" [_thread_blocked, id=17876, stack(0x000000c2ad200000,0x000000c2ad300000)]
  0x0000023b07379000 JavaThread "Daemon" [_thread_blocked, id=10888, stack(0x000000c2ad300000,0x000000c2ad400000)]
  0x0000023b06e2a800 JavaThread "Handler for socket connection from /127.0.0.1:58288 to /127.0.0.1:58289" [_thread_in_native, id=16416, stack(0x000000c2ad400000,0x000000c2ad500000)]
  0x0000023b066e3000 JavaThread "Cancel handler" [_thread_blocked, id=2772, stack(0x000000c2ad500000,0x000000c2ad600000)]
  0x0000023b0719b800 JavaThread "Daemon worker" [_thread_in_vm, id=20236, stack(0x000000c2ad600000,0x000000c2ad700000)]
  0x0000023b07142000 JavaThread "Asynchronous log dispatcher for DefaultDaemonConnection: socket connection from /127.0.0.1:58288 to /127.0.0.1:58289" [_thread_blocked, id=3464, stack(0x000000c2ad700000,0x000000c2ad800000)]
  0x0000023b0719e000 JavaThread "Stdin handler" [_thread_blocked, id=19208, stack(0x000000c2ad800000,0x000000c2ad900000)]
  0x0000023b080c8000 JavaThread "Thread-8" [_thread_blocked, id=4884, stack(0x000000c2ad900000,0x000000c2ada00000)]
  0x0000023b07118000 JavaThread "Cache worker for file hash cache (C:\Users\sakri\.gradle\caches\6.7.1\fileHashes)" [_thread_blocked, id=20228, stack(0x000000c2ada00000,0x000000c2adb00000)]
  0x0000023b07113000 JavaThread "File lock request listener" [_thread_in_native, id=16936, stack(0x000000c2adb00000,0x000000c2adc00000)]
  0x0000023b07119000 JavaThread "Cache worker for journal cache (C:\Users\sakri\.gradle\caches\journal-1)" [_thread_blocked, id=16396, stack(0x000000c2ae200000,0x000000c2ae300000)]
=>0x0000023b080a0800 JavaThread "C2 CompilerThread1" daemon [_thread_in_native, id=18912, stack(0x000000c2ae300000,0x000000c2ae400000)]
  0x0000023b07114800 JavaThread "Cache worker for file hash cache (C:\AndroidStudio\ProductionProject\.gradle\6.7.1\fileHashes)" [_thread_blocked, id=19496, stack(0x000000c2ae400000,0x000000c2ae500000)]
  0x0000023b07115800 JavaThread "Cache worker for checksums cache (C:\AndroidStudio\ProductionProject\.gradle\checksums)" [_thread_blocked, id=7640, stack(0x000000c2ae500000,0x000000c2ae600000)]
  0x0000023b07116800 JavaThread "Cache worker for cache directory md-supplier (C:\Users\sakri\.gradle\caches\6.7.1\md-supplier)" [_thread_blocked, id=8464, stack(0x000000c2ae600000,0x000000c2ae700000)]
  0x0000023b07117000 JavaThread "Cache worker for cache directory md-rule (C:\Users\sakri\.gradle\caches\6.7.1\md-rule)" [_thread_blocked, id=11476, stack(0x000000c2ae800000,0x000000c2ae900000)]
  0x0000023b07119800 JavaThread "Cache worker for execution history cache (C:\Users\sakri\.gradle\caches\6.7.1\executionHistory)" [_thread_blocked, id=8208, stack(0x000000c2ae900000,0x000000c2aea00000)]
  0x0000023b07114000 JavaThread "jar transforms" [_thread_blocked, id=2212, stack(0x000000c2aea00000,0x000000c2aeb00000)]
  0x0000023b07632000 JavaThread "Cache worker for file content cache (C:\Users\sakri\.gradle\caches\6.7.1\fileContent)" [_thread_blocked, id=12972, stack(0x000000c2aeb00000,0x000000c2aec00000)]
  0x0000023b0762f000 JavaThread "Cache worker for Build Output Cleanup Cache (C:\AndroidStudio\ProductionProject\.gradle\buildOutputCleanup)" [_thread_blocked, id=2616, stack(0x000000c2aec00000,0x000000c2aed00000)]
  0x0000023b0762d000 JavaThread "Build operations" [_thread_blocked, id=17280, stack(0x000000c2aed00000,0x000000c2aee00000)]
  0x0000023b07634000 JavaThread "Build operations Thread 2" [_thread_blocked, id=10328, stack(0x000000c2aee00000,0x000000c2aef00000)]
  0x0000023b0762e000 JavaThread "Build operations Thread 3" [_thread_blocked, id=17944, stack(0x000000c2aef00000,0x000000c2af000000)]
  0x0000023b07639800 JavaThread "Build operations Thread 4" [_thread_blocked, id=7356, stack(0x000000c2af000000,0x000000c2af100000)]
  0x0000023b07637000 JavaThread "Build operations Thread 5" [_thread_blocked, id=10788, stack(0x000000c2af100000,0x000000c2af200000)]
  0x0000023b0763a800 JavaThread "Build operations Thread 6" [_thread_blocked, id=20108, stack(0x000000c2af200000,0x000000c2af300000)]
  0x0000023b07638000 JavaThread "Build operations Thread 7" [_thread_blocked, id=18592, stack(0x000000c2af300000,0x000000c2af400000)]
  0x0000023b07634800 JavaThread "Build operations Thread 8" [_thread_blocked, id=20240, stack(0x000000c2af400000,0x000000c2af500000)]
  0x0000023b0763b000 JavaThread "Build operations Thread 9" [_thread_blocked, id=19112, stack(0x000000c2af500000,0x000000c2af600000)]
  0x0000023b07635800 JavaThread "Build operations Thread 10" [_thread_blocked, id=10136, stack(0x000000c2af600000,0x000000c2af700000)]
  0x0000023b07636000 JavaThread "Build operations Thread 11" [_thread_blocked, id=10696, stack(0x000000c2af700000,0x000000c2af800000)]
  0x0000023b07638800 JavaThread "Build operations Thread 12" [_thread_blocked, id=7104, stack(0x000000c2af800000,0x000000c2af900000)]
  0x0000023b079df000 JavaThread "jar transforms Thread 2" [_thread_blocked, id=18796, stack(0x000000c2af900000,0x000000c2afa00000)]
  0x0000023b079dc800 JavaThread "jar transforms Thread 3" [_thread_blocked, id=8864, stack(0x000000c2afa00000,0x000000c2afb00000)]
  0x0000023b079dd800 JavaThread "jar transforms Thread 4" [_thread_blocked, id=3224, stack(0x000000c2afb00000,0x000000c2afc00000)]
  0x0000023b079e0000 JavaThread "jar transforms Thread 5" [_thread_blocked, id=15104, stack(0x000000c2afc00000,0x000000c2afd00000)]
  0x0000023b079da000 JavaThread "jar transforms Thread 6" [_thread_blocked, id=10244, stack(0x000000c2afd00000,0x000000c2afe00000)]
  0x0000023b079de800 JavaThread "jar transforms Thread 7" [_thread_blocked, id=18988, stack(0x000000c2afe00000,0x000000c2aff00000)]
  0x0000023b079e0800 JavaThread "jar transforms Thread 8" [_thread_blocked, id=2716, stack(0x000000c2aff00000,0x000000c2b0000000)]
  0x0000023b079db000 JavaThread "jar transforms Thread 9" [_thread_blocked, id=19708, stack(0x000000c2b0000000,0x000000c2b0100000)]
  0x0000023b079e1800 JavaThread "jar transforms Thread 10" [_thread_blocked, id=12320, stack(0x000000c2b0100000,0x000000c2b0200000)]
  0x0000023b079dc000 JavaThread "jar transforms Thread 11" [_thread_blocked, id=9564, stack(0x000000c2b0200000,0x000000c2b0300000)]
  0x0000023b079e5000 JavaThread "jar transforms Thread 12" [_thread_blocked, id=18908, stack(0x000000c2b0300000,0x000000c2b0400000)]
  0x0000023b079e2800 JavaThread "jar transforms Thread 13" [_thread_blocked, id=19980, stack(0x000000c2b0400000,0x000000c2b0500000)]
  0x0000023b079e9000 JavaThread "jar transforms Thread 14" [_thread_blocked, id=7720, stack(0x000000c2b0500000,0x000000c2b0600000)]
  0x0000023b079e5800 JavaThread "jar transforms Thread 15" [_thread_blocked, id=5696, stack(0x000000c2b0600000,0x000000c2b0700000)]
  0x0000023b079e7000 JavaThread "jar transforms Thread 16" [_thread_blocked, id=13032, stack(0x000000c2b0700000,0x000000c2b0800000)]
  0x0000023b079e8000 JavaThread "jar transforms Thread 17" [_thread_blocked, id=6196, stack(0x000000c2b0800000,0x000000c2b0900000)]
  0x0000023b079e6800 JavaThread "jar transforms Thread 18" [_thread_blocked, id=15656, stack(0x000000c2b0900000,0x000000c2b0a00000)]
  0x0000023b079e3000 JavaThread "jar transforms Thread 19" [_thread_blocked, id=16548, stack(0x000000c2b0a00000,0x000000c2b0b00000)]
  0x0000023b079e4000 JavaThread "jar transforms Thread 20" [_thread_blocked, id=16696, stack(0x000000c2b0b00000,0x000000c2b0c00000)]
  0x0000023b08762000 JavaThread "jar transforms Thread 21" [_thread_blocked, id=3208, stack(0x000000c2b0c00000,0x000000c2b0d00000)]
  0x0000023b08763000 JavaThread "jar transforms Thread 22" [_thread_blocked, id=14244, stack(0x000000c2b0d00000,0x000000c2b0e00000)]
  0x0000023b08765800 JavaThread "jar transforms Thread 23" [_thread_blocked, id=7400, stack(0x000000c2b0e00000,0x000000c2b0f00000)]
  0x0000023b08763800 JavaThread "jar transforms Thread 24" [_thread_blocked, id=6996, stack(0x000000c2b0f00000,0x000000c2b1000000)]
  0x0000023b08766000 JavaThread "jar transforms Thread 25" [_thread_blocked, id=12464, stack(0x000000c2b1000000,0x000000c2b1100000)]
  0x0000023b08764800 JavaThread "jar transforms Thread 26" [_thread_blocked, id=13920, stack(0x000000c2b1100000,0x000000c2b1200000)]
  0x0000023b08767000 JavaThread "jar transforms Thread 27" [_thread_blocked, id=14952, stack(0x000000c2b1200000,0x000000c2b1300000)]
  0x0000023b08761000 JavaThread "jar transforms Thread 28" [_thread_blocked, id=4512, stack(0x000000c2b1300000,0x000000c2b1400000)]
  0x0000023b0876c800 JavaThread "jar transforms Thread 29" [_thread_blocked, id=12500, stack(0x000000c2b1400000,0x000000c2b1500000)]
  0x0000023b08768800 JavaThread "jar transforms Thread 30" [_thread_blocked, id=17684, stack(0x000000c2b1500000,0x000000c2b1600000)]
  0x0000023b0876a000 JavaThread "jar transforms Thread 31" [_thread_blocked, id=17516, stack(0x000000c2b1600000,0x000000c2b1700000)]
  0x0000023b08767800 JavaThread "jar transforms Thread 32" [_thread_blocked, id=4888, stack(0x000000c2b1700000,0x000000c2b1800000)]
  0x0000023b0876d800 JavaThread "jar transforms Thread 33" [_thread_blocked, id=19396, stack(0x000000c2b1800000,0x000000c2b1900000)]
  0x0000023b0876b000 JavaThread "jar transforms Thread 34" [_thread_blocked, id=11244, stack(0x000000c2b1900000,0x000000c2b1a00000)]
  0x0000023b0876c000 JavaThread "jar transforms Thread 35" [_thread_blocked, id=19512, stack(0x000000c2b1a00000,0x000000c2b1b00000)]
  0x0000023b08769800 JavaThread "jar transforms Thread 36" [_thread_blocked, id=19492, stack(0x000000c2b1b00000,0x000000c2b1c00000)]
  0x0000023b0876e800 JavaThread "jar transforms Thread 37" [_thread_blocked, id=11348, stack(0x000000c2b1c00000,0x000000c2b1d00000)]
  0x0000023b0876f000 JavaThread "jar transforms Thread 38" [_thread_blocked, id=12236, stack(0x000000c2b1d00000,0x000000c2b1e00000)]
  0x0000023b08770000 JavaThread "jar transforms Thread 39" [_thread_blocked, id=2300, stack(0x000000c2b1e00000,0x000000c2b1f00000)]
  0x0000023b08d98000 JavaThread "jar transforms Thread 40" [_thread_blocked, id=3932, stack(0x000000c2b1f00000,0x000000c2b2000000)]
  0x0000023b08d99800 JavaThread "jar transforms Thread 41" [_thread_blocked, id=9812, stack(0x000000c2b2000000,0x000000c2b2100000)]
  0x0000023b08d9a800 JavaThread "jar transforms Thread 42" [_thread_blocked, id=1496, stack(0x000000c2b2100000,0x000000c2b2200000)]
  0x0000023b08d9b000 JavaThread "jar transforms Thread 43" [_thread_blocked, id=9344, stack(0x000000c2b2200000,0x000000c2b2300000)]
  0x0000023b08d9e800 JavaThread "jar transforms Thread 44" [_thread_blocked, id=14220, stack(0x000000c2b2300000,0x000000c2b2400000)]
  0x0000023b08d9c000 JavaThread "jar transforms Thread 45" [_thread_blocked, id=14052, stack(0x000000c2b2400000,0x000000c2b2500000)]
  0x0000023b08d9d000 JavaThread "jar transforms Thread 46" [_thread_blocked, id=10964, stack(0x000000c2b2500000,0x000000c2b2600000)]
  0x0000023b08d9d800 JavaThread "jar transforms Thread 47" [_thread_blocked, id=18184, stack(0x000000c2b2600000,0x000000c2b2700000)]
  0x0000023b08d98800 JavaThread "jar transforms Thread 48" [_thread_blocked, id=16096, stack(0x000000c2b2700000,0x000000c2b2800000)]
  0x0000023b08da3800 JavaThread "jar transforms Thread 49" [_thread_blocked, id=19952, stack(0x000000c2b2800000,0x000000c2b2900000)]
  0x0000023b08da1000 JavaThread "jar transforms Thread 50" [_thread_blocked, id=18876, stack(0x000000c2b2900000,0x000000c2b2a00000)]
  0x0000023b08da0000 JavaThread "jar transforms Thread 51" [_thread_blocked, id=1892, stack(0x000000c2b2a00000,0x000000c2b2b00000)]
  0x0000023b08da2800 JavaThread "jar transforms Thread 52" [_thread_blocked, id=3068, stack(0x000000c2b2b00000,0x000000c2b2c00000)]
  0x0000023b08da1800 JavaThread "jar transforms Thread 53" [_thread_blocked, id=20412, stack(0x000000c2b2c00000,0x000000c2b2d00000)]
  0x0000023b08da4000 JavaThread "jar transforms Thread 54" [_thread_blocked, id=1388, stack(0x000000c2b2d00000,0x000000c2b2e00000)]
  0x0000023b08d9f800 JavaThread "jar transforms Thread 55" [_thread_blocked, id=18388, stack(0x000000c2b2e00000,0x000000c2b2f00000)]
  0x0000023b08da5000 JavaThread "jar transforms Thread 56" [_thread_blocked, id=20360, stack(0x000000c2b2f00000,0x000000c2b3000000)]
  0x0000023b08da6000 JavaThread "jar transforms Thread 57" [_thread_blocked, id=18100, stack(0x000000c2b3000000,0x000000c2b3100000)]
  0x0000023b08da6800 JavaThread "jar transforms Thread 58" [_thread_blocked, id=1544, stack(0x000000c2b3100000,0x000000c2b3200000)]
  0x0000023b085cd800 JavaThread "jar transforms Thread 59" [_thread_blocked, id=15740, stack(0x000000c2b3200000,0x000000c2b3300000)]
  0x0000023b085cb000 JavaThread "jar transforms Thread 60" [_thread_blocked, id=3340, stack(0x000000c2b3300000,0x000000c2b3400000)]
  0x0000023b085cd000 JavaThread "jar transforms Thread 61" [_thread_blocked, id=18692, stack(0x000000c2b3400000,0x000000c2b3500000)]
  0x0000023b085ce800 JavaThread "jar transforms Thread 62" [_thread_blocked, id=5936, stack(0x000000c2b3500000,0x000000c2b3600000)]
  0x0000023b085cf800 JavaThread "jar transforms Thread 63" [_thread_blocked, id=16536, stack(0x000000c2b3600000,0x000000c2b3700000)]
  0x0000023b085ca800 JavaThread "jar transforms Thread 64" [_thread_blocked, id=2208, stack(0x000000c2b3700000,0x000000c2b3800000)]
  0x0000023b085c9800 JavaThread "jar transforms Thread 65" [_thread_blocked, id=19884, stack(0x000000c2b3800000,0x000000c2b3900000)]
  0x0000023b085d0000 JavaThread "jar transforms Thread 66" [_thread_blocked, id=8520, stack(0x000000c2b3900000,0x000000c2b3a00000)]
  0x0000023b085d1000 JavaThread "jar transforms Thread 67" [_thread_blocked, id=8076, stack(0x000000c2b3a00000,0x000000c2b3b00000)]
  0x0000023b085d2000 JavaThread "jar transforms Thread 68" [_thread_blocked, id=9544, stack(0x000000c2b3b00000,0x000000c2b3c00000)]
  0x0000023b085cc000 JavaThread "jar transforms Thread 69" [_thread_blocked, id=2164, stack(0x000000c2b3c00000,0x000000c2b3d00000)]
  0x0000023b085d6000 JavaThread "jar transforms Thread 70" [_thread_blocked, id=2216, stack(0x000000c2b3d00000,0x000000c2b3e00000)]
  0x0000023b085d4000 JavaThread "jar transforms Thread 71" [_thread_blocked, id=11164, stack(0x000000c2b3e00000,0x000000c2b3f00000)]
  0x0000023b085d3800 JavaThread "jar transforms Thread 72" [_thread_blocked, id=6852, stack(0x000000c2b3f00000,0x000000c2b4000000)]
  0x0000023b085d5000 JavaThread "jar transforms Thread 73" [_thread_blocked, id=16704, stack(0x000000c2b4000000,0x000000c2b4100000)]
  0x0000023b085d6800 JavaThread "jar transforms Thread 74" [_thread_blocked, id=18496, stack(0x000000c2b4100000,0x000000c2b4200000)]
  0x0000023b085d7800 JavaThread "jar transforms Thread 75" [_thread_blocked, id=15600, stack(0x000000c2b4200000,0x000000c2b4300000)]
  0x0000023b085d8800 JavaThread "jar transforms Thread 76" [_thread_blocked, id=14784, stack(0x000000c2b4300000,0x000000c2b4400000)]
  0x0000023b085d2800 JavaThread "jar transforms Thread 77" [_thread_blocked, id=13412, stack(0x000000c2b4400000,0x000000c2b4500000)]
  0x0000023b079f0000 JavaThread "jar transforms Thread 78" [_thread_blocked, id=1328, stack(0x000000c2b4500000,0x000000c2b4600000)]
  0x0000023b079ea000 JavaThread "jar transforms Thread 79" [_thread_blocked, id=4784, stack(0x000000c2b4600000,0x000000c2b4700000)]
  0x0000023b079ee800 JavaThread "jar transforms Thread 80" [_thread_blocked, id=16252, stack(0x000000c2b4700000,0x000000c2b4800000)]
  0x0000023b079f0800 JavaThread "jar transforms Thread 81" [_thread_blocked, id=13760, stack(0x000000c2b4800000,0x000000c2b4900000)]
  0x0000023b079ed800 JavaThread "jar transforms Thread 82" [_thread_blocked, id=1700, stack(0x000000c2b4900000,0x000000c2b4a00000)]
  0x0000023b079ec000 JavaThread "jar transforms Thread 83" [_thread_blocked, id=19096, stack(0x000000c2b4a00000,0x000000c2b4b00000)]
  0x0000023b079eb000 JavaThread "jar transforms Thread 84" [_thread_blocked, id=17792, stack(0x000000c2b4b00000,0x000000c2b4c00000)]
  0x0000023b079f1800 JavaThread "jar transforms Thread 85" [_thread_blocked, id=20284, stack(0x000000c2b4c00000,0x000000c2b4d00000)]
  0x0000023b079f2800 JavaThread "jar transforms Thread 86" [_thread_blocked, id=20120, stack(0x000000c2b4d00000,0x000000c2b4e00000)]
  0x0000023b079ef000 JavaThread "jar transforms Thread 87" [_thread_blocked, id=20440, stack(0x000000c2b4e00000,0x000000c2b4f00000)]
  0x0000023b079ec800 JavaThread "jar transforms Thread 88" [_thread_blocked, id=13508, stack(0x000000c2b4f00000,0x000000c2b5000000)]
  0x0000023b079f4000 JavaThread "jar transforms Thread 89" [_thread_blocked, id=14044, stack(0x000000c2b5000000,0x000000c2b5100000)]
  0x0000023b079f8000 JavaThread "jar transforms Thread 90" [_thread_blocked, id=19300, stack(0x000000c2b5100000,0x000000c2b5200000)]
  0x0000023b079f9000 JavaThread "jar transforms Thread 91" [_thread_blocked, id=19776, stack(0x000000c2b5200000,0x000000c2b5300000)]
  0x0000023b079f3000 JavaThread "jar transforms Thread 92" [_thread_blocked, id=10876, stack(0x000000c2b5300000,0x000000c2b5400000)]
  0x0000023b079f5000 JavaThread "jar transforms Thread 93" [_thread_blocked, id=2380, stack(0x000000c2b5400000,0x000000c2b5500000)]
  0x0000023b079f5800 JavaThread "jar transforms Thread 94" [_thread_blocked, id=14348, stack(0x000000c2b5500000,0x000000c2b5600000)]
  0x0000023b079f6800 JavaThread "jar transforms Thread 95" [_thread_blocked, id=8356, stack(0x000000c2b5600000,0x000000c2b5700000)]
  0x0000023b079f7000 JavaThread "jar transforms Thread 96" [_thread_blocked, id=6444, stack(0x000000c2b5700000,0x000000c2b5800000)]
  0x0000023b0b9c0000 JavaThread "jar transforms Thread 97" [_thread_blocked, id=4932, stack(0x000000c2b5800000,0x000000c2b5900000)]
  0x0000023b0b9c1800 JavaThread "jar transforms Thread 98" [_thread_blocked, id=1736, stack(0x000000c2b5900000,0x000000c2b5a00000)]
  0x0000023b0b9c2800 JavaThread "jar transforms Thread 99" [_thread_blocked, id=8496, stack(0x000000c2b5a00000,0x000000c2b5b00000)]
  0x0000023b0c0d7800 JavaThread "C2 CompilerThread2" daemon [_thread_in_native, id=19592, stack(0x000000c2ae700000,0x000000c2ae800000)]

Other Threads:
  0x0000023b04f95800 VMThread "VM Thread" [stack: 0x000000c2abe00000,0x000000c2abf00000] [id=140]
  0x0000023b05193800 WatcherThread [stack: 0x000000c2ac800000,0x000000c2ac900000] [id=11120]
  0x0000023b69ff6000 GCTaskThread "GC Thread#0" [stack: 0x000000c2ab900000,0x000000c2aba00000] [id=3024]
  0x0000023b05dc6000 GCTaskThread "GC Thread#1" [stack: 0x000000c2acb00000,0x000000c2acc00000] [id=19632]
  0x0000023b05f17800 GCTaskThread "GC Thread#2" [stack: 0x000000c2acc00000,0x000000c2acd00000] [id=14204]
  0x0000023b05b63800 GCTaskThread "GC Thread#3" [stack: 0x000000c2acd00000,0x000000c2ace00000] [id=19264]
  0x0000023b05b64000 GCTaskThread "GC Thread#4" [stack: 0x000000c2ace00000,0x000000c2acf00000] [id=19408]
  0x0000023b05ed7000 GCTaskThread "GC Thread#5" [stack: 0x000000c2acf00000,0x000000c2ad000000] [id=13056]
  0x0000023b06424000 GCTaskThread "GC Thread#6" [stack: 0x000000c2adc00000,0x000000c2add00000] [id=12752]
  0x0000023b067b9800 GCTaskThread "GC Thread#7" [stack: 0x000000c2add00000,0x000000c2ade00000] [id=17980]
  0x0000023b0660d800 GCTaskThread "GC Thread#8" [stack: 0x000000c2ade00000,0x000000c2adf00000] [id=17208]
  0x0000023b063e2800 GCTaskThread "GC Thread#9" [stack: 0x000000c2adf00000,0x000000c2ae000000] [id=10532]
  0x0000023b6a025800 ConcurrentGCThread "G1 Main Marker" [stack: 0x000000c2aba00000,0x000000c2abb00000] [id=20376]
  0x0000023b6a028800 ConcurrentGCThread "G1 Conc#0" [stack: 0x000000c2abb00000,0x000000c2abc00000] [id=18888]
  0x0000023b070ba800 ConcurrentGCThread "G1 Conc#1" [stack: 0x000000c2ae000000,0x000000c2ae100000] [id=8712]
  0x0000023b07301000 ConcurrentGCThread "G1 Conc#2" [stack: 0x000000c2ae100000,0x000000c2ae200000] [id=6836]
  0x0000023b045e5800 ConcurrentGCThread "G1 Refine#0" [stack: 0x000000c2abc00000,0x000000c2abd00000] [id=2928]
  0x0000023b045e6000 ConcurrentGCThread "G1 Young RemSet Sampling" [stack: 0x000000c2abd00000,0x000000c2abe00000] [id=20248]

Threads with active compile tasks:
C2 CompilerThread0  10952 4818   !   4       com.google.common.reflect.TypeVisitor::visit (225 bytes)
C2 CompilerThread1  10952 4850       4       org.objectweb.asm.SymbolTable::addConstantMemberReference (147 bytes)
C2 CompilerThread2  10952 4902       4       org.objectweb.asm.SymbolTable::addConstantUtf8 (98 bytes)

VM state:not at safepoint (normal execution)

VM Mutex/Monitor currently owned by a thread: None

Heap address: 0x0000000080000000, size: 2048 MB, Compressed Oops mode: 32-bit
Narrow klass base: 0x0000000000000000, Narrow klass shift: 3
Compressed class space size: 1073741824 Address: 0x0000000100000000

Heap:
 garbage-first heap   total 260096K, used 130107K [0x0000000080000000, 0x0000000100000000)
  region size 1024K, 111 young (113664K), 11 survivors (11264K)
 Metaspace       used 53938K, capacity 55255K, committed 55296K, reserved 1097728K
  class space    used 6893K, capacity 7384K, committed 7424K, reserved 1048576K
Heap Regions: E=young(eden), S=young(survivor), O=old, HS=humongous(starts), HC=humongous(continues), CS=collection set, F=free, A=archive, TAMS=top-at-mark-start (previous, next)
|   0|0x0000000080000000, 0x0000000080100000, 0x0000000080100000|100%| O|  |TAMS 0x0000000080100000, 0x0000000080000000| Untracked 
|   1|0x0000000080100000, 0x0000000080200000, 0x0000000080200000|100%| O|  |TAMS 0x0000000080200000, 0x0000000080100000| Untracked 
|   2|0x0000000080200000, 0x0000000080300000, 0x0000000080300000|100%| O|  |TAMS 0x0000000080300000, 0x0000000080200000| Untracked 
|   3|0x0000000080300000, 0x0000000080400000, 0x0000000080400000|100%|HS|  |TAMS 0x0000000080400000, 0x0000000080300000| Complete 
|   4|0x0000000080400000, 0x0000000080500000, 0x0000000080500000|100%|HC|  |TAMS 0x0000000080500000, 0x0000000080400000| Complete 
|   5|0x0000000080500000, 0x0000000080600000, 0x0000000080600000|100%|HC|  |TAMS 0x0000000080600000, 0x0000000080500000| Complete 
|   6|0x0000000080600000, 0x0000000080700000, 0x0000000080700000|100%| O|  |TAMS 0x0000000080700000, 0x0000000080600000| Untracked 
|   7|0x0000000080700000, 0x0000000080800000, 0x0000000080800000|100%| O|  |TAMS 0x0000000080800000, 0x0000000080700000| Untracked 
|   8|0x0000000080800000, 0x0000000080900000, 0x0000000080900000|100%| O|  |TAMS 0x0000000080900000, 0x0000000080800000| Untracked 
|   9|0x0000000080900000, 0x0000000080a00000, 0x0000000080a00000|100%| O|  |TAMS 0x0000000080a00000, 0x0000000080900000| Untracked 
|  10|0x0000000080a00000, 0x0000000080b00000, 0x0000000080b00000|100%| O|  |TAMS 0x0000000080b00000, 0x0000000080a00000| Untracked 
|  11|0x0000000080b00000, 0x0000000080c00000, 0x0000000080c00000|100%| O|  |TAMS 0x0000000080c00000, 0x0000000080b00000| Untracked 
|  12|0x0000000080c00000, 0x0000000080d00000, 0x0000000080d00000|100%| O|  |TAMS 0x0000000080d00000, 0x0000000080c00000| Untracked 
|  13|0x0000000080d00000, 0x0000000080e00000, 0x0000000080e00000|100%| O|  |TAMS 0x0000000080e00000, 0x0000000080d00000| Untracked 
|  14|0x0000000080e00000, 0x0000000080f00000, 0x0000000080f00000|100%| O|  |TAMS 0x0000000080f00000, 0x0000000080e00000| Untracked 
|  15|0x0000000080f00000, 0x0000000080f44200, 0x0000000081000000| 26%| O|  |TAMS 0x0000000080f44200, 0x0000000080f00000| Untracked 
|  16|0x0000000081000000, 0x0000000081100000, 0x0000000081100000|100%|HS|  |TAMS 0x0000000081000000, 0x0000000081000000| Complete 
|  17|0x0000000081100000, 0x0000000081200000, 0x0000000081200000|100%|HS|  |TAMS 0x0000000081100000, 0x0000000081100000| Complete 
|  18|0x0000000081200000, 0x0000000081300000, 0x0000000081300000|100%|HC|  |TAMS 0x0000000081200000, 0x0000000081200000| Complete 
|  19|0x0000000081300000, 0x0000000081300000, 0x0000000081400000|  0%| F|  |TAMS 0x0000000081300000, 0x0000000081300000| Untracked 
|  20|0x0000000081400000, 0x0000000081400000, 0x0000000081500000|  0%| F|  |TAMS 0x0000000081400000, 0x0000000081400000| Untracked 
|  21|0x0000000081500000, 0x0000000081500000, 0x0000000081600000|  0%| F|  |TAMS 0x0000000081500000, 0x0000000081500000| Untracked 
|  22|0x0000000081600000, 0x0000000081600000, 0x0000000081700000|  0%| F|  |TAMS 0x0000000081600000, 0x0000000081600000| Untracked 
|  23|0x0000000081700000, 0x0000000081700000, 0x0000000081800000|  0%| F|  |TAMS 0x0000000081700000, 0x0000000081700000| Untracked 
|  24|0x0000000081800000, 0x0000000081800000, 0x0000000081900000|  0%| F|  |TAMS 0x0000000081800000, 0x0000000081800000| Untracked 
|  25|0x0000000081900000, 0x0000000081900000, 0x0000000081a00000|  0%| F|  |TAMS 0x0000000081900000, 0x0000000081900000| Untracked 
|  26|0x0000000081a00000, 0x0000000081a00000, 0x0000000081b00000|  0%| F|  |TAMS 0x0000000081a00000, 0x0000000081a00000| Untracked 
|  27|0x0000000081b00000, 0x0000000081b00000, 0x0000000081c00000|  0%| F|  |TAMS 0x0000000081b00000, 0x0000000081b00000| Untracked 
|  28|0x0000000081c00000, 0x0000000081c00000, 0x0000000081d00000|  0%| F|  |TAMS 0x0000000081c00000, 0x0000000081c00000| Untracked 
|  29|0x0000000081d00000, 0x0000000081d00000, 0x0000000081e00000|  0%| F|  |TAMS 0x0000000081d00000, 0x0000000081d00000| Untracked 
|  30|0x0000000081e00000, 0x0000000081e00000, 0x0000000081f00000|  0%| F|  |TAMS 0x0000000081e00000, 0x0000000081e00000| Untracked 
|  31|0x0000000081f00000, 0x0000000081f00000, 0x0000000082000000|  0%| F|  |TAMS 0x0000000081f00000, 0x0000000081f00000| Untracked 
|  32|0x0000000082000000, 0x0000000082000000, 0x0000000082100000|  0%| F|  |TAMS 0x0000000082000000, 0x0000000082000000| Untracked 
|  33|0x0000000082100000, 0x0000000082100000, 0x0000000082200000|  0%| F|  |TAMS 0x0000000082100000, 0x0000000082100000| Untracked 
|  34|0x0000000082200000, 0x0000000082200000, 0x0000000082300000|  0%| F|  |TAMS 0x0000000082200000, 0x0000000082200000| Untracked 
|  35|0x0000000082300000, 0x0000000082300000, 0x0000000082400000|  0%| F|  |TAMS 0x0000000082300000, 0x0000000082300000| Untracked 
|  36|0x0000000082400000, 0x0000000082400000, 0x0000000082500000|  0%| F|  |TAMS 0x0000000082400000, 0x0000000082400000| Untracked 
|  37|0x0000000082500000, 0x0000000082500000, 0x0000000082600000|  0%| F|  |TAMS 0x0000000082500000, 0x0000000082500000| Untracked 
|  38|0x0000000082600000, 0x0000000082600000, 0x0000000082700000|  0%| F|  |TAMS 0x0000000082600000, 0x0000000082600000| Untracked 
|  39|0x0000000082700000, 0x0000000082700000, 0x0000000082800000|  0%| F|  |TAMS 0x0000000082700000, 0x0000000082700000| Untracked 
|  40|0x0000000082800000, 0x0000000082800000, 0x0000000082900000|  0%| F|  |TAMS 0x0000000082800000, 0x0000000082800000| Untracked 
|  41|0x0000000082900000, 0x0000000082900000, 0x0000000082a00000|  0%| F|  |TAMS 0x0000000082900000, 0x0000000082900000| Untracked 
|  42|0x0000000082a00000, 0x0000000082a00000, 0x0000000082b00000|  0%| F|  |TAMS 0x0000000082a00000, 0x0000000082a00000| Untracked 
|  43|0x0000000082b00000, 0x0000000082b00000, 0x0000000082c00000|  0%| F|  |TAMS 0x0000000082b00000, 0x0000000082b00000| Untracked 
|  44|0x0000000082c00000, 0x0000000082c00000, 0x0000000082d00000|  0%| F|  |TAMS 0x0000000082c00000, 0x0000000082c00000| Untracked 
|  45|0x0000000082d00000, 0x0000000082d00000, 0x0000000082e00000|  0%| F|  |TAMS 0x0000000082d00000, 0x0000000082d00000| Untracked 
|  46|0x0000000082e00000, 0x0000000082e00000, 0x0000000082f00000|  0%| F|  |TAMS 0x0000000082e00000, 0x0000000082e00000| Untracked 
|  47|0x0000000082f00000, 0x0000000082f00000, 0x0000000083000000|  0%| F|  |TAMS 0x0000000082f00000, 0x0000000082f00000| Untracked 
|  48|0x0000000083000000, 0x0000000083000000, 0x0000000083100000|  0%| F|  |TAMS 0x0000000083000000, 0x0000000083000000| Untracked 
|  49|0x0000000083100000, 0x0000000083100000, 0x0000000083200000|  0%| F|  |TAMS 0x0000000083100000, 0x0000000083100000| Untracked 
|  50|0x0000000083200000, 0x0000000083200000, 0x0000000083300000|  0%| F|  |TAMS 0x0000000083200000, 0x0000000083200000| Untracked 
|  51|0x0000000083300000, 0x0000000083300000, 0x0000000083400000|  0%| F|  |TAMS 0x0000000083300000, 0x0000000083300000| Untracked 
|  52|0x0000000083400000, 0x0000000083400000, 0x0000000083500000|  0%| F|  |TAMS 0x0000000083400000, 0x0000000083400000| Untracked 
|  53|0x0000000083500000, 0x0000000083500000, 0x0000000083600000|  0%| F|  |TAMS 0x0000000083500000, 0x0000000083500000| Untracked 
|  54|0x0000000083600000, 0x0000000083600000, 0x0000000083700000|  0%| F|  |TAMS 0x0000000083600000, 0x0000000083600000| Untracked 
|  55|0x0000000083700000, 0x0000000083700000, 0x0000000083800000|  0%| F|  |TAMS 0x0000000083700000, 0x0000000083700000| Untracked 
|  56|0x0000000083800000, 0x0000000083800000, 0x0000000083900000|  0%| F|  |TAMS 0x0000000083800000, 0x0000000083800000| Untracked 
|  57|0x0000000083900000, 0x0000000083900000, 0x0000000083a00000|  0%| F|  |TAMS 0x0000000083900000, 0x0000000083900000| Untracked 
|  58|0x0000000083a00000, 0x0000000083a00000, 0x0000000083b00000|  0%| F|  |TAMS 0x0000000083a00000, 0x0000000083a00000| Untracked 
|  59|0x0000000083b00000, 0x0000000083b00000, 0x0000000083c00000|  0%| F|  |TAMS 0x0000000083b00000, 0x0000000083b00000| Untracked 
|  60|0x0000000083c00000, 0x0000000083c00000, 0x0000000083d00000|  0%| F|  |TAMS 0x0000000083c00000, 0x0000000083c00000| Untracked 
|  61|0x0000000083d00000, 0x0000000083d00000, 0x0000000083e00000|  0%| F|  |TAMS 0x0000000083d00000, 0x0000000083d00000| Untracked 
|  62|0x0000000083e00000, 0x0000000083e00000, 0x0000000083f00000|  0%| F|  |TAMS 0x0000000083e00000, 0x0000000083e00000| Untracked 
|  63|0x0000000083f00000, 0x0000000083f00000, 0x0000000084000000|  0%| F|  |TAMS 0x0000000083f00000, 0x0000000083f00000| Untracked 
|  64|0x0000000084000000, 0x0000000084000000, 0x0000000084100000|  0%| F|  |TAMS 0x0000000084000000, 0x0000000084000000| Untracked 
|  65|0x0000000084100000, 0x0000000084100000, 0x0000000084200000|  0%| F|  |TAMS 0x0000000084100000, 0x0000000084100000| Untracked 
|  66|0x0000000084200000, 0x0000000084200000, 0x0000000084300000|  0%| F|  |TAMS 0x0000000084200000, 0x0000000084200000| Untracked 
|  67|0x0000000084300000, 0x0000000084300000, 0x0000000084400000|  0%| F|  |TAMS 0x0000000084300000, 0x0000000084300000| Untracked 
|  68|0x0000000084400000, 0x0000000084400000, 0x0000000084500000|  0%| F|  |TAMS 0x0000000084400000, 0x0000000084400000| Untracked 
|  69|0x0000000084500000, 0x0000000084500000, 0x0000000084600000|  0%| F|  |TAMS 0x0000000084500000, 0x0000000084500000| Untracked 
|  70|0x0000000084600000, 0x0000000084600000, 0x0000000084700000|  0%| F|  |TAMS 0x0000000084600000, 0x0000000084600000| Untracked 
|  71|0x0000000084700000, 0x0000000084700000, 0x0000000084800000|  0%| F|  |TAMS 0x0000000084700000, 0x0000000084700000| Untracked 
|  72|0x0000000084800000, 0x0000000084800000, 0x0000000084900000|  0%| F|  |TAMS 0x0000000084800000, 0x0000000084800000| Untracked 
|  73|0x0000000084900000, 0x0000000084900000, 0x0000000084a00000|  0%| F|  |TAMS 0x0000000084900000, 0x0000000084900000| Untracked 
|  74|0x0000000084a00000, 0x0000000084a00000, 0x0000000084b00000|  0%| F|  |TAMS 0x0000000084a00000, 0x0000000084a00000| Untracked 
|  75|0x0000000084b00000, 0x0000000084b00000, 0x0000000084c00000|  0%| F|  |TAMS 0x0000000084b00000, 0x0000000084b00000| Untracked 
|  76|0x0000000084c00000, 0x0000000084c00000, 0x0000000084d00000|  0%| F|  |TAMS 0x0000000084c00000, 0x0000000084c00000| Untracked 
|  77|0x0000000084d00000, 0x0000000084d00000, 0x0000000084e00000|  0%| F|  |TAMS 0x0000000084d00000, 0x0000000084d00000| Untracked 
|  78|0x0000000084e00000, 0x0000000084e00000, 0x0000000084f00000|  0%| F|  |TAMS 0x0000000084e00000, 0x0000000084e00000| Untracked 
|  79|0x0000000084f00000, 0x0000000084f00000, 0x0000000085000000|  0%| F|  |TAMS 0x0000000084f00000, 0x0000000084f00000| Untracked 
|  80|0x0000000085000000, 0x0000000085000000, 0x0000000085100000|  0%| F|  |TAMS 0x0000000085000000, 0x0000000085000000| Untracked 
|  81|0x0000000085100000, 0x0000000085100000, 0x0000000085200000|  0%| F|  |TAMS 0x0000000085100000, 0x0000000085100000| Untracked 
|  82|0x0000000085200000, 0x0000000085200000, 0x0000000085300000|  0%| F|  |TAMS 0x0000000085200000, 0x0000000085200000| Untracked 
|  83|0x0000000085300000, 0x0000000085300000, 0x0000000085400000|  0%| F|  |TAMS 0x0000000085300000, 0x0000000085300000| Untracked 
|  84|0x0000000085400000, 0x0000000085400000, 0x0000000085500000|  0%| F|  |TAMS 0x0000000085400000, 0x0000000085400000| Untracked 
|  85|0x0000000085500000, 0x0000000085500000, 0x0000000085600000|  0%| F|  |TAMS 0x0000000085500000, 0x0000000085500000| Untracked 
|  86|0x0000000085600000, 0x0000000085600000, 0x0000000085700000|  0%| F|  |TAMS 0x0000000085600000, 0x0000000085600000| Untracked 
|  87|0x0000000085700000, 0x0000000085700000, 0x0000000085800000|  0%| F|  |TAMS 0x0000000085700000, 0x0000000085700000| Untracked 
|  88|0x0000000085800000, 0x0000000085800000, 0x0000000085900000|  0%| F|  |TAMS 0x0000000085800000, 0x0000000085800000| Untracked 
|  89|0x0000000085900000, 0x0000000085900000, 0x0000000085a00000|  0%| F|  |TAMS 0x0000000085900000, 0x0000000085900000| Untracked 
|  90|0x0000000085a00000, 0x0000000085a00000, 0x0000000085b00000|  0%| F|  |TAMS 0x0000000085a00000, 0x0000000085a00000| Untracked 
|  91|0x0000000085b00000, 0x0000000085b00000, 0x0000000085c00000|  0%| F|  |TAMS 0x0000000085b00000, 0x0000000085b00000| Untracked 
|  92|0x0000000085c00000, 0x0000000085c00000, 0x0000000085d00000|  0%| F|  |TAMS 0x0000000085c00000, 0x0000000085c00000| Untracked 
|  93|0x0000000085d00000, 0x0000000085d00000, 0x0000000085e00000|  0%| F|  |TAMS 0x0000000085d00000, 0x0000000085d00000| Untracked 
|  94|0x0000000085e00000, 0x0000000085e00000, 0x0000000085f00000|  0%| F|  |TAMS 0x0000000085e00000, 0x0000000085e00000| Untracked 
|  95|0x0000000085f00000, 0x0000000085f00000, 0x0000000086000000|  0%| F|  |TAMS 0x0000000085f00000, 0x0000000085f00000| Untracked 
|  96|0x0000000086000000, 0x0000000086000000, 0x0000000086100000|  0%| F|  |TAMS 0x0000000086000000, 0x0000000086000000| Untracked 
|  97|0x0000000086100000, 0x0000000086100000, 0x0000000086200000|  0%| F|  |TAMS 0x0000000086100000, 0x0000000086100000| Untracked 
|  98|0x0000000086200000, 0x0000000086200000, 0x0000000086300000|  0%| F|  |TAMS 0x0000000086200000, 0x0000000086200000| Untracked 
|  99|0x0000000086300000, 0x0000000086300000, 0x0000000086400000|  0%| F|  |TAMS 0x0000000086300000, 0x0000000086300000| Untracked 
| 100|0x0000000086400000, 0x0000000086400000, 0x0000000086500000|  0%| F|  |TAMS 0x0000000086400000, 0x0000000086400000| Untracked 
| 101|0x0000000086500000, 0x0000000086500000, 0x0000000086600000|  0%| F|  |TAMS 0x0000000086500000, 0x0000000086500000| Untracked 
| 102|0x0000000086600000, 0x0000000086600000, 0x0000000086700000|  0%| F|  |TAMS 0x0000000086600000, 0x0000000086600000| Untracked 
| 103|0x0000000086700000, 0x0000000086700000, 0x0000000086800000|  0%| F|  |TAMS 0x0000000086700000, 0x0000000086700000| Untracked 
| 104|0x0000000086800000, 0x0000000086800000, 0x0000000086900000|  0%| F|  |TAMS 0x0000000086800000, 0x0000000086800000| Untracked 
| 105|0x0000000086900000, 0x0000000086900000, 0x0000000086a00000|  0%| F|  |TAMS 0x0000000086900000, 0x0000000086900000| Untracked 
| 106|0x0000000086a00000, 0x0000000086a00000, 0x0000000086b00000|  0%| F|  |TAMS 0x0000000086a00000, 0x0000000086a00000| Untracked 
| 107|0x0000000086b00000, 0x0000000086b00000, 0x0000000086c00000|  0%| F|  |TAMS 0x0000000086b00000, 0x0000000086b00000| Untracked 
| 108|0x0000000086c00000, 0x0000000086c00000, 0x0000000086d00000|  0%| F|  |TAMS 0x0000000086c00000, 0x0000000086c00000| Untracked 
| 109|0x0000000086d00000, 0x0000000086d00000, 0x0000000086e00000|  0%| F|  |TAMS 0x0000000086d00000, 0x0000000086d00000| Untracked 
| 110|0x0000000086e00000, 0x0000000086e00000, 0x0000000086f00000|  0%| F|  |TAMS 0x0000000086e00000, 0x0000000086e00000| Untracked 
| 111|0x0000000086f00000, 0x0000000086f00000, 0x0000000087000000|  0%| F|  |TAMS 0x0000000086f00000, 0x0000000086f00000| Untracked 
| 112|0x0000000087000000, 0x0000000087000000, 0x0000000087100000|  0%| F|  |TAMS 0x0000000087000000, 0x0000000087000000| Untracked 
| 113|0x0000000087100000, 0x0000000087100000, 0x0000000087200000|  0%| F|  |TAMS 0x0000000087100000, 0x0000000087100000| Untracked 
| 114|0x0000000087200000, 0x0000000087200000, 0x0000000087300000|  0%| F|  |TAMS 0x0000000087200000, 0x0000000087200000| Untracked 
| 115|0x0000000087300000, 0x0000000087300000, 0x0000000087400000|  0%| F|  |TAMS 0x0000000087300000, 0x0000000087300000| Untracked 
| 116|0x0000000087400000, 0x0000000087400000, 0x0000000087500000|  0%| F|  |TAMS 0x0000000087400000, 0x0000000087400000| Untracked 
| 117|0x0000000087500000, 0x0000000087500000, 0x0000000087600000|  0%| F|  |TAMS 0x0000000087500000, 0x0000000087500000| Untracked 
| 118|0x0000000087600000, 0x0000000087600000, 0x0000000087700000|  0%| F|  |TAMS 0x0000000087600000, 0x0000000087600000| Untracked 
| 119|0x0000000087700000, 0x0000000087700000, 0x0000000087800000|  0%| F|  |TAMS 0x0000000087700000, 0x0000000087700000| Untracked 
| 120|0x0000000087800000, 0x0000000087800000, 0x0000000087900000|  0%| F|  |TAMS 0x0000000087800000, 0x0000000087800000| Untracked 
| 121|0x0000000087900000, 0x0000000087900000, 0x0000000087a00000|  0%| F|  |TAMS 0x0000000087900000, 0x0000000087900000| Untracked 
| 122|0x0000000087a00000, 0x0000000087a00000, 0x0000000087b00000|  0%| F|  |TAMS 0x0000000087a00000, 0x0000000087a00000| Untracked 
| 123|0x0000000087b00000, 0x0000000087b00000, 0x0000000087c00000|  0%| F|  |TAMS 0x0000000087b00000, 0x0000000087b00000| Untracked 
| 124|0x0000000087c00000, 0x0000000087c00000, 0x0000000087d00000|  0%| F|  |TAMS 0x0000000087c00000, 0x0000000087c00000| Untracked 
| 125|0x0000000087d00000, 0x0000000087d00000, 0x0000000087e00000|  0%| F|  |TAMS 0x0000000087d00000, 0x0000000087d00000| Untracked 
| 126|0x0000000087e00000, 0x0000000087e00000, 0x0000000087f00000|  0%| F|  |TAMS 0x0000000087e00000, 0x0000000087e00000| Untracked 
| 127|0x0000000087f00000, 0x0000000087fcab20, 0x0000000088000000| 79%| S|CS|TAMS 0x0000000087f00000, 0x0000000087f00000| Complete 
| 128|0x0000000088000000, 0x0000000088100000, 0x0000000088100000|100%| S|CS|TAMS 0x0000000088000000, 0x0000000088000000| Complete 
| 129|0x0000000088100000, 0x0000000088200000, 0x0000000088200000|100%| S|CS|TAMS 0x0000000088100000, 0x0000000088100000| Complete 
| 130|0x0000000088200000, 0x0000000088300000, 0x0000000088300000|100%| S|CS|TAMS 0x0000000088200000, 0x0000000088200000| Complete 
| 131|0x0000000088300000, 0x0000000088400000, 0x0000000088400000|100%| S|CS|TAMS 0x0000000088300000, 0x0000000088300000| Complete 
| 132|0x0000000088400000, 0x0000000088500000, 0x0000000088500000|100%| S|CS|TAMS 0x0000000088400000, 0x0000000088400000| Complete 
| 133|0x0000000088500000, 0x0000000088600000, 0x0000000088600000|100%| S|CS|TAMS 0x0000000088500000, 0x0000000088500000| Complete 
| 134|0x0000000088600000, 0x0000000088700000, 0x0000000088700000|100%| S|CS|TAMS 0x0000000088600000, 0x0000000088600000| Complete 
| 135|0x0000000088700000, 0x0000000088800000, 0x0000000088800000|100%| S|CS|TAMS 0x0000000088700000, 0x0000000088700000| Complete 
| 136|0x0000000088800000, 0x0000000088900000, 0x0000000088900000|100%| S|CS|TAMS 0x0000000088800000, 0x0000000088800000| Complete 
| 137|0x0000000088900000, 0x0000000088a00000, 0x0000000088a00000|100%| S|CS|TAMS 0x0000000088900000, 0x0000000088900000| Complete 
| 138|0x0000000088a00000, 0x0000000088a00000, 0x0000000088b00000|  0%| F|  |TAMS 0x0000000088a00000, 0x0000000088a00000| Untracked 
| 139|0x0000000088b00000, 0x0000000088b00000, 0x0000000088c00000|  0%| F|  |TAMS 0x0000000088b00000, 0x0000000088b00000| Untracked 
| 140|0x0000000088c00000, 0x0000000088c00000, 0x0000000088d00000|  0%| F|  |TAMS 0x0000000088c00000, 0x0000000088c00000| Untracked 
| 141|0x0000000088d00000, 0x0000000088d00000, 0x0000000088e00000|  0%| F|  |TAMS 0x0000000088d00000, 0x0000000088d00000| Untracked 
| 142|0x0000000088e00000, 0x0000000088e00000, 0x0000000088f00000|  0%| F|  |TAMS 0x0000000088e00000, 0x0000000088e00000| Untracked 
| 143|0x0000000088f00000, 0x0000000088f00000, 0x0000000089000000|  0%| F|  |TAMS 0x0000000088f00000, 0x0000000088f00000| Untracked 
| 144|0x0000000089000000, 0x0000000089000000, 0x0000000089100000|  0%| F|  |TAMS 0x0000000089000000, 0x0000000089000000| Untracked 
| 145|0x0000000089100000, 0x0000000089100000, 0x0000000089200000|  0%| F|  |TAMS 0x0000000089100000, 0x0000000089100000| Untracked 
| 146|0x0000000089200000, 0x0000000089200000, 0x0000000089300000|  0%| F|  |TAMS 0x0000000089200000, 0x0000000089200000| Untracked 
| 147|0x0000000089300000, 0x0000000089300000, 0x0000000089400000|  0%| F|  |TAMS 0x0000000089300000, 0x0000000089300000| Untracked 
| 148|0x0000000089400000, 0x0000000089400000, 0x0000000089500000|  0%| F|  |TAMS 0x0000000089400000, 0x0000000089400000| Untracked 
| 149|0x0000000089500000, 0x0000000089500000, 0x0000000089600000|  0%| F|  |TAMS 0x0000000089500000, 0x0000000089500000| Untracked 
| 150|0x0000000089600000, 0x0000000089600000, 0x0000000089700000|  0%| F|  |TAMS 0x0000000089600000, 0x0000000089600000| Untracked 
| 151|0x0000000089700000, 0x0000000089700000, 0x0000000089800000|  0%| F|  |TAMS 0x0000000089700000, 0x0000000089700000| Untracked 
| 152|0x0000000089800000, 0x0000000089800000, 0x0000000089900000|  0%| F|  |TAMS 0x0000000089800000, 0x0000000089800000| Untracked 
| 153|0x0000000089900000, 0x0000000089900000, 0x0000000089a00000|  0%| F|  |TAMS 0x0000000089900000, 0x0000000089900000| Untracked 
| 154|0x0000000089a00000, 0x0000000089b00000, 0x0000000089b00000|100%| E|  |TAMS 0x0000000089a00000, 0x0000000089a00000| Complete 
| 155|0x0000000089b00000, 0x0000000089c00000, 0x0000000089c00000|100%| E|CS|TAMS 0x0000000089b00000, 0x0000000089b00000| Complete 
| 156|0x0000000089c00000, 0x0000000089d00000, 0x0000000089d00000|100%| E|CS|TAMS 0x0000000089c00000, 0x0000000089c00000| Complete 
| 157|0x0000000089d00000, 0x0000000089e00000, 0x0000000089e00000|100%| E|CS|TAMS 0x0000000089d00000, 0x0000000089d00000| Complete 
| 158|0x0000000089e00000, 0x0000000089f00000, 0x0000000089f00000|100%| E|CS|TAMS 0x0000000089e00000, 0x0000000089e00000| Complete 
| 159|0x0000000089f00000, 0x000000008a000000, 0x000000008a000000|100%| E|CS|TAMS 0x0000000089f00000, 0x0000000089f00000| Complete 
| 160|0x000000008a000000, 0x000000008a100000, 0x000000008a100000|100%| E|CS|TAMS 0x000000008a000000, 0x000000008a000000| Complete 
| 161|0x000000008a100000, 0x000000008a200000, 0x000000008a200000|100%| E|CS|TAMS 0x000000008a100000, 0x000000008a100000| Complete 
| 162|0x000000008a200000, 0x000000008a300000, 0x000000008a300000|100%| E|CS|TAMS 0x000000008a200000, 0x000000008a200000| Complete 
| 163|0x000000008a300000, 0x000000008a400000, 0x000000008a400000|100%| E|CS|TAMS 0x000000008a300000, 0x000000008a300000| Complete 
| 164|0x000000008a400000, 0x000000008a500000, 0x000000008a500000|100%| E|CS|TAMS 0x000000008a400000, 0x000000008a400000| Complete 
| 165|0x000000008a500000, 0x000000008a600000, 0x000000008a600000|100%| E|CS|TAMS 0x000000008a500000, 0x000000008a500000| Complete 
| 166|0x000000008a600000, 0x000000008a700000, 0x000000008a700000|100%| E|CS|TAMS 0x000000008a600000, 0x000000008a600000| Complete 
| 167|0x000000008a700000, 0x000000008a800000, 0x000000008a800000|100%| E|CS|TAMS 0x000000008a700000, 0x000000008a700000| Complete 
| 168|0x000000008a800000, 0x000000008a900000, 0x000000008a900000|100%| E|CS|TAMS 0x000000008a800000, 0x000000008a800000| Complete 
| 169|0x000000008a900000, 0x000000008aa00000, 0x000000008aa00000|100%| E|CS|TAMS 0x000000008a900000, 0x000000008a900000| Complete 
| 170|0x000000008aa00000, 0x000000008ab00000, 0x000000008ab00000|100%| E|CS|TAMS 0x000000008aa00000, 0x000000008aa00000| Complete 
| 171|0x000000008ab00000, 0x000000008ac00000, 0x000000008ac00000|100%| E|CS|TAMS 0x000000008ab00000, 0x000000008ab00000| Complete 
| 172|0x000000008ac00000, 0x000000008ad00000, 0x000000008ad00000|100%| E|CS|TAMS 0x000000008ac00000, 0x000000008ac00000| Complete 
| 173|0x000000008ad00000, 0x000000008ae00000, 0x000000008ae00000|100%| E|CS|TAMS 0x000000008ad00000, 0x000000008ad00000| Complete 
| 174|0x000000008ae00000, 0x000000008af00000, 0x000000008af00000|100%| E|CS|TAMS 0x000000008ae00000, 0x000000008ae00000| Complete 
| 175|0x000000008af00000, 0x000000008b000000, 0x000000008b000000|100%| E|CS|TAMS 0x000000008af00000, 0x000000008af00000| Complete 
| 176|0x000000008b000000, 0x000000008b100000, 0x000000008b100000|100%| E|CS|TAMS 0x000000008b000000, 0x000000008b000000| Complete 
| 177|0x000000008b100000, 0x000000008b200000, 0x000000008b200000|100%| E|CS|TAMS 0x000000008b100000, 0x000000008b100000| Complete 
| 178|0x000000008b200000, 0x000000008b300000, 0x000000008b300000|100%| E|CS|TAMS 0x000000008b200000, 0x000000008b200000| Complete 
| 179|0x000000008b300000, 0x000000008b400000, 0x000000008b400000|100%| E|CS|TAMS 0x000000008b300000, 0x000000008b300000| Complete 
| 180|0x000000008b400000, 0x000000008b500000, 0x000000008b500000|100%| E|CS|TAMS 0x000000008b400000, 0x000000008b400000| Complete 
| 181|0x000000008b500000, 0x000000008b600000, 0x000000008b600000|100%| E|CS|TAMS 0x000000008b500000, 0x000000008b500000| Complete 
| 182|0x000000008b600000, 0x000000008b700000, 0x000000008b700000|100%| E|CS|TAMS 0x000000008b600000, 0x000000008b600000| Complete 
| 183|0x000000008b700000, 0x000000008b800000, 0x000000008b800000|100%| E|CS|TAMS 0x000000008b700000, 0x000000008b700000| Complete 
| 184|0x000000008b800000, 0x000000008b900000, 0x000000008b900000|100%| E|CS|TAMS 0x000000008b800000, 0x000000008b800000| Complete 
| 185|0x000000008b900000, 0x000000008ba00000, 0x000000008ba00000|100%| E|CS|TAMS 0x000000008b900000, 0x000000008b900000| Complete 
| 186|0x000000008ba00000, 0x000000008bb00000, 0x000000008bb00000|100%| E|CS|TAMS 0x000000008ba00000, 0x000000008ba00000| Complete 
| 187|0x000000008bb00000, 0x000000008bc00000, 0x000000008bc00000|100%| E|CS|TAMS 0x000000008bb00000, 0x000000008bb00000| Complete 
| 188|0x000000008bc00000, 0x000000008bd00000, 0x000000008bd00000|100%| E|CS|TAMS 0x000000008bc00000, 0x000000008bc00000| Complete 
| 189|0x000000008bd00000, 0x000000008be00000, 0x000000008be00000|100%| E|CS|TAMS 0x000000008bd00000, 0x000000008bd00000| Complete 
| 190|0x000000008be00000, 0x000000008bf00000, 0x000000008bf00000|100%| E|CS|TAMS 0x000000008be00000, 0x000000008be00000| Complete 
| 191|0x000000008bf00000, 0x000000008c000000, 0x000000008c000000|100%| E|CS|TAMS 0x000000008bf00000, 0x000000008bf00000| Complete 
| 192|0x000000008c000000, 0x000000008c100000, 0x000000008c100000|100%| E|CS|TAMS 0x000000008c000000, 0x000000008c000000| Complete 
| 193|0x000000008c100000, 0x000000008c200000, 0x000000008c200000|100%| E|CS|TAMS 0x000000008c100000, 0x000000008c100000| Complete 
| 194|0x000000008c200000, 0x000000008c300000, 0x000000008c300000|100%| E|CS|TAMS 0x000000008c200000, 0x000000008c200000| Complete 
| 195|0x000000008c300000, 0x000000008c400000, 0x000000008c400000|100%| E|CS|TAMS 0x000000008c300000, 0x000000008c300000| Complete 
| 196|0x000000008c400000, 0x000000008c500000, 0x000000008c500000|100%| E|CS|TAMS 0x000000008c400000, 0x000000008c400000| Complete 
| 197|0x000000008c500000, 0x000000008c600000, 0x000000008c600000|100%| E|CS|TAMS 0x000000008c500000, 0x000000008c500000| Complete 
| 198|0x000000008c600000, 0x000000008c700000, 0x000000008c700000|100%| E|CS|TAMS 0x000000008c600000, 0x000000008c600000| Complete 
| 199|0x000000008c700000, 0x000000008c800000, 0x000000008c800000|100%| E|CS|TAMS 0x000000008c700000, 0x000000008c700000| Complete 
| 200|0x000000008c800000, 0x000000008c900000, 0x000000008c900000|100%| E|CS|TAMS 0x000000008c800000, 0x000000008c800000| Complete 
| 201|0x000000008c900000, 0x000000008ca00000, 0x000000008ca00000|100%| E|CS|TAMS 0x000000008c900000, 0x000000008c900000| Complete 
| 202|0x000000008ca00000, 0x000000008cb00000, 0x000000008cb00000|100%| E|CS|TAMS 0x000000008ca00000, 0x000000008ca00000| Complete 
| 203|0x000000008cb00000, 0x000000008cc00000, 0x000000008cc00000|100%| E|CS|TAMS 0x000000008cb00000, 0x000000008cb00000| Complete 
| 204|0x000000008cc00000, 0x000000008cd00000, 0x000000008cd00000|100%| E|CS|TAMS 0x000000008cc00000, 0x000000008cc00000| Complete 
| 205|0x000000008cd00000, 0x000000008ce00000, 0x000000008ce00000|100%| E|CS|TAMS 0x000000008cd00000, 0x000000008cd00000| Complete 
| 206|0x000000008ce00000, 0x000000008cf00000, 0x000000008cf00000|100%| E|CS|TAMS 0x000000008ce00000, 0x000000008ce00000| Complete 
| 207|0x000000008cf00000, 0x000000008d000000, 0x000000008d000000|100%| E|CS|TAMS 0x000000008cf00000, 0x000000008cf00000| Complete 
| 208|0x000000008d000000, 0x000000008d100000, 0x000000008d100000|100%| E|CS|TAMS 0x000000008d000000, 0x000000008d000000| Complete 
| 209|0x000000008d100000, 0x000000008d200000, 0x000000008d200000|100%| E|CS|TAMS 0x000000008d100000, 0x000000008d100000| Complete 
| 210|0x000000008d200000, 0x000000008d300000, 0x000000008d300000|100%| E|CS|TAMS 0x000000008d200000, 0x000000008d200000| Complete 
| 211|0x000000008d300000, 0x000000008d400000, 0x000000008d400000|100%| E|CS|TAMS 0x000000008d300000, 0x000000008d300000| Complete 
| 212|0x000000008d400000, 0x000000008d500000, 0x000000008d500000|100%| E|CS|TAMS 0x000000008d400000, 0x000000008d400000| Complete 
| 213|0x000000008d500000, 0x000000008d600000, 0x000000008d600000|100%| E|CS|TAMS 0x000000008d500000, 0x000000008d500000| Complete 
| 214|0x000000008d600000, 0x000000008d700000, 0x000000008d700000|100%| E|CS|TAMS 0x000000008d600000, 0x000000008d600000| Complete 
| 215|0x000000008d700000, 0x000000008d800000, 0x000000008d800000|100%| E|CS|TAMS 0x000000008d700000, 0x000000008d700000| Complete 
| 216|0x000000008d800000, 0x000000008d900000, 0x000000008d900000|100%| E|CS|TAMS 0x000000008d800000, 0x000000008d800000| Complete 
| 217|0x000000008d900000, 0x000000008da00000, 0x000000008da00000|100%| E|CS|TAMS 0x000000008d900000, 0x000000008d900000| Complete 
| 218|0x000000008da00000, 0x000000008db00000, 0x000000008db00000|100%| E|CS|TAMS 0x000000008da00000, 0x000000008da00000| Complete 
| 219|0x000000008db00000, 0x000000008dc00000, 0x000000008dc00000|100%| E|CS|TAMS 0x000000008db00000, 0x000000008db00000| Complete 
| 220|0x000000008dc00000, 0x000000008dd00000, 0x000000008dd00000|100%| E|CS|TAMS 0x000000008dc00000, 0x000000008dc00000| Complete 
| 221|0x000000008dd00000, 0x000000008de00000, 0x000000008de00000|100%| E|CS|TAMS 0x000000008dd00000, 0x000000008dd00000| Complete 
| 222|0x000000008de00000, 0x000000008df00000, 0x000000008df00000|100%| E|CS|TAMS 0x000000008de00000, 0x000000008de00000| Complete 
| 223|0x000000008df00000, 0x000000008e000000, 0x000000008e000000|100%| E|CS|TAMS 0x000000008df00000, 0x000000008df00000| Complete 
| 224|0x000000008e000000, 0x000000008e100000, 0x000000008e100000|100%| E|CS|TAMS 0x000000008e000000, 0x000000008e000000| Complete 
| 225|0x000000008e100000, 0x000000008e200000, 0x000000008e200000|100%| E|CS|TAMS 0x000000008e100000, 0x000000008e100000| Complete 
| 226|0x000000008e200000, 0x000000008e300000, 0x000000008e300000|100%| E|CS|TAMS 0x000000008e200000, 0x000000008e200000| Complete 
| 227|0x000000008e300000, 0x000000008e400000, 0x000000008e400000|100%| E|CS|TAMS 0x000000008e300000, 0x000000008e300000| Complete 
| 228|0x000000008e400000, 0x000000008e500000, 0x000000008e500000|100%| E|CS|TAMS 0x000000008e400000, 0x000000008e400000| Complete 
| 229|0x000000008e500000, 0x000000008e600000, 0x000000008e600000|100%| E|CS|TAMS 0x000000008e500000, 0x000000008e500000| Complete 
| 230|0x000000008e600000, 0x000000008e700000, 0x000000008e700000|100%| E|  |TAMS 0x000000008e600000, 0x000000008e600000| Complete 
| 231|0x000000008e700000, 0x000000008e800000, 0x000000008e800000|100%| E|CS|TAMS 0x000000008e700000, 0x000000008e700000| Complete 
| 232|0x000000008e800000, 0x000000008e900000, 0x000000008e900000|100%| E|CS|TAMS 0x000000008e800000, 0x000000008e800000| Complete 
| 233|0x000000008e900000, 0x000000008ea00000, 0x000000008ea00000|100%| E|CS|TAMS 0x000000008e900000, 0x000000008e900000| Complete 
| 234|0x000000008ea00000, 0x000000008eb00000, 0x000000008eb00000|100%| E|CS|TAMS 0x000000008ea00000, 0x000000008ea00000| Complete 
| 235|0x000000008eb00000, 0x000000008ec00000, 0x000000008ec00000|100%| E|CS|TAMS 0x000000008eb00000, 0x000000008eb00000| Complete 
| 236|0x000000008ec00000, 0x000000008ed00000, 0x000000008ed00000|100%| E|CS|TAMS 0x000000008ec00000, 0x000000008ec00000| Complete 
| 237|0x000000008ed00000, 0x000000008ee00000, 0x000000008ee00000|100%| E|CS|TAMS 0x000000008ed00000, 0x000000008ed00000| Complete 
| 238|0x000000008ee00000, 0x000000008ef00000, 0x000000008ef00000|100%| E|CS|TAMS 0x000000008ee00000, 0x000000008ee00000| Complete 
| 239|0x000000008ef00000, 0x000000008f000000, 0x000000008f000000|100%| E|CS|TAMS 0x000000008ef00000, 0x000000008ef00000| Complete 
| 240|0x000000008f000000, 0x000000008f100000, 0x000000008f100000|100%| E|CS|TAMS 0x000000008f000000, 0x000000008f000000| Complete 
| 241|0x000000008f100000, 0x000000008f200000, 0x000000008f200000|100%| E|CS|TAMS 0x000000008f100000, 0x000000008f100000| Complete 
| 242|0x000000008f200000, 0x000000008f300000, 0x000000008f300000|100%| E|CS|TAMS 0x000000008f200000, 0x000000008f200000| Complete 
| 243|0x000000008f300000, 0x000000008f400000, 0x000000008f400000|100%| E|CS|TAMS 0x000000008f300000, 0x000000008f300000| Complete 
| 244|0x000000008f400000, 0x000000008f500000, 0x000000008f500000|100%| E|CS|TAMS 0x000000008f400000, 0x000000008f400000| Complete 
| 245|0x000000008f500000, 0x000000008f600000, 0x000000008f600000|100%| E|CS|TAMS 0x000000008f500000, 0x000000008f500000| Complete 
| 246|0x000000008f600000, 0x000000008f700000, 0x000000008f700000|100%| E|CS|TAMS 0x000000008f600000, 0x000000008f600000| Complete 
| 247|0x000000008f700000, 0x000000008f800000, 0x000000008f800000|100%| E|CS|TAMS 0x000000008f700000, 0x000000008f700000| Complete 
| 248|0x000000008f800000, 0x000000008f900000, 0x000000008f900000|100%| E|CS|TAMS 0x000000008f800000, 0x000000008f800000| Complete 
| 249|0x000000008f900000, 0x000000008fa00000, 0x000000008fa00000|100%| E|CS|TAMS 0x000000008f900000, 0x000000008f900000| Complete 
| 250|0x000000008fa00000, 0x000000008fb00000, 0x000000008fb00000|100%| E|CS|TAMS 0x000000008fa00000, 0x000000008fa00000| Complete 
| 251|0x000000008fb00000, 0x000000008fc00000, 0x000000008fc00000|100%| E|CS|TAMS 0x000000008fb00000, 0x000000008fb00000| Complete 
| 252|0x000000008fc00000, 0x000000008fd00000, 0x000000008fd00000|100%| E|CS|TAMS 0x000000008fc00000, 0x000000008fc00000| Complete 
| 253|0x000000008fd00000, 0x000000008fe00000, 0x000000008fe00000|100%| E|CS|TAMS 0x000000008fd00000, 0x000000008fd00000| Complete 

Card table byte_map: [0x0000023b7d2a0000,0x0000023b7d6a0000] _byte_map_base: 0x0000023b7cea0000

Marking Bits (Prev, Next): (CMBitMap*) 0x0000023b6a01c7d8, (CMBitMap*) 0x0000023b6a01c810
 Prev Bits: [0x0000023b7daa0000, 0x0000023b7faa0000)
 Next Bits: [0x0000023b00000000, 0x0000023b02000000)

Polling page: 0x0000023b67f40000

Metaspace:

Usage:
  Non-class:     46.88 MB capacity,    46.07 MB ( 98%) used,   707.09 KB (  1%) free+waste,   124.13 KB ( <1%) overhead. 
      Class:      7.21 MB capacity,     6.75 MB ( 94%) used,   418.97 KB (  6%) free+waste,    59.31 KB ( <1%) overhead. 
       Both:     54.10 MB capacity,    52.82 MB ( 98%) used,     1.10 MB (  2%) free+waste,   183.44 KB ( <1%) overhead. 

Virtual space:
  Non-class space:       48.00 MB reserved,      47.00 MB ( 98%) committed 
      Class space:        1.00 GB reserved,       7.25 MB ( <1%) committed 
             Both:        1.05 GB reserved,      54.25 MB (  5%) committed 

Chunk freelists:
   Non-Class:  55.00 KB
       Class:  5.00 KB
        Both:  60.00 KB

MaxMetaspaceSize: 17179869184.00 GB
CompressedClassSpaceSize: 1.00 GB

CodeHeap 'non-profiled nmethods': size=120000Kb used=2657Kb max_used=2657Kb free=117342Kb
 bounds [0x0000023b75420000, 0x0000023b756c0000, 0x0000023b7c950000]
CodeHeap 'profiled nmethods': size=120000Kb used=9785Kb max_used=9785Kb free=110214Kb
 bounds [0x0000023b6def0000, 0x0000023b6e890000, 0x0000023b75420000]
CodeHeap 'non-nmethods': size=5760Kb used=2213Kb max_used=2244Kb free=3546Kb
 bounds [0x0000023b6d950000, 0x0000023b6dbc0000, 0x0000023b6def0000]
 total_blobs=5473 nmethods=4690 adapters=694
 compilation: enabled
              stopped_count=0, restarted_count=0
 full_count=0

Compilation events (20 events):
Event: 10.863 Thread 0x0000023b05008000 nmethod 4897 0x0000023b6e86b690 code [0x0000023b6e86b880, 0x0000023b6e86bbb8]
Event: 10.869 Thread 0x0000023b05008000 4898       3       com.google.common.collect.RegularImmutableMap::createEntrySet (18 bytes)
Event: 10.870 Thread 0x0000023b05008000 nmethod 4898 0x0000023b6e86bd10 code [0x0000023b6e86bee0, 0x0000023b6e86c2d8]
Event: 10.870 Thread 0x0000023b05008000 4899       3       com.google.common.collect.RegularImmutableMap$EntrySet::<init> (26 bytes)
Event: 10.870 Thread 0x0000023b05008000 nmethod 4899 0x0000023b6e86c490 code [0x0000023b6e86c660, 0x0000023b6e86c998]
Event: 10.870 Thread 0x0000023b05008000 4900       3       java.lang.reflect.Method::hashCode (19 bytes)
Event: 10.871 Thread 0x0000023b05008000 nmethod 4900 0x0000023b6e86cb10 code [0x0000023b6e86cd00, 0x0000023b6e86cfa8]
Event: 10.871 Thread 0x0000023b05008000 4901       3       com.google.common.collect.AbstractMapBasedMultimap::put (92 bytes)
Event: 10.872 Thread 0x0000023b05008000 nmethod 4901 0x0000023b6e86d110 code [0x0000023b6e86d340, 0x0000023b6e86daf8]
Event: 10.881 Thread 0x0000023b05008000 4903       3       com.google.common.collect.ImmutableMap$Builder::putAll (11 bytes)
Event: 10.881 Thread 0x0000023b05008000 nmethod 4903 0x0000023b6e86dd10 code [0x0000023b6e86dee0, 0x0000023b6e86e158]
Event: 10.881 Thread 0x0000023b05008000 4904       3       com.google.common.reflect.TypeResolver$TypeTable$1::resolveInternal (33 bytes)
Event: 10.882 Thread 0x0000023b05008000 nmethod 4904 0x0000023b6e86e290 code [0x0000023b6e86e480, 0x0000023b6e86e8f8]
Event: 10.882 Thread 0x0000023b05008000 4905       3       sun.reflect.generics.tree.Wildcard::accept (8 bytes)
Event: 10.883 Thread 0x0000023b05008000 nmethod 4905 0x0000023b6e86ea90 code [0x0000023b6e86ecc0, 0x0000023b6e86f438]
Event: 10.883 Thread 0x0000023b05008000 4906       3       com.google.common.reflect.TypeResolver$TypeTable::<init> (10 bytes)
Event: 10.883 Thread 0x0000023b05008000 nmethod 4906 0x0000023b6e86f710 code [0x0000023b6e86f8c0, 0x0000023b6e86fa78]
Event: 10.884 Thread 0x0000023b05008000 4907       3       org.gradle.internal.instantiation.generator.AsmBackedClassGenerator$ClassBuilderImpl::maybeBox (49 bytes)
Event: 10.885 Thread 0x0000023b05008000 nmethod 4907 0x0000023b6e86fb10 code [0x0000023b6e86fd20, 0x0000023b6e8702e8]
Event: 10.885 Thread 0x0000023b05008000 4908       3       org.gradle.model.internal.asm.AsmClassGeneratorUtils::unboxOrCast (332 bytes)

GC Heap History (10 events):
Event: 1.264 GC heap before
{Heap before GC invocations=0 (full 0):
 garbage-first heap   total 260096K, used 29696K [0x0000000080000000, 0x0000000100000000)
  region size 1024K, 24 young (24576K), 0 survivors (0K)
 Metaspace       used 10394K, capacity 10640K, committed 11008K, reserved 1058816K
  class space    used 1098K, capacity 1164K, committed 1280K, reserved 1048576K
}
Event: 1.270 GC heap after
{Heap after GC invocations=1 (full 0):
 garbage-first heap   total 260096K, used 8842K [0x0000000080000000, 0x0000000100000000)
  region size 1024K, 3 young (3072K), 3 survivors (3072K)
 Metaspace       used 10394K, capacity 10640K, committed 11008K, reserved 1058816K
  class space    used 1098K, capacity 1164K, committed 1280K, reserved 1048576K
}
Event: 4.837 GC heap before
{Heap before GC invocations=1 (full 0):
 garbage-first heap   total 260096K, used 92810K [0x0000000080000000, 0x0000000100000000)
  region size 1024K, 87 young (89088K), 3 survivors (3072K)
 Metaspace       used 20599K, capacity 21105K, committed 21248K, reserved 1067008K
  class space    used 2531K, capacity 2710K, committed 2816K, reserved 1048576K
}
Event: 4.849 GC heap after
{Heap after GC invocations=2 (full 0):
 garbage-first heap   total 260096K, used 16043K [0x0000000080000000, 0x0000000100000000)
  region size 1024K, 11 young (11264K), 11 survivors (11264K)
 Metaspace       used 20599K, capacity 21105K, committed 21248K, reserved 1067008K
  class space    used 2531K, capacity 2710K, committed 2816K, reserved 1048576K
}
Event: 5.098 GC heap before
{Heap before GC invocations=3 (full 0):
 garbage-first heap   total 260096K, used 32427K [0x0000000080000000, 0x0000000100000000)
  region size 1024K, 27 young (27648K), 11 survivors (11264K)
 Metaspace       used 21979K, capacity 22564K, committed 22784K, reserved 1069056K
  class space    used 2804K, capacity 3006K, committed 3072K, reserved 1048576K
}
Event: 5.105 GC heap after
{Heap after GC invocations=4 (full 0):
 garbage-first heap   total 260096K, used 16541K [0x0000000080000000, 0x0000000100000000)
  region size 1024K, 1 young (1024K), 1 survivors (1024K)
 Metaspace       used 21979K, capacity 22564K, committed 22784K, reserved 1069056K
  class space    used 2804K, capacity 3006K, committed 3072K, reserved 1048576K
}
Event: 6.813 GC heap before
{Heap before GC invocations=4 (full 0):
 garbage-first heap   total 260096K, used 98461K [0x0000000080000000, 0x0000000100000000)
  region size 1024K, 82 young (83968K), 1 survivors (1024K)
 Metaspace       used 35094K, capacity 35769K, committed 35840K, reserved 1081344K
  class space    used 4566K, capacity 4856K, committed 4864K, reserved 1048576K
}
Event: 6.823 GC heap after
{Heap after GC invocations=5 (full 0):
 garbage-first heap   total 260096K, used 20940K [0x0000000080000000, 0x0000000100000000)
  region size 1024K, 6 young (6144K), 6 survivors (6144K)
 Metaspace       used 35094K, capacity 35769K, committed 35840K, reserved 1081344K
  class space    used 4566K, capacity 4856K, committed 4864K, reserved 1048576K
}
Event: 8.810 GC heap before
{Heap before GC invocations=6 (full 0):
 garbage-first heap   total 260096K, used 136652K [0x0000000080000000, 0x0000000100000000)
  region size 1024K, 116 young (118784K), 6 survivors (6144K)
 Metaspace       used 44115K, capacity 45203K, committed 45312K, reserved 1089536K
  class space    used 5672K, capacity 6037K, committed 6144K, reserved 1048576K
}
Event: 8.822 GC heap after
{Heap after GC invocations=7 (full 0):
 garbage-first heap   total 260096K, used 26683K [0x0000000080000000, 0x0000000100000000)
  region size 1024K, 11 young (11264K), 11 survivors (11264K)
 Metaspace       used 44115K, capacity 45203K, committed 45312K, reserved 1089536K
  class space    used 5672K, capacity 6037K, committed 6144K, reserved 1048576K
}

Deoptimization events (20 events):
Event: 10.246 Thread 0x0000023b0719b800 DEOPT PACKING pc=0x0000023b6e157d97 sp=0x000000c2ad6f6fc0
Event: 10.246 Thread 0x0000023b0719b800 DEOPT UNPACKING pc=0x0000023b6d9772ce sp=0x000000c2ad6f6548 mode 0
Event: 10.251 Thread 0x0000023b0719b800 DEOPT PACKING pc=0x0000023b6e157d97 sp=0x000000c2ad6f6dc0
Event: 10.251 Thread 0x0000023b0719b800 DEOPT UNPACKING pc=0x0000023b6d9772ce sp=0x000000c2ad6f6348 mode 0
Event: 10.255 Thread 0x0000023b0719b800 DEOPT PACKING pc=0x0000023b6e157d97 sp=0x000000c2ad6f6dc0
Event: 10.255 Thread 0x0000023b0719b800 DEOPT UNPACKING pc=0x0000023b6d9772ce sp=0x000000c2ad6f6348 mode 0
Event: 10.258 Thread 0x0000023b0719b800 DEOPT PACKING pc=0x0000023b6e157d97 sp=0x000000c2ad6f6fb0
Event: 10.258 Thread 0x0000023b0719b800 DEOPT UNPACKING pc=0x0000023b6d9772ce sp=0x000000c2ad6f6538 mode 0
Event: 10.261 Thread 0x0000023b0719b800 DEOPT PACKING pc=0x0000023b6e157d97 sp=0x000000c2ad6f6ea0
Event: 10.261 Thread 0x0000023b0719b800 DEOPT UNPACKING pc=0x0000023b6d9772ce sp=0x000000c2ad6f6428 mode 0
Event: 10.265 Thread 0x0000023b0719b800 DEOPT PACKING pc=0x0000023b6e157d97 sp=0x000000c2ad6f6dd0
Event: 10.265 Thread 0x0000023b0719b800 DEOPT UNPACKING pc=0x0000023b6d9772ce sp=0x000000c2ad6f6358 mode 0
Event: 10.461 Thread 0x0000023b0719b800 Uncommon trap: trap_request=0xffffffc6 fr.pc=0x0000023b7559312c relative=0x00000000000039ec
Event: 10.461 Thread 0x0000023b0719b800 Uncommon trap: reason=bimorphic_or_optimized_type_check action=maybe_recompile pc=0x0000023b7559312c method=java.util.AbstractCollection.addAll(Ljava/util/Collection;)Z @ 29 c2
Event: 10.461 Thread 0x0000023b0719b800 DEOPT PACKING pc=0x0000023b7559312c sp=0x000000c2ad6f8cc0
Event: 10.461 Thread 0x0000023b0719b800 DEOPT UNPACKING pc=0x0000023b6d9774af sp=0x000000c2ad6f8cc0 mode 2
Event: 10.755 Thread 0x0000023b0719b800 Uncommon trap: trap_request=0xffffff4d fr.pc=0x0000023b7556cf64 relative=0x00000000000003a4
Event: 10.755 Thread 0x0000023b0719b800 Uncommon trap: reason=unstable_if action=reinterpret pc=0x0000023b7556cf64 method=java.lang.String.equalsIgnoreCase(Ljava/lang/String;)Z @ 36 c2
Event: 10.755 Thread 0x0000023b0719b800 DEOPT PACKING pc=0x0000023b7556cf64 sp=0x000000c2ad6f80c0
Event: 10.755 Thread 0x0000023b0719b800 DEOPT UNPACKING pc=0x0000023b6d9774af sp=0x000000c2ad6f8080 mode 2

Classes redefined (0 events):
No events

Internal exceptions (20 events):
Event: 9.270 Thread 0x0000023b080c8000 Exception <a 'java/lang/NoSuchMethodError'{0x000000008d898520}: <clinit>> (0x000000008d898520) thrown at [./src/hotspot/share/prims/jni.cpp, line 1362]
Event: 9.271 Thread 0x0000023b080c8000 Exception <a 'java/lang/NoSuchMethodError'{0x000000008d899828}: <clinit>> (0x000000008d899828) thrown at [./src/hotspot/share/prims/jni.cpp, line 1362]
Event: 9.271 Thread 0x0000023b080c8000 Exception <a 'java/lang/NoSuchMethodError'{0x000000008d89a848}: <clinit>> (0x000000008d89a848) thrown at [./src/hotspot/share/prims/jni.cpp, line 1362]
Event: 9.272 Thread 0x0000023b080c8000 Exception <a 'java/lang/NoSuchMethodError'{0x000000008d8a4688}: <clinit>> (0x000000008d8a4688) thrown at [./src/hotspot/share/prims/jni.cpp, line 1362]
Event: 9.273 Thread 0x0000023b080c8000 Exception <a 'java/lang/NoSuchMethodError'{0x000000008d8ae8a0}: <clinit>> (0x000000008d8ae8a0) thrown at [./src/hotspot/share/prims/jni.cpp, line 1362]
Event: 9.277 Thread 0x0000023b080c8000 Exception <a 'java/lang/NoSuchMethodError'{0x000000008d8c2400}: <clinit>> (0x000000008d8c2400) thrown at [./src/hotspot/share/prims/jni.cpp, line 1362]
Event: 9.290 Thread 0x0000023b0719b800 Exception <a 'java/lang/ClassNotFoundException'{0x000000008d71e538}: build_1yj3lagx6ofrdymdpi85aanv1BeanInfo> (0x000000008d71e538) thrown at [./src/hotspot/share/classfile/systemDictionary.cpp, line 231]
Event: 9.291 Thread 0x0000023b0719b800 Exception <a 'java/lang/ClassNotFoundException'{0x000000008d727340}: build_1yj3lagx6ofrdymdpi85aanv1Customizer> (0x000000008d727340) thrown at [./src/hotspot/share/classfile/systemDictionary.cpp, line 231]
Event: 9.302 Thread 0x0000023b0719b800 Exception <a 'java/lang/ClassNotFoundException'{0x000000008d7964c0}: org/gradle/plugin/use/internal/PluginRequestCollector$PluginDependenciesSpecImplBeanInfo> (0x000000008d7964c0) thrown at [./src/hotspot/share/classfile/systemDictionary.cpp, line 231]
Event: 9.302 Thread 0x0000023b0719b800 Exception <a 'java/lang/ClassNotFoundException'{0x000000008d7bc230}: org/gradle/plugin/use/internal/PluginRequestCollector$PluginDependenciesSpecImplCustomizer> (0x000000008d7bc230) thrown at [./src/hotspot/share/classfile/systemDictionary.cpp, line 231]
Event: 9.312 Thread 0x0000023b0719b800 Exception <a 'java/lang/NoSuchMethodError'{0x000000008d6321f8}: 'void java.lang.invoke.DirectMethodHandle$Holder.invokeInterface(java.lang.Object, java.lang.Object)'> (0x000000008d6321f8) thrown at [./src/hotspot/share/interpreter/linkResolver.cpp, line 773]
Event: 9.355 Thread 0x0000023b0719b800 Exception <a 'java/lang/ClassNotFoundException'{0x000000008d434da8}: org/gradle/api/internal/plugins/DefaultObjectConfigurationActionBeanInfo> (0x000000008d434da8) thrown at [./src/hotspot/share/classfile/systemDictionary.cpp, line 231]
Event: 9.357 Thread 0x0000023b0719b800 Exception <a 'java/lang/ClassNotFoundException'{0x000000008d460d78}: org/gradle/api/internal/plugins/DefaultObjectConfigurationActionCustomizer> (0x000000008d460d78) thrown at [./src/hotspot/share/classfile/systemDictionary.cpp, line 231]
Event: 9.563 Thread 0x0000023b0719b800 Exception <a 'java/lang/NoSuchMethodError'{0x000000008cb30170}: 'java.lang.Object java.lang.invoke.DirectMethodHandle$Holder.invokeStatic(java.lang.Object, java.lang.Object, java.lang.Object, java.lang.Object, int)'> (0x000000008cb30170) thrown at [./src/hotspot/share/interpreter/linkResolver.cpp, line 773]
Event: 9.564 Thread 0x0000023b0719b800 Exception <a 'java/lang/NoSuchMethodError'{0x000000008cb34b68}: 'java.lang.Object java.lang.invoke.DirectMethodHandle$Holder.invokeSpecial(java.lang.Object, java.lang.Object, java.lang.Object, java.lang.Object, java.lang.Object, int)'> (0x000000008cb34b68) thrown at [./src/hotspot/share/interpreter/linkResolver.cpp, line 773]
Event: 9.564 Thread 0x0000023b0719b800 Exception <a 'java/lang/NoSuchMethodError'{0x000000008cb391a8}: 'java.lang.Object java.lang.invoke.Invokers$Holder.linkToTargetMethod(java.lang.Object, java.lang.Object, java.lang.Object, int, java.lang.Object)'> (0x000000008cb391a8) thrown at [./src/hotspot/share/interpreter/linkResolver.cpp, line 773]
Event: 10.007 Thread 0x0000023b0719b800 Exception <a 'java/lang/NoSuchMethodError'{0x000000008b850dc0}: 'java.lang.Object java.lang.invoke.DirectMethodHandle$Holder.invokeSpecial(java.lang.Object, java.lang.Object, int, int, java.lang.Object, java.lang.Object, java.lang.Object)'> (0x000000008b850dc0) thrown at [./src/hotspot/share/interpreter/linkResolver.cpp, line 773]
Event: 10.007 Thread 0x0000023b0719b800 Exception <a 'java/lang/NoSuchMethodError'{0x000000008b855340}: 'java.lang.Object java.lang.invoke.DelegatingMethodHandle$Holder.reinvoke_L(java.lang.Object, int, int, java.lang.Object, java.lang.Object, java.lang.Object)'> (0x000000008b855340) thrown at [./src/hotspot/share/interpreter/linkResolver.cpp, line 773]
Event: 10.411 Thread 0x0000023b0719b800 Exception <a 'java/lang/NoSuchMethodError'{0x000000008acd2fb8}: 'int java.lang.invoke.DirectMethodHandle$Holder.invokeInterface(java.lang.Object, java.lang.Object, java.lang.Object, java.lang.Object)'> (0x000000008acd2fb8) thrown at [./src/hotspot/share/interpreter/linkResolver.cpp, line 773]
Event: 10.737 Thread 0x0000023b0719b800 Exception <a 'java/lang/NoSuchMethodError'{0x000000008a2da9d0}: 'void java.lang.invoke.DirectMethodHandle$Holder.invokeInterface(java.lang.Object, java.lang.Object, java.lang.Object, java.lang.Object)'> (0x000000008a2da9d0) thrown at [./src/hotspot/share/interpreter/linkResolver.cpp, line 773]

Events (20 events):
Event: 10.861 loading class org/gradle/api/artifacts/PublishArtifact
Event: 10.861 loading class org/gradle/api/artifacts/PublishArtifact done
Event: 10.861 loading class org/gradle/api/artifacts/Configuration
Event: 10.861 loading class org/gradle/api/artifacts/Configuration done
Event: 10.862 loading class org/gradle/api/Task
Event: 10.862 loading class org/gradle/api/Task done
Event: 10.862 loading class org/gradle/api/Task
Event: 10.862 loading class org/gradle/api/Task done
Event: 10.862 loading class org/gradle/api/Action
Event: 10.862 loading class org/gradle/api/Action done
Event: 10.863 loading class org/gradle/api/plugins/JvmEcosystemPlugin
Event: 10.863 loading class org/gradle/api/plugins/JvmEcosystemPlugin done
Event: 10.865 loading class org/gradle/api/internal/tasks/DefaultSourceSetContainer
Event: 10.865 loading class org/gradle/api/internal/tasks/DefaultSourceSetContainer done
Event: 10.875 loading class org/gradle/api/internal/tasks/DefaultSourceSetContainer$1
Event: 10.875 loading class org/gradle/api/internal/tasks/DefaultSourceSetContainer$1 done
Event: 10.877 loading class org/gradle/api/internal/artifacts/type/DefaultArtifactTypeContainer
Event: 10.877 loading class org/gradle/api/internal/artifacts/type/DefaultArtifactTypeContainer done
Event: 10.879 loading class org/gradle/api/artifacts/type/ArtifactTypeDefinition
Event: 10.879 loading class org/gradle/api/artifacts/type/ArtifactTypeDefinition done


Dynamic libraries:
0x00007ff649930000 - 0x00007ff64993a000 	C:\Program Files\Android\Android Studio\jre\bin\java.exe
0x00007ffb7e020000 - 0x00007ffb7e227000 	C:\WINDOWS\SYSTEM32\ntdll.dll
0x00007ffb7cb90000 - 0x00007ffb7cc4d000 	C:\WINDOWS\System32\KERNEL32.DLL
0x00007ffb7b9d0000 - 0x00007ffb7bd42000 	C:\WINDOWS\System32\KERNELBASE.dll
0x00007ffb787b0000 - 0x00007ffb78842000 	C:\WINDOWS\SYSTEM32\apphelp.dll
0x00007ffb7b8b0000 - 0x00007ffb7b9c1000 	C:\WINDOWS\System32\ucrtbase.dll
0x00007ffb73470000 - 0x00007ffb73487000 	C:\Program Files\Android\Android Studio\jre\bin\VCRUNTIME140.dll
0x00007ffb72930000 - 0x00007ffb72949000 	C:\Program Files\Android\Android Studio\jre\bin\jli.dll
0x00007ffb7c3a0000 - 0x00007ffb7c54c000 	C:\WINDOWS\System32\USER32.dll
0x00007ffb5cdd0000 - 0x00007ffb5d075000 	C:\WINDOWS\WinSxS\amd64_microsoft.windows.common-controls_6595b64144ccf1df_6.0.21390.1_none_71fe35e189dc7366\COMCTL32.dll
0x00007ffb7b880000 - 0x00007ffb7b8a6000 	C:\WINDOWS\System32\win32u.dll
0x00007ffb7def0000 - 0x00007ffb7df93000 	C:\WINDOWS\System32\msvcrt.dll
0x00007ffb7c730000 - 0x00007ffb7c759000 	C:\WINDOWS\System32\GDI32.dll
0x00007ffb7b760000 - 0x00007ffb7b872000 	C:\WINDOWS\System32\gdi32full.dll
0x00007ffb7b550000 - 0x00007ffb7b5ed000 	C:\WINDOWS\System32\msvcp_win.dll
0x00007ffb7dd30000 - 0x00007ffb7dd61000 	C:\WINDOWS\System32\IMM32.DLL
0x00007ffb343d0000 - 0x00007ffb3446d000 	C:\Program Files\Android\Android Studio\jre\bin\msvcp140.dll
0x00007ffb07e30000 - 0x00007ffb088ec000 	C:\Program Files\Android\Android Studio\jre\bin\server\jvm.dll
0x00007ffb7ddd0000 - 0x00007ffb7de7c000 	C:\WINDOWS\System32\ADVAPI32.dll
0x00007ffb7c760000 - 0x00007ffb7c7fd000 	C:\WINDOWS\System32\sechost.dll
0x00007ffb7c270000 - 0x00007ffb7c391000 	C:\WINDOWS\System32\RPCRT4.dll
0x00007ffb7c1e0000 - 0x00007ffb7c1e8000 	C:\WINDOWS\System32\PSAPI.DLL
0x00007ffb733c0000 - 0x00007ffb733f1000 	C:\WINDOWS\SYSTEM32\WINMM.dll
0x00007ffb71170000 - 0x00007ffb71179000 	C:\WINDOWS\SYSTEM32\WSOCK32.dll
0x00007ffb744c0000 - 0x00007ffb744ca000 	C:\WINDOWS\SYSTEM32\VERSION.dll
0x00007ffb7c170000 - 0x00007ffb7c1df000 	C:\WINDOWS\System32\WS2_32.dll
0x00007ffb7a730000 - 0x00007ffb7a747000 	C:\WINDOWS\SYSTEM32\kernel.appcore.dll
0x00007ffb5ef00000 - 0x00007ffb5ef11000 	C:\Program Files\Android\Android Studio\jre\bin\verify.dll
0x00007ffb79080000 - 0x00007ffb792a1000 	C:\WINDOWS\SYSTEM32\DBGHELP.DLL
0x00007ffb6a410000 - 0x00007ffb6a441000 	C:\WINDOWS\SYSTEM32\dbgcore.DLL
0x00007ffb7bdc0000 - 0x00007ffb7be40000 	C:\WINDOWS\System32\bcryptPrimitives.dll
0x00007ffb58800000 - 0x00007ffb58829000 	C:\Program Files\Android\Android Studio\jre\bin\java.dll
0x00007ffb69f70000 - 0x00007ffb69f7b000 	C:\Program Files\Android\Android Studio\jre\bin\jimage.dll
0x00007ffb587e0000 - 0x00007ffb587f8000 	C:\Program Files\Android\Android Studio\jre\bin\zip.dll
0x00007ffb7cdc0000 - 0x00007ffb7d512000 	C:\WINDOWS\System32\SHELL32.dll
0x00007ffb796e0000 - 0x00007ffb79f38000 	C:\WINDOWS\SYSTEM32\windows.storage.dll
0x00007ffb7c810000 - 0x00007ffb7cb85000 	C:\WINDOWS\System32\combase.dll
0x00007ffb79570000 - 0x00007ffb796d6000 	C:\WINDOWS\SYSTEM32\wintypes.dll
0x00007ffb7d720000 - 0x00007ffb7d80a000 	C:\WINDOWS\System32\SHCORE.dll
0x00007ffb7d520000 - 0x00007ffb7d57d000 	C:\WINDOWS\System32\shlwapi.dll
0x00007ffb7b480000 - 0x00007ffb7b4a1000 	C:\WINDOWS\SYSTEM32\profapi.dll
0x00007ffb572c0000 - 0x00007ffb572da000 	C:\Program Files\Android\Android Studio\jre\bin\net.dll
0x00007ffb73cf0000 - 0x00007ffb73dfc000 	C:\WINDOWS\SYSTEM32\WINHTTP.dll
0x00007ffb7ab30000 - 0x00007ffb7ab97000 	C:\WINDOWS\system32\mswsock.dll
0x00007ffb52680000 - 0x00007ffb52694000 	C:\Program Files\Android\Android Studio\jre\bin\nio.dll
0x00007ffb332b0000 - 0x00007ffb332d7000 	C:\Users\sakri\.gradle\native\fdc75f09e3144964f2cf3f50f0aa648679c211496f362492102eb8c894070792\windows-amd64\native-platform.dll
0x00007ffb2eac0000 - 0x00007ffb2ec56000 	C:\Users\sakri\.gradle\native\12488b8bf47d2d4c9fbf2f6322a914ad602e24e48041cd04a747c6da556b65c4\windows-amd64\native-platform-file-events.dll
0x00007ffb62dc0000 - 0x00007ffb62dca000 	C:\Program Files\Android\Android Studio\jre\bin\management.dll
0x00007ffb62ce0000 - 0x00007ffb62cec000 	C:\Program Files\Android\Android Studio\jre\bin\management_ext.dll
0x00007ffb7ae00000 - 0x00007ffb7ae18000 	C:\WINDOWS\SYSTEM32\CRYPTSP.dll
0x00007ffb7a690000 - 0x00007ffb7a6c5000 	C:\WINDOWS\system32\rsaenh.dll
0x00007ffb7abd0000 - 0x00007ffb7abf9000 	C:\WINDOWS\SYSTEM32\USERENV.dll
0x00007ffb7af40000 - 0x00007ffb7af67000 	C:\WINDOWS\SYSTEM32\bcrypt.dll
0x00007ffb7ad20000 - 0x00007ffb7ad2c000 	C:\WINDOWS\SYSTEM32\CRYPTBASE.dll
0x00007ffb7a1f0000 - 0x00007ffb7a21d000 	C:\WINDOWS\SYSTEM32\IPHLPAPI.DLL
0x00007ffb7c800000 - 0x00007ffb7c809000 	C:\WINDOWS\System32\NSI.dll
0x00007ffb73870000 - 0x00007ffb73889000 	C:\WINDOWS\SYSTEM32\dhcpcsvc6.DLL
0x00007ffb73990000 - 0x00007ffb739ae000 	C:\WINDOWS\SYSTEM32\dhcpcsvc.DLL
0x00007ffb7a220000 - 0x00007ffb7a305000 	C:\WINDOWS\SYSTEM32\DNSAPI.dll
0x00007ffb75570000 - 0x00007ffb7557c000 	C:\WINDOWS\SYSTEM32\WINNSI.DLL

dbghelp: loaded successfully - version: 4.0.5 - missing functions: none
symbol engine: initialized successfully - sym options: 0x614 - pdb path: .;C:\Program Files\Android\Android Studio\jre\bin;C:\WINDOWS\SYSTEM32;C:\WINDOWS\WinSxS\amd64_microsoft.windows.common-controls_6595b64144ccf1df_6.0.21390.1_none_71fe35e189dc7366;C:\Program Files\Android\Android Studio\jre\bin\server;C:\Users\sakri\.gradle\native\fdc75f09e3144964f2cf3f50f0aa648679c211496f362492102eb8c894070792\windows-amd64;C:\Users\sakri\.gradle\native\12488b8bf47d2d4c9fbf2f6322a914ad602e24e48041cd04a747c6da556b65c4\windows-amd64

VM Arguments:
jvm_args: --add-opens=java.base/java.util=ALL-UNNAMED --add-opens=java.base/java.lang=ALL-UNNAMED --add-opens=java.base/java.lang.invoke=ALL-UNNAMED --add-opens=java.prefs/java.util.prefs=ALL-UNNAMED -Xmx2048m -Dfile.encoding=UTF-8 -Duser.country=US -Duser.language=en -Duser.variant 
java_command: org.gradle.launcher.daemon.bootstrap.GradleDaemon 6.7.1
java_class_path (initial): C:\Users\sakri\.gradle\wrapper\dists\gradle-6.7.1-all\2moa8rlfac5eqlcfgk98k0deb\gradle-6.7.1\lib\gradle-launcher-6.7.1.jar
Launcher Type: SUN_STANDARD

[Global flags]
     intx CICompilerCount                          = 4                                         {product} {ergonomic}
     uint ConcGCThreads                            = 3                                         {product} {ergonomic}
     uint G1ConcRefinementThreads                  = 10                                        {product} {ergonomic}
   size_t G1HeapRegionSize                         = 1048576                                   {product} {ergonomic}
    uintx GCDrainStackTargetSize                   = 64                                        {product} {ergonomic}
   size_t InitialHeapSize                          = 266338304                                 {product} {ergonomic}
   size_t MarkStackSize                            = 4194304                                   {product} {ergonomic}
   size_t MaxHeapSize                              = 2147483648                                {product} {command line}
   size_t MaxNewSize                               = 1287651328                                {product} {ergonomic}
   size_t MinHeapDeltaBytes                        = 1048576                                   {product} {ergonomic}
    uintx NonNMethodCodeHeapSize                   = 5836300                                {pd product} {ergonomic}
    uintx NonProfiledCodeHeapSize                  = 122910970                              {pd product} {ergonomic}
    uintx ProfiledCodeHeapSize                     = 122910970                              {pd product} {ergonomic}
    uintx ReservedCodeCacheSize                    = 251658240                              {pd product} {ergonomic}
     bool SegmentedCodeCache                       = true                                      {product} {ergonomic}
     bool UseCompressedClassPointers               = true                                 {lp64_product} {ergonomic}
     bool UseCompressedOops                        = true                                 {lp64_product} {ergonomic}
     bool UseG1GC                                  = true                                      {product} {ergonomic}
     bool UseLargePagesIndividualAllocation        = false                                  {pd product} {ergonomic}

Logging:
Log output configuration:
 #0: stdout all=warning uptime,level,tags
 #1: stderr all=off uptime,level,tags

Environment Variables:
PATH=C:\Program Files\AdoptOpenJDK\jdk-11.0.10.9-hotspot\bin;C:\Python39\Scripts\;C:\Python39\;C:\Users\sakri\Downloads\WINDOWS.X64_193000_db_home\bin;C:\Program Files (x86)\Common Files\Intel\Shared Libraries\redist\intel64\compiler;C:\Windows\system32;C:\Windows;C:\Windows\System32\Wbem;C:\Windows\System32\WindowsPowerShell\v1.0\;C:\Windows\System32\OpenSSH\;C:\Program Files\NVIDIA Corporation\NVIDIA NvDLISR;C:\Program Files (x86)\NVIDIA Corporation\PhysX\Common;C:\Program Files\dotnet\;C:\WINDOWS\system32;C:\WINDOWS;C:\WINDOWS\System32\Wbem;C:\WINDOWS\System32\WindowsPowerShell\v1.0\;C:\WINDOWS\System32\OpenSSH\;C:\xampp\php;C:\ProgramData\ComposerSetup\bin;C:\ProgramData\chocolatey\bin;C:\Program Files\nodejs\;C:\Program Files\Git\cmd;C:\Users\sakri\AppData\Local\Microsoft\WindowsApps;C:\Users\sakri\AppData\Local\Programs\Microsoft VS Code\bin;C:\Users\sakri\AppData\Local\GitHubDesktop\bin;C:\Users\sakri\.dotnet\tools;C:\Users\sakri\AppData\Local\Microsoft\WindowsApps;C:\Users\sakri\AppData\Roaming\Composer\vendor\bin;C:\Users\sakri\AppData\Roaming\npm;
USERNAME=sakri
OS=Windows_NT
PROCESSOR_IDENTIFIER=Intel64 Family 6 Model 158 Stepping 10, GenuineIntel



---------------  S Y S T E M  ---------------

OS: Windows 10 , 64 bit Build 21390 (10.0.21390.1)
OS uptime: 0 days 23:30 hours
HyperV virtualization detected

CPU:total 12 (initial active 12) (6 cores per cpu, 2 threads per core) family 6 model 158 stepping 10, cmov, cx8, fxsr, mmx, sse, sse2, sse3, ssse3, sse4.1, sse4.2, popcnt, avx, avx2, aes, clmul, erms, 3dnowpref, lzcnt, ht, tsc, tscinvbit, bmi1, bmi2, adx, fma

Memory: 4k page, system-wide physical 16196M (3437M free)
TotalPageFile size 65348M (AvailPageFile size 3M)
current process WorkingSet (physical memory assigned to process): 323M, peak: 330M
current process commit charge ("private bytes"): 485M, peak: 490M

vm_info: OpenJDK 64-Bit Server VM (11.0.8+10-b944.6842174) for windows-amd64 JRE (11.0.8+10-b944.6842174), built on Sep 19 2020 01:11:42 by "builder" with MS VC++ 14.0 (VS2015)

END.
