#
# There is insufficient memory for the Java Runtime Environment to continue.
# Native memory allocation (malloc) failed to allocate 1607536 bytes for Chunk::new
# Possible reasons:
#   The system is out of physical RAM or swap space
#   The process is running with CompressedOops enabled, and the Java Heap may be blocking the growth of the native heap
# Possible solutions:
#   Reduce memory load on the system
#   Increase physical memory or swap space
#   Check if swap backing store is full
#   Decrease Java heap size (-Xmx/-Xms)
#   Decrease number of Java threads
#   Decrease Java thread stack sizes (-Xss)
#   Set larger code cache with -XX:ReservedCodeCacheSize=
#   JVM is running with Unscaled Compressed Oops mode in which the Java heap is
#     placed in the first 4GB address space. The Java Heap base address is the
#     maximum limit for the native heap growth. Please use -XX:HeapBaseMinAddress
#     to set the Java Heap base and to place the Java Heap above 4GB virtual address.
# This output file may be truncated or incomplete.
#
#  Out of Memory Error (./src/hotspot/share/memory/arena.cpp:197), pid=240, tid=1928
#
# JRE version: OpenJDK Runtime Environment (11.0.8+10) (build 11.0.8+10-b944.6842174)
# Java VM: OpenJDK 64-Bit Server VM (11.0.8+10-b944.6842174, mixed mode, tiered, compressed oops, g1 gc, windows-amd64)
# No core dump will be written. Minidumps are not enabled by default on client versions of Windows
#

---------------  S U M M A R Y ------------

Command Line: --add-opens=java.base/java.util=ALL-UNNAMED --add-opens=java.base/java.lang=ALL-UNNAMED --add-opens=java.base/java.lang.invoke=ALL-UNNAMED --add-opens=java.prefs/java.util.prefs=ALL-UNNAMED -Xmx2048m -Dfile.encoding=UTF-8 -Duser.country=US -Duser.language=en -Duser.variant org.gradle.launcher.daemon.bootstrap.GradleDaemon 6.7.1

Host: Intel(R) Core(TM) i7-9750H CPU @ 2.60GHz, 12 cores, 15G,  Windows 10 , 64 bit Build 19041 (10.0.19041.1023)
Time: Mon May 31 00:53:50 2021 Nepal Standard Time elapsed time: 34 seconds (0d 0h 0m 34s)

---------------  T H R E A D  ---------------

Current thread (0x000001e6793c9000):  JavaThread "C2 CompilerThread0" daemon [_thread_in_native, id=1928, stack(0x000000e5e1300000,0x000000e5e1400000)]


Current CompileTask:
C2:  34577 12647       4       org.objectweb.asm.ClassReader::readMethod (1061 bytes)

Stack: [0x000000e5e1300000,0x000000e5e1400000]
Native frames: (J=compiled Java code, j=interpreted, Vv=VM code, C=native code)
V  [jvm.dll+0x5de50a]
V  [jvm.dll+0x7122f5]
V  [jvm.dll+0x71384d]
V  [jvm.dll+0x713f03]
V  [jvm.dll+0x23e728]
V  [jvm.dll+0xb899c]
V  [jvm.dll+0xb8e9c]
V  [jvm.dll+0x35020b]
V  [jvm.dll+0x193ebc]
V  [jvm.dll+0x1f780e]
V  [jvm.dll+0x1f68d4]
V  [jvm.dll+0x17f32c]
V  [jvm.dll+0x205047]
V  [jvm.dll+0x203891]
V  [jvm.dll+0x6dad3f]
V  [jvm.dll+0x6d3895]
V  [jvm.dll+0x5dd4a6]
C  [ucrtbase.dll+0x21bb2]
C  [KERNEL32.DLL+0x17034]
C  [ntdll.dll+0x52651]


---------------  P R O C E S S  ---------------

Threads class SMR info:
_java_thread_list=0x000001e603161cd0, length=158, elements={
0x000001e65dbca800, 0x000001e679367000, 0x000001e679368800, 0x000001e6793c3800,
0x000001e6793c4800, 0x000001e6793c9000, 0x000001e6793cd000, 0x000001e6793cf000,
0x000001e67954f000, 0x000001e679569800, 0x000001e67b2fc800, 0x000001e67b261000,
0x000001e67b21b800, 0x000001e67b3d7000, 0x000001e67a32b000, 0x000001e67b147000,
0x000001e67b148000, 0x000001e67b14b000, 0x000001e67b14c000, 0x000001e67b14d000,
0x000001e67b148800, 0x000001e67b149800, 0x000001e67b14a800, 0x000001e67cba1800,
0x000001e67cb9c800, 0x000001e67cb9f000, 0x000001e67cb9e800, 0x000001e67cba0000,
0x000001e67cba1000, 0x000001e67cba2800, 0x000001e67cba3800, 0x000001e67cb9d800,
0x000001e67cba5000, 0x000001e67cba8000, 0x000001e67cba5800, 0x000001e67cba7800,
0x000001e67cbaa000, 0x000001e67cba4000, 0x000001e67cbaa800, 0x000001e67ec9e000,
0x000001e67eca3000, 0x000001e67eca7000, 0x000001e67eca8000, 0x000001e67eca9000,
0x000001e67b84b800, 0x000001e67b84a000, 0x000001e67b84d000, 0x000001e67b84c800,
0x000001e67b84e000, 0x000001e67b84a800, 0x000001e67b848000, 0x000001e67b84e800,
0x000001e67b849000, 0x000001e67b851000, 0x000001e67b855800, 0x000001e67b853000,
0x000001e67b852000, 0x000001e67b850800, 0x000001e67b853800, 0x000001e67b854800,
0x000001e67b84f800, 0x000001e67b856000, 0x000001e67b857000, 0x000001e67a6dd800,
0x000001e67a6dc000, 0x000001e67a6df000, 0x000001e67a6dd000, 0x000001e67a6de800,
0x000001e67a6e0000, 0x000001e67a6da800, 0x000001e67a6db000, 0x000001e67a6e3800,
0x000001e67a6e6800, 0x000001e67a6e1000, 0x000001e67a6e4000, 0x000001e67a6e7800,
0x000001e67a6e1800, 0x000001e67a6e5000, 0x000001e67a6e5800, 0x000001e67a6e8000,
0x000001e67a6e2800, 0x000001e67a6e9000, 0x000001e67a6ea000, 0x000001e67b528000,
0x000001e67b524800, 0x000001e67b525800, 0x000001e67b522000, 0x000001e67b526800,
0x000001e67b527000, 0x000001e67b528800, 0x000001e67b523000, 0x000001e67b524000,
0x000001e67b52f800, 0x000001e67b52c000, 0x000001e67b529800, 0x000001e67b52a800,
0x000001e67b530000, 0x000001e67b52d800, 0x000001e67b531000, 0x000001e67b52b000,
0x000001e67b52e800, 0x000001e67b52d000, 0x000001e67cab0800, 0x000001e67cab1800,
0x000001e67caae800, 0x000001e67caac800, 0x000001e67caaf000, 0x000001e67caad800,
0x000001e67cab2800, 0x000001e67cab4000, 0x000001e67cab3000, 0x000001e67cab5000,
0x000001e67cab5800, 0x000001e67cab0000, 0x000001e67cab9000, 0x000001e67cab6800,
0x000001e67cab9800, 0x000001e67cab8000, 0x000001e67caba800, 0x000001e67cab7000,
0x000001e67cabb800, 0x000001e67eca0800, 0x000001e67eca4000, 0x000001e67eca2800,
0x000001e67eca1800, 0x000001e67eca4800, 0x000001e67ec9f000, 0x000001e67eca9800,
0x000001e67ecaa800, 0x000001e67ecab800, 0x000001e67eca5800, 0x000001e67ecac000,
0x000001e67eca6800, 0x000001e67ecad000, 0x000001e67cbab800, 0x000001e67cba6800,
0x000001e67cba9000, 0x000001e67b146800, 0x000001e60267f800, 0x000001e602682800,
0x000001e602680000, 0x000001e602681000, 0x000001e602682000, 0x000001e602686000,
0x000001e602684800, 0x000001e602687000, 0x000001e602689000, 0x000001e602687800,
0x000001e602688800, 0x000001e602683800, 0x000001e60268a000, 0x000001e60268b000,
0x000001e602685000, 0x000001e60268b800, 0x000001e60268c800, 0x000001e60268d800,
0x000001e60268e000, 0x000001e67cf61000
}

Java Threads: ( => current thread )
  0x000001e65dbca800 JavaThread "main" [_thread_blocked, id=18944, stack(0x000000e5e0800000,0x000000e5e0900000)]
  0x000001e679367000 JavaThread "Reference Handler" daemon [_thread_blocked, id=22572, stack(0x000000e5e0f00000,0x000000e5e1000000)]
  0x000001e679368800 JavaThread "Finalizer" daemon [_thread_blocked, id=4856, stack(0x000000e5e1000000,0x000000e5e1100000)]
  0x000001e6793c3800 JavaThread "Signal Dispatcher" daemon [_thread_blocked, id=5924, stack(0x000000e5e1100000,0x000000e5e1200000)]
  0x000001e6793c4800 JavaThread "Attach Listener" daemon [_thread_blocked, id=8708, stack(0x000000e5e1200000,0x000000e5e1300000)]
=>0x000001e6793c9000 JavaThread "C2 CompilerThread0" daemon [_thread_in_native, id=1928, stack(0x000000e5e1300000,0x000000e5e1400000)]
  0x000001e6793cd000 JavaThread "C1 CompilerThread0" daemon [_thread_blocked, id=18628, stack(0x000000e5e1400000,0x000000e5e1500000)]
  0x000001e6793cf000 JavaThread "Sweeper thread" daemon [_thread_blocked, id=21540, stack(0x000000e5e1500000,0x000000e5e1600000)]
  0x000001e67954f000 JavaThread "Common-Cleaner" daemon [_thread_blocked, id=19392, stack(0x000000e5e1600000,0x000000e5e1700000)]
  0x000001e679569800 JavaThread "Service Thread" daemon [_thread_blocked, id=1320, stack(0x000000e5e1700000,0x000000e5e1800000)]
  0x000001e67b2fc800 JavaThread "Daemon health stats" [_thread_blocked, id=22844, stack(0x000000e5e2000000,0x000000e5e2100000)]
  0x000001e67b261000 JavaThread "Incoming local TCP Connector on port 4062" [_thread_in_native, id=5692, stack(0x000000e5e2100000,0x000000e5e2200000)]
  0x000001e67b21b800 JavaThread "Daemon periodic checks" [_thread_blocked, id=10136, stack(0x000000e5e2200000,0x000000e5e2300000)]
  0x000001e67b3d7000 JavaThread "Daemon" [_thread_blocked, id=6468, stack(0x000000e5e2300000,0x000000e5e2400000)]
  0x000001e67a32b000 JavaThread "Daemon worker" [_thread_blocked, id=8704, stack(0x000000e5e2600000,0x000000e5e2700000)]
  0x000001e67b147000 JavaThread "Cache worker for file hash cache (C:\Users\sakri\.gradle\caches\6.7.1\fileHashes)" [_thread_blocked, id=21576, stack(0x000000e5e2a00000,0x000000e5e2b00000)]
  0x000001e67b148000 JavaThread "File lock request listener" [_thread_in_native, id=6276, stack(0x000000e5e2b00000,0x000000e5e2c00000)]
  0x000001e67b14b000 JavaThread "Cache worker for journal cache (C:\Users\sakri\.gradle\caches\journal-1)" [_thread_blocked, id=6780, stack(0x000000e5e3200000,0x000000e5e3300000)]
  0x000001e67b14c000 JavaThread "jar transforms" [_thread_blocked, id=3152, stack(0x000000e5e3500000,0x000000e5e3600000)]
  0x000001e67b14d000 JavaThread "jar transforms Thread 2" [_thread_blocked, id=4364, stack(0x000000e5e3600000,0x000000e5e3700000)]
  0x000001e67b148800 JavaThread "jar transforms Thread 3" [_thread_blocked, id=4748, stack(0x000000e5e3700000,0x000000e5e3800000)]
  0x000001e67b149800 JavaThread "jar transforms Thread 4" [_thread_blocked, id=12956, stack(0x000000e5e3800000,0x000000e5e3900000)]
  0x000001e67b14a800 JavaThread "jar transforms Thread 5" [_thread_blocked, id=1352, stack(0x000000e5e3900000,0x000000e5e3a00000)]
  0x000001e67cba1800 JavaThread "jar transforms Thread 6" [_thread_blocked, id=20884, stack(0x000000e5e3a00000,0x000000e5e3b00000)]
  0x000001e67cb9c800 JavaThread "jar transforms Thread 7" [_thread_blocked, id=8456, stack(0x000000e5e3b00000,0x000000e5e3c00000)]
  0x000001e67cb9f000 JavaThread "jar transforms Thread 8" [_thread_blocked, id=9448, stack(0x000000e5e3c00000,0x000000e5e3d00000)]
  0x000001e67cb9e800 JavaThread "jar transforms Thread 9" [_thread_blocked, id=23208, stack(0x000000e5e3d00000,0x000000e5e3e00000)]
  0x000001e67cba0000 JavaThread "jar transforms Thread 10" [_thread_blocked, id=16388, stack(0x000000e5e3e00000,0x000000e5e3f00000)]
  0x000001e67cba1000 JavaThread "jar transforms Thread 11" [_thread_blocked, id=11964, stack(0x000000e5e3f00000,0x000000e5e4000000)]
  0x000001e67cba2800 JavaThread "jar transforms Thread 12" [_thread_blocked, id=17584, stack(0x000000e5e4000000,0x000000e5e4100000)]
  0x000001e67cba3800 JavaThread "jar transforms Thread 13" [_thread_blocked, id=16380, stack(0x000000e5e4100000,0x000000e5e4200000)]
  0x000001e67cb9d800 JavaThread "jar transforms Thread 14" [_thread_blocked, id=14368, stack(0x000000e5e4200000,0x000000e5e4300000)]
  0x000001e67cba5000 JavaThread "jar transforms Thread 15" [_thread_blocked, id=9864, stack(0x000000e5e4300000,0x000000e5e4400000)]
  0x000001e67cba8000 JavaThread "jar transforms Thread 16" [_thread_blocked, id=19992, stack(0x000000e5e4400000,0x000000e5e4500000)]
  0x000001e67cba5800 JavaThread "jar transforms Thread 17" [_thread_blocked, id=14936, stack(0x000000e5e4500000,0x000000e5e4600000)]
  0x000001e67cba7800 JavaThread "jar transforms Thread 18" [_thread_blocked, id=11320, stack(0x000000e5e4600000,0x000000e5e4700000)]
  0x000001e67cbaa000 JavaThread "jar transforms Thread 19" [_thread_blocked, id=22288, stack(0x000000e5e4700000,0x000000e5e4800000)]
  0x000001e67cba4000 JavaThread "jar transforms Thread 20" [_thread_blocked, id=12612, stack(0x000000e5e4800000,0x000000e5e4900000)]
  0x000001e67cbaa800 JavaThread "jar transforms Thread 21" [_thread_blocked, id=9320, stack(0x000000e5e4900000,0x000000e5e4a00000)]
  0x000001e67ec9e000 JavaThread "Cache worker for execution history cache (C:\Users\sakri\.gradle\caches\6.7.1\executionHistory)" [_thread_blocked, id=14744, stack(0x000000e5e4d00000,0x000000e5e4e00000)]
  0x000001e67eca3000 JavaThread "Cache worker for file content cache (C:\Users\sakri\.gradle\caches\6.7.1\fileContent)" [_thread_blocked, id=11816, stack(0x000000e5e4e00000,0x000000e5e4f00000)]
  0x000001e67eca7000 JavaThread "jar transforms Thread 22" [_thread_blocked, id=4016, stack(0x000000e5e5d00000,0x000000e5e5e00000)]
  0x000001e67eca8000 JavaThread "jar transforms Thread 23" [_thread_blocked, id=13468, stack(0x000000e5e5e00000,0x000000e5e5f00000)]
  0x000001e67eca9000 JavaThread "jar transforms Thread 24" [_thread_blocked, id=15852, stack(0x000000e5e5f00000,0x000000e5e6000000)]
  0x000001e67b84b800 JavaThread "jar transforms Thread 25" [_thread_blocked, id=22468, stack(0x000000e5e6000000,0x000000e5e6100000)]
  0x000001e67b84a000 JavaThread "jar transforms Thread 26" [_thread_blocked, id=18500, stack(0x000000e5e6100000,0x000000e5e6200000)]
  0x000001e67b84d000 JavaThread "jar transforms Thread 27" [_thread_blocked, id=12128, stack(0x000000e5e6200000,0x000000e5e6300000)]
  0x000001e67b84c800 JavaThread "jar transforms Thread 28" [_thread_blocked, id=9252, stack(0x000000e5e6300000,0x000000e5e6400000)]
  0x000001e67b84e000 JavaThread "jar transforms Thread 29" [_thread_blocked, id=21860, stack(0x000000e5e6400000,0x000000e5e6500000)]
  0x000001e67b84a800 JavaThread "jar transforms Thread 30" [_thread_blocked, id=23004, stack(0x000000e5e6500000,0x000000e5e6600000)]
  0x000001e67b848000 JavaThread "jar transforms Thread 31" [_thread_blocked, id=11844, stack(0x000000e5e6600000,0x000000e5e6700000)]
  0x000001e67b84e800 JavaThread "jar transforms Thread 32" [_thread_blocked, id=18900, stack(0x000000e5e6700000,0x000000e5e6800000)]
  0x000001e67b849000 JavaThread "jar transforms Thread 33" [_thread_blocked, id=16112, stack(0x000000e5e6800000,0x000000e5e6900000)]
  0x000001e67b851000 JavaThread "jar transforms Thread 34" [_thread_blocked, id=9676, stack(0x000000e5e6900000,0x000000e5e6a00000)]
  0x000001e67b855800 JavaThread "jar transforms Thread 35" [_thread_blocked, id=20100, stack(0x000000e5e6a00000,0x000000e5e6b00000)]
  0x000001e67b853000 JavaThread "jar transforms Thread 36" [_thread_blocked, id=9804, stack(0x000000e5e6b00000,0x000000e5e6c00000)]
  0x000001e67b852000 JavaThread "jar transforms Thread 37" [_thread_blocked, id=17852, stack(0x000000e5e6c00000,0x000000e5e6d00000)]
  0x000001e67b850800 JavaThread "jar transforms Thread 38" [_thread_blocked, id=16308, stack(0x000000e5e6d00000,0x000000e5e6e00000)]
  0x000001e67b853800 JavaThread "jar transforms Thread 39" [_thread_blocked, id=13292, stack(0x000000e5e6e00000,0x000000e5e6f00000)]
  0x000001e67b854800 JavaThread "jar transforms Thread 40" [_thread_blocked, id=18236, stack(0x000000e5e6f00000,0x000000e5e7000000)]
  0x000001e67b84f800 JavaThread "jar transforms Thread 41" [_thread_blocked, id=8656, stack(0x000000e5e7000000,0x000000e5e7100000)]
  0x000001e67b856000 JavaThread "jar transforms Thread 42" [_thread_blocked, id=15432, stack(0x000000e5e7100000,0x000000e5e7200000)]
  0x000001e67b857000 JavaThread "jar transforms Thread 43" [_thread_blocked, id=5732, stack(0x000000e5e7200000,0x000000e5e7300000)]
  0x000001e67a6dd800 JavaThread "jar transforms Thread 44" [_thread_blocked, id=21964, stack(0x000000e5e7300000,0x000000e5e7400000)]
  0x000001e67a6dc000 JavaThread "jar transforms Thread 45" [_thread_blocked, id=18488, stack(0x000000e5e7400000,0x000000e5e7500000)]
  0x000001e67a6df000 JavaThread "jar transforms Thread 46" [_thread_blocked, id=4704, stack(0x000000e5e7500000,0x000000e5e7600000)]
  0x000001e67a6dd000 JavaThread "jar transforms Thread 47" [_thread_blocked, id=11592, stack(0x000000e5e7600000,0x000000e5e7700000)]
  0x000001e67a6de800 JavaThread "jar transforms Thread 48" [_thread_blocked, id=21720, stack(0x000000e5e7700000,0x000000e5e7800000)]
  0x000001e67a6e0000 JavaThread "jar transforms Thread 49" [_thread_blocked, id=21832, stack(0x000000e5e7800000,0x000000e5e7900000)]
  0x000001e67a6da800 JavaThread "jar transforms Thread 50" [_thread_blocked, id=19360, stack(0x000000e5e7900000,0x000000e5e7a00000)]
  0x000001e67a6db000 JavaThread "jar transforms Thread 51" [_thread_blocked, id=21120, stack(0x000000e5e7a00000,0x000000e5e7b00000)]
  0x000001e67a6e3800 JavaThread "jar transforms Thread 52" [_thread_blocked, id=22968, stack(0x000000e5e7b00000,0x000000e5e7c00000)]
  0x000001e67a6e6800 JavaThread "jar transforms Thread 53" [_thread_blocked, id=3868, stack(0x000000e5e7c00000,0x000000e5e7d00000)]
  0x000001e67a6e1000 JavaThread "jar transforms Thread 54" [_thread_blocked, id=16704, stack(0x000000e5e7d00000,0x000000e5e7e00000)]
  0x000001e67a6e4000 JavaThread "jar transforms Thread 55" [_thread_blocked, id=10696, stack(0x000000e5e7e00000,0x000000e5e7f00000)]
  0x000001e67a6e7800 JavaThread "jar transforms Thread 56" [_thread_blocked, id=21216, stack(0x000000e5e7f00000,0x000000e5e8000000)]
  0x000001e67a6e1800 JavaThread "jar transforms Thread 57" [_thread_blocked, id=6728, stack(0x000000e5e8000000,0x000000e5e8100000)]
  0x000001e67a6e5000 JavaThread "jar transforms Thread 58" [_thread_blocked, id=20428, stack(0x000000e5e8100000,0x000000e5e8200000)]
  0x000001e67a6e5800 JavaThread "jar transforms Thread 59" [_thread_blocked, id=1228, stack(0x000000e5e8200000,0x000000e5e8300000)]
  0x000001e67a6e8000 JavaThread "jar transforms Thread 60" [_thread_blocked, id=12580, stack(0x000000e5e8300000,0x000000e5e8400000)]
  0x000001e67a6e2800 JavaThread "jar transforms Thread 61" [_thread_blocked, id=22456, stack(0x000000e5e8400000,0x000000e5e8500000)]
  0x000001e67a6e9000 JavaThread "jar transforms Thread 62" [_thread_blocked, id=22460, stack(0x000000e5e8500000,0x000000e5e8600000)]
  0x000001e67a6ea000 JavaThread "jar transforms Thread 63" [_thread_blocked, id=2416, stack(0x000000e5e8600000,0x000000e5e8700000)]
  0x000001e67b528000 JavaThread "jar transforms Thread 64" [_thread_blocked, id=21332, stack(0x000000e5e8700000,0x000000e5e8800000)]
  0x000001e67b524800 JavaThread "jar transforms Thread 65" [_thread_blocked, id=9192, stack(0x000000e5e8800000,0x000000e5e8900000)]
  0x000001e67b525800 JavaThread "jar transforms Thread 66" [_thread_blocked, id=21452, stack(0x000000e5e8900000,0x000000e5e8a00000)]
  0x000001e67b522000 JavaThread "jar transforms Thread 67" [_thread_blocked, id=22644, stack(0x000000e5e8a00000,0x000000e5e8b00000)]
  0x000001e67b526800 JavaThread "jar transforms Thread 68" [_thread_blocked, id=1680, stack(0x000000e5e8b00000,0x000000e5e8c00000)]
  0x000001e67b527000 JavaThread "jar transforms Thread 69" [_thread_blocked, id=16936, stack(0x000000e5e8c00000,0x000000e5e8d00000)]
  0x000001e67b528800 JavaThread "jar transforms Thread 70" [_thread_blocked, id=21240, stack(0x000000e5e8d00000,0x000000e5e8e00000)]
  0x000001e67b523000 JavaThread "jar transforms Thread 71" [_thread_blocked, id=1608, stack(0x000000e5e8e00000,0x000000e5e8f00000)]
  0x000001e67b524000 JavaThread "jar transforms Thread 72" [_thread_blocked, id=21808, stack(0x000000e5e8f00000,0x000000e5e9000000)]
  0x000001e67b52f800 JavaThread "jar transforms Thread 73" [_thread_blocked, id=22344, stack(0x000000e5e9000000,0x000000e5e9100000)]
  0x000001e67b52c000 JavaThread "jar transforms Thread 74" [_thread_blocked, id=10304, stack(0x000000e5e9100000,0x000000e5e9200000)]
  0x000001e67b529800 JavaThread "jar transforms Thread 75" [_thread_blocked, id=21428, stack(0x000000e5e9200000,0x000000e5e9300000)]
  0x000001e67b52a800 JavaThread "jar transforms Thread 76" [_thread_blocked, id=14308, stack(0x000000e5e9300000,0x000000e5e9400000)]
  0x000001e67b530000 JavaThread "jar transforms Thread 77" [_thread_blocked, id=21340, stack(0x000000e5e9400000,0x000000e5e9500000)]
  0x000001e67b52d800 JavaThread "jar transforms Thread 78" [_thread_blocked, id=21400, stack(0x000000e5e9500000,0x000000e5e9600000)]
  0x000001e67b531000 JavaThread "jar transforms Thread 79" [_thread_blocked, id=4104, stack(0x000000e5e9600000,0x000000e5e9700000)]
  0x000001e67b52b000 JavaThread "jar transforms Thread 80" [_thread_blocked, id=14500, stack(0x000000e5e9700000,0x000000e5e9800000)]
  0x000001e67b52e800 JavaThread "jar transforms Thread 81" [_thread_blocked, id=20812, stack(0x000000e5e9800000,0x000000e5e9900000)]
  0x000001e67b52d000 JavaThread "jar transforms Thread 82" [_thread_blocked, id=5616, stack(0x000000e5e9900000,0x000000e5e9a00000)]
  0x000001e67cab0800 JavaThread "jar transforms Thread 83" [_thread_blocked, id=13056, stack(0x000000e5e9a00000,0x000000e5e9b00000)]
  0x000001e67cab1800 JavaThread "jar transforms Thread 84" [_thread_blocked, id=10024, stack(0x000000e5e9b00000,0x000000e5e9c00000)]
  0x000001e67caae800 JavaThread "jar transforms Thread 85" [_thread_blocked, id=15476, stack(0x000000e5e9c00000,0x000000e5e9d00000)]
  0x000001e67caac800 JavaThread "jar transforms Thread 86" [_thread_blocked, id=23316, stack(0x000000e5e9d00000,0x000000e5e9e00000)]
  0x000001e67caaf000 JavaThread "jar transforms Thread 87" [_thread_blocked, id=10188, stack(0x000000e5e9e00000,0x000000e5e9f00000)]
  0x000001e67caad800 JavaThread "jar transforms Thread 88" [_thread_blocked, id=21556, stack(0x000000e5e9f00000,0x000000e5ea000000)]
  0x000001e67cab2800 JavaThread "jar transforms Thread 89" [_thread_blocked, id=15660, stack(0x000000e5ea000000,0x000000e5ea100000)]
  0x000001e67cab4000 JavaThread "jar transforms Thread 90" [_thread_blocked, id=16452, stack(0x000000e5ea100000,0x000000e5ea200000)]
  0x000001e67cab3000 JavaThread "jar transforms Thread 91" [_thread_blocked, id=1036, stack(0x000000e5ea200000,0x000000e5ea300000)]
  0x000001e67cab5000 JavaThread "jar transforms Thread 92" [_thread_blocked, id=17372, stack(0x000000e5ea300000,0x000000e5ea400000)]
  0x000001e67cab5800 JavaThread "jar transforms Thread 93" [_thread_blocked, id=5340, stack(0x000000e5ea400000,0x000000e5ea500000)]
  0x000001e67cab0000 JavaThread "jar transforms Thread 94" [_thread_blocked, id=23292, stack(0x000000e5ea500000,0x000000e5ea600000)]
  0x000001e67cab9000 JavaThread "jar transforms Thread 95" [_thread_blocked, id=696, stack(0x000000e5ea600000,0x000000e5ea700000)]
  0x000001e67cab6800 JavaThread "jar transforms Thread 96" [_thread_blocked, id=10840, stack(0x000000e5ea700000,0x000000e5ea800000)]
  0x000001e67cab9800 JavaThread "jar transforms Thread 97" [_thread_blocked, id=23376, stack(0x000000e5ea800000,0x000000e5ea900000)]
  0x000001e67cab8000 JavaThread "jar transforms Thread 98" [_thread_blocked, id=17360, stack(0x000000e5ea900000,0x000000e5eaa00000)]
  0x000001e67caba800 JavaThread "jar transforms Thread 99" [_thread_blocked, id=17776, stack(0x000000e5eaa00000,0x000000e5eab00000)]
  0x000001e67cab7000 JavaThread "Memory manager" [_thread_blocked, id=18804, stack(0x000000e5eab00000,0x000000e5eac00000)]
  0x000001e67cabb800 JavaThread "pool-3-thread-1" [_thread_blocked, id=21992, stack(0x000000e5eac00000,0x000000e5ead00000)]
  0x000001e67eca0800 JavaThread "Handler for socket connection from /127.0.0.1:4062 to /127.0.0.1:4083" [_thread_in_native, id=92, stack(0x000000e5e0600000,0x000000e5e0700000)]
  0x000001e67eca4000 JavaThread "Cancel handler" [_thread_blocked, id=16888, stack(0x000000e5e2400000,0x000000e5e2500000)]
  0x000001e67eca2800 JavaThread "Asynchronous log dispatcher for DefaultDaemonConnection: socket connection from /127.0.0.1:4062 to /127.0.0.1:4083" [_thread_blocked, id=21180, stack(0x000000e5e2500000,0x000000e5e2600000)]
  0x000001e67eca1800 JavaThread "Stdin handler" [_thread_blocked, id=16556, stack(0x000000e5e2700000,0x000000e5e2800000)]
  0x000001e67eca4800 JavaThread "Thread-146" [_thread_blocked, id=23420, stack(0x000000e5e2800000,0x000000e5e2900000)]
  0x000001e67ec9f000 JavaThread "Cache worker for file hash cache (C:\AndroidStudio\ProductionProject\.gradle\6.7.1\fileHashes)" [_thread_blocked, id=6532, stack(0x000000e5e2900000,0x000000e5e2a00000)]
  0x000001e67eca9800 JavaThread "Cache worker for checksums cache (C:\AndroidStudio\ProductionProject\.gradle\checksums)" [_thread_blocked, id=22792, stack(0x000000e5e3300000,0x000000e5e3400000)]
  0x000001e67ecaa800 JavaThread "Cache worker for cache directory md-supplier (C:\Users\sakri\.gradle\caches\6.7.1\md-supplier)" [_thread_blocked, id=22304, stack(0x000000e5e3400000,0x000000e5e3500000)]
  0x000001e67ecab800 JavaThread "Cache worker for cache directory md-rule (C:\Users\sakri\.gradle\caches\6.7.1\md-rule)" [_thread_blocked, id=22536, stack(0x000000e5e4a00000,0x000000e5e4b00000)]
  0x000001e67eca5800 JavaThread "Cache worker for Build Output Cleanup Cache (C:\AndroidStudio\ProductionProject\.gradle\buildOutputCleanup)" [_thread_blocked, id=4248, stack(0x000000e5e4b00000,0x000000e5e4c00000)]
  0x000001e67ecac000 JavaThread "Build operations" [_thread_blocked, id=18032, stack(0x000000e5e4c00000,0x000000e5e4d00000)]
  0x000001e67eca6800 JavaThread "Build operations Thread 2" [_thread_blocked, id=7484, stack(0x000000e5e4f00000,0x000000e5e5000000)]
  0x000001e67ecad000 JavaThread "Build operations Thread 3" [_thread_blocked, id=8168, stack(0x000000e5e5100000,0x000000e5e5200000)]
  0x000001e67cbab800 JavaThread "Build operations Thread 4" [_thread_blocked, id=18648, stack(0x000000e5e5200000,0x000000e5e5300000)]
  0x000001e67cba6800 JavaThread "Build operations Thread 5" [_thread_blocked, id=15484, stack(0x000000e5e5300000,0x000000e5e5400000)]
  0x000001e67cba9000 JavaThread "Build operations Thread 6" [_thread_blocked, id=14992, stack(0x000000e5e5400000,0x000000e5e5500000)]
  0x000001e67b146800 JavaThread "Build operations Thread 7" [_thread_blocked, id=3820, stack(0x000000e5e5500000,0x000000e5e5600000)]
  0x000001e60267f800 JavaThread "Build operations Thread 8" [_thread_blocked, id=17060, stack(0x000000e5e5600000,0x000000e5e5700000)]
  0x000001e602682800 JavaThread "Build operations Thread 9" [_thread_blocked, id=4520, stack(0x000000e5e5700000,0x000000e5e5800000)]
  0x000001e602680000 JavaThread "Build operations Thread 10" [_thread_blocked, id=13308, stack(0x000000e5e5800000,0x000000e5e5900000)]
  0x000001e602681000 JavaThread "Build operations Thread 11" [_thread_blocked, id=15548, stack(0x000000e5e5900000,0x000000e5e5a00000)]
  0x000001e602682000 JavaThread "Build operations Thread 12" [_thread_blocked, id=13844, stack(0x000000e5e5a00000,0x000000e5e5b00000)]
  0x000001e602686000 JavaThread "build event listener" [_thread_blocked, id=7684, stack(0x000000e5e5b00000,0x000000e5e5c00000)]
  0x000001e602684800 JavaThread "pool-6-thread-1" [_thread_blocked, id=2220, stack(0x000000e5e5c00000,0x000000e5e5d00000)]
  0x000001e602687000 JavaThread "build event listener" [_thread_blocked, id=15860, stack(0x000000e5ead00000,0x000000e5eae00000)]
  0x000001e602689000 JavaThread "Execution worker for ':'" [_thread_in_vm, id=18796, stack(0x000000e5eae00000,0x000000e5eaf00000)]
  0x000001e602687800 JavaThread "Execution worker for ':' Thread 2" [_thread_blocked, id=15800, stack(0x000000e5eaf00000,0x000000e5eb000000)]
  0x000001e602688800 JavaThread "Execution worker for ':' Thread 3" [_thread_blocked, id=1460, stack(0x000000e5eb000000,0x000000e5eb100000)]
  0x000001e602683800 JavaThread "Execution worker for ':' Thread 4" [_thread_blocked, id=11704, stack(0x000000e5eb100000,0x000000e5eb200000)]
  0x000001e60268a000 JavaThread "Execution worker for ':' Thread 5" [_thread_blocked, id=20680, stack(0x000000e5eb200000,0x000000e5eb300000)]
  0x000001e60268b000 JavaThread "Execution worker for ':' Thread 6" [_thread_blocked, id=2740, stack(0x000000e5eb300000,0x000000e5eb400000)]
  0x000001e602685000 JavaThread "Execution worker for ':' Thread 7" [_thread_blocked, id=17024, stack(0x000000e5eb400000,0x000000e5eb500000)]
  0x000001e60268b800 JavaThread "Execution worker for ':' Thread 8" [_thread_blocked, id=15804, stack(0x000000e5eb500000,0x000000e5eb600000)]
  0x000001e60268c800 JavaThread "Execution worker for ':' Thread 9" [_thread_blocked, id=10208, stack(0x000000e5eb600000,0x000000e5eb700000)]
  0x000001e60268d800 JavaThread "Execution worker for ':' Thread 10" [_thread_blocked, id=22980, stack(0x000000e5eb700000,0x000000e5eb800000)]
  0x000001e60268e000 JavaThread "Execution worker for ':' Thread 11" [_thread_blocked, id=10612, stack(0x000000e5eb800000,0x000000e5eb900000)]
  0x000001e67cf61000 JavaThread "Cache worker for execution history cache (C:\AndroidStudio\ProductionProject\.gradle\6.7.1\executionHistory)" [_thread_blocked, id=12888, stack(0x000000e5eb900000,0x000000e5eba00000)]

Other Threads:
  0x000001e679362800 VMThread "VM Thread" [stack: 0x000000e5e0e00000,0x000000e5e0f00000] [id=13980]
  0x000001e67956a800 WatcherThread [stack: 0x000000e5e1800000,0x000000e5e1900000] [id=2280]
  0x000001e65dbe3000 GCTaskThread "GC Thread#0" [stack: 0x000000e5e0900000,0x000000e5e0a00000] [id=9396]
  0x000001e679f75000 GCTaskThread "GC Thread#1" [stack: 0x000000e5e1b00000,0x000000e5e1c00000] [id=22984]
  0x000001e67a03d800 GCTaskThread "GC Thread#2" [stack: 0x000000e5e1c00000,0x000000e5e1d00000] [id=19584]
  0x000001e67a03e800 GCTaskThread "GC Thread#3" [stack: 0x000000e5e1d00000,0x000000e5e1e00000] [id=11444]
  0x000001e67a3df800 GCTaskThread "GC Thread#4" [stack: 0x000000e5e1e00000,0x000000e5e1f00000] [id=12904]
  0x000001e67a3e0000 GCTaskThread "GC Thread#5" [stack: 0x000000e5e1f00000,0x000000e5e2000000] [id=1152]
  0x000001e67aed7800 GCTaskThread "GC Thread#6" [stack: 0x000000e5e2c00000,0x000000e5e2d00000] [id=19296]
  0x000001e67add8000 GCTaskThread "GC Thread#7" [stack: 0x000000e5e2d00000,0x000000e5e2e00000] [id=8308]
  0x000001e67bfad800 GCTaskThread "GC Thread#8" [stack: 0x000000e5e2e00000,0x000000e5e2f00000] [id=15672]
  0x000001e67a7c5800 GCTaskThread "GC Thread#9" [stack: 0x000000e5e2f00000,0x000000e5e3000000] [id=19980]
  0x000001e65dc15800 ConcurrentGCThread "G1 Main Marker" [stack: 0x000000e5e0a00000,0x000000e5e0b00000] [id=21160]
  0x000001e65dc17000 ConcurrentGCThread "G1 Conc#0" [stack: 0x000000e5e0b00000,0x000000e5e0c00000] [id=3344]
  0x000001e67a566000 ConcurrentGCThread "G1 Conc#1" [stack: 0x000000e5e3000000,0x000000e5e3100000] [id=8328]
  0x000001e67b57f800 ConcurrentGCThread "G1 Conc#2" [stack: 0x000000e5e3100000,0x000000e5e3200000] [id=3944]
  0x000001e6789af000 ConcurrentGCThread "G1 Refine#0" [stack: 0x000000e5e0c00000,0x000000e5e0d00000] [id=17908]
  0x000001e67c79b000 ConcurrentGCThread "G1 Refine#1" [stack: 0x000000e5e5000000,0x000000e5e5100000] [id=18652]
  0x000001e6789b0000 ConcurrentGCThread "G1 Young RemSet Sampling" [stack: 0x000000e5e0d00000,0x000000e5e0e00000] [id=23468]

Threads with active compile tasks:
C2 CompilerThread0  34634 12647       4       org.objectweb.asm.ClassReader::readMethod (1061 bytes)

VM state:not at safepoint (normal execution)

VM Mutex/Monitor currently owned by a thread: None

Heap address: 0x0000000080000000, size: 2048 MB, Compressed Oops mode: 32-bit
Narrow klass base: 0x0000000000000000, Narrow klass shift: 3
Compressed class space size: 1073741824 Address: 0x0000000100000000

Heap:
 garbage-first heap   total 260096K, used 128666K [0x0000000080000000, 0x0000000100000000)
  region size 1024K, 25 young (25600K), 10 survivors (10240K)
 Metaspace       used 103367K, capacity 106480K, committed 106768K, reserved 1142784K
  class space    used 13076K, capacity 14141K, committed 14200K, reserved 1048576K
Heap Regions: E=young(eden), S=young(survivor), O=old, HS=humongous(starts), HC=humongous(continues), CS=collection set, F=free, A=archive, TAMS=top-at-mark-start (previous, next)
|   0|0x0000000080000000, 0x0000000080100000, 0x0000000080100000|100%| O|  |TAMS 0x0000000080100000, 0x0000000080000000| Untracked 
|   1|0x0000000080100000, 0x0000000080200000, 0x0000000080200000|100%| O|  |TAMS 0x0000000080200000, 0x0000000080100000| Untracked 
|   2|0x0000000080200000, 0x0000000080300000, 0x0000000080300000|100%| O|  |TAMS 0x0000000080300000, 0x0000000080200000| Untracked 
|   3|0x0000000080300000, 0x0000000080400000, 0x0000000080400000|100%|HS|  |TAMS 0x0000000080400000, 0x0000000080300000| Complete 
|   4|0x0000000080400000, 0x0000000080500000, 0x0000000080500000|100%|HC|  |TAMS 0x0000000080500000, 0x0000000080400000| Complete 
|   5|0x0000000080500000, 0x0000000080600000, 0x0000000080600000|100%|HC|  |TAMS 0x0000000080600000, 0x0000000080500000| Complete 
|   6|0x0000000080600000, 0x0000000080700000, 0x0000000080700000|100%| O|  |TAMS 0x0000000080700000, 0x0000000080600000| Untracked 
|   7|0x0000000080700000, 0x0000000080800000, 0x0000000080800000|100%| O|  |TAMS 0x0000000080800000, 0x0000000080700000| Untracked 
|   8|0x0000000080800000, 0x0000000080900000, 0x0000000080900000|100%| O|  |TAMS 0x0000000080900000, 0x0000000080800000| Untracked 
|   9|0x0000000080900000, 0x0000000080a00000, 0x0000000080a00000|100%| O|  |TAMS 0x0000000080a00000, 0x0000000080900000| Untracked 
|  10|0x0000000080a00000, 0x0000000080b00000, 0x0000000080b00000|100%| O|  |TAMS 0x0000000080b00000, 0x0000000080a00000| Untracked 
|  11|0x0000000080b00000, 0x0000000080c00000, 0x0000000080c00000|100%| O|  |TAMS 0x0000000080c00000, 0x0000000080b00000| Untracked 
|  12|0x0000000080c00000, 0x0000000080d00000, 0x0000000080d00000|100%| O|  |TAMS 0x0000000080d00000, 0x0000000080c00000| Untracked 
|  13|0x0000000080d00000, 0x0000000080e00000, 0x0000000080e00000|100%| O|  |TAMS 0x0000000080e00000, 0x0000000080d00000| Untracked 
|  14|0x0000000080e00000, 0x0000000080f00000, 0x0000000080f00000|100%| O|  |TAMS 0x0000000080f00000, 0x0000000080e00000| Untracked 
|  15|0x0000000080f00000, 0x0000000081000000, 0x0000000081000000|100%| O|  |TAMS 0x0000000081000000, 0x0000000080f00000| Untracked 
|  16|0x0000000081000000, 0x0000000081100000, 0x0000000081100000|100%|HS|  |TAMS 0x0000000081100000, 0x0000000081000000| Complete 
|  17|0x0000000081100000, 0x0000000081200000, 0x0000000081200000|100%|HC|  |TAMS 0x0000000081200000, 0x0000000081100000| Complete 
|  18|0x0000000081200000, 0x0000000081300000, 0x0000000081300000|100%|HS|  |TAMS 0x0000000081300000, 0x0000000081200000| Complete 
|  19|0x0000000081300000, 0x0000000081400000, 0x0000000081400000|100%|HC|  |TAMS 0x0000000081400000, 0x0000000081300000| Complete 
|  20|0x0000000081400000, 0x0000000081500000, 0x0000000081500000|100%|HC|  |TAMS 0x0000000081500000, 0x0000000081400000| Complete 
|  21|0x0000000081500000, 0x0000000081600000, 0x0000000081600000|100%|HS|  |TAMS 0x0000000081600000, 0x0000000081500000| Complete 
|  22|0x0000000081600000, 0x0000000081700000, 0x0000000081700000|100%|HC|  |TAMS 0x0000000081700000, 0x0000000081600000| Complete 
|  23|0x0000000081700000, 0x0000000081800000, 0x0000000081800000|100%|HC|  |TAMS 0x0000000081800000, 0x0000000081700000| Complete 
|  24|0x0000000081800000, 0x0000000081900000, 0x0000000081900000|100%|HC|  |TAMS 0x0000000081900000, 0x0000000081800000| Complete 
|  25|0x0000000081900000, 0x0000000081a00000, 0x0000000081a00000|100%|HS|  |TAMS 0x0000000081a00000, 0x0000000081900000| Complete 
|  26|0x0000000081a00000, 0x0000000081b00000, 0x0000000081b00000|100%|HS|  |TAMS 0x0000000081b00000, 0x0000000081a00000| Complete 
|  27|0x0000000081b00000, 0x0000000081c00000, 0x0000000081c00000|100%|HC|  |TAMS 0x0000000081c00000, 0x0000000081b00000| Complete 
|  28|0x0000000081c00000, 0x0000000081d00000, 0x0000000081d00000|100%|HS|  |TAMS 0x0000000081d00000, 0x0000000081c00000| Complete 
|  29|0x0000000081d00000, 0x0000000081e00000, 0x0000000081e00000|100%|HC|  |TAMS 0x0000000081e00000, 0x0000000081d00000| Complete 
|  30|0x0000000081e00000, 0x0000000081f00000, 0x0000000081f00000|100%|HC|  |TAMS 0x0000000081f00000, 0x0000000081e00000| Complete 
|  31|0x0000000081f00000, 0x0000000082000000, 0x0000000082000000|100%|HC|  |TAMS 0x0000000082000000, 0x0000000081f00000| Complete 
|  32|0x0000000082000000, 0x0000000082100000, 0x0000000082100000|100%|HS|  |TAMS 0x0000000082100000, 0x0000000082000000| Complete 
|  33|0x0000000082100000, 0x0000000082200000, 0x0000000082200000|100%|HC|  |TAMS 0x0000000082200000, 0x0000000082100000| Complete 
|  34|0x0000000082200000, 0x0000000082300000, 0x0000000082300000|100%|HC|  |TAMS 0x0000000082300000, 0x0000000082200000| Complete 
|  35|0x0000000082300000, 0x0000000082400000, 0x0000000082400000|100%| O|  |TAMS 0x0000000082400000, 0x0000000082300000| Untracked 
|  36|0x0000000082400000, 0x0000000082500000, 0x0000000082500000|100%| O|  |TAMS 0x0000000082500000, 0x0000000082400000| Untracked 
|  37|0x0000000082500000, 0x0000000082600000, 0x0000000082600000|100%| O|  |TAMS 0x0000000082600000, 0x0000000082500000| Untracked 
|  38|0x0000000082600000, 0x0000000082700000, 0x0000000082700000|100%| O|  |TAMS 0x0000000082700000, 0x0000000082600000| Untracked 
|  39|0x0000000082700000, 0x0000000082800000, 0x0000000082800000|100%| O|  |TAMS 0x0000000082800000, 0x0000000082700000| Untracked 
|  40|0x0000000082800000, 0x0000000082900000, 0x0000000082900000|100%| O|  |TAMS 0x0000000082900000, 0x0000000082800000| Untracked 
|  41|0x0000000082900000, 0x0000000082a00000, 0x0000000082a00000|100%| O|  |TAMS 0x0000000082a00000, 0x0000000082900000| Untracked 
|  42|0x0000000082a00000, 0x0000000082b00000, 0x0000000082b00000|100%| O|  |TAMS 0x0000000082b00000, 0x0000000082a00000| Untracked 
|  43|0x0000000082b00000, 0x0000000082c00000, 0x0000000082c00000|100%| O|  |TAMS 0x0000000082c00000, 0x0000000082b00000| Untracked 
|  44|0x0000000082c00000, 0x0000000082d00000, 0x0000000082d00000|100%| O|  |TAMS 0x0000000082d00000, 0x0000000082c00000| Untracked 
|  45|0x0000000082d00000, 0x0000000082e00000, 0x0000000082e00000|100%| O|  |TAMS 0x0000000082e00000, 0x0000000082d00000| Untracked 
|  46|0x0000000082e00000, 0x0000000082f00000, 0x0000000082f00000|100%| O|  |TAMS 0x0000000082f00000, 0x0000000082e00000| Untracked 
|  47|0x0000000082f00000, 0x0000000083000000, 0x0000000083000000|100%| O|  |TAMS 0x0000000083000000, 0x0000000082f00000| Untracked 
|  48|0x0000000083000000, 0x0000000083100000, 0x0000000083100000|100%| O|  |TAMS 0x0000000083100000, 0x0000000083000000| Untracked 
|  49|0x0000000083100000, 0x0000000083200000, 0x0000000083200000|100%| O|  |TAMS 0x0000000083200000, 0x0000000083100000| Untracked 
|  50|0x0000000083200000, 0x0000000083300000, 0x0000000083300000|100%| O|  |TAMS 0x0000000083300000, 0x0000000083200000| Untracked 
|  51|0x0000000083300000, 0x0000000083400000, 0x0000000083400000|100%| O|  |TAMS 0x0000000083400000, 0x0000000083300000| Untracked 
|  52|0x0000000083400000, 0x0000000083500000, 0x0000000083500000|100%| O|  |TAMS 0x0000000083500000, 0x0000000083400000| Untracked 
|  53|0x0000000083500000, 0x0000000083600000, 0x0000000083600000|100%| O|  |TAMS 0x0000000083600000, 0x0000000083500000| Untracked 
|  54|0x0000000083600000, 0x0000000083700000, 0x0000000083700000|100%| O|  |TAMS 0x0000000083700000, 0x0000000083600000| Untracked 
|  55|0x0000000083700000, 0x0000000083800000, 0x0000000083800000|100%| O|  |TAMS 0x0000000083800000, 0x0000000083700000| Untracked 
|  56|0x0000000083800000, 0x0000000083900000, 0x0000000083900000|100%| O|  |TAMS 0x0000000083900000, 0x0000000083800000| Untracked 
|  57|0x0000000083900000, 0x0000000083a00000, 0x0000000083a00000|100%| O|  |TAMS 0x0000000083a00000, 0x0000000083900000| Untracked 
|  58|0x0000000083a00000, 0x0000000083b00000, 0x0000000083b00000|100%| O|  |TAMS 0x0000000083b00000, 0x0000000083a00000| Untracked 
|  59|0x0000000083b00000, 0x0000000083c00000, 0x0000000083c00000|100%| O|  |TAMS 0x0000000083c00000, 0x0000000083b00000| Untracked 
|  60|0x0000000083c00000, 0x0000000083d00000, 0x0000000083d00000|100%| O|  |TAMS 0x0000000083d00000, 0x0000000083c00000| Untracked 
|  61|0x0000000083d00000, 0x0000000083e00000, 0x0000000083e00000|100%| O|  |TAMS 0x0000000083e00000, 0x0000000083d00000| Untracked 
|  62|0x0000000083e00000, 0x0000000083f00000, 0x0000000083f00000|100%| O|  |TAMS 0x0000000083f00000, 0x0000000083e00000| Untracked 
|  63|0x0000000083f00000, 0x0000000084000000, 0x0000000084000000|100%| O|  |TAMS 0x0000000084000000, 0x0000000083f00000| Untracked 
|  64|0x0000000084000000, 0x0000000084100000, 0x0000000084100000|100%| O|  |TAMS 0x0000000084100000, 0x0000000084000000| Untracked 
|  65|0x0000000084100000, 0x0000000084200000, 0x0000000084200000|100%| O|  |TAMS 0x0000000084200000, 0x0000000084100000| Untracked 
|  66|0x0000000084200000, 0x0000000084300000, 0x0000000084300000|100%| O|  |TAMS 0x0000000084300000, 0x0000000084200000| Untracked 
|  67|0x0000000084300000, 0x0000000084400000, 0x0000000084400000|100%| O|  |TAMS 0x0000000084400000, 0x0000000084300000| Untracked 
|  68|0x0000000084400000, 0x0000000084500000, 0x0000000084500000|100%| O|  |TAMS 0x0000000084500000, 0x0000000084400000| Untracked 
|  69|0x0000000084500000, 0x0000000084600000, 0x0000000084600000|100%| O|  |TAMS 0x0000000084600000, 0x0000000084500000| Untracked 
|  70|0x0000000084600000, 0x0000000084700000, 0x0000000084700000|100%| O|  |TAMS 0x0000000084700000, 0x0000000084600000| Untracked 
|  71|0x0000000084700000, 0x0000000084800000, 0x0000000084800000|100%| O|  |TAMS 0x0000000084800000, 0x0000000084700000| Untracked 
|  72|0x0000000084800000, 0x0000000084900000, 0x0000000084900000|100%| O|  |TAMS 0x0000000084900000, 0x0000000084800000| Untracked 
|  73|0x0000000084900000, 0x0000000084a00000, 0x0000000084a00000|100%| O|  |TAMS 0x0000000084a00000, 0x0000000084900000| Untracked 
|  74|0x0000000084a00000, 0x0000000084b00000, 0x0000000084b00000|100%| O|  |TAMS 0x0000000084b00000, 0x0000000084a00000| Untracked 
|  75|0x0000000084b00000, 0x0000000084c00000, 0x0000000084c00000|100%| O|  |TAMS 0x0000000084c00000, 0x0000000084b00000| Untracked 
|  76|0x0000000084c00000, 0x0000000084d00000, 0x0000000084d00000|100%| O|  |TAMS 0x0000000084d00000, 0x0000000084c00000| Untracked 
|  77|0x0000000084d00000, 0x0000000084e00000, 0x0000000084e00000|100%| O|  |TAMS 0x0000000084e00000, 0x0000000084d00000| Untracked 
|  78|0x0000000084e00000, 0x0000000084f00000, 0x0000000084f00000|100%| O|  |TAMS 0x0000000084f00000, 0x0000000084e00000| Untracked 
|  79|0x0000000084f00000, 0x0000000085000000, 0x0000000085000000|100%| O|  |TAMS 0x0000000085000000, 0x0000000084f00000| Untracked 
|  80|0x0000000085000000, 0x0000000085100000, 0x0000000085100000|100%| O|  |TAMS 0x0000000085100000, 0x0000000085000000| Untracked 
|  81|0x0000000085100000, 0x0000000085200000, 0x0000000085200000|100%| O|  |TAMS 0x0000000085200000, 0x0000000085100000| Untracked 
|  82|0x0000000085200000, 0x0000000085300000, 0x0000000085300000|100%| O|  |TAMS 0x0000000085300000, 0x0000000085200000| Untracked 
|  83|0x0000000085300000, 0x0000000085400000, 0x0000000085400000|100%| O|  |TAMS 0x0000000085400000, 0x0000000085300000| Untracked 
|  84|0x0000000085400000, 0x0000000085500000, 0x0000000085500000|100%| O|  |TAMS 0x0000000085500000, 0x0000000085400000| Untracked 
|  85|0x0000000085500000, 0x0000000085600000, 0x0000000085600000|100%| O|  |TAMS 0x0000000085600000, 0x0000000085500000| Untracked 
|  86|0x0000000085600000, 0x0000000085700000, 0x0000000085700000|100%| O|  |TAMS 0x0000000085700000, 0x0000000085600000| Untracked 
|  87|0x0000000085700000, 0x0000000085800000, 0x0000000085800000|100%| O|  |TAMS 0x0000000085800000, 0x0000000085700000| Untracked 
|  88|0x0000000085800000, 0x0000000085900000, 0x0000000085900000|100%| O|  |TAMS 0x0000000085900000, 0x0000000085800000| Untracked 
|  89|0x0000000085900000, 0x0000000085a00000, 0x0000000085a00000|100%| O|  |TAMS 0x0000000085a00000, 0x0000000085900000| Untracked 
|  90|0x0000000085a00000, 0x0000000085b00000, 0x0000000085b00000|100%| O|  |TAMS 0x0000000085ae2a00, 0x0000000085a00000| Untracked 
|  91|0x0000000085b00000, 0x0000000085c00000, 0x0000000085c00000|100%| O|  |TAMS 0x0000000085b00000, 0x0000000085b00000| Untracked 
|  92|0x0000000085c00000, 0x0000000085d00000, 0x0000000085d00000|100%| O|  |TAMS 0x0000000085c00000, 0x0000000085c00000| Untracked 
|  93|0x0000000085d00000, 0x0000000085e00000, 0x0000000085e00000|100%| O|  |TAMS 0x0000000085d00000, 0x0000000085d00000| Untracked 
|  94|0x0000000085e00000, 0x0000000085f00000, 0x0000000085f00000|100%| O|  |TAMS 0x0000000085e00000, 0x0000000085e00000| Untracked 
|  95|0x0000000085f00000, 0x0000000086000000, 0x0000000086000000|100%| O|  |TAMS 0x0000000085f00000, 0x0000000085f00000| Untracked 
|  96|0x0000000086000000, 0x0000000086100000, 0x0000000086100000|100%| O|  |TAMS 0x0000000086000000, 0x0000000086000000| Untracked 
|  97|0x0000000086100000, 0x0000000086200000, 0x0000000086200000|100%| O|  |TAMS 0x0000000086100000, 0x0000000086100000| Untracked 
|  98|0x0000000086200000, 0x0000000086300000, 0x0000000086300000|100%| O|  |TAMS 0x0000000086200000, 0x0000000086200000| Untracked 
|  99|0x0000000086300000, 0x0000000086400000, 0x0000000086400000|100%| O|  |TAMS 0x0000000086300000, 0x0000000086300000| Untracked 
| 100|0x0000000086400000, 0x0000000086500000, 0x0000000086500000|100%| O|  |TAMS 0x0000000086400000, 0x0000000086400000| Untracked 
| 101|0x0000000086500000, 0x00000000865df800, 0x0000000086600000| 87%| O|  |TAMS 0x0000000086500000, 0x0000000086500000| Untracked 
| 102|0x0000000086600000, 0x0000000086600000, 0x0000000086700000|  0%| F|  |TAMS 0x0000000086600000, 0x0000000086600000| Untracked 
| 103|0x0000000086700000, 0x0000000086700000, 0x0000000086800000|  0%| F|  |TAMS 0x0000000086700000, 0x0000000086700000| Untracked 
| 104|0x0000000086800000, 0x0000000086800000, 0x0000000086900000|  0%| F|  |TAMS 0x0000000086800000, 0x0000000086800000| Untracked 
| 105|0x0000000086900000, 0x0000000086900000, 0x0000000086a00000|  0%| F|  |TAMS 0x0000000086900000, 0x0000000086900000| Untracked 
| 106|0x0000000086a00000, 0x0000000086a00000, 0x0000000086b00000|  0%| F|  |TAMS 0x0000000086a00000, 0x0000000086a00000| Untracked 
| 107|0x0000000086b00000, 0x0000000086b00000, 0x0000000086c00000|  0%| F|  |TAMS 0x0000000086b00000, 0x0000000086b00000| Untracked 
| 108|0x0000000086c00000, 0x0000000086c00000, 0x0000000086d00000|  0%| F|  |TAMS 0x0000000086c00000, 0x0000000086c00000| Untracked 
| 109|0x0000000086d00000, 0x0000000086d00000, 0x0000000086e00000|  0%| F|  |TAMS 0x0000000086d00000, 0x0000000086d00000| Untracked 
| 110|0x0000000086e00000, 0x0000000086e00000, 0x0000000086f00000|  0%| F|  |TAMS 0x0000000086e00000, 0x0000000086e00000| Untracked 
| 111|0x0000000086f00000, 0x0000000086f00000, 0x0000000087000000|  0%| F|  |TAMS 0x0000000086f00000, 0x0000000086f00000| Untracked 
| 112|0x0000000087000000, 0x0000000087000000, 0x0000000087100000|  0%| F|  |TAMS 0x0000000087000000, 0x0000000087000000| Untracked 
| 113|0x0000000087100000, 0x0000000087100000, 0x0000000087200000|  0%| F|  |TAMS 0x0000000087100000, 0x0000000087100000| Untracked 
| 114|0x0000000087200000, 0x0000000087200000, 0x0000000087300000|  0%| F|  |TAMS 0x0000000087200000, 0x0000000087200000| Untracked 
| 115|0x0000000087300000, 0x0000000087300000, 0x0000000087400000|  0%| F|  |TAMS 0x0000000087300000, 0x0000000087300000| Untracked 
| 116|0x0000000087400000, 0x0000000087400000, 0x0000000087500000|  0%| F|  |TAMS 0x0000000087400000, 0x0000000087400000| Untracked 
| 117|0x0000000087500000, 0x0000000087500000, 0x0000000087600000|  0%| F|  |TAMS 0x0000000087500000, 0x0000000087500000| Untracked 
| 118|0x0000000087600000, 0x0000000087600000, 0x0000000087700000|  0%| F|  |TAMS 0x0000000087600000, 0x0000000087600000| Untracked 
| 119|0x0000000087700000, 0x0000000087700000, 0x0000000087800000|  0%| F|  |TAMS 0x0000000087700000, 0x0000000087700000| Untracked 
| 120|0x0000000087800000, 0x0000000087800000, 0x0000000087900000|  0%| F|  |TAMS 0x0000000087800000, 0x0000000087800000| Untracked 
| 121|0x0000000087900000, 0x0000000087900000, 0x0000000087a00000|  0%| F|  |TAMS 0x0000000087900000, 0x0000000087900000| Untracked 
| 122|0x0000000087a00000, 0x0000000087a00000, 0x0000000087b00000|  0%| F|  |TAMS 0x0000000087a00000, 0x0000000087a00000| Untracked 
| 123|0x0000000087b00000, 0x0000000087b00000, 0x0000000087c00000|  0%| F|  |TAMS 0x0000000087b00000, 0x0000000087b00000| Untracked 
| 124|0x0000000087c00000, 0x0000000087c00000, 0x0000000087d00000|  0%| F|  |TAMS 0x0000000087c00000, 0x0000000087c00000| Untracked 
| 125|0x0000000087d00000, 0x0000000087d00000, 0x0000000087e00000|  0%| F|  |TAMS 0x0000000087d00000, 0x0000000087d00000| Untracked 
| 126|0x0000000087e00000, 0x0000000087e00000, 0x0000000087f00000|  0%| F|  |TAMS 0x0000000087e00000, 0x0000000087e00000| Untracked 
| 127|0x0000000087f00000, 0x0000000087f00000, 0x0000000088000000|  0%| F|  |TAMS 0x0000000087f00000, 0x0000000087f00000| Untracked 
| 128|0x0000000088000000, 0x0000000088000000, 0x0000000088100000|  0%| F|  |TAMS 0x0000000088000000, 0x0000000088000000| Untracked 
| 129|0x0000000088100000, 0x0000000088100000, 0x0000000088200000|  0%| F|  |TAMS 0x0000000088100000, 0x0000000088100000| Untracked 
| 130|0x0000000088200000, 0x0000000088200000, 0x0000000088300000|  0%| F|  |TAMS 0x0000000088200000, 0x0000000088200000| Untracked 
| 131|0x0000000088300000, 0x0000000088300000, 0x0000000088400000|  0%| F|  |TAMS 0x0000000088300000, 0x0000000088300000| Untracked 
| 132|0x0000000088400000, 0x0000000088400000, 0x0000000088500000|  0%| F|  |TAMS 0x0000000088400000, 0x0000000088400000| Untracked 
| 133|0x0000000088500000, 0x0000000088500000, 0x0000000088600000|  0%| F|  |TAMS 0x0000000088500000, 0x0000000088500000| Untracked 
| 134|0x0000000088600000, 0x0000000088600000, 0x0000000088700000|  0%| F|  |TAMS 0x0000000088600000, 0x0000000088600000| Untracked 
| 135|0x0000000088700000, 0x0000000088700000, 0x0000000088800000|  0%| F|  |TAMS 0x0000000088700000, 0x0000000088700000| Untracked 
| 136|0x0000000088800000, 0x0000000088800000, 0x0000000088900000|  0%| F|  |TAMS 0x0000000088800000, 0x0000000088800000| Untracked 
| 137|0x0000000088900000, 0x0000000088900000, 0x0000000088a00000|  0%| F|  |TAMS 0x0000000088900000, 0x0000000088900000| Untracked 
| 138|0x0000000088a00000, 0x0000000088a00000, 0x0000000088b00000|  0%| F|  |TAMS 0x0000000088a00000, 0x0000000088a00000| Untracked 
| 139|0x0000000088b00000, 0x0000000088b00000, 0x0000000088c00000|  0%| F|  |TAMS 0x0000000088b00000, 0x0000000088b00000| Untracked 
| 140|0x0000000088c00000, 0x0000000088cc7240, 0x0000000088d00000| 77%| S|CS|TAMS 0x0000000088c00000, 0x0000000088c00000| Complete 
| 141|0x0000000088d00000, 0x0000000088e00000, 0x0000000088e00000|100%| S|CS|TAMS 0x0000000088d00000, 0x0000000088d00000| Complete 
| 142|0x0000000088e00000, 0x0000000088f00000, 0x0000000088f00000|100%| S|CS|TAMS 0x0000000088e00000, 0x0000000088e00000| Complete 
| 143|0x0000000088f00000, 0x0000000089000000, 0x0000000089000000|100%| S|CS|TAMS 0x0000000088f00000, 0x0000000088f00000| Complete 
| 144|0x0000000089000000, 0x0000000089100000, 0x0000000089100000|100%| S|CS|TAMS 0x0000000089000000, 0x0000000089000000| Complete 
| 145|0x0000000089100000, 0x0000000089200000, 0x0000000089200000|100%| S|CS|TAMS 0x0000000089100000, 0x0000000089100000| Complete 
| 146|0x0000000089200000, 0x0000000089300000, 0x0000000089300000|100%| S|CS|TAMS 0x0000000089200000, 0x0000000089200000| Complete 
| 147|0x0000000089300000, 0x0000000089400000, 0x0000000089400000|100%| S|CS|TAMS 0x0000000089300000, 0x0000000089300000| Complete 
| 148|0x0000000089400000, 0x0000000089500000, 0x0000000089500000|100%| S|CS|TAMS 0x0000000089400000, 0x0000000089400000| Complete 
| 149|0x0000000089500000, 0x0000000089600000, 0x0000000089600000|100%| S|CS|TAMS 0x0000000089500000, 0x0000000089500000| Complete 
| 150|0x0000000089600000, 0x0000000089600000, 0x0000000089700000|  0%| F|  |TAMS 0x0000000089600000, 0x0000000089600000| Untracked 
| 151|0x0000000089700000, 0x0000000089700000, 0x0000000089800000|  0%| F|  |TAMS 0x0000000089700000, 0x0000000089700000| Untracked 
| 152|0x0000000089800000, 0x0000000089800000, 0x0000000089900000|  0%| F|  |TAMS 0x0000000089800000, 0x0000000089800000| Untracked 
| 153|0x0000000089900000, 0x0000000089900000, 0x0000000089a00000|  0%| F|  |TAMS 0x0000000089900000, 0x0000000089900000| Untracked 
| 154|0x0000000089a00000, 0x0000000089a00000, 0x0000000089b00000|  0%| F|  |TAMS 0x0000000089a00000, 0x0000000089a00000| Untracked 
| 155|0x0000000089b00000, 0x0000000089b00000, 0x0000000089c00000|  0%| F|  |TAMS 0x0000000089b00000, 0x0000000089b00000| Untracked 
| 156|0x0000000089c00000, 0x0000000089c00000, 0x0000000089d00000|  0%| F|  |TAMS 0x0000000089c00000, 0x0000000089c00000| Untracked 
| 157|0x0000000089d00000, 0x0000000089d00000, 0x0000000089e00000|  0%| F|  |TAMS 0x0000000089d00000, 0x0000000089d00000| Untracked 
| 158|0x0000000089e00000, 0x0000000089e00000, 0x0000000089f00000|  0%| F|  |TAMS 0x0000000089e00000, 0x0000000089e00000| Untracked 
| 159|0x0000000089f00000, 0x0000000089f00000, 0x000000008a000000|  0%| F|  |TAMS 0x0000000089f00000, 0x0000000089f00000| Untracked 
| 160|0x000000008a000000, 0x000000008a000000, 0x000000008a100000|  0%| F|  |TAMS 0x000000008a000000, 0x000000008a000000| Untracked 
| 161|0x000000008a100000, 0x000000008a100000, 0x000000008a200000|  0%| F|  |TAMS 0x000000008a100000, 0x000000008a100000| Untracked 
| 162|0x000000008a200000, 0x000000008a200000, 0x000000008a300000|  0%| F|  |TAMS 0x000000008a200000, 0x000000008a200000| Untracked 
| 163|0x000000008a300000, 0x000000008a300000, 0x000000008a400000|  0%| F|  |TAMS 0x000000008a300000, 0x000000008a300000| Untracked 
| 164|0x000000008a400000, 0x000000008a400000, 0x000000008a500000|  0%| F|  |TAMS 0x000000008a400000, 0x000000008a400000| Untracked 
| 165|0x000000008a500000, 0x000000008a500000, 0x000000008a600000|  0%| F|  |TAMS 0x000000008a500000, 0x000000008a500000| Untracked 
| 166|0x000000008a600000, 0x000000008a600000, 0x000000008a700000|  0%| F|  |TAMS 0x000000008a600000, 0x000000008a600000| Untracked 
| 167|0x000000008a700000, 0x000000008a700000, 0x000000008a800000|  0%| F|  |TAMS 0x000000008a700000, 0x000000008a700000| Untracked 
| 168|0x000000008a800000, 0x000000008a800000, 0x000000008a900000|  0%| F|  |TAMS 0x000000008a800000, 0x000000008a800000| Untracked 
| 169|0x000000008a900000, 0x000000008a900000, 0x000000008aa00000|  0%| F|  |TAMS 0x000000008a900000, 0x000000008a900000| Untracked 
| 170|0x000000008aa00000, 0x000000008aa00000, 0x000000008ab00000|  0%| F|  |TAMS 0x000000008aa00000, 0x000000008aa00000| Untracked 
| 171|0x000000008ab00000, 0x000000008ab00000, 0x000000008ac00000|  0%| F|  |TAMS 0x000000008ab00000, 0x000000008ab00000| Untracked 
| 172|0x000000008ac00000, 0x000000008ac00000, 0x000000008ad00000|  0%| F|  |TAMS 0x000000008ac00000, 0x000000008ac00000| Untracked 
| 173|0x000000008ad00000, 0x000000008ad00000, 0x000000008ae00000|  0%| F|  |TAMS 0x000000008ad00000, 0x000000008ad00000| Untracked 
| 174|0x000000008ae00000, 0x000000008ae00000, 0x000000008af00000|  0%| F|  |TAMS 0x000000008ae00000, 0x000000008ae00000| Untracked 
| 175|0x000000008af00000, 0x000000008af00000, 0x000000008b000000|  0%| F|  |TAMS 0x000000008af00000, 0x000000008af00000| Untracked 
| 176|0x000000008b000000, 0x000000008b000000, 0x000000008b100000|  0%| F|  |TAMS 0x000000008b000000, 0x000000008b000000| Untracked 
| 177|0x000000008b100000, 0x000000008b100000, 0x000000008b200000|  0%| F|  |TAMS 0x000000008b100000, 0x000000008b100000| Untracked 
| 178|0x000000008b200000, 0x000000008b200000, 0x000000008b300000|  0%| F|  |TAMS 0x000000008b200000, 0x000000008b200000| Untracked 
| 179|0x000000008b300000, 0x000000008b300000, 0x000000008b400000|  0%| F|  |TAMS 0x000000008b300000, 0x000000008b300000| Untracked 
| 180|0x000000008b400000, 0x000000008b400000, 0x000000008b500000|  0%| F|  |TAMS 0x000000008b400000, 0x000000008b400000| Untracked 
| 181|0x000000008b500000, 0x000000008b500000, 0x000000008b600000|  0%| F|  |TAMS 0x000000008b500000, 0x000000008b500000| Untracked 
| 182|0x000000008b600000, 0x000000008b600000, 0x000000008b700000|  0%| F|  |TAMS 0x000000008b600000, 0x000000008b600000| Untracked 
| 183|0x000000008b700000, 0x000000008b700000, 0x000000008b800000|  0%| F|  |TAMS 0x000000008b700000, 0x000000008b700000| Untracked 
| 184|0x000000008b800000, 0x000000008b800000, 0x000000008b900000|  0%| F|  |TAMS 0x000000008b800000, 0x000000008b800000| Untracked 
| 185|0x000000008b900000, 0x000000008b900000, 0x000000008ba00000|  0%| F|  |TAMS 0x000000008b900000, 0x000000008b900000| Untracked 
| 186|0x000000008ba00000, 0x000000008ba00000, 0x000000008bb00000|  0%| F|  |TAMS 0x000000008ba00000, 0x000000008ba00000| Untracked 
| 187|0x000000008bb00000, 0x000000008bb00000, 0x000000008bc00000|  0%| F|  |TAMS 0x000000008bb00000, 0x000000008bb00000| Untracked 
| 188|0x000000008bc00000, 0x000000008bc00000, 0x000000008bd00000|  0%| F|  |TAMS 0x000000008bc00000, 0x000000008bc00000| Untracked 
| 189|0x000000008bd00000, 0x000000008bd00000, 0x000000008be00000|  0%| F|  |TAMS 0x000000008bd00000, 0x000000008bd00000| Untracked 
| 190|0x000000008be00000, 0x000000008be00000, 0x000000008bf00000|  0%| F|  |TAMS 0x000000008be00000, 0x000000008be00000| Untracked 
| 191|0x000000008bf00000, 0x000000008bf00000, 0x000000008c000000|  0%| F|  |TAMS 0x000000008bf00000, 0x000000008bf00000| Untracked 
| 192|0x000000008c000000, 0x000000008c000000, 0x000000008c100000|  0%| F|  |TAMS 0x000000008c000000, 0x000000008c000000| Untracked 
| 193|0x000000008c100000, 0x000000008c100000, 0x000000008c200000|  0%| F|  |TAMS 0x000000008c100000, 0x000000008c100000| Untracked 
| 194|0x000000008c200000, 0x000000008c200000, 0x000000008c300000|  0%| F|  |TAMS 0x000000008c200000, 0x000000008c200000| Untracked 
| 195|0x000000008c300000, 0x000000008c300000, 0x000000008c400000|  0%| F|  |TAMS 0x000000008c300000, 0x000000008c300000| Untracked 
| 196|0x000000008c400000, 0x000000008c400000, 0x000000008c500000|  0%| F|  |TAMS 0x000000008c400000, 0x000000008c400000| Untracked 
| 197|0x000000008c500000, 0x000000008c500000, 0x000000008c600000|  0%| F|  |TAMS 0x000000008c500000, 0x000000008c500000| Untracked 
| 198|0x000000008c600000, 0x000000008c600000, 0x000000008c700000|  0%| F|  |TAMS 0x000000008c600000, 0x000000008c600000| Untracked 
| 199|0x000000008c700000, 0x000000008c700000, 0x000000008c800000|  0%| F|  |TAMS 0x000000008c700000, 0x000000008c700000| Untracked 
| 200|0x000000008c800000, 0x000000008c800000, 0x000000008c900000|  0%| F|  |TAMS 0x000000008c800000, 0x000000008c800000| Untracked 
| 201|0x000000008c900000, 0x000000008c900000, 0x000000008ca00000|  0%| F|  |TAMS 0x000000008c900000, 0x000000008c900000| Untracked 
| 202|0x000000008ca00000, 0x000000008ca00000, 0x000000008cb00000|  0%| F|  |TAMS 0x000000008ca00000, 0x000000008ca00000| Untracked 
| 203|0x000000008cb00000, 0x000000008cb00000, 0x000000008cc00000|  0%| F|  |TAMS 0x000000008cb00000, 0x000000008cb00000| Untracked 
| 204|0x000000008cc00000, 0x000000008cc00000, 0x000000008cd00000|  0%| F|  |TAMS 0x000000008cc00000, 0x000000008cc00000| Untracked 
| 205|0x000000008cd00000, 0x000000008cd00000, 0x000000008ce00000|  0%| F|  |TAMS 0x000000008cd00000, 0x000000008cd00000| Untracked 
| 206|0x000000008ce00000, 0x000000008ce00000, 0x000000008cf00000|  0%| F|  |TAMS 0x000000008ce00000, 0x000000008ce00000| Untracked 
| 207|0x000000008cf00000, 0x000000008cf00000, 0x000000008d000000|  0%| F|  |TAMS 0x000000008cf00000, 0x000000008cf00000| Untracked 
| 208|0x000000008d000000, 0x000000008d000000, 0x000000008d100000|  0%| F|  |TAMS 0x000000008d000000, 0x000000008d000000| Untracked 
| 209|0x000000008d100000, 0x000000008d100000, 0x000000008d200000|  0%| F|  |TAMS 0x000000008d100000, 0x000000008d100000| Untracked 
| 210|0x000000008d200000, 0x000000008d200000, 0x000000008d300000|  0%| F|  |TAMS 0x000000008d200000, 0x000000008d200000| Untracked 
| 211|0x000000008d300000, 0x000000008d300000, 0x000000008d400000|  0%| F|  |TAMS 0x000000008d300000, 0x000000008d300000| Untracked 
| 212|0x000000008d400000, 0x000000008d400000, 0x000000008d500000|  0%| F|  |TAMS 0x000000008d400000, 0x000000008d400000| Untracked 
| 213|0x000000008d500000, 0x000000008d500000, 0x000000008d600000|  0%| F|  |TAMS 0x000000008d500000, 0x000000008d500000| Untracked 
| 214|0x000000008d600000, 0x000000008d600000, 0x000000008d700000|  0%| F|  |TAMS 0x000000008d600000, 0x000000008d600000| Untracked 
| 215|0x000000008d700000, 0x000000008d700000, 0x000000008d800000|  0%| F|  |TAMS 0x000000008d700000, 0x000000008d700000| Untracked 
| 216|0x000000008d800000, 0x000000008d800000, 0x000000008d900000|  0%| F|  |TAMS 0x000000008d800000, 0x000000008d800000| Untracked 
| 217|0x000000008d900000, 0x000000008d900000, 0x000000008da00000|  0%| F|  |TAMS 0x000000008d900000, 0x000000008d900000| Untracked 
| 218|0x000000008da00000, 0x000000008da00000, 0x000000008db00000|  0%| F|  |TAMS 0x000000008da00000, 0x000000008da00000| Untracked 
| 219|0x000000008db00000, 0x000000008db00000, 0x000000008dc00000|  0%| F|  |TAMS 0x000000008db00000, 0x000000008db00000| Untracked 
| 220|0x000000008dc00000, 0x000000008dc00000, 0x000000008dd00000|  0%| F|  |TAMS 0x000000008dc00000, 0x000000008dc00000| Untracked 
| 221|0x000000008dd00000, 0x000000008dd00000, 0x000000008de00000|  0%| F|  |TAMS 0x000000008dd00000, 0x000000008dd00000| Untracked 
| 222|0x000000008de00000, 0x000000008de00000, 0x000000008df00000|  0%| F|  |TAMS 0x000000008de00000, 0x000000008de00000| Untracked 
| 223|0x000000008df00000, 0x000000008df00000, 0x000000008e000000|  0%| F|  |TAMS 0x000000008df00000, 0x000000008df00000| Untracked 
| 224|0x000000008e000000, 0x000000008e000000, 0x000000008e100000|  0%| F|  |TAMS 0x000000008e000000, 0x000000008e000000| Untracked 
| 225|0x000000008e100000, 0x000000008e100000, 0x000000008e200000|  0%| F|  |TAMS 0x000000008e100000, 0x000000008e100000| Untracked 
| 226|0x000000008e200000, 0x000000008e200000, 0x000000008e300000|  0%| F|  |TAMS 0x000000008e200000, 0x000000008e200000| Untracked 
| 227|0x000000008e300000, 0x000000008e300000, 0x000000008e400000|  0%| F|  |TAMS 0x000000008e300000, 0x000000008e300000| Untracked 
| 228|0x000000008e400000, 0x000000008e400000, 0x000000008e500000|  0%| F|  |TAMS 0x000000008e400000, 0x000000008e400000| Untracked 
| 229|0x000000008e500000, 0x000000008e500000, 0x000000008e600000|  0%| F|  |TAMS 0x000000008e500000, 0x000000008e500000| Untracked 
| 230|0x000000008e600000, 0x000000008e600000, 0x000000008e700000|  0%| F|  |TAMS 0x000000008e600000, 0x000000008e600000| Untracked 
| 231|0x000000008e700000, 0x000000008e700000, 0x000000008e800000|  0%| F|  |TAMS 0x000000008e700000, 0x000000008e700000| Untracked 
| 232|0x000000008e800000, 0x000000008e800000, 0x000000008e900000|  0%| F|  |TAMS 0x000000008e800000, 0x000000008e800000| Untracked 
| 233|0x000000008e900000, 0x000000008e900000, 0x000000008ea00000|  0%| F|  |TAMS 0x000000008e900000, 0x000000008e900000| Untracked 
| 234|0x000000008ea00000, 0x000000008ea00000, 0x000000008eb00000|  0%| F|  |TAMS 0x000000008ea00000, 0x000000008ea00000| Untracked 
| 235|0x000000008eb00000, 0x000000008eb00000, 0x000000008ec00000|  0%| F|  |TAMS 0x000000008eb00000, 0x000000008eb00000| Untracked 
| 236|0x000000008ec00000, 0x000000008ec00000, 0x000000008ed00000|  0%| F|  |TAMS 0x000000008ec00000, 0x000000008ec00000| Untracked 
| 237|0x000000008ed00000, 0x000000008ed00000, 0x000000008ee00000|  0%| F|  |TAMS 0x000000008ed00000, 0x000000008ed00000| Untracked 
| 238|0x000000008ee00000, 0x000000008ef00000, 0x000000008ef00000|100%| E|  |TAMS 0x000000008ee00000, 0x000000008ee00000| Complete 
| 239|0x000000008ef00000, 0x000000008f000000, 0x000000008f000000|100%| E|CS|TAMS 0x000000008ef00000, 0x000000008ef00000| Complete 
| 240|0x000000008f000000, 0x000000008f100000, 0x000000008f100000|100%| E|CS|TAMS 0x000000008f000000, 0x000000008f000000| Complete 
| 241|0x000000008f100000, 0x000000008f200000, 0x000000008f200000|100%| E|CS|TAMS 0x000000008f100000, 0x000000008f100000| Complete 
| 242|0x000000008f200000, 0x000000008f300000, 0x000000008f300000|100%| E|CS|TAMS 0x000000008f200000, 0x000000008f200000| Complete 
| 243|0x000000008f300000, 0x000000008f400000, 0x000000008f400000|100%| E|CS|TAMS 0x000000008f300000, 0x000000008f300000| Complete 
| 244|0x000000008f400000, 0x000000008f500000, 0x000000008f500000|100%| E|CS|TAMS 0x000000008f400000, 0x000000008f400000| Complete 
| 245|0x000000008f500000, 0x000000008f600000, 0x000000008f600000|100%| E|CS|TAMS 0x000000008f500000, 0x000000008f500000| Complete 
| 246|0x000000008f600000, 0x000000008f700000, 0x000000008f700000|100%| E|CS|TAMS 0x000000008f600000, 0x000000008f600000| Complete 
| 247|0x000000008f700000, 0x000000008f800000, 0x000000008f800000|100%| E|CS|TAMS 0x000000008f700000, 0x000000008f700000| Complete 
| 248|0x000000008f800000, 0x000000008f900000, 0x000000008f900000|100%| E|CS|TAMS 0x000000008f800000, 0x000000008f800000| Complete 
| 249|0x000000008f900000, 0x000000008fa00000, 0x000000008fa00000|100%| E|CS|TAMS 0x000000008f900000, 0x000000008f900000| Complete 
| 250|0x000000008fa00000, 0x000000008fb00000, 0x000000008fb00000|100%| E|CS|TAMS 0x000000008fa00000, 0x000000008fa00000| Complete 
| 251|0x000000008fb00000, 0x000000008fc00000, 0x000000008fc00000|100%| E|CS|TAMS 0x000000008fb00000, 0x000000008fb00000| Complete 
| 252|0x000000008fc00000, 0x000000008fd00000, 0x000000008fd00000|100%| E|CS|TAMS 0x000000008fc00000, 0x000000008fc00000| Complete 
| 253|0x000000008fd00000, 0x000000008fe00000, 0x000000008fe00000|100%| E|CS|TAMS 0x000000008fd00000, 0x000000008fd00000| Complete 

Card table byte_map: [0x000001e671600000,0x000001e671a00000] _byte_map_base: 0x000001e671200000

Marking Bits (Prev, Next): (CMBitMap*) 0x000001e65dc0c800, (CMBitMap*) 0x000001e65dc0c7c8
 Prev Bits: [0x000001e673e00000, 0x000001e675e00000)
 Next Bits: [0x000001e671e00000, 0x000001e673e00000)

Polling page: 0x000001e65c380000

Metaspace:

Usage:
  Non-class:     90.17 MB capacity,    88.18 MB ( 98%) used,     1.70 MB (  2%) free+waste,   302.75 KB ( <1%) overhead. 
      Class:     13.81 MB capacity,    12.77 MB ( 92%) used,   924.35 KB (  7%) free+waste,   140.56 KB ( <1%) overhead. 
       Both:    103.98 MB capacity,   100.95 MB ( 97%) used,     2.61 MB (  3%) free+waste,   443.31 KB ( <1%) overhead. 

Virtual space:
  Non-class space:       92.00 MB reserved,      90.40 MB ( 98%) committed 
      Class space:        1.00 GB reserved,      13.87 MB (  1%) committed 
             Both:        1.09 GB reserved,     104.27 MB (  9%) committed 

Chunk freelists:
   Non-Class:  37.00 KB
       Class:  3.00 KB
        Both:  40.00 KB

MaxMetaspaceSize: 17179869184.00 GB
CompressedClassSpaceSize: 1.00 GB

CodeHeap 'non-profiled nmethods': size=120000Kb used=6273Kb max_used=6273Kb free=113726Kb
 bounds [0x000001e669030000, 0x000001e669660000, 0x000001e670560000]
CodeHeap 'profiled nmethods': size=120000Kb used=24702Kb max_used=24702Kb free=95298Kb
 bounds [0x000001e661b00000, 0x000001e663330000, 0x000001e669030000]
CodeHeap 'non-nmethods': size=5760Kb used=2303Kb max_used=2358Kb free=3456Kb
 bounds [0x000001e661560000, 0x000001e6617d0000, 0x000001e661b00000]
 total_blobs=12958 nmethods=12046 adapters=823
 compilation: enabled
              stopped_count=0, restarted_count=0
 full_count=0

Compilation events (20 events):
Event: 34.269 Thread 0x000001e6793cd000 12650 %     3       org.objectweb.asm.ClassReader::readCode @ 2165 (5089 bytes)
Event: 34.302 Thread 0x000001e6793cd000 nmethod 12650% 0x000001e6632eaf10 code [0x000001e6632ec480, 0x000001e663300228]
Event: 34.302 Thread 0x000001e6793cd000 12653       2       org.objectweb.asm.ClassReader::createLabel (21 bytes)
Event: 34.303 Thread 0x000001e6793cd000 nmethod 12653 0x000001e663309c90 code [0x000001e663309e60, 0x000001e66330a0f8]
Event: 34.303 Thread 0x000001e6793cd000 12655       2       org.objectweb.asm.ClassReader::readCode (5089 bytes)
Event: 34.330 Thread 0x000001e6793cd000 nmethod 12655 0x000001e66330a290 code [0x000001e66330ae20, 0x000001e663313608]
Event: 34.330 Thread 0x000001e6793cd000 12654       2       org.objectweb.asm.FieldWriter::visitAnnotation (40 bytes)
Event: 34.331 Thread 0x000001e6793cd000 nmethod 12654 0x000001e66331b510 code [0x000001e66331b740, 0x000001e66331be58]
Event: 34.331 Thread 0x000001e6793cd000 12656       2       org.gradle.internal.normalization.java.impl.ApiMemberSelector$2::visitAnnotation (33 bytes)
Event: 34.332 Thread 0x000001e6793cd000 nmethod 12656 0x000001e66331c110 code [0x000001e66331c320, 0x000001e66331c978]
Event: 34.332 Thread 0x000001e6793cd000 12660       2       java.util.WeakHashMap::transfer (107 bytes)
Event: 34.333 Thread 0x000001e6793cd000 nmethod 12660 0x000001e66331cc10 code [0x000001e66331cde0, 0x000001e66331d1d8]
Event: 34.337 Thread 0x000001e6793cd000 12661 %     3       org.objectweb.asm.ByteVector::putUTF8 @ 76 (144 bytes)
Event: 34.338 Thread 0x000001e6793cd000 nmethod 12661% 0x000001e66331d390 code [0x000001e66331d620, 0x000001e66331e288]
Event: 34.338 Thread 0x000001e6793cd000 12662       3       org.objectweb.asm.ByteVector::putUTF8 (144 bytes)
Event: 34.339 Thread 0x000001e6793cd000 nmethod 12662 0x000001e66331e810 code [0x000001e66331eaa0, 0x000001e66331f5c8]
Event: 34.339 Thread 0x000001e6793cd000 12663       2       org.objectweb.asm.SymbolTable::addConstantUtf8Reference (101 bytes)
Event: 34.340 Thread 0x000001e6793cd000 nmethod 12663 0x000001e66331fb10 code [0x000001e66331fd20, 0x000001e663320118]
Event: 34.478 Thread 0x000001e6793cd000 12667 %     3       java.util.WeakHashMap::transfer @ 2 (107 bytes)
Event: 34.479 Thread 0x000001e6793cd000 nmethod 12667% 0x000001e663320410 code [0x000001e663320620, 0x000001e663320e98]

GC Heap History (20 events):
Event: 13.716 GC heap before
{Heap before GC invocations=8 (full 0):
 garbage-first heap   total 260096K, used 73596K [0x0000000080000000, 0x0000000100000000)
  region size 1024K, 30 young (30720K), 18 survivors (18432K)
 Metaspace       used 58431K, capacity 60076K, committed 60236K, reserved 1101824K
  class space    used 7393K, capacity 7912K, committed 8012K, reserved 1048576K
}
Event: 13.756 GC heap after
{Heap after GC invocations=9 (full 0):
 garbage-first heap   total 260096K, used 63692K [0x0000000080000000, 0x0000000100000000)
  region size 1024K, 2 young (2048K), 2 survivors (2048K)
 Metaspace       used 58431K, capacity 60076K, committed 60236K, reserved 1101824K
  class space    used 7393K, capacity 7912K, committed 8012K, reserved 1048576K
}
Event: 16.130 GC heap before
{Heap before GC invocations=10 (full 0):
 garbage-first heap   total 260096K, used 197836K [0x0000000080000000, 0x0000000100000000)
  region size 1024K, 133 young (136192K), 2 survivors (2048K)
 Metaspace       used 69685K, capacity 71501K, committed 71628K, reserved 1112064K
  class space    used 8968K, capacity 9571K, committed 9676K, reserved 1048576K
}
Event: 16.140 GC heap after
{Heap after GC invocations=11 (full 0):
 garbage-first heap   total 260096K, used 73039K [0x0000000080000000, 0x0000000100000000)
  region size 1024K, 12 young (12288K), 12 survivors (12288K)
 Metaspace       used 69685K, capacity 71501K, committed 71628K, reserved 1112064K
  class space    used 8968K, capacity 9571K, committed 9676K, reserved 1048576K
}
Event: 18.157 GC heap before
{Heap before GC invocations=11 (full 0):
 garbage-first heap   total 260096K, used 198991K [0x0000000080000000, 0x0000000100000000)
  region size 1024K, 135 young (138240K), 12 survivors (12288K)
 Metaspace       used 77994K, capacity 80059K, committed 80204K, reserved 1118208K
  class space    used 10103K, capacity 10752K, committed 10828K, reserved 1048576K
}
Event: 18.173 GC heap after
{Heap after GC invocations=12 (full 0):
 garbage-first heap   total 260096K, used 81351K [0x0000000080000000, 0x0000000100000000)
  region size 1024K, 9 young (9216K), 9 survivors (9216K)
 Metaspace       used 77994K, capacity 80059K, committed 80204K, reserved 1118208K
  class space    used 10103K, capacity 10752K, committed 10828K, reserved 1048576K
}
Event: 20.763 GC heap before
{Heap before GC invocations=12 (full 0):
 garbage-first heap   total 260096K, used 203207K [0x0000000080000000, 0x0000000100000000)
  region size 1024K, 128 young (131072K), 9 survivors (9216K)
 Metaspace       used 90363K, capacity 92751K, committed 93004K, reserved 1130496K
  class space    used 11692K, capacity 12516K, committed 12620K, reserved 1048576K
}
Event: 20.776 GC heap after
{Heap after GC invocations=13 (full 0):
 garbage-first heap   total 260096K, used 87918K [0x0000000080000000, 0x0000000100000000)
  region size 1024K, 15 young (15360K), 15 survivors (15360K)
 Metaspace       used 90363K, capacity 92751K, committed 93004K, reserved 1130496K
  class space    used 11692K, capacity 12516K, committed 12620K, reserved 1048576K
}
Event: 22.006 GC heap before
{Heap before GC invocations=13 (full 0):
 garbage-first heap   total 260096K, used 205678K [0x0000000080000000, 0x0000000100000000)
  region size 1024K, 131 young (134144K), 15 survivors (15360K)
 Metaspace       used 92305K, capacity 94838K, committed 95052K, reserved 1132544K
  class space    used 11941K, capacity 12856K, committed 12876K, reserved 1048576K
}
Event: 22.023 GC heap after
{Heap after GC invocations=14 (full 0):
 garbage-first heap   total 260096K, used 94345K [0x0000000080000000, 0x0000000100000000)
  region size 1024K, 14 young (14336K), 14 survivors (14336K)
 Metaspace       used 92305K, capacity 94838K, committed 95052K, reserved 1132544K
  class space    used 11941K, capacity 12856K, committed 12876K, reserved 1048576K
}
Event: 23.111 GC heap before
{Heap before GC invocations=14 (full 0):
 garbage-first heap   total 260096K, used 153737K [0x0000000080000000, 0x0000000100000000)
  region size 1024K, 73 young (74752K), 14 survivors (14336K)
 Metaspace       used 97987K, capacity 100924K, committed 101036K, reserved 1136640K
  class space    used 12617K, capacity 13668K, committed 13740K, reserved 1048576K
}
Event: 23.125 GC heap after
{Heap after GC invocations=15 (full 0):
 garbage-first heap   total 260096K, used 97382K [0x0000000080000000, 0x0000000100000000)
  region size 1024K, 10 young (10240K), 10 survivors (10240K)
 Metaspace       used 97987K, capacity 100924K, committed 101036K, reserved 1136640K
  class space    used 12617K, capacity 13668K, committed 13740K, reserved 1048576K
}
Event: 32.196 GC heap before
{Heap before GC invocations=16 (full 0):
 garbage-first heap   total 260096K, used 204902K [0x0000000080000000, 0x0000000100000000)
  region size 1024K, 116 young (118784K), 10 survivors (10240K)
 Metaspace       used 101724K, capacity 104749K, committed 105104K, reserved 1140736K
  class space    used 12928K, capacity 13969K, committed 14072K, reserved 1048576K
}
Event: 32.214 GC heap after
{Heap after GC invocations=17 (full 0):
 garbage-first heap   total 260096K, used 105085K [0x0000000080000000, 0x0000000100000000)
  region size 1024K, 12 young (12288K), 12 survivors (12288K)
 Metaspace       used 101724K, capacity 104749K, committed 105104K, reserved 1140736K
  class space    used 12928K, capacity 13969K, committed 14072K, reserved 1048576K
}
Event: 32.998 GC heap before
{Heap before GC invocations=18 (full 0):
 garbage-first heap   total 260096K, used 207485K [0x0000000080000000, 0x0000000100000000)
  region size 1024K, 114 young (116736K), 12 survivors (12288K)
 Metaspace       used 103029K, capacity 106113K, committed 106256K, reserved 1140736K
  class space    used 13052K, capacity 14107K, committed 14200K, reserved 1048576K
}
Event: 33.013 GC heap after
{Heap after GC invocations=19 (full 0):
 garbage-first heap   total 260096K, used 110417K [0x0000000080000000, 0x0000000100000000)
  region size 1024K, 14 young (14336K), 14 survivors (14336K)
 Metaspace       used 103029K, capacity 106113K, committed 106256K, reserved 1140736K
  class space    used 13052K, capacity 14107K, committed 14200K, reserved 1048576K
}
Event: 33.765 GC heap before
{Heap before GC invocations=19 (full 0):
 garbage-first heap   total 260096K, used 209745K [0x0000000080000000, 0x0000000100000000)
  region size 1024K, 112 young (114688K), 14 survivors (14336K)
 Metaspace       used 103362K, capacity 106480K, committed 106768K, reserved 1142784K
  class space    used 13076K, capacity 14141K, committed 14200K, reserved 1048576K
}
Event: 33.776 GC heap after
{Heap after GC invocations=20 (full 0):
 garbage-first heap   total 260096K, used 111970K [0x0000000080000000, 0x0000000100000000)
  region size 1024K, 8 young (8192K), 8 survivors (8192K)
 Metaspace       used 103362K, capacity 106480K, committed 106768K, reserved 1142784K
  class space    used 13076K, capacity 14141K, committed 14200K, reserved 1048576K
}
Event: 34.538 GC heap before
{Heap before GC invocations=20 (full 0):
 garbage-first heap   total 260096K, used 214370K [0x0000000080000000, 0x0000000100000000)
  region size 1024K, 108 young (110592K), 8 survivors (8192K)
 Metaspace       used 103365K, capacity 106480K, committed 106768K, reserved 1142784K
  class space    used 13076K, capacity 14141K, committed 14200K, reserved 1048576K
}
Event: 34.545 GC heap after
{Heap after GC invocations=21 (full 0):
 garbage-first heap   total 260096K, used 114330K [0x0000000080000000, 0x0000000100000000)
  region size 1024K, 10 young (10240K), 10 survivors (10240K)
 Metaspace       used 103365K, capacity 106480K, committed 106768K, reserved 1142784K
  class space    used 13076K, capacity 14141K, committed 14200K, reserved 1048576K
}

Deoptimization events (20 events):
Event: 34.341 Thread 0x000001e602689000 DEOPT PACKING pc=0x000001e661d07460 sp=0x000000e5eaefc340
Event: 34.341 Thread 0x000001e602689000 DEOPT UNPACKING pc=0x000001e6615872ce sp=0x000000e5eaefb800 mode 0
Event: 34.375 Thread 0x000001e602689000 DEOPT PACKING pc=0x000001e661d07460 sp=0x000000e5eaefc340
Event: 34.375 Thread 0x000001e602689000 DEOPT UNPACKING pc=0x000001e6615872ce sp=0x000000e5eaefb800 mode 0
Event: 34.434 Thread 0x000001e602689000 DEOPT PACKING pc=0x000001e661d07460 sp=0x000000e5eaefc340
Event: 34.434 Thread 0x000001e602689000 DEOPT UNPACKING pc=0x000001e6615872ce sp=0x000000e5eaefb800 mode 0
Event: 34.454 Thread 0x000001e602689000 DEOPT PACKING pc=0x000001e663312b3e sp=0x000000e5eaefbd30
Event: 34.454 Thread 0x000001e602689000 DEOPT UNPACKING pc=0x000001e6615872ce sp=0x000000e5eaefb3a0 mode 0
Event: 34.455 Thread 0x000001e602689000 DEOPT PACKING pc=0x000001e661d07460 sp=0x000000e5eaefc340
Event: 34.455 Thread 0x000001e602689000 DEOPT UNPACKING pc=0x000001e6615872ce sp=0x000000e5eaefb800 mode 0
Event: 34.471 Thread 0x000001e602689000 DEOPT PACKING pc=0x000001e661d07460 sp=0x000000e5eaefc340
Event: 34.471 Thread 0x000001e602689000 DEOPT UNPACKING pc=0x000001e6615872ce sp=0x000000e5eaefb800 mode 0
Event: 34.488 Thread 0x000001e602689000 DEOPT PACKING pc=0x000001e661d07460 sp=0x000000e5eaefc340
Event: 34.488 Thread 0x000001e602689000 DEOPT UNPACKING pc=0x000001e6615872ce sp=0x000000e5eaefb800 mode 0
Event: 34.496 Thread 0x000001e602689000 DEOPT PACKING pc=0x000001e663312b3e sp=0x000000e5eaefbd30
Event: 34.496 Thread 0x000001e602689000 DEOPT UNPACKING pc=0x000001e6615872ce sp=0x000000e5eaefb3a0 mode 0
Event: 34.551 Thread 0x000001e602689000 DEOPT PACKING pc=0x000001e661d07460 sp=0x000000e5eaefc340
Event: 34.552 Thread 0x000001e602689000 DEOPT UNPACKING pc=0x000001e6615872ce sp=0x000000e5eaefb800 mode 0
Event: 34.568 Thread 0x000001e602689000 DEOPT PACKING pc=0x000001e661d07460 sp=0x000000e5eaefc340
Event: 34.568 Thread 0x000001e602689000 DEOPT UNPACKING pc=0x000001e6615872ce sp=0x000000e5eaefb800 mode 0

Classes redefined (0 events):
No events

Internal exceptions (20 events):
Event: 32.760 Thread 0x000001e67cba9000 Exception <a 'java/lang/NoSuchMethodError'{0x000000008b5dbf58}: 'java.lang.Object java.lang.invoke.DirectMethodHandle$Holder.invokeSpecial(java.lang.Object, java.lang.Object, int, java.lang.Object, java.lang.Object)'> (0x000000008b5dbf58) thrown at [./src/hotspot/share/interpreter/linkResolver.cpp, line 773]
Event: 32.761 Thread 0x000001e67cba9000 Exception <a 'java/lang/NoSuchMethodError'{0x000000008b5e4790}: 'java.lang.Object java.lang.invoke.DirectMethodHandle$Holder.invokeStatic(java.lang.Object, java.lang.Object, int, java.lang.Object)'> (0x000000008b5e4790) thrown at [./src/hotspot/share/interpreter/linkResolver.cpp, line 773]
Event: 32.762 Thread 0x000001e67cba9000 Exception <a 'java/lang/NoSuchMethodError'{0x000000008b5e8730}: 'java.lang.Object java.lang.invoke.Invokers$Holder.linkToTargetMethod(java.lang.Object, int, java.lang.Object, java.lang.Object)'> (0x000000008b5e8730) thrown at [./src/hotspot/share/interpreter/linkResolver.cpp, line 773]
Event: 32.770 Thread 0x000001e67cba9000 Exception <a 'java/lang/NoSuchMethodError'{0x000000008b4913f8}: 'void java.lang.invoke.DirectMethodHandle$Holder.invokeVirtual(java.lang.Object, java.lang.Object)'> (0x000000008b4913f8) thrown at [./src/hotspot/share/interpreter/linkResolver.cpp, line 773]
Event: 32.799 Thread 0x000001e602682800 Exception <a 'sun/nio/fs/WindowsException'{0x000000008af6fce0}> (0x000000008af6fce0) thrown at [./src/hotspot/share/prims/jni.cpp, line 615]
Event: 32.799 Thread 0x000001e67ecac000 Exception <a 'sun/nio/fs/WindowsException'{0x000000008b3de538}> (0x000000008b3de538) thrown at [./src/hotspot/share/prims/jni.cpp, line 615]
Event: 32.799 Thread 0x000001e60267f800 Exception <a 'sun/nio/fs/WindowsException'{0x000000008b0b7308}> (0x000000008b0b7308) thrown at [./src/hotspot/share/prims/jni.cpp, line 615]
Event: 32.799 Thread 0x000001e67eca6800 Exception <a 'sun/nio/fs/WindowsException'{0x000000008b2e7e78}> (0x000000008b2e7e78) thrown at [./src/hotspot/share/prims/jni.cpp, line 615]
Event: 32.799 Thread 0x000001e67ecad000 Exception <a 'sun/nio/fs/WindowsException'{0x000000008b0d7e88}> (0x000000008b0d7e88) thrown at [./src/hotspot/share/prims/jni.cpp, line 615]
Event: 32.799 Thread 0x000001e602680000 Exception <a 'sun/nio/fs/WindowsException'{0x000000008b045ae0}> (0x000000008b045ae0) thrown at [./src/hotspot/share/prims/jni.cpp, line 615]
Event: 32.799 Thread 0x000001e602681000 Exception <a 'sun/nio/fs/WindowsException'{0x000000008b18e048}> (0x000000008b18e048) thrown at [./src/hotspot/share/prims/jni.cpp, line 615]
Event: 32.799 Thread 0x000001e67cba9000 Exception <a 'sun/nio/fs/WindowsException'{0x000000008b230820}> (0x000000008b230820) thrown at [./src/hotspot/share/prims/jni.cpp, line 615]
Event: 32.799 Thread 0x000001e67cbab800 Exception <a 'sun/nio/fs/WindowsException'{0x000000008b0eb378}> (0x000000008b0eb378) thrown at [./src/hotspot/share/prims/jni.cpp, line 615]
Event: 32.802 Thread 0x000001e67cba6800 Exception <a 'sun/nio/fs/WindowsException'{0x000000008affc3b0}> (0x000000008affc3b0) thrown at [./src/hotspot/share/prims/jni.cpp, line 615]
Event: 32.802 Thread 0x000001e67b146800 Exception <a 'sun/nio/fs/WindowsException'{0x000000008af8a878}> (0x000000008af8a878) thrown at [./src/hotspot/share/prims/jni.cpp, line 615]
Event: 32.898 Thread 0x000001e602682000 Exception <a 'sun/nio/fs/WindowsException'{0x000000008a445ac8}> (0x000000008a445ac8) thrown at [./src/hotspot/share/prims/jni.cpp, line 615]
Event: 33.016 Thread 0x000001e67b146800 Exception <a 'sun/nio/fs/WindowsException'{0x000000008fd6df78}> (0x000000008fd6df78) thrown at [./src/hotspot/share/prims/jni.cpp, line 615]
Event: 33.033 Thread 0x000001e67cba9000 Exception <a 'sun/nio/fs/WindowsException'{0x000000008fb717c8}> (0x000000008fb717c8) thrown at [./src/hotspot/share/prims/jni.cpp, line 615]
Event: 33.052 Thread 0x000001e67eca6800 Exception <a 'sun/nio/fs/WindowsException'{0x000000008f82e0b0}> (0x000000008f82e0b0) thrown at [./src/hotspot/share/prims/jni.cpp, line 615]
Event: 33.367 Thread 0x000001e602689000 Implicit null exception at 0x000001e6692a541b to 0x000001e6692a5bdc

Events (20 events):
Event: 33.135 loading class org/gradle/internal/hash/HashCode done
Event: 33.357 loading class com/google/common/primitives/Booleans
Event: 33.357 loading class com/google/common/primitives/Booleans done
Event: 33.358 loading class org/gradle/internal/normalization/java/impl/AnnotationValue
Event: 33.358 loading class org/gradle/internal/normalization/java/impl/AnnotationValue done
Event: 33.358 loading class org/gradle/internal/normalization/java/impl/ArrayAnnotationValue
Event: 33.358 loading class org/gradle/internal/normalization/java/impl/ArrayAnnotationValue done
Event: 33.360 loading class org/gradle/internal/normalization/java/impl/EnumAnnotationValue
Event: 33.360 loading class org/gradle/internal/normalization/java/impl/EnumAnnotationValue done
Event: 33.360 loading class org/gradle/internal/normalization/java/impl/SimpleAnnotationValue
Event: 33.360 loading class org/gradle/internal/normalization/java/impl/SimpleAnnotationValue done
Event: 33.369 Loaded shared library C:\Program Files\Android\Android Studio\jre\bin\zip.dll
Event: 33.415 Executing VM operation: ICBufferFull
Event: 33.415 Executing VM operation: ICBufferFull done
Event: 33.453 Executing VM operation: RevokeBias
Event: 33.453 Executing VM operation: RevokeBias done
Event: 33.765 Executing VM operation: G1CollectForAllocation
Event: 33.776 Executing VM operation: G1CollectForAllocation done
Event: 34.538 Executing VM operation: G1CollectForAllocation
Event: 34.545 Executing VM operation: G1CollectForAllocation done


Dynamic libraries:
0x00007ff633fd0000 - 0x00007ff633fda000 	C:\Program Files\Android\Android Studio\jre\bin\java.exe
0x00007ff834850000 - 0x00007ff834a45000 	C:\WINDOWS\SYSTEM32\ntdll.dll
0x00007ff832f20000 - 0x00007ff832fdd000 	C:\WINDOWS\System32\KERNEL32.DLL
0x00007ff831fe0000 - 0x00007ff8322a8000 	C:\WINDOWS\System32\KERNELBASE.dll
0x00007ff832730000 - 0x00007ff832830000 	C:\WINDOWS\System32\ucrtbase.dll
0x00007ff82c150000 - 0x00007ff82c169000 	C:\Program Files\Android\Android Studio\jre\bin\jli.dll
0x00007ff832d80000 - 0x00007ff832f20000 	C:\WINDOWS\System32\USER32.dll
0x00007ff832360000 - 0x00007ff832382000 	C:\WINDOWS\System32\win32u.dll
0x00007ff8340b0000 - 0x00007ff8340da000 	C:\WINDOWS\System32\GDI32.dll
0x00007ff832420000 - 0x00007ff83252b000 	C:\WINDOWS\System32\gdi32full.dll
0x00007ff832690000 - 0x00007ff83272d000 	C:\WINDOWS\System32\msvcp_win.dll
0x00007ff81f980000 - 0x00007ff81f997000 	C:\Program Files\Android\Android Studio\jre\bin\VCRUNTIME140.dll
0x00007ff81c600000 - 0x00007ff81c89a000 	C:\WINDOWS\WinSxS\amd64_microsoft.windows.common-controls_6595b64144ccf1df_6.0.19041.844_none_ca00b6081b84eb1d\COMCTL32.dll
0x00007ff834120000 - 0x00007ff8341be000 	C:\WINDOWS\System32\msvcrt.dll
0x00007ff8340e0000 - 0x00007ff834110000 	C:\WINDOWS\System32\IMM32.DLL
0x00007fffeec20000 - 0x00007fffeecbd000 	C:\Program Files\Android\Android Studio\jre\bin\msvcp140.dll
0x00007fffc8ce0000 - 0x00007fffc979c000 	C:\Program Files\Android\Android Studio\jre\bin\server\jvm.dll
0x00007ff833110000 - 0x00007ff8331bc000 	C:\WINDOWS\System32\ADVAPI32.dll
0x00007ff833620000 - 0x00007ff8336bb000 	C:\WINDOWS\System32\sechost.dll
0x00007ff833f80000 - 0x00007ff8340ab000 	C:\WINDOWS\System32\RPCRT4.dll
0x00007ff834110000 - 0x00007ff834118000 	C:\WINDOWS\System32\PSAPI.DLL
0x00007ff82adc0000 - 0x00007ff82adca000 	C:\WINDOWS\SYSTEM32\VERSION.dll
0x00007ff826dc0000 - 0x00007ff826de7000 	C:\WINDOWS\SYSTEM32\WINMM.dll
0x00007ff811aa0000 - 0x00007ff811aa9000 	C:\WINDOWS\SYSTEM32\WSOCK32.dll
0x00007ff833550000 - 0x00007ff8335bb000 	C:\WINDOWS\System32\WS2_32.dll
0x00007ff830820000 - 0x00007ff830832000 	C:\WINDOWS\SYSTEM32\kernel.appcore.dll
0x00007ff824f80000 - 0x00007ff824f91000 	C:\Program Files\Android\Android Studio\jre\bin\verify.dll
0x00007ff830520000 - 0x00007ff830704000 	C:\WINDOWS\SYSTEM32\DBGHELP.DLL
0x00007ff8252b0000 - 0x00007ff8252dc000 	C:\WINDOWS\SYSTEM32\dbgcore.DLL
0x00007ff832830000 - 0x00007ff8328b3000 	C:\WINDOWS\System32\bcryptPrimitives.dll
0x00007ff806d70000 - 0x00007ff806d99000 	C:\Program Files\Android\Android Studio\jre\bin\java.dll
0x00007ff82c110000 - 0x00007ff82c11b000 	C:\Program Files\Android\Android Studio\jre\bin\jimage.dll
0x00007ff81f920000 - 0x00007ff81f938000 	C:\Program Files\Android\Android Studio\jre\bin\zip.dll
0x00007ff8337e0000 - 0x00007ff833f1f000 	C:\WINDOWS\System32\SHELL32.dll
0x00007ff82fd90000 - 0x00007ff830520000 	C:\WINDOWS\SYSTEM32\windows.storage.dll
0x00007ff8331c0000 - 0x00007ff833515000 	C:\WINDOWS\System32\combase.dll
0x00007ff831930000 - 0x00007ff83195c000 	C:\WINDOWS\SYSTEM32\Wldp.dll
0x00007ff8336c0000 - 0x00007ff83376e000 	C:\WINDOWS\System32\SHCORE.dll
0x00007ff833770000 - 0x00007ff8337c5000 	C:\WINDOWS\System32\shlwapi.dll
0x00007ff831ed0000 - 0x00007ff831eef000 	C:\WINDOWS\SYSTEM32\profapi.dll
0x00007ffffdcc0000 - 0x00007ffffdcda000 	C:\Program Files\Android\Android Studio\jre\bin\net.dll
0x00007ff82c940000 - 0x00007ff82ca4b000 	C:\WINDOWS\SYSTEM32\WINHTTP.dll
0x00007ff831710000 - 0x00007ff83177a000 	C:\WINDOWS\system32\mswsock.dll
0x00007ffffdca0000 - 0x00007ffffdcb4000 	C:\Program Files\Android\Android Studio\jre\bin\nio.dll
0x00007fffe7d90000 - 0x00007fffe7db7000 	C:\Users\sakri\.gradle\native\fdc75f09e3144964f2cf3f50f0aa648679c211496f362492102eb8c894070792\windows-amd64\native-platform.dll
0x00007fffcf7b0000 - 0x00007fffcf946000 	C:\Users\sakri\.gradle\native\12488b8bf47d2d4c9fbf2f6322a914ad602e24e48041cd04a747c6da556b65c4\windows-amd64\native-platform-file-events.dll
0x00007ff82a990000 - 0x00007ff82a99a000 	C:\Program Files\Android\Android Studio\jre\bin\management.dll
0x00007ff81f970000 - 0x00007ff81f97c000 	C:\Program Files\Android\Android Studio\jre\bin\management_ext.dll
0x00007ff831970000 - 0x00007ff831988000 	C:\WINDOWS\SYSTEM32\CRYPTSP.dll
0x00007ff831060000 - 0x00007ff831094000 	C:\WINDOWS\system32\rsaenh.dll
0x00007ff832390000 - 0x00007ff8323b7000 	C:\WINDOWS\System32\bcrypt.dll
0x00007ff831e90000 - 0x00007ff831ebe000 	C:\WINDOWS\SYSTEM32\USERENV.dll
0x00007ff831890000 - 0x00007ff83189c000 	C:\WINDOWS\SYSTEM32\CRYPTBASE.dll
0x00007ff8313d0000 - 0x00007ff83140b000 	C:\WINDOWS\SYSTEM32\IPHLPAPI.DLL
0x00007ff833520000 - 0x00007ff833528000 	C:\WINDOWS\System32\NSI.dll
0x00007ff82adf0000 - 0x00007ff82ae07000 	C:\WINDOWS\SYSTEM32\dhcpcsvc6.DLL
0x00007ff82add0000 - 0x00007ff82aded000 	C:\WINDOWS\SYSTEM32\dhcpcsvc.DLL
0x00007ff831420000 - 0x00007ff8314ec000 	C:\WINDOWS\SYSTEM32\DNSAPI.dll
0x00007ff82ca50000 - 0x00007ff82ca5b000 	C:\WINDOWS\SYSTEM32\WINNSI.DLL

dbghelp: loaded successfully - version: 4.0.5 - missing functions: none
symbol engine: initialized successfully - sym options: 0x614 - pdb path: .;C:\Program Files\Android\Android Studio\jre\bin;C:\WINDOWS\SYSTEM32;C:\WINDOWS\WinSxS\amd64_microsoft.windows.common-controls_6595b64144ccf1df_6.0.19041.844_none_ca00b6081b84eb1d;C:\Program Files\Android\Android Studio\jre\bin\server;C:\Users\sakri\.gradle\native\fdc75f09e3144964f2cf3f50f0aa648679c211496f362492102eb8c894070792\windows-amd64;C:\Users\sakri\.gradle\native\12488b8bf47d2d4c9fbf2f6322a914ad602e24e48041cd04a747c6da556b65c4\windows-amd64

VM Arguments:
jvm_args: --add-opens=java.base/java.util=ALL-UNNAMED --add-opens=java.base/java.lang=ALL-UNNAMED --add-opens=java.base/java.lang.invoke=ALL-UNNAMED --add-opens=java.prefs/java.util.prefs=ALL-UNNAMED -Xmx2048m -Dfile.encoding=UTF-8 -Duser.country=US -Duser.language=en -Duser.variant 
java_command: org.gradle.launcher.daemon.bootstrap.GradleDaemon 6.7.1
java_class_path (initial): C:\Users\sakri\.gradle\wrapper\dists\gradle-6.7.1-all\2moa8rlfac5eqlcfgk98k0deb\gradle-6.7.1\lib\gradle-launcher-6.7.1.jar
Launcher Type: SUN_STANDARD

[Global flags]
     intx CICompilerCount                          = 4                                         {product} {ergonomic}
     uint ConcGCThreads                            = 3                                         {product} {ergonomic}
     uint G1ConcRefinementThreads                  = 10                                        {product} {ergonomic}
   size_t G1HeapRegionSize                         = 1048576                                   {product} {ergonomic}
    uintx GCDrainStackTargetSize                   = 64                                        {product} {ergonomic}
   size_t InitialHeapSize                          = 266338304                                 {product} {ergonomic}
   size_t MarkStackSize                            = 4194304                                   {product} {ergonomic}
   size_t MaxHeapSize                              = 2147483648                                {product} {command line}
   size_t MaxNewSize                               = 1287651328                                {product} {ergonomic}
   size_t MinHeapDeltaBytes                        = 1048576                                   {product} {ergonomic}
    uintx NonNMethodCodeHeapSize                   = 5836300                                {pd product} {ergonomic}
    uintx NonProfiledCodeHeapSize                  = 122910970                              {pd product} {ergonomic}
    uintx ProfiledCodeHeapSize                     = 122910970                              {pd product} {ergonomic}
    uintx ReservedCodeCacheSize                    = 251658240                              {pd product} {ergonomic}
     bool SegmentedCodeCache                       = true                                      {product} {ergonomic}
     bool UseCompressedClassPointers               = true                                 {lp64_product} {ergonomic}
     bool UseCompressedOops                        = true                                 {lp64_product} {ergonomic}
     bool UseG1GC                                  = true                                      {product} {ergonomic}
     bool UseLargePagesIndividualAllocation        = false                                  {pd product} {ergonomic}

Logging:
Log output configuration:
 #0: stdout all=warning uptime,level,tags
 #1: stderr all=off uptime,level,tags

Environment Variables:
PATH=C:\Program Files\AdoptOpenJDK\jdk-11.0.10.9-hotspot\bin;C:\Python39\Scripts\;C:\Python39\;C:\Users\sakri\Downloads\WINDOWS.X64_193000_db_home\bin;C:\Program Files (x86)\Common Files\Intel\Shared Libraries\redist\intel64\compiler;C:\Windows\system32;C:\Windows;C:\Windows\System32\Wbem;C:\Windows\System32\WindowsPowerShell\v1.0\;C:\Windows\System32\OpenSSH\;C:\Program Files\NVIDIA Corporation\NVIDIA NvDLISR;C:\Program Files (x86)\NVIDIA Corporation\PhysX\Common;C:\Program Files\dotnet\;C:\WINDOWS\system32;C:\WINDOWS;C:\WINDOWS\System32\Wbem;C:\WINDOWS\System32\WindowsPowerShell\v1.0\;C:\WINDOWS\System32\OpenSSH\;C:\xampp\php;C:\ProgramData\ComposerSetup\bin;C:\ProgramData\chocolatey\bin;C:\Program Files\nodejs\;C:\Program Files\Git\cmd;C:\Users\sakri\AppData\Local\Microsoft\WindowsApps;C:\Users\sakri\AppData\Local\Programs\Microsoft VS Code\bin;C:\Users\sakri\AppData\Local\GitHubDesktop\bin;C:\Users\sakri\.dotnet\tools;C:\Users\sakri\AppData\Local\Microsoft\WindowsApps;C:\Users\sakri\AppData\Roaming\Composer\vendor\bin;C:\Users\sakri\AppData\Roaming\npm
USERNAME=sakri
OS=Windows_NT
PROCESSOR_IDENTIFIER=Intel64 Family 6 Model 158 Stepping 10, GenuineIntel



---------------  S Y S T E M  ---------------

OS: Windows 10 , 64 bit Build 19041 (10.0.19041.1023)
OS uptime: 1 days 7:19 hours
HyperV virtualization detected

CPU:total 12 (initial active 12) (6 cores per cpu, 2 threads per core) family 6 model 158 stepping 10, cmov, cx8, fxsr, mmx, sse, sse2, sse3, ssse3, sse4.1, sse4.2, popcnt, avx, avx2, aes, clmul, erms, 3dnowpref, lzcnt, ht, tsc, tscinvbit, bmi1, bmi2, adx, fma

Memory: 4k page, system-wide physical 16196M (368M free)
TotalPageFile size 65348M (AvailPageFile size 100M)
current process WorkingSet (physical memory assigned to process): 548M, peak: 550M
current process commit charge ("private bytes"): 614M, peak: 617M

vm_info: OpenJDK 64-Bit Server VM (11.0.8+10-b944.6842174) for windows-amd64 JRE (11.0.8+10-b944.6842174), built on Sep 19 2020 01:11:42 by "builder" with MS VC++ 14.0 (VS2015)

END.
